<?xml version="1.0" encoding="UTF-8"?>
<testsuite xmlns:xsi="http://www.w3.org/2001/XMLSchema-instance" xsi:noNamespaceSchemaLocation="https://maven.apache.org/surefire/maven-surefire-plugin/xsd/surefire-test-report-3.0.xsd" version="3.0" name="com.petstore.api.runner.TestRunner" time="6.832" tests="3" errors="0" skipped="0" failures="1">
  <properties>
    <property name="java.specification.version" value="17"/>
    <property name="sun.cpu.isalist" value="amd64"/>
    <property name="sun.jnu.encoding" value="Cp1252"/>
    <property name="java.class.path" value="C:\Users\JAMALDONADO\Documents\TEST\petstore-karate\target\test-classes;C:\Users\JAMALDONADO\Documents\TEST\petstore-karate\target\classes;C:\Users\JAMALDONADO\.m2\repository\junit\junit\3.8.1\junit-3.8.1.jar;C:\Users\JAMALDONADO\.m2\repository\com\intuit\karate\karate-junit5\1.4.1\karate-junit5-1.4.1.jar;C:\Users\JAMALDONADO\.m2\repository\com\intuit\karate\karate-core\1.4.1\karate-core-1.4.1.jar;C:\Users\JAMALDONADO\.m2\repository\org\graalvm\js\js-scriptengine\22.3.3\js-scriptengine-22.3.3.jar;C:\Users\JAMALDONADO\.m2\repository\org\graalvm\sdk\graal-sdk\22.3.3\graal-sdk-22.3.3.jar;C:\Users\JAMALDONADO\.m2\repository\org\graalvm\js\js\22.3.3\js-22.3.3.jar;C:\Users\JAMALDONADO\.m2\repository\org\graalvm\regex\regex\22.3.3\regex-22.3.3.jar;C:\Users\JAMALDONADO\.m2\repository\org\graalvm\truffle\truffle-api\22.3.3\truffle-api-22.3.3.jar;C:\Users\JAMALDONADO\.m2\repository\com\ibm\icu\icu4j\71.1\icu4j-71.1.jar;C:\Users\JAMALDONADO\.m2\repository\org\thymeleaf\thymeleaf\3.1.2.RELEASE\thymeleaf-3.1.2.RELEASE.jar;C:\Users\JAMALDONADO\.m2\repository\ognl\ognl\3.3.4\ognl-3.3.4.jar;C:\Users\JAMALDONADO\.m2\repository\org\javassist\javassist\3.29.0-GA\javassist-3.29.0-GA.jar;C:\Users\JAMALDONADO\.m2\repository\org\attoparser\attoparser\2.0.7.RELEASE\attoparser-2.0.7.RELEASE.jar;C:\Users\JAMALDONADO\.m2\repository\org\unbescape\unbescape\1.1.6.RELEASE\unbescape-1.1.6.RELEASE.jar;C:\Users\JAMALDONADO\.m2\repository\com\linecorp\armeria\armeria\1.25.2\armeria-1.25.2.jar;C:\Users\JAMALDONADO\.m2\repository\com\fasterxml\jackson\core\jackson-core\2.15.2\jackson-core-2.15.2.jar;C:\Users\JAMALDONADO\.m2\repository\com\fasterxml\jackson\core\jackson-annotations\2.15.2\jackson-annotations-2.15.2.jar;C:\Users\JAMALDONADO\.m2\repository\com\fasterxml\jackson\core\jackson-databind\2.15.2\jackson-databind-2.15.2.jar;C:\Users\JAMALDONADO\.m2\repository\com\fasterxml\jackson\datatype\jackson-datatype-jdk8\2.15.2\jackson-datatype-jdk8-2.15.2.jar;C:\Users\JAMALDONADO\.m2\repository\com\fasterxml\jackson\datatype\jackson-datatype-jsr310\2.15.2\jackson-datatype-jsr310-2.15.2.jar;C:\Users\JAMALDONADO\.m2\repository\io\micrometer\micrometer-core\1.11.3\micrometer-core-1.11.3.jar;C:\Users\JAMALDONADO\.m2\repository\io\micrometer\micrometer-commons\1.11.3\micrometer-commons-1.11.3.jar;C:\Users\JAMALDONADO\.m2\repository\io\micrometer\micrometer-observation\1.11.3\micrometer-observation-1.11.3.jar;C:\Users\JAMALDONADO\.m2\repository\org\hdrhistogram\HdrHistogram\2.1.12\HdrHistogram-2.1.12.jar;C:\Users\JAMALDONADO\.m2\repository\org\latencyutils\LatencyUtils\2.0.3\LatencyUtils-2.0.3.jar;C:\Users\JAMALDONADO\.m2\repository\io\netty\netty-transport\4.1.96.Final\netty-transport-4.1.96.Final.jar;C:\Users\JAMALDONADO\.m2\repository\io\netty\netty-common\4.1.96.Final\netty-common-4.1.96.Final.jar;C:\Users\JAMALDONADO\.m2\repository\io\netty\netty-buffer\4.1.96.Final\netty-buffer-4.1.96.Final.jar;C:\Users\JAMALDONADO\.m2\repository\io\netty\netty-resolver\4.1.96.Final\netty-resolver-4.1.96.Final.jar;C:\Users\JAMALDONADO\.m2\repository\io\netty\netty-codec-haproxy\4.1.96.Final\netty-codec-haproxy-4.1.96.Final.jar;C:\Users\JAMALDONADO\.m2\repository\io\netty\netty-codec\4.1.96.Final\netty-codec-4.1.96.Final.jar;C:\Users\JAMALDONADO\.m2\repository\io\netty\netty-codec-http2\4.1.96.Final\netty-codec-http2-4.1.96.Final.jar;C:\Users\JAMALDONADO\.m2\repository\io\netty\netty-handler\4.1.96.Final\netty-handler-4.1.96.Final.jar;C:\Users\JAMALDONADO\.m2\repository\io\netty\netty-codec-http\4.1.96.Final\netty-codec-http-4.1.96.Final.jar;C:\Users\JAMALDONADO\.m2\repository\io\netty\netty-resolver-dns\4.1.96.Final\netty-resolver-dns-4.1.96.Final.jar;C:\Users\JAMALDONADO\.m2\repository\io\netty\netty-codec-dns\4.1.96.Final\netty-codec-dns-4.1.96.Final.jar;C:\Users\JAMALDONADO\.m2\repository\org\reactivestreams\reactive-streams\1.0.4\reactive-streams-1.0.4.jar;C:\Users\JAMALDONADO\.m2\repository\com\google\code\findbugs\jsr305\3.0.2\jsr305-3.0.2.jar;C:\Users\JAMALDONADO\.m2\repository\io\netty\netty-handler-proxy\4.1.96.Final\netty-handler-proxy-4.1.96.Final.jar;C:\Users\JAMALDONADO\.m2\repository\io\netty\netty-codec-socks\4.1.96.Final\netty-codec-socks-4.1.96.Final.jar;C:\Users\JAMALDONADO\.m2\repository\io\netty\netty-transport-native-unix-common\4.1.96.Final\netty-transport-native-unix-common-4.1.96.Final-linux-x86_64.jar;C:\Users\JAMALDONADO\.m2\repository\io\netty\netty-transport-native-epoll\4.1.96.Final\netty-transport-native-epoll-4.1.96.Final-linux-x86_64.jar;C:\Users\JAMALDONADO\.m2\repository\io\netty\netty-transport-native-unix-common\4.1.96.Final\netty-transport-native-unix-common-4.1.96.Final.jar;C:\Users\JAMALDONADO\.m2\repository\io\netty\netty-transport-classes-epoll\4.1.96.Final\netty-transport-classes-epoll-4.1.96.Final.jar;C:\Users\JAMALDONADO\.m2\repository\io\netty\netty-transport-native-unix-common\4.1.96.Final\netty-transport-native-unix-common-4.1.96.Final-linux-aarch_64.jar;C:\Users\JAMALDONADO\.m2\repository\io\netty\netty-transport-native-epoll\4.1.96.Final\netty-transport-native-epoll-4.1.96.Final-linux-aarch_64.jar;C:\Users\JAMALDONADO\.m2\repository\io\netty\netty-transport-native-unix-common\4.1.96.Final\netty-transport-native-unix-common-4.1.96.Final-osx-x86_64.jar;C:\Users\JAMALDONADO\.m2\repository\io\netty\netty-transport-native-kqueue\4.1.96.Final\netty-transport-native-kqueue-4.1.96.Final-osx-x86_64.jar;C:\Users\JAMALDONADO\.m2\repository\io\netty\netty-transport-classes-kqueue\4.1.96.Final\netty-transport-classes-kqueue-4.1.96.Final.jar;C:\Users\JAMALDONADO\.m2\repository\io\netty\netty-resolver-dns-native-macos\4.1.96.Final\netty-resolver-dns-native-macos-4.1.96.Final-osx-x86_64.jar;C:\Users\JAMALDONADO\.m2\repository\io\netty\netty-resolver-dns-classes-macos\4.1.96.Final\netty-resolver-dns-classes-macos-4.1.96.Final.jar;C:\Users\JAMALDONADO\.m2\repository\io\netty\netty-transport-native-unix-common\4.1.96.Final\netty-transport-native-unix-common-4.1.96.Final-osx-aarch_64.jar;C:\Users\JAMALDONADO\.m2\repository\io\netty\netty-transport-native-kqueue\4.1.96.Final\netty-transport-native-kqueue-4.1.96.Final-osx-aarch_64.jar;C:\Users\JAMALDONADO\.m2\repository\io\netty\netty-resolver-dns-native-macos\4.1.96.Final\netty-resolver-dns-native-macos-4.1.96.Final-osx-aarch_64.jar;C:\Users\JAMALDONADO\.m2\repository\io\netty\netty-tcnative-boringssl-static\2.0.61.Final\netty-tcnative-boringssl-static-2.0.61.Final-linux-x86_64.jar;C:\Users\JAMALDONADO\.m2\repository\io\netty\netty-tcnative-classes\2.0.61.Final\netty-tcnative-classes-2.0.61.Final.jar;C:\Users\JAMALDONADO\.m2\repository\io\netty\netty-tcnative-boringssl-static\2.0.61.Final\netty-tcnative-boringssl-static-2.0.61.Final-linux-aarch_64.jar;C:\Users\JAMALDONADO\.m2\repository\io\netty\netty-tcnative-boringssl-static\2.0.61.Final\netty-tcnative-boringssl-static-2.0.61.Final-osx-x86_64.jar;C:\Users\JAMALDONADO\.m2\repository\io\netty\netty-tcnative-boringssl-static\2.0.61.Final\netty-tcnative-boringssl-static-2.0.61.Final-osx-aarch_64.jar;C:\Users\JAMALDONADO\.m2\repository\io\netty\netty-tcnative-boringssl-static\2.0.61.Final\netty-tcnative-boringssl-static-2.0.61.Final-windows-x86_64.jar;C:\Users\JAMALDONADO\.m2\repository\com\aayushatharva\brotli4j\brotli4j\1.12.0\brotli4j-1.12.0.jar;C:\Users\JAMALDONADO\.m2\repository\com\aayushatharva\brotli4j\service\1.12.0\service-1.12.0.jar;C:\Users\JAMALDONADO\.m2\repository\com\aayushatharva\brotli4j\native-windows-x86_64\1.12.0\native-windows-x86_64-1.12.0.jar;C:\Users\JAMALDONADO\.m2\repository\org\apache\httpcomponents\httpclient\4.5.14\httpclient-4.5.14.jar;C:\Users\JAMALDONADO\.m2\repository\org\apache\httpcomponents\httpcore\4.4.16\httpcore-4.4.16.jar;C:\Users\JAMALDONADO\.m2\repository\commons-codec\commons-codec\1.16.0\commons-codec-1.16.0.jar;C:\Users\JAMALDONADO\.m2\repository\org\slf4j\jcl-over-slf4j\2.0.9\jcl-over-slf4j-2.0.9.jar;C:\Users\JAMALDONADO\.m2\repository\org\antlr\antlr4-runtime\4.11.1\antlr4-runtime-4.11.1.jar;C:\Users\JAMALDONADO\.m2\repository\com\jayway\jsonpath\json-path\2.8.0\json-path-2.8.0.jar;C:\Users\JAMALDONADO\.m2\repository\net\minidev\json-smart\2.4.10\json-smart-2.4.10.jar;C:\Users\JAMALDONADO\.m2\repository\net\minidev\accessors-smart\2.4.9\accessors-smart-2.4.9.jar;C:\Users\JAMALDONADO\.m2\repository\org\ow2\asm\asm\9.3\asm-9.3.jar;C:\Users\JAMALDONADO\.m2\repository\org\yaml\snakeyaml\2.0\snakeyaml-2.0.jar;C:\Users\JAMALDONADO\.m2\repository\de\siegmar\fastcsv\2.2.1\fastcsv-2.2.1.jar;C:\Users\JAMALDONADO\.m2\repository\info\picocli\picocli\4.7.1\picocli-4.7.1.jar;C:\Users\JAMALDONADO\.m2\repository\io\github\classgraph\classgraph\4.8.160\classgraph-4.8.160.jar;C:\Users\JAMALDONADO\.m2\repository\io\github\t12y\resemble\1.0.2\resemble-1.0.2.jar;C:\Users\JAMALDONADO\.m2\repository\io\github\t12y\ssim\1.0.0\ssim-1.0.0.jar;C:\Users\JAMALDONADO\.m2\repository\org\junit\jupiter\junit-jupiter-api\5.9.3\junit-jupiter-api-5.9.3.jar;C:\Users\JAMALDONADO\.m2\repository\org\opentest4j\opentest4j\1.2.0\opentest4j-1.2.0.jar;C:\Users\JAMALDONADO\.m2\repository\org\junit\platform\junit-platform-commons\1.9.3\junit-platform-commons-1.9.3.jar;C:\Users\JAMALDONADO\.m2\repository\org\apiguardian\apiguardian-api\1.1.2\apiguardian-api-1.1.2.jar;C:\Users\JAMALDONADO\.m2\repository\org\junit\jupiter\junit-jupiter-engine\5.9.3\junit-jupiter-engine-5.9.3.jar;C:\Users\JAMALDONADO\.m2\repository\org\junit\platform\junit-platform-engine\1.9.3\junit-platform-engine-1.9.3.jar;C:\Users\JAMALDONADO\.m2\repository\ch\qos\logback\logback-classic\1.4.14\logback-classic-1.4.14.jar;C:\Users\JAMALDONADO\.m2\repository\ch\qos\logback\logback-core\1.4.14\logback-core-1.4.14.jar;C:\Users\JAMALDONADO\.m2\repository\org\slf4j\slf4j-api\2.0.7\slf4j-api-2.0.7.jar;"/>
    <property name="java.vm.vendor" value="Eclipse Adoptium"/>
    <property name="sun.arch.data.model" value="64"/>
    <property name="user.variant" value=""/>
    <property name="java.vendor.url" value="https://adoptium.net/"/>
    <property name="user.timezone" value="America/Guayaquil"/>
    <property name="os.name" value="Windows 11"/>
    <property name="java.vm.specification.version" value="17"/>
    <property name="sun.java.launcher" value="SUN_STANDARD"/>
    <property name="user.country" value="EC"/>
    <property name="sun.boot.library.path" value="C:\Users\JAMALDONADO\AppData\Local\Programs\Eclipse Adoptium\jdk-17.0.15.6-hotspot\bin"/>
    <property name="sun.java.command" value="C:\Users\JAMALDONADO\AppData\Local\Temp\surefire6535704258883595535\surefirebooter-20250805162607942_3.jar C:\Users\JAMALDONADO\AppData\Local\Temp\surefire6535704258883595535 2025-08-05T16-26-07_737-jvmRun1 surefire-20250805162607942_1tmp surefire_0-20250805162607942_2tmp"/>
    <property name="jdk.debug" value="release"/>
    <property name="surefire.test.class.path" value="C:\Users\JAMALDONADO\Documents\TEST\petstore-karate\target\test-classes;C:\Users\JAMALDONADO\Documents\TEST\petstore-karate\target\classes;C:\Users\JAMALDONADO\.m2\repository\junit\junit\3.8.1\junit-3.8.1.jar;C:\Users\JAMALDONADO\.m2\repository\com\intuit\karate\karate-junit5\1.4.1\karate-junit5-1.4.1.jar;C:\Users\JAMALDONADO\.m2\repository\com\intuit\karate\karate-core\1.4.1\karate-core-1.4.1.jar;C:\Users\JAMALDONADO\.m2\repository\org\graalvm\js\js-scriptengine\22.3.3\js-scriptengine-22.3.3.jar;C:\Users\JAMALDONADO\.m2\repository\org\graalvm\sdk\graal-sdk\22.3.3\graal-sdk-22.3.3.jar;C:\Users\JAMALDONADO\.m2\repository\org\graalvm\js\js\22.3.3\js-22.3.3.jar;C:\Users\JAMALDONADO\.m2\repository\org\graalvm\regex\regex\22.3.3\regex-22.3.3.jar;C:\Users\JAMALDONADO\.m2\repository\org\graalvm\truffle\truffle-api\22.3.3\truffle-api-22.3.3.jar;C:\Users\JAMALDONADO\.m2\repository\com\ibm\icu\icu4j\71.1\icu4j-71.1.jar;C:\Users\JAMALDONADO\.m2\repository\org\thymeleaf\thymeleaf\3.1.2.RELEASE\thymeleaf-3.1.2.RELEASE.jar;C:\Users\JAMALDONADO\.m2\repository\ognl\ognl\3.3.4\ognl-3.3.4.jar;C:\Users\JAMALDONADO\.m2\repository\org\javassist\javassist\3.29.0-GA\javassist-3.29.0-GA.jar;C:\Users\JAMALDONADO\.m2\repository\org\attoparser\attoparser\2.0.7.RELEASE\attoparser-2.0.7.RELEASE.jar;C:\Users\JAMALDONADO\.m2\repository\org\unbescape\unbescape\1.1.6.RELEASE\unbescape-1.1.6.RELEASE.jar;C:\Users\JAMALDONADO\.m2\repository\com\linecorp\armeria\armeria\1.25.2\armeria-1.25.2.jar;C:\Users\JAMALDONADO\.m2\repository\com\fasterxml\jackson\core\jackson-core\2.15.2\jackson-core-2.15.2.jar;C:\Users\JAMALDONADO\.m2\repository\com\fasterxml\jackson\core\jackson-annotations\2.15.2\jackson-annotations-2.15.2.jar;C:\Users\JAMALDONADO\.m2\repository\com\fasterxml\jackson\core\jackson-databind\2.15.2\jackson-databind-2.15.2.jar;C:\Users\JAMALDONADO\.m2\repository\com\fasterxml\jackson\datatype\jackson-datatype-jdk8\2.15.2\jackson-datatype-jdk8-2.15.2.jar;C:\Users\JAMALDONADO\.m2\repository\com\fasterxml\jackson\datatype\jackson-datatype-jsr310\2.15.2\jackson-datatype-jsr310-2.15.2.jar;C:\Users\JAMALDONADO\.m2\repository\io\micrometer\micrometer-core\1.11.3\micrometer-core-1.11.3.jar;C:\Users\JAMALDONADO\.m2\repository\io\micrometer\micrometer-commons\1.11.3\micrometer-commons-1.11.3.jar;C:\Users\JAMALDONADO\.m2\repository\io\micrometer\micrometer-observation\1.11.3\micrometer-observation-1.11.3.jar;C:\Users\JAMALDONADO\.m2\repository\org\hdrhistogram\HdrHistogram\2.1.12\HdrHistogram-2.1.12.jar;C:\Users\JAMALDONADO\.m2\repository\org\latencyutils\LatencyUtils\2.0.3\LatencyUtils-2.0.3.jar;C:\Users\JAMALDONADO\.m2\repository\io\netty\netty-transport\4.1.96.Final\netty-transport-4.1.96.Final.jar;C:\Users\JAMALDONADO\.m2\repository\io\netty\netty-common\4.1.96.Final\netty-common-4.1.96.Final.jar;C:\Users\JAMALDONADO\.m2\repository\io\netty\netty-buffer\4.1.96.Final\netty-buffer-4.1.96.Final.jar;C:\Users\JAMALDONADO\.m2\repository\io\netty\netty-resolver\4.1.96.Final\netty-resolver-4.1.96.Final.jar;C:\Users\JAMALDONADO\.m2\repository\io\netty\netty-codec-haproxy\4.1.96.Final\netty-codec-haproxy-4.1.96.Final.jar;C:\Users\JAMALDONADO\.m2\repository\io\netty\netty-codec\4.1.96.Final\netty-codec-4.1.96.Final.jar;C:\Users\JAMALDONADO\.m2\repository\io\netty\netty-codec-http2\4.1.96.Final\netty-codec-http2-4.1.96.Final.jar;C:\Users\JAMALDONADO\.m2\repository\io\netty\netty-handler\4.1.96.Final\netty-handler-4.1.96.Final.jar;C:\Users\JAMALDONADO\.m2\repository\io\netty\netty-codec-http\4.1.96.Final\netty-codec-http-4.1.96.Final.jar;C:\Users\JAMALDONADO\.m2\repository\io\netty\netty-resolver-dns\4.1.96.Final\netty-resolver-dns-4.1.96.Final.jar;C:\Users\JAMALDONADO\.m2\repository\io\netty\netty-codec-dns\4.1.96.Final\netty-codec-dns-4.1.96.Final.jar;C:\Users\JAMALDONADO\.m2\repository\org\reactivestreams\reactive-streams\1.0.4\reactive-streams-1.0.4.jar;C:\Users\JAMALDONADO\.m2\repository\com\google\code\findbugs\jsr305\3.0.2\jsr305-3.0.2.jar;C:\Users\JAMALDONADO\.m2\repository\io\netty\netty-handler-proxy\4.1.96.Final\netty-handler-proxy-4.1.96.Final.jar;C:\Users\JAMALDONADO\.m2\repository\io\netty\netty-codec-socks\4.1.96.Final\netty-codec-socks-4.1.96.Final.jar;C:\Users\JAMALDONADO\.m2\repository\io\netty\netty-transport-native-unix-common\4.1.96.Final\netty-transport-native-unix-common-4.1.96.Final-linux-x86_64.jar;C:\Users\JAMALDONADO\.m2\repository\io\netty\netty-transport-native-epoll\4.1.96.Final\netty-transport-native-epoll-4.1.96.Final-linux-x86_64.jar;C:\Users\JAMALDONADO\.m2\repository\io\netty\netty-transport-native-unix-common\4.1.96.Final\netty-transport-native-unix-common-4.1.96.Final.jar;C:\Users\JAMALDONADO\.m2\repository\io\netty\netty-transport-classes-epoll\4.1.96.Final\netty-transport-classes-epoll-4.1.96.Final.jar;C:\Users\JAMALDONADO\.m2\repository\io\netty\netty-transport-native-unix-common\4.1.96.Final\netty-transport-native-unix-common-4.1.96.Final-linux-aarch_64.jar;C:\Users\JAMALDONADO\.m2\repository\io\netty\netty-transport-native-epoll\4.1.96.Final\netty-transport-native-epoll-4.1.96.Final-linux-aarch_64.jar;C:\Users\JAMALDONADO\.m2\repository\io\netty\netty-transport-native-unix-common\4.1.96.Final\netty-transport-native-unix-common-4.1.96.Final-osx-x86_64.jar;C:\Users\JAMALDONADO\.m2\repository\io\netty\netty-transport-native-kqueue\4.1.96.Final\netty-transport-native-kqueue-4.1.96.Final-osx-x86_64.jar;C:\Users\JAMALDONADO\.m2\repository\io\netty\netty-transport-classes-kqueue\4.1.96.Final\netty-transport-classes-kqueue-4.1.96.Final.jar;C:\Users\JAMALDONADO\.m2\repository\io\netty\netty-resolver-dns-native-macos\4.1.96.Final\netty-resolver-dns-native-macos-4.1.96.Final-osx-x86_64.jar;C:\Users\JAMALDONADO\.m2\repository\io\netty\netty-resolver-dns-classes-macos\4.1.96.Final\netty-resolver-dns-classes-macos-4.1.96.Final.jar;C:\Users\JAMALDONADO\.m2\repository\io\netty\netty-transport-native-unix-common\4.1.96.Final\netty-transport-native-unix-common-4.1.96.Final-osx-aarch_64.jar;C:\Users\JAMALDONADO\.m2\repository\io\netty\netty-transport-native-kqueue\4.1.96.Final\netty-transport-native-kqueue-4.1.96.Final-osx-aarch_64.jar;C:\Users\JAMALDONADO\.m2\repository\io\netty\netty-resolver-dns-native-macos\4.1.96.Final\netty-resolver-dns-native-macos-4.1.96.Final-osx-aarch_64.jar;C:\Users\JAMALDONADO\.m2\repository\io\netty\netty-tcnative-boringssl-static\2.0.61.Final\netty-tcnative-boringssl-static-2.0.61.Final-linux-x86_64.jar;C:\Users\JAMALDONADO\.m2\repository\io\netty\netty-tcnative-classes\2.0.61.Final\netty-tcnative-classes-2.0.61.Final.jar;C:\Users\JAMALDONADO\.m2\repository\io\netty\netty-tcnative-boringssl-static\2.0.61.Final\netty-tcnative-boringssl-static-2.0.61.Final-linux-aarch_64.jar;C:\Users\JAMALDONADO\.m2\repository\io\netty\netty-tcnative-boringssl-static\2.0.61.Final\netty-tcnative-boringssl-static-2.0.61.Final-osx-x86_64.jar;C:\Users\JAMALDONADO\.m2\repository\io\netty\netty-tcnative-boringssl-static\2.0.61.Final\netty-tcnative-boringssl-static-2.0.61.Final-osx-aarch_64.jar;C:\Users\JAMALDONADO\.m2\repository\io\netty\netty-tcnative-boringssl-static\2.0.61.Final\netty-tcnative-boringssl-static-2.0.61.Final-windows-x86_64.jar;C:\Users\JAMALDONADO\.m2\repository\com\aayushatharva\brotli4j\brotli4j\1.12.0\brotli4j-1.12.0.jar;C:\Users\JAMALDONADO\.m2\repository\com\aayushatharva\brotli4j\service\1.12.0\service-1.12.0.jar;C:\Users\JAMALDONADO\.m2\repository\com\aayushatharva\brotli4j\native-windows-x86_64\1.12.0\native-windows-x86_64-1.12.0.jar;C:\Users\JAMALDONADO\.m2\repository\org\apache\httpcomponents\httpclient\4.5.14\httpclient-4.5.14.jar;C:\Users\JAMALDONADO\.m2\repository\org\apache\httpcomponents\httpcore\4.4.16\httpcore-4.4.16.jar;C:\Users\JAMALDONADO\.m2\repository\commons-codec\commons-codec\1.16.0\commons-codec-1.16.0.jar;C:\Users\JAMALDONADO\.m2\repository\org\slf4j\jcl-over-slf4j\2.0.9\jcl-over-slf4j-2.0.9.jar;C:\Users\JAMALDONADO\.m2\repository\org\antlr\antlr4-runtime\4.11.1\antlr4-runtime-4.11.1.jar;C:\Users\JAMALDONADO\.m2\repository\com\jayway\jsonpath\json-path\2.8.0\json-path-2.8.0.jar;C:\Users\JAMALDONADO\.m2\repository\net\minidev\json-smart\2.4.10\json-smart-2.4.10.jar;C:\Users\JAMALDONADO\.m2\repository\net\minidev\accessors-smart\2.4.9\accessors-smart-2.4.9.jar;C:\Users\JAMALDONADO\.m2\repository\org\ow2\asm\asm\9.3\asm-9.3.jar;C:\Users\JAMALDONADO\.m2\repository\org\yaml\snakeyaml\2.0\snakeyaml-2.0.jar;C:\Users\JAMALDONADO\.m2\repository\de\siegmar\fastcsv\2.2.1\fastcsv-2.2.1.jar;C:\Users\JAMALDONADO\.m2\repository\info\picocli\picocli\4.7.1\picocli-4.7.1.jar;C:\Users\JAMALDONADO\.m2\repository\io\github\classgraph\classgraph\4.8.160\classgraph-4.8.160.jar;C:\Users\JAMALDONADO\.m2\repository\io\github\t12y\resemble\1.0.2\resemble-1.0.2.jar;C:\Users\JAMALDONADO\.m2\repository\io\github\t12y\ssim\1.0.0\ssim-1.0.0.jar;C:\Users\JAMALDONADO\.m2\repository\org\junit\jupiter\junit-jupiter-api\5.9.3\junit-jupiter-api-5.9.3.jar;C:\Users\JAMALDONADO\.m2\repository\org\opentest4j\opentest4j\1.2.0\opentest4j-1.2.0.jar;C:\Users\JAMALDONADO\.m2\repository\org\junit\platform\junit-platform-commons\1.9.3\junit-platform-commons-1.9.3.jar;C:\Users\JAMALDONADO\.m2\repository\org\apiguardian\apiguardian-api\1.1.2\apiguardian-api-1.1.2.jar;C:\Users\JAMALDONADO\.m2\repository\org\junit\jupiter\junit-jupiter-engine\5.9.3\junit-jupiter-engine-5.9.3.jar;C:\Users\JAMALDONADO\.m2\repository\org\junit\platform\junit-platform-engine\1.9.3\junit-platform-engine-1.9.3.jar;C:\Users\JAMALDONADO\.m2\repository\ch\qos\logback\logback-classic\1.4.14\logback-classic-1.4.14.jar;C:\Users\JAMALDONADO\.m2\repository\ch\qos\logback\logback-core\1.4.14\logback-core-1.4.14.jar;C:\Users\JAMALDONADO\.m2\repository\org\slf4j\slf4j-api\2.0.7\slf4j-api-2.0.7.jar;"/>
    <property name="sun.cpu.endian" value="little"/>
    <property name="user.home" value="C:\Users\JAMALDONADO"/>
    <property name="user.language" value="es"/>
    <property name="java.specification.vendor" value="Oracle Corporation"/>
    <property name="java.version.date" value="2025-04-15"/>
    <property name="java.home" value="C:\Users\JAMALDONADO\AppData\Local\Programs\Eclipse Adoptium\jdk-17.0.15.6-hotspot"/>
    <property name="file.separator" value="\"/>
    <property name="basedir" value="C:\Users\JAMALDONADO\Documents\TEST\petstore-karate"/>
    <property name="java.vm.compressedOopsMode" value="Zero based"/>
    <property name="line.separator" value="&#10;"/>
    <property name="java.vm.specification.vendor" value="Oracle Corporation"/>
    <property name="java.specification.name" value="Java Platform API Specification"/>
    <property name="surefire.real.class.path" value="C:\Users\JAMALDONADO\AppData\Local\Temp\surefire6535704258883595535\surefirebooter-20250805162607942_3.jar"/>
    <property name="user.script" value=""/>
    <property name="sun.management.compiler" value="HotSpot 64-Bit Tiered Compilers"/>
    <property name="java.runtime.version" value="17.0.15+6"/>
    <property name="user.name" value="jamaldonado"/>
    <property name="path.separator" value=";"/>
    <property name="os.version" value="10.0"/>
    <property name="java.runtime.name" value="OpenJDK Runtime Environment"/>
    <property name="file.encoding" value="Cp1252"/>
    <property name="java.vm.name" value="OpenJDK 64-Bit Server VM"/>
    <property name="java.vendor.version" value="Temurin-17.0.15+6"/>
    <property name="localRepository" value="C:\Users\JAMALDONADO\.m2\repository"/>
    <property name="java.vendor.url.bug" value="https://github.com/adoptium/adoptium-support/issues"/>
    <property name="java.io.tmpdir" value="C:\Users\JAMALD~1\AppData\Local\Temp\"/>
    <property name="java.version" value="17.0.15"/>
    <property name="user.dir" value="C:\Users\JAMALDONADO\Documents\TEST\petstore-karate"/>
    <property name="os.arch" value="amd64"/>
    <property name="java.vm.specification.name" value="Java Virtual Machine Specification"/>
    <property name="sun.os.patch.level" value=""/>
    <property name="native.encoding" value="Cp1252"/>
    <property name="java.library.path" value="C:\Users\JAMALDONADO\AppData\Local\Programs\Eclipse Adoptium\jdk-17.0.15.6-hotspot\bin;C:\WINDOWS\Sun\Java\bin;C:\WINDOWS\system32;C:\WINDOWS;C:\Program Files (x86)\Common Files\Oracle\Java\java8path;C:\Program Files (x86)\Common Files\Oracle\Java\javapath;C:\Program Files\Microsoft MPI\Bin\;C:\WINDOWS\system32;C:\WINDOWS;C:\WINDOWS\System32\Wbem;C:\WINDOWS\System32\WindowsPowerShell\v1.0\;C:\WINDOWS\System32\OpenSSH\;C:\Program Files\Git\cmd;C:\Program Files (x86)\Microsoft SQL Server\160\DTS\Binn\;C:\Program Files\Microsoft SQL Server\Client SDK\ODBC\170\Tools\Binn\;C:\Program Files\dotnet\;C:\Program Files (x86)\CodeSmith\v6.5\;C:\Program Files\Microsoft SQL Server\160\DTS\Binn\;C:\Program Files\Microsoft SQL Server\130\DTS\Binn\;C:\Program Files\Microsoft SQL Server\140\DTS\Binn\;C:\Program Files\Microsoft SQL Server\150\DTS\Binn\;C:\Users\JAMALDONADO\AppData\Local\nvm;C:\Users\JAMALDONADO\AppData\Local\nvm__;C:\nuget;C:\Users\JAMALDONADO\.dnx\bin;C:\Program Files\Microsoft DNX\Dnvm\;C:\Program Files (x86)\Windows Kits\10\Windows Performance Toolkit\;C:\Users\JAMALDONADO\AppData\Local\Programs\Eclipse Adoptium\jdk-17.0.15.6-hotspot\bin;%JRE_HOME%\bin;C:\Android\cmdline-tools\latest\bin;C:\Android\platform-tools;C:\Android\tools;C:\Android\emulator;C:\Program Files (x86)\Microsoft SQL Server\160\Tools\Binn\;C:\Program Files\Microsoft SQL Server\160\Tools\Binn\;C:\apache-maven-3.9.10\bin;C:\Program Files\apache-jmeter-5.6.3\bin;C:\Users\JAMALDONADO\AppData\Local\Programs\Eclipse Adoptium\jdk-17.0.15.6-hotspot\bin;C:\Users\JAMALDONADO\AppData\Local\Microsoft\WindowsApps;C:\Users\JAMALDONADO\AppData\Local\Programs\Microsoft VS Code\bin;C:\Users\JAMALDONADO\.dotnet\tools;C:\Users\JAMALDONADO\AppData\Local\nvm;C:\Users\JAMALDONADO\AppData\Local\nvm__;."/>
    <property name="java.vm.info" value="mixed mode, sharing"/>
    <property name="java.vendor" value="Eclipse Adoptium"/>
    <property name="java.vm.version" value="17.0.15+6"/>
    <property name="java.specification.maintenance.version" value="1"/>
    <property name="sun.io.unicode.encoding" value="UnicodeLittle"/>
    <property name="java.class.version" value="61.0"/>
  </properties>
  <testcase name="[1.1:88] Añadir una nueva mascota, consultar, actualizar y consultar por estado" classname="karate/petstore/pet" time="1.744">
    <system-out><![CDATA[16:26:09.862 [main] DEBUG com.intuit.karate.Suite -- [config] classpath:karate-config.js
16:26:10.979 [main] DEBUG com.jayway.jsonpath.internal.path.CompiledPath -- Evaluating path: $
16:26:11.242 [main] DEBUG com.jayway.jsonpath.internal.path.CompiledPath -- Evaluating path: $
16:26:11.244 [main] DEBUG com.jayway.jsonpath.internal.path.CompiledPath -- Evaluating path: $
16:26:11.267 [main] DEBUG io.netty.util.internal.logging.InternalLoggerFactory -- Using SLF4J as the default logging framework
16:26:11.269 [main] DEBUG io.netty.util.internal.PlatformDependent0 -- -Dio.netty.noUnsafe: false
16:26:11.269 [main] DEBUG io.netty.util.internal.PlatformDependent0 -- Java version: 17
16:26:11.269 [main] DEBUG io.netty.util.internal.PlatformDependent0 -- sun.misc.Unsafe.theUnsafe: available
16:26:11.270 [main] DEBUG io.netty.util.internal.PlatformDependent0 -- sun.misc.Unsafe.copyMemory: available
16:26:11.270 [main] DEBUG io.netty.util.internal.PlatformDependent0 -- sun.misc.Unsafe.storeFence: available
16:26:11.271 [main] DEBUG io.netty.util.internal.PlatformDependent0 -- java.nio.Buffer.address: available
16:26:11.271 [main] DEBUG io.netty.util.internal.PlatformDependent0 -- direct buffer constructor: unavailable: Reflective setAccessible(true) disabled
16:26:11.272 [main] DEBUG io.netty.util.internal.PlatformDependent0 -- java.nio.Bits.unaligned: available, true
16:26:11.273 [main] DEBUG io.netty.util.internal.PlatformDependent0 -- jdk.internal.misc.Unsafe.allocateUninitializedArray(int): unavailable: class io.netty.util.internal.PlatformDependent0$7 cannot access class jdk.internal.misc.Unsafe (in module java.base) because module java.base does not export jdk.internal.misc to unnamed module @16022d9d
16:26:11.274 [main] DEBUG io.netty.util.internal.PlatformDependent0 -- java.nio.DirectByteBuffer.<init>(long, {int,long}): unavailable
16:26:11.274 [main] DEBUG io.netty.util.internal.PlatformDependent -- sun.misc.Unsafe: available
16:26:11.275 [main] DEBUG io.netty.util.internal.PlatformDependent -- maxDirectMemory: 17104371712 bytes (maybe)
16:26:11.275 [main] DEBUG io.netty.util.internal.PlatformDependent -- -Dio.netty.tmpdir: C:\Users\JAMALD~1\AppData\Local\Temp (java.io.tmpdir)
16:26:11.275 [main] DEBUG io.netty.util.internal.PlatformDependent -- -Dio.netty.bitMode: 64 (sun.arch.data.model)
16:26:11.277 [main] DEBUG io.netty.util.internal.PlatformDependent -- Platform: Windows
16:26:11.278 [main] DEBUG io.netty.util.internal.PlatformDependent -- -Dio.netty.maxDirectMemory: -1 bytes
16:26:11.278 [main] DEBUG io.netty.util.internal.PlatformDependent -- -Dio.netty.uninitializedArrayAllocationThreshold: -1
16:26:11.279 [main] DEBUG io.netty.util.internal.CleanerJava9 -- java.nio.ByteBuffer.cleaner(): available
16:26:11.279 [main] DEBUG io.netty.util.internal.PlatformDependent -- -Dio.netty.noPreferDirect: false
16:26:11.378 [main] DEBUG org.apache.http.client.protocol.RequestAddCookies -- CookieSpec selected: karate
16:26:11.386 [main] DEBUG org.apache.http.client.protocol.RequestAuthCache -- Auth cache not set in the context
16:26:11.388 [main] DEBUG com.intuit.karate -- request:
1 > POST https://petstore.swagger.io/v2/pet
1 > Content-Type: application/json; charset=UTF-8
1 > Content-Length: 140
1 > Host: petstore.swagger.io
1 > Connection: Keep-Alive
1 > User-Agent: Apache-HttpClient/4.5.14 (Java/17.0.15)
1 > Accept-Encoding: gzip,deflate
{"id":10001,"category":{"id":1,"name":"Dogs"},"name":"doggie","photoUrls":["string"],"tags":[{"id":0,"name":"string"}],"status":"available"}

16:26:11.390 [main] DEBUG org.apache.http.impl.conn.PoolingHttpClientConnectionManager -- Connection request: [route: {s}->https://petstore.swagger.io:443][total available: 0; route allocated: 0 of 5; total allocated: 0 of 10]
16:26:11.403 [main] DEBUG org.apache.http.impl.conn.PoolingHttpClientConnectionManager -- Connection leased: [id: 0][route: {s}->https://petstore.swagger.io:443][total available: 0; route allocated: 1 of 5; total allocated: 1 of 10]
16:26:11.404 [main] DEBUG org.apache.http.impl.execchain.MainClientExec -- Opening connection {s}->https://petstore.swagger.io:443
16:26:11.410 [main] DEBUG org.apache.http.impl.conn.DefaultHttpClientConnectionOperator -- Connecting to petstore.swagger.io/18.207.45.59:443
16:26:11.410 [main] DEBUG org.apache.http.conn.ssl.LenientSslConnectionSocketFactory -- Connecting socket to petstore.swagger.io/18.207.45.59:443 with timeout 5000
16:26:11.531 [main] DEBUG org.apache.http.conn.ssl.LenientSslConnectionSocketFactory -- Enabled protocols: [TLSv1.3, TLSv1.2]
16:26:11.531 [main] DEBUG org.apache.http.conn.ssl.LenientSslConnectionSocketFactory -- Enabled cipher suites:[TLS_AES_256_GCM_SHA384, TLS_AES_128_GCM_SHA256, TLS_CHACHA20_POLY1305_SHA256, TLS_ECDHE_ECDSA_WITH_AES_256_GCM_SHA384, TLS_ECDHE_ECDSA_WITH_AES_128_GCM_SHA256, TLS_ECDHE_ECDSA_WITH_CHACHA20_POLY1305_SHA256, TLS_ECDHE_RSA_WITH_AES_256_GCM_SHA384, TLS_ECDHE_RSA_WITH_CHACHA20_POLY1305_SHA256, TLS_ECDHE_RSA_WITH_AES_128_GCM_SHA256, TLS_DHE_RSA_WITH_AES_256_GCM_SHA384, TLS_DHE_RSA_WITH_CHACHA20_POLY1305_SHA256, TLS_DHE_DSS_WITH_AES_256_GCM_SHA384, TLS_DHE_RSA_WITH_AES_128_GCM_SHA256, TLS_DHE_DSS_WITH_AES_128_GCM_SHA256, TLS_ECDHE_ECDSA_WITH_AES_256_CBC_SHA384, TLS_ECDHE_RSA_WITH_AES_256_CBC_SHA384, TLS_ECDHE_ECDSA_WITH_AES_128_CBC_SHA256, TLS_ECDHE_RSA_WITH_AES_128_CBC_SHA256, TLS_DHE_RSA_WITH_AES_256_CBC_SHA256, TLS_DHE_DSS_WITH_AES_256_CBC_SHA256, TLS_DHE_RSA_WITH_AES_128_CBC_SHA256, TLS_DHE_DSS_WITH_AES_128_CBC_SHA256, TLS_ECDHE_ECDSA_WITH_AES_256_CBC_SHA, TLS_ECDHE_RSA_WITH_AES_256_CBC_SHA, TLS_ECDHE_ECDSA_WITH_AES_128_CBC_SHA, TLS_ECDHE_RSA_WITH_AES_128_CBC_SHA, TLS_DHE_RSA_WITH_AES_256_CBC_SHA, TLS_DHE_DSS_WITH_AES_256_CBC_SHA, TLS_DHE_RSA_WITH_AES_128_CBC_SHA, TLS_DHE_DSS_WITH_AES_128_CBC_SHA, TLS_RSA_WITH_AES_256_GCM_SHA384, TLS_RSA_WITH_AES_128_GCM_SHA256, TLS_RSA_WITH_AES_256_CBC_SHA256, TLS_RSA_WITH_AES_128_CBC_SHA256, TLS_RSA_WITH_AES_256_CBC_SHA, TLS_RSA_WITH_AES_128_CBC_SHA, TLS_EMPTY_RENEGOTIATION_INFO_SCSV]
16:26:11.531 [main] DEBUG org.apache.http.conn.ssl.LenientSslConnectionSocketFactory -- Starting handshake
16:26:11.774 [main] DEBUG org.apache.http.conn.ssl.LenientSslConnectionSocketFactory -- Secure session established
16:26:11.775 [main] DEBUG org.apache.http.conn.ssl.LenientSslConnectionSocketFactory --  negotiated protocol: TLSv1.2
16:26:11.775 [main] DEBUG org.apache.http.conn.ssl.LenientSslConnectionSocketFactory --  negotiated cipher suite: TLS_ECDHE_RSA_WITH_AES_128_GCM_SHA256
16:26:11.778 [main] DEBUG org.apache.http.conn.ssl.LenientSslConnectionSocketFactory --  peer principal: CN=*.swagger.io
16:26:11.779 [main] DEBUG org.apache.http.conn.ssl.LenientSslConnectionSocketFactory --  peer alternative names: [*.swagger.io]
16:26:11.779 [main] DEBUG org.apache.http.conn.ssl.LenientSslConnectionSocketFactory --  issuer principal: CN=Amazon RSA 2048 M02, O=Amazon, C=US
16:26:11.781 [main] DEBUG org.apache.http.impl.conn.DefaultHttpClientConnectionOperator -- Connection established 192.168.50.172:50128<->18.207.45.59:443
16:26:11.782 [main] DEBUG org.apache.http.impl.conn.DefaultManagedHttpClientConnection -- http-outgoing-0: set socket timeout to 5000
16:26:11.782 [main] DEBUG org.apache.http.impl.execchain.MainClientExec -- Executing request POST /v2/pet HTTP/1.1
16:26:11.782 [main] DEBUG org.apache.http.impl.execchain.MainClientExec -- Target auth state: UNCHALLENGED
16:26:11.782 [main] DEBUG org.apache.http.impl.execchain.MainClientExec -- Proxy auth state: UNCHALLENGED
16:26:11.782 [main] DEBUG org.apache.http.headers -- http-outgoing-0 >> POST /v2/pet HTTP/1.1
16:26:11.782 [main] DEBUG org.apache.http.headers -- http-outgoing-0 >> Content-Type: application/json; charset=UTF-8
16:26:11.782 [main] DEBUG org.apache.http.headers -- http-outgoing-0 >> Content-Length: 140
16:26:11.782 [main] DEBUG org.apache.http.headers -- http-outgoing-0 >> Host: petstore.swagger.io
16:26:11.782 [main] DEBUG org.apache.http.headers -- http-outgoing-0 >> Connection: Keep-Alive
16:26:11.782 [main] DEBUG org.apache.http.headers -- http-outgoing-0 >> User-Agent: Apache-HttpClient/4.5.14 (Java/17.0.15)
16:26:11.782 [main] DEBUG org.apache.http.headers -- http-outgoing-0 >> Accept-Encoding: gzip,deflate
16:26:11.782 [main] DEBUG org.apache.http.wire -- http-outgoing-0 >> "POST /v2/pet HTTP/1.1[\r][\n]"
16:26:11.782 [main] DEBUG org.apache.http.wire -- http-outgoing-0 >> "Content-Type: application/json; charset=UTF-8[\r][\n]"
16:26:11.782 [main] DEBUG org.apache.http.wire -- http-outgoing-0 >> "Content-Length: 140[\r][\n]"
16:26:11.782 [main] DEBUG org.apache.http.wire -- http-outgoing-0 >> "Host: petstore.swagger.io[\r][\n]"
16:26:11.782 [main] DEBUG org.apache.http.wire -- http-outgoing-0 >> "Connection: Keep-Alive[\r][\n]"
16:26:11.782 [main] DEBUG org.apache.http.wire -- http-outgoing-0 >> "User-Agent: Apache-HttpClient/4.5.14 (Java/17.0.15)[\r][\n]"
16:26:11.782 [main] DEBUG org.apache.http.wire -- http-outgoing-0 >> "Accept-Encoding: gzip,deflate[\r][\n]"
16:26:11.782 [main] DEBUG org.apache.http.wire -- http-outgoing-0 >> "[\r][\n]"
16:26:11.782 [main] DEBUG org.apache.http.wire -- http-outgoing-0 >> "{"id":10001,"category":{"id":1,"name":"Dogs"},"name":"doggie","photoUrls":["string"],"tags":[{"id":0,"name":"string"}],"status":"available"}"
16:26:11.872 [main] DEBUG org.apache.http.wire -- http-outgoing-0 << "HTTP/1.1 200 OK[\r][\n]"
16:26:11.872 [main] DEBUG org.apache.http.wire -- http-outgoing-0 << "Date: Tue, 05 Aug 2025 21:26:11 GMT[\r][\n]"
16:26:11.872 [main] DEBUG org.apache.http.wire -- http-outgoing-0 << "Content-Type: application/json[\r][\n]"
16:26:11.872 [main] DEBUG org.apache.http.wire -- http-outgoing-0 << "Transfer-Encoding: chunked[\r][\n]"
16:26:11.872 [main] DEBUG org.apache.http.wire -- http-outgoing-0 << "Connection: keep-alive[\r][\n]"
16:26:11.872 [main] DEBUG org.apache.http.wire -- http-outgoing-0 << "Access-Control-Allow-Origin: *[\r][\n]"
16:26:11.872 [main] DEBUG org.apache.http.wire -- http-outgoing-0 << "Access-Control-Allow-Methods: GET, POST, DELETE, PUT[\r][\n]"
16:26:11.872 [main] DEBUG org.apache.http.wire -- http-outgoing-0 << "Access-Control-Allow-Headers: Content-Type, api_key, Authorization[\r][\n]"
16:26:11.872 [main] DEBUG org.apache.http.wire -- http-outgoing-0 << "Server: Jetty(9.2.9.v20150224)[\r][\n]"
16:26:11.872 [main] DEBUG org.apache.http.wire -- http-outgoing-0 << "[\r][\n]"
16:26:11.872 [main] DEBUG org.apache.http.wire -- http-outgoing-0 << "8c[\r][\n]"
16:26:11.872 [main] DEBUG org.apache.http.wire -- http-outgoing-0 << "{"id":10001,"category":{"id":1,"name":"Dogs"},"name":"doggie","photoUrls":["string"],"tags":[{"id":0,"name":"string"}],"status":"available"}[\r][\n]"
16:26:11.872 [main] DEBUG org.apache.http.headers -- http-outgoing-0 << HTTP/1.1 200 OK
16:26:11.872 [main] DEBUG org.apache.http.headers -- http-outgoing-0 << Date: Tue, 05 Aug 2025 21:26:11 GMT
16:26:11.872 [main] DEBUG org.apache.http.headers -- http-outgoing-0 << Content-Type: application/json
16:26:11.872 [main] DEBUG org.apache.http.headers -- http-outgoing-0 << Transfer-Encoding: chunked
16:26:11.872 [main] DEBUG org.apache.http.headers -- http-outgoing-0 << Connection: keep-alive
16:26:11.872 [main] DEBUG org.apache.http.headers -- http-outgoing-0 << Access-Control-Allow-Origin: *
16:26:11.872 [main] DEBUG org.apache.http.headers -- http-outgoing-0 << Access-Control-Allow-Methods: GET, POST, DELETE, PUT
16:26:11.872 [main] DEBUG org.apache.http.headers -- http-outgoing-0 << Access-Control-Allow-Headers: Content-Type, api_key, Authorization
16:26:11.872 [main] DEBUG org.apache.http.headers -- http-outgoing-0 << Server: Jetty(9.2.9.v20150224)
16:26:11.878 [main] DEBUG org.apache.http.impl.execchain.MainClientExec -- Connection can be kept alive indefinitely
16:26:11.880 [main] DEBUG org.apache.http.wire -- http-outgoing-0 << "0[\r][\n]"
16:26:11.881 [main] DEBUG org.apache.http.wire -- http-outgoing-0 << "[\r][\n]"
16:26:11.881 [main] DEBUG org.apache.http.impl.conn.PoolingHttpClientConnectionManager -- Connection [id: 0][route: {s}->https://petstore.swagger.io:443] can be kept alive indefinitely
16:26:11.881 [main] DEBUG org.apache.http.impl.conn.DefaultManagedHttpClientConnection -- http-outgoing-0: set socket timeout to 0
16:26:11.881 [main] DEBUG org.apache.http.impl.conn.PoolingHttpClientConnectionManager -- Connection released: [id: 0][route: {s}->https://petstore.swagger.io:443][total available: 1; route allocated: 1 of 5; total allocated: 1 of 10]
16:26:11.881 [main] DEBUG org.apache.http.impl.conn.PoolingHttpClientConnectionManager -- Connection manager is shutting down
16:26:11.882 [main] DEBUG org.apache.http.impl.conn.DefaultManagedHttpClientConnection -- http-outgoing-0: Close connection
16:26:11.883 [main] DEBUG org.apache.http.impl.conn.PoolingHttpClientConnectionManager -- Connection manager shut down
16:26:11.884 [main] DEBUG com.intuit.karate -- response time in milliseconds: 492
1 < 200
1 < Date: Tue, 05 Aug 2025 21:26:11 GMT
1 < Content-Type: application/json
1 < Transfer-Encoding: chunked
1 < Connection: keep-alive
1 < Access-Control-Allow-Origin: *
1 < Access-Control-Allow-Methods: GET, POST, DELETE, PUT
1 < Access-Control-Allow-Headers: Content-Type, api_key, Authorization
1 < Server: Jetty(9.2.9.v20150224)
{"id":10001,"category":{"id":1,"name":"Dogs"},"name":"doggie","photoUrls":["string"],"tags":[{"id":0,"name":"string"}],"status":"available"}

16:26:11.888 [main] INFO com.intuit.karate -- [print] {
  "id": 10001,
  "category": {
    "id": 1,
    "name": "Dogs"
  },
  "name": "doggie",
  "photoUrls": [
    "string"
  ],
  "tags": [
    {
      "id": 0,
      "name": "string"
    }
  ],
  "status": "available"
}
 
16:26:11.895 [main] DEBUG com.jayway.jsonpath.internal.path.CompiledPath -- Evaluating path: $['id']
16:26:11.895 [main] DEBUG com.jayway.jsonpath.internal.path.CompiledPath -- Evaluating path: $['name']
16:26:11.895 [main] DEBUG com.jayway.jsonpath.internal.path.CompiledPath -- Evaluating path: $['status']
16:26:11.914 [main] DEBUG org.apache.http.client.protocol.RequestAddCookies -- CookieSpec selected: karate
16:26:11.914 [main] DEBUG org.apache.http.client.protocol.RequestAuthCache -- Auth cache not set in the context
16:26:11.914 [main] DEBUG com.intuit.karate -- request:
2 > GET https://petstore.swagger.io/v2/pet/10001
2 > Content-Type: application/json
2 > Host: petstore.swagger.io
2 > Connection: Keep-Alive
2 > User-Agent: Apache-HttpClient/4.5.14 (Java/17.0.15)
2 > Accept-Encoding: gzip,deflate


16:26:11.914 [main] DEBUG org.apache.http.impl.conn.PoolingHttpClientConnectionManager -- Connection request: [route: {s}->https://petstore.swagger.io:443][total available: 0; route allocated: 0 of 5; total allocated: 0 of 10]
16:26:11.915 [main] DEBUG org.apache.http.impl.conn.PoolingHttpClientConnectionManager -- Connection leased: [id: 1][route: {s}->https://petstore.swagger.io:443][total available: 0; route allocated: 1 of 5; total allocated: 1 of 10]
16:26:11.915 [main] DEBUG org.apache.http.impl.execchain.MainClientExec -- Opening connection {s}->https://petstore.swagger.io:443
16:26:11.915 [main] DEBUG org.apache.http.impl.conn.DefaultHttpClientConnectionOperator -- Connecting to petstore.swagger.io/18.207.45.59:443
16:26:11.915 [main] DEBUG org.apache.http.conn.ssl.LenientSslConnectionSocketFactory -- Connecting socket to petstore.swagger.io/18.207.45.59:443 with timeout 5000
16:26:11.993 [main] DEBUG org.apache.http.conn.ssl.LenientSslConnectionSocketFactory -- Enabled protocols: [TLSv1.3, TLSv1.2]
16:26:11.993 [main] DEBUG org.apache.http.conn.ssl.LenientSslConnectionSocketFactory -- Enabled cipher suites:[TLS_AES_256_GCM_SHA384, TLS_AES_128_GCM_SHA256, TLS_CHACHA20_POLY1305_SHA256, TLS_ECDHE_ECDSA_WITH_AES_256_GCM_SHA384, TLS_ECDHE_ECDSA_WITH_AES_128_GCM_SHA256, TLS_ECDHE_ECDSA_WITH_CHACHA20_POLY1305_SHA256, TLS_ECDHE_RSA_WITH_AES_256_GCM_SHA384, TLS_ECDHE_RSA_WITH_CHACHA20_POLY1305_SHA256, TLS_ECDHE_RSA_WITH_AES_128_GCM_SHA256, TLS_DHE_RSA_WITH_AES_256_GCM_SHA384, TLS_DHE_RSA_WITH_CHACHA20_POLY1305_SHA256, TLS_DHE_DSS_WITH_AES_256_GCM_SHA384, TLS_DHE_RSA_WITH_AES_128_GCM_SHA256, TLS_DHE_DSS_WITH_AES_128_GCM_SHA256, TLS_ECDHE_ECDSA_WITH_AES_256_CBC_SHA384, TLS_ECDHE_RSA_WITH_AES_256_CBC_SHA384, TLS_ECDHE_ECDSA_WITH_AES_128_CBC_SHA256, TLS_ECDHE_RSA_WITH_AES_128_CBC_SHA256, TLS_DHE_RSA_WITH_AES_256_CBC_SHA256, TLS_DHE_DSS_WITH_AES_256_CBC_SHA256, TLS_DHE_RSA_WITH_AES_128_CBC_SHA256, TLS_DHE_DSS_WITH_AES_128_CBC_SHA256, TLS_ECDHE_ECDSA_WITH_AES_256_CBC_SHA, TLS_ECDHE_RSA_WITH_AES_256_CBC_SHA, TLS_ECDHE_ECDSA_WITH_AES_128_CBC_SHA, TLS_ECDHE_RSA_WITH_AES_128_CBC_SHA, TLS_DHE_RSA_WITH_AES_256_CBC_SHA, TLS_DHE_DSS_WITH_AES_256_CBC_SHA, TLS_DHE_RSA_WITH_AES_128_CBC_SHA, TLS_DHE_DSS_WITH_AES_128_CBC_SHA, TLS_RSA_WITH_AES_256_GCM_SHA384, TLS_RSA_WITH_AES_128_GCM_SHA256, TLS_RSA_WITH_AES_256_CBC_SHA256, TLS_RSA_WITH_AES_128_CBC_SHA256, TLS_RSA_WITH_AES_256_CBC_SHA, TLS_RSA_WITH_AES_128_CBC_SHA, TLS_EMPTY_RENEGOTIATION_INFO_SCSV]
16:26:11.993 [main] DEBUG org.apache.http.conn.ssl.LenientSslConnectionSocketFactory -- Starting handshake
16:26:12.074 [main] DEBUG org.apache.http.conn.ssl.LenientSslConnectionSocketFactory -- Secure session established
16:26:12.074 [main] DEBUG org.apache.http.conn.ssl.LenientSslConnectionSocketFactory --  negotiated protocol: TLSv1.2
16:26:12.074 [main] DEBUG org.apache.http.conn.ssl.LenientSslConnectionSocketFactory --  negotiated cipher suite: TLS_ECDHE_RSA_WITH_AES_128_GCM_SHA256
16:26:12.074 [main] DEBUG org.apache.http.conn.ssl.LenientSslConnectionSocketFactory --  peer principal: CN=*.swagger.io
16:26:12.074 [main] DEBUG org.apache.http.conn.ssl.LenientSslConnectionSocketFactory --  peer alternative names: [*.swagger.io]
16:26:12.074 [main] DEBUG org.apache.http.conn.ssl.LenientSslConnectionSocketFactory --  issuer principal: CN=Amazon RSA 2048 M02, O=Amazon, C=US
16:26:12.074 [main] DEBUG org.apache.http.impl.conn.DefaultHttpClientConnectionOperator -- Connection established 192.168.50.172:50129<->18.207.45.59:443
16:26:12.074 [main] DEBUG org.apache.http.impl.conn.DefaultManagedHttpClientConnection -- http-outgoing-1: set socket timeout to 5000
16:26:12.074 [main] DEBUG org.apache.http.impl.execchain.MainClientExec -- Executing request GET /v2/pet/10001 HTTP/1.1
16:26:12.074 [main] DEBUG org.apache.http.impl.execchain.MainClientExec -- Target auth state: UNCHALLENGED
16:26:12.074 [main] DEBUG org.apache.http.impl.execchain.MainClientExec -- Proxy auth state: UNCHALLENGED
16:26:12.074 [main] DEBUG org.apache.http.headers -- http-outgoing-1 >> GET /v2/pet/10001 HTTP/1.1
16:26:12.074 [main] DEBUG org.apache.http.headers -- http-outgoing-1 >> Content-Type: application/json
16:26:12.074 [main] DEBUG org.apache.http.headers -- http-outgoing-1 >> Host: petstore.swagger.io
16:26:12.074 [main] DEBUG org.apache.http.headers -- http-outgoing-1 >> Connection: Keep-Alive
16:26:12.074 [main] DEBUG org.apache.http.headers -- http-outgoing-1 >> User-Agent: Apache-HttpClient/4.5.14 (Java/17.0.15)
16:26:12.074 [main] DEBUG org.apache.http.headers -- http-outgoing-1 >> Accept-Encoding: gzip,deflate
16:26:12.074 [main] DEBUG org.apache.http.wire -- http-outgoing-1 >> "GET /v2/pet/10001 HTTP/1.1[\r][\n]"
16:26:12.074 [main] DEBUG org.apache.http.wire -- http-outgoing-1 >> "Content-Type: application/json[\r][\n]"
16:26:12.074 [main] DEBUG org.apache.http.wire -- http-outgoing-1 >> "Host: petstore.swagger.io[\r][\n]"
16:26:12.074 [main] DEBUG org.apache.http.wire -- http-outgoing-1 >> "Connection: Keep-Alive[\r][\n]"
16:26:12.074 [main] DEBUG org.apache.http.wire -- http-outgoing-1 >> "User-Agent: Apache-HttpClient/4.5.14 (Java/17.0.15)[\r][\n]"
16:26:12.074 [main] DEBUG org.apache.http.wire -- http-outgoing-1 >> "Accept-Encoding: gzip,deflate[\r][\n]"
16:26:12.074 [main] DEBUG org.apache.http.wire -- http-outgoing-1 >> "[\r][\n]"
16:26:12.169 [main] DEBUG org.apache.http.wire -- http-outgoing-1 << "HTTP/1.1 200 OK[\r][\n]"
16:26:12.169 [main] DEBUG org.apache.http.wire -- http-outgoing-1 << "Date: Tue, 05 Aug 2025 21:26:12 GMT[\r][\n]"
16:26:12.169 [main] DEBUG org.apache.http.wire -- http-outgoing-1 << "Content-Type: application/json[\r][\n]"
16:26:12.169 [main] DEBUG org.apache.http.wire -- http-outgoing-1 << "Transfer-Encoding: chunked[\r][\n]"
16:26:12.169 [main] DEBUG org.apache.http.wire -- http-outgoing-1 << "Connection: keep-alive[\r][\n]"
16:26:12.169 [main] DEBUG org.apache.http.wire -- http-outgoing-1 << "Access-Control-Allow-Origin: *[\r][\n]"
16:26:12.169 [main] DEBUG org.apache.http.wire -- http-outgoing-1 << "Access-Control-Allow-Methods: GET, POST, DELETE, PUT[\r][\n]"
16:26:12.169 [main] DEBUG org.apache.http.wire -- http-outgoing-1 << "Access-Control-Allow-Headers: Content-Type, api_key, Authorization[\r][\n]"
16:26:12.169 [main] DEBUG org.apache.http.wire -- http-outgoing-1 << "Server: Jetty(9.2.9.v20150224)[\r][\n]"
16:26:12.169 [main] DEBUG org.apache.http.wire -- http-outgoing-1 << "[\r][\n]"
16:26:12.169 [main] DEBUG org.apache.http.wire -- http-outgoing-1 << "8c[\r][\n]"
16:26:12.169 [main] DEBUG org.apache.http.wire -- http-outgoing-1 << "{"id":10001,"category":{"id":1,"name":"Dogs"},"name":"doggie","photoUrls":["string"],"tags":[{"id":0,"name":"string"}],"status":"available"}[\r][\n]"
16:26:12.169 [main] DEBUG org.apache.http.headers -- http-outgoing-1 << HTTP/1.1 200 OK
16:26:12.169 [main] DEBUG org.apache.http.headers -- http-outgoing-1 << Date: Tue, 05 Aug 2025 21:26:12 GMT
16:26:12.169 [main] DEBUG org.apache.http.headers -- http-outgoing-1 << Content-Type: application/json
16:26:12.169 [main] DEBUG org.apache.http.headers -- http-outgoing-1 << Transfer-Encoding: chunked
16:26:12.169 [main] DEBUG org.apache.http.headers -- http-outgoing-1 << Connection: keep-alive
16:26:12.169 [main] DEBUG org.apache.http.headers -- http-outgoing-1 << Access-Control-Allow-Origin: *
16:26:12.169 [main] DEBUG org.apache.http.headers -- http-outgoing-1 << Access-Control-Allow-Methods: GET, POST, DELETE, PUT
16:26:12.169 [main] DEBUG org.apache.http.headers -- http-outgoing-1 << Access-Control-Allow-Headers: Content-Type, api_key, Authorization
16:26:12.170 [main] DEBUG org.apache.http.headers -- http-outgoing-1 << Server: Jetty(9.2.9.v20150224)
16:26:12.170 [main] DEBUG org.apache.http.impl.execchain.MainClientExec -- Connection can be kept alive indefinitely
16:26:12.170 [main] DEBUG org.apache.http.wire -- http-outgoing-1 << "0[\r][\n]"
16:26:12.170 [main] DEBUG org.apache.http.wire -- http-outgoing-1 << "[\r][\n]"
16:26:12.170 [main] DEBUG org.apache.http.impl.conn.PoolingHttpClientConnectionManager -- Connection [id: 1][route: {s}->https://petstore.swagger.io:443] can be kept alive indefinitely
16:26:12.170 [main] DEBUG org.apache.http.impl.conn.DefaultManagedHttpClientConnection -- http-outgoing-1: set socket timeout to 0
16:26:12.170 [main] DEBUG org.apache.http.impl.conn.PoolingHttpClientConnectionManager -- Connection released: [id: 1][route: {s}->https://petstore.swagger.io:443][total available: 1; route allocated: 1 of 5; total allocated: 1 of 10]
16:26:12.170 [main] DEBUG org.apache.http.impl.conn.PoolingHttpClientConnectionManager -- Connection manager is shutting down
16:26:12.170 [main] DEBUG org.apache.http.impl.conn.DefaultManagedHttpClientConnection -- http-outgoing-1: Close connection
16:26:12.171 [main] DEBUG org.apache.http.impl.conn.PoolingHttpClientConnectionManager -- Connection manager shut down
16:26:12.171 [main] DEBUG com.intuit.karate -- response time in milliseconds: 256
2 < 200
2 < Date: Tue, 05 Aug 2025 21:26:12 GMT
2 < Content-Type: application/json
2 < Transfer-Encoding: chunked
2 < Connection: keep-alive
2 < Access-Control-Allow-Origin: *
2 < Access-Control-Allow-Methods: GET, POST, DELETE, PUT
2 < Access-Control-Allow-Headers: Content-Type, api_key, Authorization
2 < Server: Jetty(9.2.9.v20150224)
{"id":10001,"category":{"id":1,"name":"Dogs"},"name":"doggie","photoUrls":["string"],"tags":[{"id":0,"name":"string"}],"status":"available"}

16:26:12.173 [main] INFO com.intuit.karate -- [print] {
  "id": 10001,
  "category": {
    "id": 1,
    "name": "Dogs"
  },
  "name": "doggie",
  "photoUrls": [
    "string"
  ],
  "tags": [
    {
      "id": 0,
      "name": "string"
    }
  ],
  "status": "available"
}
 
16:26:12.173 [main] DEBUG com.jayway.jsonpath.internal.path.CompiledPath -- Evaluating path: $['id']
16:26:12.174 [main] DEBUG com.jayway.jsonpath.internal.path.CompiledPath -- Evaluating path: $['name']
16:26:12.174 [main] DEBUG com.jayway.jsonpath.internal.path.CompiledPath -- Evaluating path: $['status']
16:26:12.175 [main] DEBUG com.jayway.jsonpath.internal.path.CompiledPath -- Evaluating path: $
16:26:12.176 [main] DEBUG org.apache.http.client.protocol.RequestAddCookies -- CookieSpec selected: karate
16:26:12.176 [main] DEBUG org.apache.http.client.protocol.RequestAuthCache -- Auth cache not set in the context
16:26:12.176 [main] DEBUG com.intuit.karate -- request:
3 > PUT https://petstore.swagger.io/v2/pet
3 > Content-Type: application/json; charset=UTF-8
3 > Content-Length: 144
3 > Host: petstore.swagger.io
3 > Connection: Keep-Alive
3 > User-Agent: Apache-HttpClient/4.5.14 (Java/17.0.15)
3 > Accept-Encoding: gzip,deflate
{"id":10001,"category":{"id":1,"name":"Dogs"},"name":"new_doggie_name","photoUrls":["string"],"tags":[{"id":0,"name":"string"}],"status":"sold"}

16:26:12.177 [main] DEBUG org.apache.http.impl.conn.PoolingHttpClientConnectionManager -- Connection request: [route: {s}->https://petstore.swagger.io:443][total available: 0; route allocated: 0 of 5; total allocated: 0 of 10]
16:26:12.177 [main] DEBUG org.apache.http.impl.conn.PoolingHttpClientConnectionManager -- Connection leased: [id: 2][route: {s}->https://petstore.swagger.io:443][total available: 0; route allocated: 1 of 5; total allocated: 1 of 10]
16:26:12.177 [main] DEBUG org.apache.http.impl.execchain.MainClientExec -- Opening connection {s}->https://petstore.swagger.io:443
16:26:12.177 [main] DEBUG org.apache.http.impl.conn.DefaultHttpClientConnectionOperator -- Connecting to petstore.swagger.io/18.207.45.59:443
16:26:12.177 [main] DEBUG org.apache.http.conn.ssl.LenientSslConnectionSocketFactory -- Connecting socket to petstore.swagger.io/18.207.45.59:443 with timeout 5000
16:26:12.257 [main] DEBUG org.apache.http.conn.ssl.LenientSslConnectionSocketFactory -- Enabled protocols: [TLSv1.3, TLSv1.2]
16:26:12.257 [main] DEBUG org.apache.http.conn.ssl.LenientSslConnectionSocketFactory -- Enabled cipher suites:[TLS_AES_256_GCM_SHA384, TLS_AES_128_GCM_SHA256, TLS_CHACHA20_POLY1305_SHA256, TLS_ECDHE_ECDSA_WITH_AES_256_GCM_SHA384, TLS_ECDHE_ECDSA_WITH_AES_128_GCM_SHA256, TLS_ECDHE_ECDSA_WITH_CHACHA20_POLY1305_SHA256, TLS_ECDHE_RSA_WITH_AES_256_GCM_SHA384, TLS_ECDHE_RSA_WITH_CHACHA20_POLY1305_SHA256, TLS_ECDHE_RSA_WITH_AES_128_GCM_SHA256, TLS_DHE_RSA_WITH_AES_256_GCM_SHA384, TLS_DHE_RSA_WITH_CHACHA20_POLY1305_SHA256, TLS_DHE_DSS_WITH_AES_256_GCM_SHA384, TLS_DHE_RSA_WITH_AES_128_GCM_SHA256, TLS_DHE_DSS_WITH_AES_128_GCM_SHA256, TLS_ECDHE_ECDSA_WITH_AES_256_CBC_SHA384, TLS_ECDHE_RSA_WITH_AES_256_CBC_SHA384, TLS_ECDHE_ECDSA_WITH_AES_128_CBC_SHA256, TLS_ECDHE_RSA_WITH_AES_128_CBC_SHA256, TLS_DHE_RSA_WITH_AES_256_CBC_SHA256, TLS_DHE_DSS_WITH_AES_256_CBC_SHA256, TLS_DHE_RSA_WITH_AES_128_CBC_SHA256, TLS_DHE_DSS_WITH_AES_128_CBC_SHA256, TLS_ECDHE_ECDSA_WITH_AES_256_CBC_SHA, TLS_ECDHE_RSA_WITH_AES_256_CBC_SHA, TLS_ECDHE_ECDSA_WITH_AES_128_CBC_SHA, TLS_ECDHE_RSA_WITH_AES_128_CBC_SHA, TLS_DHE_RSA_WITH_AES_256_CBC_SHA, TLS_DHE_DSS_WITH_AES_256_CBC_SHA, TLS_DHE_RSA_WITH_AES_128_CBC_SHA, TLS_DHE_DSS_WITH_AES_128_CBC_SHA, TLS_RSA_WITH_AES_256_GCM_SHA384, TLS_RSA_WITH_AES_128_GCM_SHA256, TLS_RSA_WITH_AES_256_CBC_SHA256, TLS_RSA_WITH_AES_128_CBC_SHA256, TLS_RSA_WITH_AES_256_CBC_SHA, TLS_RSA_WITH_AES_128_CBC_SHA, TLS_EMPTY_RENEGOTIATION_INFO_SCSV]
16:26:12.257 [main] DEBUG org.apache.http.conn.ssl.LenientSslConnectionSocketFactory -- Starting handshake
16:26:12.343 [main] DEBUG org.apache.http.conn.ssl.LenientSslConnectionSocketFactory -- Secure session established
16:26:12.343 [main] DEBUG org.apache.http.conn.ssl.LenientSslConnectionSocketFactory --  negotiated protocol: TLSv1.2
16:26:12.343 [main] DEBUG org.apache.http.conn.ssl.LenientSslConnectionSocketFactory --  negotiated cipher suite: TLS_ECDHE_RSA_WITH_AES_128_GCM_SHA256
16:26:12.343 [main] DEBUG org.apache.http.conn.ssl.LenientSslConnectionSocketFactory --  peer principal: CN=*.swagger.io
16:26:12.343 [main] DEBUG org.apache.http.conn.ssl.LenientSslConnectionSocketFactory --  peer alternative names: [*.swagger.io]
16:26:12.343 [main] DEBUG org.apache.http.conn.ssl.LenientSslConnectionSocketFactory --  issuer principal: CN=Amazon RSA 2048 M02, O=Amazon, C=US
16:26:12.343 [main] DEBUG org.apache.http.impl.conn.DefaultHttpClientConnectionOperator -- Connection established 192.168.50.172:50130<->18.207.45.59:443
16:26:12.344 [main] DEBUG org.apache.http.impl.conn.DefaultManagedHttpClientConnection -- http-outgoing-2: set socket timeout to 5000
16:26:12.344 [main] DEBUG org.apache.http.impl.execchain.MainClientExec -- Executing request PUT /v2/pet HTTP/1.1
16:26:12.344 [main] DEBUG org.apache.http.impl.execchain.MainClientExec -- Target auth state: UNCHALLENGED
16:26:12.344 [main] DEBUG org.apache.http.impl.execchain.MainClientExec -- Proxy auth state: UNCHALLENGED
16:26:12.344 [main] DEBUG org.apache.http.headers -- http-outgoing-2 >> PUT /v2/pet HTTP/1.1
16:26:12.344 [main] DEBUG org.apache.http.headers -- http-outgoing-2 >> Content-Type: application/json; charset=UTF-8
16:26:12.344 [main] DEBUG org.apache.http.headers -- http-outgoing-2 >> Content-Length: 144
16:26:12.344 [main] DEBUG org.apache.http.headers -- http-outgoing-2 >> Host: petstore.swagger.io
16:26:12.344 [main] DEBUG org.apache.http.headers -- http-outgoing-2 >> Connection: Keep-Alive
16:26:12.344 [main] DEBUG org.apache.http.headers -- http-outgoing-2 >> User-Agent: Apache-HttpClient/4.5.14 (Java/17.0.15)
16:26:12.344 [main] DEBUG org.apache.http.headers -- http-outgoing-2 >> Accept-Encoding: gzip,deflate
16:26:12.344 [main] DEBUG org.apache.http.wire -- http-outgoing-2 >> "PUT /v2/pet HTTP/1.1[\r][\n]"
16:26:12.344 [main] DEBUG org.apache.http.wire -- http-outgoing-2 >> "Content-Type: application/json; charset=UTF-8[\r][\n]"
16:26:12.344 [main] DEBUG org.apache.http.wire -- http-outgoing-2 >> "Content-Length: 144[\r][\n]"
16:26:12.344 [main] DEBUG org.apache.http.wire -- http-outgoing-2 >> "Host: petstore.swagger.io[\r][\n]"
16:26:12.344 [main] DEBUG org.apache.http.wire -- http-outgoing-2 >> "Connection: Keep-Alive[\r][\n]"
16:26:12.344 [main] DEBUG org.apache.http.wire -- http-outgoing-2 >> "User-Agent: Apache-HttpClient/4.5.14 (Java/17.0.15)[\r][\n]"
16:26:12.344 [main] DEBUG org.apache.http.wire -- http-outgoing-2 >> "Accept-Encoding: gzip,deflate[\r][\n]"
16:26:12.344 [main] DEBUG org.apache.http.wire -- http-outgoing-2 >> "[\r][\n]"
16:26:12.344 [main] DEBUG org.apache.http.wire -- http-outgoing-2 >> "{"id":10001,"category":{"id":1,"name":"Dogs"},"name":"new_doggie_name","photoUrls":["string"],"tags":[{"id":0,"name":"string"}],"status":"sold"}"
16:26:12.427 [main] DEBUG org.apache.http.wire -- http-outgoing-2 << "HTTP/1.1 200 OK[\r][\n]"
16:26:12.427 [main] DEBUG org.apache.http.wire -- http-outgoing-2 << "Date: Tue, 05 Aug 2025 21:26:12 GMT[\r][\n]"
16:26:12.427 [main] DEBUG org.apache.http.wire -- http-outgoing-2 << "Content-Type: application/json[\r][\n]"
16:26:12.427 [main] DEBUG org.apache.http.wire -- http-outgoing-2 << "Transfer-Encoding: chunked[\r][\n]"
16:26:12.428 [main] DEBUG org.apache.http.wire -- http-outgoing-2 << "Connection: keep-alive[\r][\n]"
16:26:12.428 [main] DEBUG org.apache.http.wire -- http-outgoing-2 << "Access-Control-Allow-Origin: *[\r][\n]"
16:26:12.428 [main] DEBUG org.apache.http.wire -- http-outgoing-2 << "Access-Control-Allow-Methods: GET, POST, DELETE, PUT[\r][\n]"
16:26:12.428 [main] DEBUG org.apache.http.wire -- http-outgoing-2 << "Access-Control-Allow-Headers: Content-Type, api_key, Authorization[\r][\n]"
16:26:12.428 [main] DEBUG org.apache.http.wire -- http-outgoing-2 << "Server: Jetty(9.2.9.v20150224)[\r][\n]"
16:26:12.428 [main] DEBUG org.apache.http.wire -- http-outgoing-2 << "[\r][\n]"
16:26:12.429 [main] DEBUG org.apache.http.wire -- http-outgoing-2 << "90[\r][\n]"
16:26:12.429 [main] DEBUG org.apache.http.wire -- http-outgoing-2 << "{"id":10001,"category":{"id":1,"name":"Dogs"},"name":"new_doggie_name","photoUrls":["string"],"tags":[{"id":0,"name":"string"}],"status":"sold"}[\r][\n]"
16:26:12.429 [main] DEBUG org.apache.http.headers -- http-outgoing-2 << HTTP/1.1 200 OK
16:26:12.429 [main] DEBUG org.apache.http.headers -- http-outgoing-2 << Date: Tue, 05 Aug 2025 21:26:12 GMT
16:26:12.430 [main] DEBUG org.apache.http.headers -- http-outgoing-2 << Content-Type: application/json
16:26:12.430 [main] DEBUG org.apache.http.headers -- http-outgoing-2 << Transfer-Encoding: chunked
16:26:12.430 [main] DEBUG org.apache.http.headers -- http-outgoing-2 << Connection: keep-alive
16:26:12.430 [main] DEBUG org.apache.http.headers -- http-outgoing-2 << Access-Control-Allow-Origin: *
16:26:12.430 [main] DEBUG org.apache.http.headers -- http-outgoing-2 << Access-Control-Allow-Methods: GET, POST, DELETE, PUT
16:26:12.430 [main] DEBUG org.apache.http.headers -- http-outgoing-2 << Access-Control-Allow-Headers: Content-Type, api_key, Authorization
16:26:12.430 [main] DEBUG org.apache.http.headers -- http-outgoing-2 << Server: Jetty(9.2.9.v20150224)
16:26:12.431 [main] DEBUG org.apache.http.impl.execchain.MainClientExec -- Connection can be kept alive indefinitely
16:26:12.432 [main] DEBUG org.apache.http.wire -- http-outgoing-2 << "0[\r][\n]"
16:26:12.432 [main] DEBUG org.apache.http.wire -- http-outgoing-2 << "[\r][\n]"
16:26:12.432 [main] DEBUG org.apache.http.impl.conn.PoolingHttpClientConnectionManager -- Connection [id: 2][route: {s}->https://petstore.swagger.io:443] can be kept alive indefinitely
16:26:12.432 [main] DEBUG org.apache.http.impl.conn.DefaultManagedHttpClientConnection -- http-outgoing-2: set socket timeout to 0
16:26:12.432 [main] DEBUG org.apache.http.impl.conn.PoolingHttpClientConnectionManager -- Connection released: [id: 2][route: {s}->https://petstore.swagger.io:443][total available: 1; route allocated: 1 of 5; total allocated: 1 of 10]
16:26:12.432 [main] DEBUG org.apache.http.impl.conn.PoolingHttpClientConnectionManager -- Connection manager is shutting down
16:26:12.432 [main] DEBUG org.apache.http.impl.conn.DefaultManagedHttpClientConnection -- http-outgoing-2: Close connection
16:26:12.432 [main] DEBUG org.apache.http.impl.conn.PoolingHttpClientConnectionManager -- Connection manager shut down
16:26:12.432 [main] DEBUG com.intuit.karate -- response time in milliseconds: 256
3 < 200
3 < Date: Tue, 05 Aug 2025 21:26:12 GMT
3 < Content-Type: application/json
3 < Transfer-Encoding: chunked
3 < Connection: keep-alive
3 < Access-Control-Allow-Origin: *
3 < Access-Control-Allow-Methods: GET, POST, DELETE, PUT
3 < Access-Control-Allow-Headers: Content-Type, api_key, Authorization
3 < Server: Jetty(9.2.9.v20150224)
{"id":10001,"category":{"id":1,"name":"Dogs"},"name":"new_doggie_name","photoUrls":["string"],"tags":[{"id":0,"name":"string"}],"status":"sold"}

16:26:12.432 [main] INFO com.intuit.karate -- [print] {
  "id": 10001,
  "category": {
    "id": 1,
    "name": "Dogs"
  },
  "name": "new_doggie_name",
  "photoUrls": [
    "string"
  ],
  "tags": [
    {
      "id": 0,
      "name": "string"
    }
  ],
  "status": "sold"
}
 
16:26:12.432 [main] DEBUG com.jayway.jsonpath.internal.path.CompiledPath -- Evaluating path: $['id']
16:26:12.432 [main] DEBUG com.jayway.jsonpath.internal.path.CompiledPath -- Evaluating path: $['name']
16:26:12.432 [main] DEBUG com.jayway.jsonpath.internal.path.CompiledPath -- Evaluating path: $['status']
16:26:12.432 [main] DEBUG org.apache.http.client.protocol.RequestAddCookies -- CookieSpec selected: karate
16:26:12.432 [main] DEBUG org.apache.http.client.protocol.RequestAuthCache -- Auth cache not set in the context
16:26:12.432 [main] DEBUG com.intuit.karate -- request:
4 > GET https://petstore.swagger.io/v2/pet/findByStatus?status=sold
4 > Content-Type: application/json
4 > Host: petstore.swagger.io
4 > Connection: Keep-Alive
4 > User-Agent: Apache-HttpClient/4.5.14 (Java/17.0.15)
4 > Accept-Encoding: gzip,deflate


16:26:12.432 [main] DEBUG org.apache.http.impl.conn.PoolingHttpClientConnectionManager -- Connection request: [route: {s}->https://petstore.swagger.io:443][total available: 0; route allocated: 0 of 5; total allocated: 0 of 10]
16:26:12.432 [main] DEBUG org.apache.http.impl.conn.PoolingHttpClientConnectionManager -- Connection leased: [id: 3][route: {s}->https://petstore.swagger.io:443][total available: 0; route allocated: 1 of 5; total allocated: 1 of 10]
16:26:12.432 [main] DEBUG org.apache.http.impl.execchain.MainClientExec -- Opening connection {s}->https://petstore.swagger.io:443
16:26:12.432 [main] DEBUG org.apache.http.impl.conn.DefaultHttpClientConnectionOperator -- Connecting to petstore.swagger.io/18.207.45.59:443
16:26:12.432 [main] DEBUG org.apache.http.conn.ssl.LenientSslConnectionSocketFactory -- Connecting socket to petstore.swagger.io/18.207.45.59:443 with timeout 5000
16:26:12.516 [main] DEBUG org.apache.http.conn.ssl.LenientSslConnectionSocketFactory -- Enabled protocols: [TLSv1.3, TLSv1.2]
16:26:12.527 [main] DEBUG org.apache.http.conn.ssl.LenientSslConnectionSocketFactory -- Enabled cipher suites:[TLS_AES_256_GCM_SHA384, TLS_AES_128_GCM_SHA256, TLS_CHACHA20_POLY1305_SHA256, TLS_ECDHE_ECDSA_WITH_AES_256_GCM_SHA384, TLS_ECDHE_ECDSA_WITH_AES_128_GCM_SHA256, TLS_ECDHE_ECDSA_WITH_CHACHA20_POLY1305_SHA256, TLS_ECDHE_RSA_WITH_AES_256_GCM_SHA384, TLS_ECDHE_RSA_WITH_CHACHA20_POLY1305_SHA256, TLS_ECDHE_RSA_WITH_AES_128_GCM_SHA256, TLS_DHE_RSA_WITH_AES_256_GCM_SHA384, TLS_DHE_RSA_WITH_CHACHA20_POLY1305_SHA256, TLS_DHE_DSS_WITH_AES_256_GCM_SHA384, TLS_DHE_RSA_WITH_AES_128_GCM_SHA256, TLS_DHE_DSS_WITH_AES_128_GCM_SHA256, TLS_ECDHE_ECDSA_WITH_AES_256_CBC_SHA384, TLS_ECDHE_RSA_WITH_AES_256_CBC_SHA384, TLS_ECDHE_ECDSA_WITH_AES_128_CBC_SHA256, TLS_ECDHE_RSA_WITH_AES_128_CBC_SHA256, TLS_DHE_RSA_WITH_AES_256_CBC_SHA256, TLS_DHE_DSS_WITH_AES_256_CBC_SHA256, TLS_DHE_RSA_WITH_AES_128_CBC_SHA256, TLS_DHE_DSS_WITH_AES_128_CBC_SHA256, TLS_ECDHE_ECDSA_WITH_AES_256_CBC_SHA, TLS_ECDHE_RSA_WITH_AES_256_CBC_SHA, TLS_ECDHE_ECDSA_WITH_AES_128_CBC_SHA, TLS_ECDHE_RSA_WITH_AES_128_CBC_SHA, TLS_DHE_RSA_WITH_AES_256_CBC_SHA, TLS_DHE_DSS_WITH_AES_256_CBC_SHA, TLS_DHE_RSA_WITH_AES_128_CBC_SHA, TLS_DHE_DSS_WITH_AES_128_CBC_SHA, TLS_RSA_WITH_AES_256_GCM_SHA384, TLS_RSA_WITH_AES_128_GCM_SHA256, TLS_RSA_WITH_AES_256_CBC_SHA256, TLS_RSA_WITH_AES_128_CBC_SHA256, TLS_RSA_WITH_AES_256_CBC_SHA, TLS_RSA_WITH_AES_128_CBC_SHA, TLS_EMPTY_RENEGOTIATION_INFO_SCSV]
16:26:12.527 [main] DEBUG org.apache.http.conn.ssl.LenientSslConnectionSocketFactory -- Starting handshake
16:26:12.614 [main] DEBUG org.apache.http.conn.ssl.LenientSslConnectionSocketFactory -- Secure session established
16:26:12.614 [main] DEBUG org.apache.http.conn.ssl.LenientSslConnectionSocketFactory --  negotiated protocol: TLSv1.2
16:26:12.614 [main] DEBUG org.apache.http.conn.ssl.LenientSslConnectionSocketFactory --  negotiated cipher suite: TLS_ECDHE_RSA_WITH_AES_128_GCM_SHA256
16:26:12.614 [main] DEBUG org.apache.http.conn.ssl.LenientSslConnectionSocketFactory --  peer principal: CN=*.swagger.io
16:26:12.614 [main] DEBUG org.apache.http.conn.ssl.LenientSslConnectionSocketFactory --  peer alternative names: [*.swagger.io]
16:26:12.614 [main] DEBUG org.apache.http.conn.ssl.LenientSslConnectionSocketFactory --  issuer principal: CN=Amazon RSA 2048 M02, O=Amazon, C=US
16:26:12.614 [main] DEBUG org.apache.http.impl.conn.DefaultHttpClientConnectionOperator -- Connection established 192.168.50.172:50131<->18.207.45.59:443
16:26:12.614 [main] DEBUG org.apache.http.impl.conn.DefaultManagedHttpClientConnection -- http-outgoing-3: set socket timeout to 5000
16:26:12.614 [main] DEBUG org.apache.http.impl.execchain.MainClientExec -- Executing request GET /v2/pet/findByStatus?status=sold HTTP/1.1
16:26:12.614 [main] DEBUG org.apache.http.impl.execchain.MainClientExec -- Target auth state: UNCHALLENGED
16:26:12.614 [main] DEBUG org.apache.http.impl.execchain.MainClientExec -- Proxy auth state: UNCHALLENGED
16:26:12.614 [main] DEBUG org.apache.http.headers -- http-outgoing-3 >> GET /v2/pet/findByStatus?status=sold HTTP/1.1
16:26:12.614 [main] DEBUG org.apache.http.headers -- http-outgoing-3 >> Content-Type: application/json
16:26:12.614 [main] DEBUG org.apache.http.headers -- http-outgoing-3 >> Host: petstore.swagger.io
16:26:12.614 [main] DEBUG org.apache.http.headers -- http-outgoing-3 >> Connection: Keep-Alive
16:26:12.614 [main] DEBUG org.apache.http.headers -- http-outgoing-3 >> User-Agent: Apache-HttpClient/4.5.14 (Java/17.0.15)
16:26:12.614 [main] DEBUG org.apache.http.headers -- http-outgoing-3 >> Accept-Encoding: gzip,deflate
16:26:12.614 [main] DEBUG org.apache.http.wire -- http-outgoing-3 >> "GET /v2/pet/findByStatus?status=sold HTTP/1.1[\r][\n]"
16:26:12.614 [main] DEBUG org.apache.http.wire -- http-outgoing-3 >> "Content-Type: application/json[\r][\n]"
16:26:12.614 [main] DEBUG org.apache.http.wire -- http-outgoing-3 >> "Host: petstore.swagger.io[\r][\n]"
16:26:12.614 [main] DEBUG org.apache.http.wire -- http-outgoing-3 >> "Connection: Keep-Alive[\r][\n]"
16:26:12.614 [main] DEBUG org.apache.http.wire -- http-outgoing-3 >> "User-Agent: Apache-HttpClient/4.5.14 (Java/17.0.15)[\r][\n]"
16:26:12.614 [main] DEBUG org.apache.http.wire -- http-outgoing-3 >> "Accept-Encoding: gzip,deflate[\r][\n]"
16:26:12.614 [main] DEBUG org.apache.http.wire -- http-outgoing-3 >> "[\r][\n]"
16:26:12.711 [main] DEBUG org.apache.http.wire -- http-outgoing-3 << "HTTP/1.1 200 OK[\r][\n]"
16:26:12.712 [main] DEBUG org.apache.http.wire -- http-outgoing-3 << "Date: Tue, 05 Aug 2025 21:26:12 GMT[\r][\n]"
16:26:12.712 [main] DEBUG org.apache.http.wire -- http-outgoing-3 << "Content-Type: application/json[\r][\n]"
16:26:12.712 [main] DEBUG org.apache.http.wire -- http-outgoing-3 << "Transfer-Encoding: chunked[\r][\n]"
16:26:12.712 [main] DEBUG org.apache.http.wire -- http-outgoing-3 << "Connection: keep-alive[\r][\n]"
16:26:12.712 [main] DEBUG org.apache.http.wire -- http-outgoing-3 << "Access-Control-Allow-Origin: *[\r][\n]"
16:26:12.712 [main] DEBUG org.apache.http.wire -- http-outgoing-3 << "Access-Control-Allow-Methods: GET, POST, DELETE, PUT[\r][\n]"
16:26:12.712 [main] DEBUG org.apache.http.wire -- http-outgoing-3 << "Access-Control-Allow-Headers: Content-Type, api_key, Authorization[\r][\n]"
16:26:12.712 [main] DEBUG org.apache.http.wire -- http-outgoing-3 << "Server: Jetty(9.2.9.v20150224)[\r][\n]"
16:26:12.712 [main] DEBUG org.apache.http.wire -- http-outgoing-3 << "[\r][\n]"
16:26:12.712 [main] DEBUG org.apache.http.wire -- http-outgoing-3 << "1c5e[\r][\n]"
16:26:12.712 [main] DEBUG org.apache.http.wire -- http-outgoing-3 << "[{"id":9223372036854772622,"category":{"id":97228344,"name":"est magna"},"name":"doggie","photoUrls":["commodo cupidatat anim","et elit anim"],"tags":[{"id":32742685,"name":"dolore dolor id"},{"id":-51765349,"name":"officia minim exercitation"}],"status":"sold"},{"id":363,"category":{"id":846,"name":"Handmade Frozen Sausages"},"name":"Eugenia.Lebsack","photoUrls":["http://placeimg.com/640/480/animals"],"tags":[{"id":94,"name":"Voluptatum dolorem aut corporis quos consequatur distinctio delectus cupiditate sequi. Nihil sed rerum vitae. Amet consequatur cum nam nobis. Molestias est et aut et quae est."},{"id":864,"name":"Quia corrupti sed occaecati qui nisi id."}],"status":"sold"},{"id":269,"category":{"id":142,"name":"Ergonomic Rubber Table"},"name":"Gorgeous Fresh Mouse","photoUrls":["http://placeimg.com/640/480/animals"],"tags":[{"id":211,"name":"Officiis ducimus quasi voluptatibus dolorem dolor dolores cupiditate alias. Similique et sint aspernatur. Odit facilis rerum voluptatibus in velit. Magnam harum aut. Magni fuga quia eligendi voluptatibus et doloremque."},{"id":22,"name":"Soluta minus sed fuga reiciendis perferendis. Voluptatem sapiente sed. Minima temporibus enim itaque sed sint aperiam cum voluptatem eveniet. Consequatur iure cum iure commodi alias. Ut ab quis."}],"status":"sold"},{"id":9223372036854772649,"name":"Charlie","photoUrls":[],"tags":[],"status":"sold"},{"id":525467,"category":{"id":19361,"name":"mZKoPzph"},"name":"doggie","photoUrls":["nYZYyP"],"tags":[{"id":923562,"name":"jjJIsxMA"}],"status":"sold"},{"id":7,"category":{"id":0,"name":"cachorro"},"name":"floco","photoUrls":["https://encrypted-tbn2.gstatic.com/images?q=tbn:ANd9GcS7Y6_sozzAdvF72h7Z0j0s6XuoKfc1gjQuDF_ItH1JR6oBRgkMEULyeg5TR0MCWPvbuw8zMV7KEUxMJUipShqC_g"],"tags":[{"id":5,"name":"shitzu"}],"status":"sold"},{"id":567775,"category":{"id":732036,"name":"BNVCeOFb"},"name":"doggie","photoUrls":["lyDNcN"],"tags":[{"id":887015,"name":"RQfhQSnK"}],"status":"sold"},{"id":9223372036854772726,"name":"Charlie","photoUrls":[],"tags":[],"status":"sold"},{"id":9223372036854772761,"name":"Charlie","photoUrls":[],"tags":[],"status":"sold"},{"id":1477,"name":"pidor","photoUrls":["http://example.com/photo.jpg"],"tags":[],"status":"sold"},{"id":1488,"name":"1488","photoUrls":["http://example.com/photo.jpg"],"tags":[],"status":"sold"},{"id":764324,"name":"Rocky_The_Parrot","photoUrls":[],"tags":[],"status":"sold"},{"id":12,"category":{"id":0,"name":"dogs"},"name":"Fido","photoUrls":["string"],"tags":[{"id":0,"name":"string"}],"status":"sold"},{"id":9223372036854772965,"category":{"id":42892111,"name":"dolore laboris exercitation enim"},"name":"doggie","photoUrls":["enim do amet et","in incididunt nulla"],"tags":[{"id":13217034,"name":"Duis in"},{"id":-1050560,"name":"occaecat nulla et Duis"}],"status":"sold"},{"id":56331470,"category":{"id":28262311,"name":"nostrud proident"},"name":"doggie","photoUrls":["sunt dolor veniam aliqua","nulla anim ex"],"tags":[{"id":21515670,"name":"voluptate in elit ani"},{"id":-36858804,"name":"proident non deserunt"}],"status":"sold"},{"id":960107902,"category":{"id":1,"name":"dog"},"name":"Juju","photoUrls":[],"tags":[{"id":1,"name":"vacinado"}],"status":"sold"},{"id":1111,"category":{"id":1,"name":"dog"},"name":"Sim","photoUrls":["string"],"tags":[{"id":0,"name":"string"}],"status":"sold"},{"id":988776655,"category":{"id":0,"name":"mops"},"name":"Villy","status":"sold"},{"id":13,"category":{"id":0,"name":"cats"},"photoUrls":["string"],"tags":[{"id":0,"name":"string"}],"status":"sold"},{"id":9,"category":{"id":0,"name":"cats"},"name":"King Kong","photoUrls":["string"],"tags":[{"id":0,"name":"string"}],"status":"sold"},{"id":1000000000,"category":{"id":0,"name":"string"},"name":"doggie","photoUrls":["string"],"tags":[{"id":0,"name":"string"}],"status":"sold"},{"id":1499,"name":"sollo","photoUrls":["http://example.com/photo.jpg"],"tags":[],"status":"sold"},{"id":743500,"name":"EndToEndTestDog","photoUrls":["http://example.com/photo.png"],"tags":[],"status":"sold"},{"id":16,"category":{"id":1,"name":"boy"},"name":"Tom","photoUrls":["https://upload.wikimedia.org/wikipedia/commons/0/0c/Deutscher_Sch%C3%A4ferhund-_portrait.JPG"],"tags":[{"id":16,"name":"nemeckaya ovcharka"}],"status":"sold"},{"id":10001,"category":{"id":1,"name":"Dogs"},"name":"new_doggie_name","photoUrls":["string"],"tags":[{"id":0,"name":"string"}],"status":"sold"},{"id":1777123123,"category":{"id":1777,"name":"fishs"},"name":"Nemo FISH","photoUrls":["https://www.google.com/imgres?q=fish&imgurl=https%3A%2F%2Fwww.aqueon.com%2F-%2Fmedia%2Fproject%2Foneweb%2Faqueon%2Fus%2Fblog%2Fways-to-know-your-fish-are-happy%2Ffish-are-happy-and-healthy-1.png&imgrefurl=https%3A%2F%2Fwww.aqueon.com%2Farticles%2Fways-to-know-your-fish-are-happy&docid=aYbA3xYlpw0ZcM&tbnid=uVomlcyWEqpA8M&vet=12ahUKEwibjaX_oeOIAxU0BdsEHe31LPwQM3oECB8QAA..i&w=1000&h=650&hcb=2&ved=2ahUKEwibjaX_oeOIAxU0BdsEHe31LPwQM3oECB8QAA","<string>"],"tags":[{"id":1777,"name":"Fish"},{"id":1777,"name":"Fish"}],"status":"sold"},{"id":9223372036854775458,"category":{"id":-1545904,"name":"fishs"},"name":"nemo fish","photoUrls":["fugiat ex","https://img.freepik.com/free-vector/one-goldfish-on-white-background_1308-73185.jpg"],"tags":[{"id":78174477,"name":"sint aliquip"},{"id":34196593,"name":"tempor cillum incididunt exercitation veniam"}],"status":"sold"},{"id":24572652,"category":{"id":70314021,"name":"adipisicing dolore"},"name":"doggie","photoUrls":["magna dolor Ut in","in eiusm"],"tags":[{"id":85643839,"name":"aliquip sit dolor"},{"id":-89364963,"name":"elit id reprehenderit eiusmod exercitation"}],"status":"sold"},{"id":62751340,"category":{"id":-37441254,"name":"aute cillum voluptate veniam"},"name":"doggie","photoUrls":["mollit veniam","dolor enim reprehenderit"],"tags":[{"id":91709679,"name":"anim adipisicing"},{"id":919209,"name":"sint anim"}],"status":"sold"},{"id":23327731,"category":{"id":-92357313,"name":"reprehenderit ut nostrud ut"},"name":"doggie","photoUrls":["Lorem laboris","laboris"],"tags":[{"id":89386643,"name":"elit esse cillum"},{"id":-23396785,"name":"minim consectetur"}],"status":"sold"},{"id":70119872000,"category":{"id":93142102,"name":"[0xd0][0x97][0xd0][0xb0][0xd1][0x8f][0xd1][0x86] [0xd1][0x84][0xd1][0x80][0xd0][0xb0][0xd0][0xbd][0xd1][0x86][0xd1][0x83][0xd0][0xb7][0xd1][0x81][0xd0][0xba][0xd0][0xb8][0xd0][0xb9] 2"},"name":"LAPIN LAPIN","photoUrls":["mollit","https://irecommend.ru/sites/default/files/product-images/98227/3lJyZagay9aoxv06o6TJCQ.jpg"],"tags":[{"id":-19037377,"name":"deserunt veniam nulla reprehenderit"},{"id":51503358,"name":"ullamco aliqua Excepteur cillum"}],"status":"sold"},{"id":38541659,"category":{"id":-70999792,"name":"dolore aliqua irure"},"name":"doggie","photoUrls":["cupidatat quis","ipsum deserunt"],"tags":[{"id":96985450,"name":"proident adipisicing officia"},{"id":-17203769,"name":"sunt reprehenderit"}],"status":"sold"},{"id":9223372036854773917,"category":{"id":0,"name":"string"},"name":"boss2.0","photoUrls":["string"],"tags":[{"id":0,"name":"string"}],"status":"sold"},{"id":9223372036854775786,"category":{"id":-27322073,"name":"in nulla"},"name":"doggie","photoUrls":["laborum nostrud nisi","velit"],"tags":[{"id":54262278,"name":"nostrud in elit do Excepteur"},{"id":78506224,"name":"pariatur eu ex"}],"status":"sold"},{"id":1,"category":{"id":1,"name":"cat"},"name":"dog","photoUrls":[],"tags":[],"status":"sold"}][\r][\n]"
16:26:12.712 [main] DEBUG org.apache.http.headers -- http-outgoing-3 << HTTP/1.1 200 OK
16:26:12.712 [main] DEBUG org.apache.http.headers -- http-outgoing-3 << Date: Tue, 05 Aug 2025 21:26:12 GMT
16:26:12.712 [main] DEBUG org.apache.http.headers -- http-outgoing-3 << Content-Type: application/json
16:26:12.712 [main] DEBUG org.apache.http.headers -- http-outgoing-3 << Transfer-Encoding: chunked
16:26:12.712 [main] DEBUG org.apache.http.headers -- http-outgoing-3 << Connection: keep-alive
16:26:12.712 [main] DEBUG org.apache.http.headers -- http-outgoing-3 << Access-Control-Allow-Origin: *
16:26:12.712 [main] DEBUG org.apache.http.headers -- http-outgoing-3 << Access-Control-Allow-Methods: GET, POST, DELETE, PUT
16:26:12.712 [main] DEBUG org.apache.http.headers -- http-outgoing-3 << Access-Control-Allow-Headers: Content-Type, api_key, Authorization
16:26:12.712 [main] DEBUG org.apache.http.headers -- http-outgoing-3 << Server: Jetty(9.2.9.v20150224)
16:26:12.712 [main] DEBUG org.apache.http.impl.execchain.MainClientExec -- Connection can be kept alive indefinitely
16:26:12.712 [main] DEBUG org.apache.http.wire -- http-outgoing-3 << "0[\r][\n]"
16:26:12.712 [main] DEBUG org.apache.http.wire -- http-outgoing-3 << "[\r][\n]"
16:26:12.712 [main] DEBUG org.apache.http.impl.conn.PoolingHttpClientConnectionManager -- Connection [id: 3][route: {s}->https://petstore.swagger.io:443] can be kept alive indefinitely
16:26:12.712 [main] DEBUG org.apache.http.impl.conn.DefaultManagedHttpClientConnection -- http-outgoing-3: set socket timeout to 0
16:26:12.712 [main] DEBUG org.apache.http.impl.conn.PoolingHttpClientConnectionManager -- Connection released: [id: 3][route: {s}->https://petstore.swagger.io:443][total available: 1; route allocated: 1 of 5; total allocated: 1 of 10]
16:26:12.712 [main] DEBUG org.apache.http.impl.conn.PoolingHttpClientConnectionManager -- Connection manager is shutting down
16:26:12.712 [main] DEBUG org.apache.http.impl.conn.DefaultManagedHttpClientConnection -- http-outgoing-3: Close connection
16:26:12.712 [main] DEBUG org.apache.http.impl.conn.PoolingHttpClientConnectionManager -- Connection manager shut down
16:26:12.712 [main] DEBUG com.intuit.karate -- response time in milliseconds: 280
4 < 200
4 < Date: Tue, 05 Aug 2025 21:26:12 GMT
4 < Content-Type: application/json
4 < Transfer-Encoding: chunked
4 < Connection: keep-alive
4 < Access-Control-Allow-Origin: *
4 < Access-Control-Allow-Methods: GET, POST, DELETE, PUT
4 < Access-Control-Allow-Headers: Content-Type, api_key, Authorization
4 < Server: Jetty(9.2.9.v20150224)
[{"id":9223372036854772622,"category":{"id":97228344,"name":"est magna"},"name":"doggie","photoUrls":["commodo cupidatat anim","et elit anim"],"tags":[{"id":32742685,"name":"dolore dolor id"},{"id":-51765349,"name":"officia minim exercitation"}],"status":"sold"},{"id":363,"category":{"id":846,"name":"Handmade Frozen Sausages"},"name":"Eugenia.Lebsack","photoUrls":["http://placeimg.com/640/480/animals"],"tags":[{"id":94,"name":"Voluptatum dolorem aut corporis quos consequatur distinctio delectus cupiditate sequi. Nihil sed rerum vitae. Amet consequatur cum nam nobis. Molestias est et aut et quae est."},{"id":864,"name":"Quia corrupti sed occaecati qui nisi id."}],"status":"sold"},{"id":269,"category":{"id":142,"name":"Ergonomic Rubber Table"},"name":"Gorgeous Fresh Mouse","photoUrls":["http://placeimg.com/640/480/animals"],"tags":[{"id":211,"name":"Officiis ducimus quasi voluptatibus dolorem dolor dolores cupiditate alias. Similique et sint aspernatur. Odit facilis rerum voluptatibus in velit. Magnam harum aut. Magni fuga quia eligendi voluptatibus et doloremque."},{"id":22,"name":"Soluta minus sed fuga reiciendis perferendis. Voluptatem sapiente sed. Minima temporibus enim itaque sed sint aperiam cum voluptatem eveniet. Consequatur iure cum iure commodi alias. Ut ab quis."}],"status":"sold"},{"id":9223372036854772649,"name":"Charlie","photoUrls":[],"tags":[],"status":"sold"},{"id":525467,"category":{"id":19361,"name":"mZKoPzph"},"name":"doggie","photoUrls":["nYZYyP"],"tags":[{"id":923562,"name":"jjJIsxMA"}],"status":"sold"},{"id":7,"category":{"id":0,"name":"cachorro"},"name":"floco","photoUrls":["https://encrypted-tbn2.gstatic.com/images?q=tbn:ANd9GcS7Y6_sozzAdvF72h7Z0j0s6XuoKfc1gjQuDF_ItH1JR6oBRgkMEULyeg5TR0MCWPvbuw8zMV7KEUxMJUipShqC_g"],"tags":[{"id":5,"name":"shitzu"}],"status":"sold"},{"id":567775,"category":{"id":732036,"name":"BNVCeOFb"},"name":"doggie","photoUrls":["lyDNcN"],"tags":[{"id":887015,"name":"RQfhQSnK"}],"status":"sold"},{"id":9223372036854772726,"name":"Charlie","photoUrls":[],"tags":[],"status":"sold"},{"id":9223372036854772761,"name":"Charlie","photoUrls":[],"tags":[],"status":"sold"},{"id":1477,"name":"pidor","photoUrls":["http://example.com/photo.jpg"],"tags":[],"status":"sold"},{"id":1488,"name":"1488","photoUrls":["http://example.com/photo.jpg"],"tags":[],"status":"sold"},{"id":764324,"name":"Rocky_The_Parrot","photoUrls":[],"tags":[],"status":"sold"},{"id":12,"category":{"id":0,"name":"dogs"},"name":"Fido","photoUrls":["string"],"tags":[{"id":0,"name":"string"}],"status":"sold"},{"id":9223372036854772965,"category":{"id":42892111,"name":"dolore laboris exercitation enim"},"name":"doggie","photoUrls":["enim do amet et","in incididunt nulla"],"tags":[{"id":13217034,"name":"Duis in"},{"id":-1050560,"name":"occaecat nulla et Duis"}],"status":"sold"},{"id":56331470,"category":{"id":28262311,"name":"nostrud proident"},"name":"doggie","photoUrls":["sunt dolor veniam aliqua","nulla anim ex"],"tags":[{"id":21515670,"name":"voluptate in elit ani"},{"id":-36858804,"name":"proident non deserunt"}],"status":"sold"},{"id":960107902,"category":{"id":1,"name":"dog"},"name":"Juju","photoUrls":[],"tags":[{"id":1,"name":"vacinado"}],"status":"sold"},{"id":1111,"category":{"id":1,"name":"dog"},"name":"Sim","photoUrls":["string"],"tags":[{"id":0,"name":"string"}],"status":"sold"},{"id":988776655,"category":{"id":0,"name":"mops"},"name":"Villy","status":"sold"},{"id":13,"category":{"id":0,"name":"cats"},"photoUrls":["string"],"tags":[{"id":0,"name":"string"}],"status":"sold"},{"id":9,"category":{"id":0,"name":"cats"},"name":"King Kong","photoUrls":["string"],"tags":[{"id":0,"name":"string"}],"status":"sold"},{"id":1000000000,"category":{"id":0,"name":"string"},"name":"doggie","photoUrls":["string"],"tags":[{"id":0,"name":"string"}],"status":"sold"},{"id":1499,"name":"sollo","photoUrls":["http://example.com/photo.jpg"],"tags":[],"status":"sold"},{"id":743500,"name":"EndToEndTestDog","photoUrls":["http://example.com/photo.png"],"tags":[],"status":"sold"},{"id":16,"category":{"id":1,"name":"boy"},"name":"Tom","photoUrls":["https://upload.wikimedia.org/wikipedia/commons/0/0c/Deutscher_Sch%C3%A4ferhund-_portrait.JPG"],"tags":[{"id":16,"name":"nemeckaya ovcharka"}],"status":"sold"},{"id":10001,"category":{"id":1,"name":"Dogs"},"name":"new_doggie_name","photoUrls":["string"],"tags":[{"id":0,"name":"string"}],"status":"sold"},{"id":1777123123,"category":{"id":1777,"name":"fishs"},"name":"Nemo FISH","photoUrls":["https://www.google.com/imgres?q=fish&imgurl=https%3A%2F%2Fwww.aqueon.com%2F-%2Fmedia%2Fproject%2Foneweb%2Faqueon%2Fus%2Fblog%2Fways-to-know-your-fish-are-happy%2Ffish-are-happy-and-healthy-1.png&imgrefurl=https%3A%2F%2Fwww.aqueon.com%2Farticles%2Fways-to-know-your-fish-are-happy&docid=aYbA3xYlpw0ZcM&tbnid=uVomlcyWEqpA8M&vet=12ahUKEwibjaX_oeOIAxU0BdsEHe31LPwQM3oECB8QAA..i&w=1000&h=650&hcb=2&ved=2ahUKEwibjaX_oeOIAxU0BdsEHe31LPwQM3oECB8QAA","<string>"],"tags":[{"id":1777,"name":"Fish"},{"id":1777,"name":"Fish"}],"status":"sold"},{"id":9223372036854775458,"category":{"id":-1545904,"name":"fishs"},"name":"nemo fish","photoUrls":["fugiat ex","https://img.freepik.com/free-vector/one-goldfish-on-white-background_1308-73185.jpg"],"tags":[{"id":78174477,"name":"sint aliquip"},{"id":34196593,"name":"tempor cillum incididunt exercitation veniam"}],"status":"sold"},{"id":24572652,"category":{"id":70314021,"name":"adipisicing dolore"},"name":"doggie","photoUrls":["magna dolor Ut in","in eiusm"],"tags":[{"id":85643839,"name":"aliquip sit dolor"},{"id":-89364963,"name":"elit id reprehenderit eiusmod exercitation"}],"status":"sold"},{"id":62751340,"category":{"id":-37441254,"name":"aute cillum voluptate veniam"},"name":"doggie","photoUrls":["mollit veniam","dolor enim reprehenderit"],"tags":[{"id":91709679,"name":"anim adipisicing"},{"id":919209,"name":"sint anim"}],"status":"sold"},{"id":23327731,"category":{"id":-92357313,"name":"reprehenderit ut nostrud ut"},"name":"doggie","photoUrls":["Lorem laboris","laboris"],"tags":[{"id":89386643,"name":"elit esse cillum"},{"id":-23396785,"name":"minim consectetur"}],"status":"sold"},{"id":70119872000,"category":{"id":93142102,"name":"???? ??????????? 2"},"name":"LAPIN LAPIN","photoUrls":["mollit","https://irecommend.ru/sites/default/files/product-images/98227/3lJyZagay9aoxv06o6TJCQ.jpg"],"tags":[{"id":-19037377,"name":"deserunt veniam nulla reprehenderit"},{"id":51503358,"name":"ullamco aliqua Excepteur cillum"}],"status":"sold"},{"id":38541659,"category":{"id":-70999792,"name":"dolore aliqua irure"},"name":"doggie","photoUrls":["cupidatat quis","ipsum deserunt"],"tags":[{"id":96985450,"name":"proident adipisicing officia"},{"id":-17203769,"name":"sunt reprehenderit"}],"status":"sold"},{"id":9223372036854773917,"category":{"id":0,"name":"string"},"name":"boss2.0","photoUrls":["string"],"tags":[{"id":0,"name":"string"}],"status":"sold"},{"id":9223372036854775786,"category":{"id":-27322073,"name":"in nulla"},"name":"doggie","photoUrls":["laborum nostrud nisi","velit"],"tags":[{"id":54262278,"name":"nostrud in elit do Excepteur"},{"id":78506224,"name":"pariatur eu ex"}],"status":"sold"},{"id":1,"category":{"id":1,"name":"cat"},"name":"dog","photoUrls":[],"tags":[],"status":"sold"}]

16:26:12.718 [main] INFO com.intuit.karate -- [print] [
  {
    "id": 9223372036854772622,
    "category": {
      "id": 97228344,
      "name": "est magna"
    },
    "name": "doggie",
    "photoUrls": [
      "commodo cupidatat anim",
      "et elit anim"
    ],
    "tags": [
      {
        "id": 32742685,
        "name": "dolore dolor id"
      },
      {
        "id": -51765349,
        "name": "officia minim exercitation"
      }
    ],
    "status": "sold"
  },
  {
    "id": 363,
    "category": {
      "id": 846,
      "name": "Handmade Frozen Sausages"
    },
    "name": "Eugenia.Lebsack",
    "photoUrls": [
      "http://placeimg.com/640/480/animals"
    ],
    "tags": [
      {
        "id": 94,
        "name": "Voluptatum dolorem aut corporis quos consequatur distinctio delectus cupiditate sequi. Nihil sed rerum vitae. Amet consequatur cum nam nobis. Molestias est et aut et quae est."
      },
      {
        "id": 864,
        "name": "Quia corrupti sed occaecati qui nisi id."
      }
    ],
    "status": "sold"
  },
  {
    "id": 269,
    "category": {
      "id": 142,
      "name": "Ergonomic Rubber Table"
    },
    "name": "Gorgeous Fresh Mouse",
    "photoUrls": [
      "http://placeimg.com/640/480/animals"
    ],
    "tags": [
      {
        "id": 211,
        "name": "Officiis ducimus quasi voluptatibus dolorem dolor dolores cupiditate alias. Similique et sint aspernatur. Odit facilis rerum voluptatibus in velit. Magnam harum aut. Magni fuga quia eligendi voluptatibus et doloremque."
      },
      {
        "id": 22,
        "name": "Soluta minus sed fuga reiciendis perferendis. Voluptatem sapiente sed. Minima temporibus enim itaque sed sint aperiam cum voluptatem eveniet. Consequatur iure cum iure commodi alias. Ut ab quis."
      }
    ],
    "status": "sold"
  },
  {
    "id": 9223372036854772649,
    "name": "Charlie",
    "photoUrls": [
    ],
    "tags": [
    ],
    "status": "sold"
  },
  {
    "id": 525467,
    "category": {
      "id": 19361,
      "name": "mZKoPzph"
    },
    "name": "doggie",
    "photoUrls": [
      "nYZYyP"
    ],
    "tags": [
      {
        "id": 923562,
        "name": "jjJIsxMA"
      }
    ],
    "status": "sold"
  },
  {
    "id": 7,
    "category": {
      "id": 0,
      "name": "cachorro"
    },
    "name": "floco",
    "photoUrls": [
      "https://encrypted-tbn2.gstatic.com/images?q=tbn:ANd9GcS7Y6_sozzAdvF72h7Z0j0s6XuoKfc1gjQuDF_ItH1JR6oBRgkMEULyeg5TR0MCWPvbuw8zMV7KEUxMJUipShqC_g"
    ],
    "tags": [
      {
        "id": 5,
        "name": "shitzu"
      }
    ],
    "status": "sold"
  },
  {
    "id": 567775,
    "category": {
      "id": 732036,
      "name": "BNVCeOFb"
    },
    "name": "doggie",
    "photoUrls": [
      "lyDNcN"
    ],
    "tags": [
      {
        "id": 887015,
        "name": "RQfhQSnK"
      }
    ],
    "status": "sold"
  },
  {
    "id": 9223372036854772726,
    "name": "Charlie",
    "photoUrls": [
    ],
    "tags": [
    ],
    "status": "sold"
  },
  {
    "id": 9223372036854772761,
    "name": "Charlie",
    "photoUrls": [
    ],
    "tags": [
    ],
    "status": "sold"
  },
  {
    "id": 1477,
    "name": "pidor",
    "photoUrls": [
      "http://example.com/photo.jpg"
    ],
    "tags": [
    ],
    "status": "sold"
  },
  {
    "id": 1488,
    "name": "1488",
    "photoUrls": [
      "http://example.com/photo.jpg"
    ],
    "tags": [
    ],
    "status": "sold"
  },
  {
    "id": 764324,
    "name": "Rocky_The_Parrot",
    "photoUrls": [
    ],
    "tags": [
    ],
    "status": "sold"
  },
  {
    "id": 12,
    "category": {
      "id": 0,
      "name": "dogs"
    },
    "name": "Fido",
    "photoUrls": [
      "string"
    ],
    "tags": [
      {
        "id": 0,
        "name": "string"
      }
    ],
    "status": "sold"
  },
  {
    "id": 9223372036854772965,
    "category": {
      "id": 42892111,
      "name": "dolore laboris exercitation enim"
    },
    "name": "doggie",
    "photoUrls": [
      "enim do amet et",
      "in incididunt nulla"
    ],
    "tags": [
      {
        "id": 13217034,
        "name": "Duis in"
      },
      {
        "id": -1050560,
        "name": "occaecat nulla et Duis"
      }
    ],
    "status": "sold"
  },
  {
    "id": 56331470,
    "category": {
      "id": 28262311,
      "name": "nostrud proident"
    },
    "name": "doggie",
    "photoUrls": [
      "sunt dolor veniam aliqua",
      "nulla anim ex"
    ],
    "tags": [
      {
        "id": 21515670,
        "name": "voluptate in elit ani"
      },
      {
        "id": -36858804,
        "name": "proident non deserunt"
      }
    ],
    "status": "sold"
  },
  {
    "id": 960107902,
    "category": {
      "id": 1,
      "name": "dog"
    },
    "name": "Juju",
    "photoUrls": [
    ],
    "tags": [
      {
        "id": 1,
        "name": "vacinado"
      }
    ],
    "status": "sold"
  },
  {
    "id": 1111,
    "category": {
      "id": 1,
      "name": "dog"
    },
    "name": "Sim",
    "photoUrls": [
      "string"
    ],
    "tags": [
      {
        "id": 0,
        "name": "string"
      }
    ],
    "status": "sold"
  },
  {
    "id": 988776655,
    "category": {
      "id": 0,
      "name": "mops"
    },
    "name": "Villy",
    "status": "sold"
  },
  {
    "id": 13,
    "category": {
      "id": 0,
      "name": "cats"
    },
    "photoUrls": [
      "string"
    ],
    "tags": [
      {
        "id": 0,
        "name": "string"
      }
    ],
    "status": "sold"
  },
  {
    "id": 9,
    "category": {
      "id": 0,
      "name": "cats"
    },
    "name": "King Kong",
    "photoUrls": [
      "string"
    ],
    "tags": [
      {
        "id": 0,
        "name": "string"
      }
    ],
    "status": "sold"
  },
  {
    "id": 1000000000,
    "category": {
      "id": 0,
      "name": "string"
    },
    "name": "doggie",
    "photoUrls": [
      "string"
    ],
    "tags": [
      {
        "id": 0,
        "name": "string"
      }
    ],
    "status": "sold"
  },
  {
    "id": 1499,
    "name": "sollo",
    "photoUrls": [
      "http://example.com/photo.jpg"
    ],
    "tags": [
    ],
    "status": "sold"
  },
  {
    "id": 743500,
    "name": "EndToEndTestDog",
    "photoUrls": [
      "http://example.com/photo.png"
    ],
    "tags": [
    ],
    "status": "sold"
  },
  {
    "id": 16,
    "category": {
      "id": 1,
      "name": "boy"
    },
    "name": "Tom",
    "photoUrls": [
      "https://upload.wikimedia.org/wikipedia/commons/0/0c/Deutscher_Sch%C3%A4ferhund-_portrait.JPG"
    ],
    "tags": [
      {
        "id": 16,
        "name": "nemeckaya ovcharka"
      }
    ],
    "status": "sold"
  },
  {
    "id": 10001,
    "category": {
      "id": 1,
      "name": "Dogs"
    },
    "name": "new_doggie_name",
    "photoUrls": [
      "string"
    ],
    "tags": [
      {
        "id": 0,
        "name": "string"
      }
    ],
    "status": "sold"
  },
  {
    "id": 1777123123,
    "category": {
      "id": 1777,
      "name": "fishs"
    },
    "name": "Nemo FISH",
    "photoUrls": [
      "https://www.google.com/imgres?q=fish&imgurl=https%3A%2F%2Fwww.aqueon.com%2F-%2Fmedia%2Fproject%2Foneweb%2Faqueon%2Fus%2Fblog%2Fways-to-know-your-fish-are-happy%2Ffish-are-happy-and-healthy-1.png&imgrefurl=https%3A%2F%2Fwww.aqueon.com%2Farticles%2Fways-to-know-your-fish-are-happy&docid=aYbA3xYlpw0ZcM&tbnid=uVomlcyWEqpA8M&vet=12ahUKEwibjaX_oeOIAxU0BdsEHe31LPwQM3oECB8QAA..i&w=1000&h=650&hcb=2&ved=2ahUKEwibjaX_oeOIAxU0BdsEHe31LPwQM3oECB8QAA",
      "<string>"
    ],
    "tags": [
      {
        "id": 1777,
        "name": "Fish"
      },
      {
        "id": 1777,
        "name": "Fish"
      }
    ],
    "status": "sold"
  },
  {
    "id": 9223372036854775458,
    "category": {
      "id": -1545904,
      "name": "fishs"
    },
    "name": "nemo fish",
    "photoUrls": [
      "fugiat ex",
      "https://img.freepik.com/free-vector/one-goldfish-on-white-background_1308-73185.jpg"
    ],
    "tags": [
      {
        "id": 78174477,
        "name": "sint aliquip"
      },
      {
        "id": 34196593,
        "name": "tempor cillum incididunt exercitation veniam"
      }
    ],
    "status": "sold"
  },
  {
    "id": 24572652,
    "category": {
      "id": 70314021,
      "name": "adipisicing dolore"
    },
    "name": "doggie",
    "photoUrls": [
      "magna dolor Ut in",
      "in eiusm"
    ],
    "tags": [
      {
        "id": 85643839,
        "name": "aliquip sit dolor"
      },
      {
        "id": -89364963,
        "name": "elit id reprehenderit eiusmod exercitation"
      }
    ],
    "status": "sold"
  },
  {
    "id": 62751340,
    "category": {
      "id": -37441254,
      "name": "aute cillum voluptate veniam"
    },
    "name": "doggie",
    "photoUrls": [
      "mollit veniam",
      "dolor enim reprehenderit"
    ],
    "tags": [
      {
        "id": 91709679,
        "name": "anim adipisicing"
      },
      {
        "id": 919209,
        "name": "sint anim"
      }
    ],
    "status": "sold"
  },
  {
    "id": 23327731,
    "category": {
      "id": -92357313,
      "name": "reprehenderit ut nostrud ut"
    },
    "name": "doggie",
    "photoUrls": [
      "Lorem laboris",
      "laboris"
    ],
    "tags": [
      {
        "id": 89386643,
        "name": "elit esse cillum"
      },
      {
        "id": -23396785,
        "name": "minim consectetur"
      }
    ],
    "status": "sold"
  },
  {
    "id": 70119872000,
    "category": {
      "id": 93142102,
      "name": "???? ??????????? 2"
    },
    "name": "LAPIN LAPIN",
    "photoUrls": [
      "mollit",
      "https://irecommend.ru/sites/default/files/product-images/98227/3lJyZagay9aoxv06o6TJCQ.jpg"
    ],
    "tags": [
      {
        "id": -19037377,
        "name": "deserunt veniam nulla reprehenderit"
      },
      {
        "id": 51503358,
        "name": "ullamco aliqua Excepteur cillum"
      }
    ],
    "status": "sold"
  },
  {
    "id": 38541659,
    "category": {
      "id": -70999792,
      "name": "dolore aliqua irure"
    },
    "name": "doggie",
    "photoUrls": [
      "cupidatat quis",
      "ipsum deserunt"
    ],
    "tags": [
      {
        "id": 96985450,
        "name": "proident adipisicing officia"
      },
      {
        "id": -17203769,
        "name": "sunt reprehenderit"
      }
    ],
    "status": "sold"
  },
  {
    "id": 9223372036854773917,
    "category": {
      "id": 0,
      "name": "string"
    },
    "name": "boss2.0",
    "photoUrls": [
      "string"
    ],
    "tags": [
      {
        "id": 0,
        "name": "string"
      }
    ],
    "status": "sold"
  },
  {
    "id": 9223372036854775786,
    "category": {
      "id": -27322073,
      "name": "in nulla"
    },
    "name": "doggie",
    "photoUrls": [
      "laborum nostrud nisi",
      "velit"
    ],
    "tags": [
      {
        "id": 54262278,
        "name": "nostrud in elit do Excepteur"
      },
      {
        "id": 78506224,
        "name": "pariatur eu ex"
      }
    ],
    "status": "sold"
  },
  {
    "id": 1,
    "category": {
      "id": 1,
      "name": "cat"
    },
    "name": "dog",
    "photoUrls": [
    ],
    "tags": [
    ],
    "status": "sold"
  }
]
 
16:26:12.735 [main] DEBUG com.jayway.jsonpath.internal.path.CompiledPath -- Evaluating path: $[0]['id']
16:26:12.736 [main] DEBUG com.jayway.jsonpath.internal.path.CompiledPath -- Evaluating path: $[0]['name']
16:26:12.736 [main] DEBUG com.jayway.jsonpath.internal.path.CompiledPath -- Evaluating path: $[0]['status']
]]></system-out>
  </testcase>
  <testcase name="[1.2:88] Añadir una nueva mascota, consultar, actualizar y consultar por estado" classname="karate/petstore/pet" time="1.268">
    <system-out><![CDATA[16:26:12.745 [main] DEBUG com.jayway.jsonpath.internal.path.CompiledPath -- Evaluating path: $
16:26:12.745 [main] DEBUG com.jayway.jsonpath.internal.path.CompiledPath -- Evaluating path: $
16:26:12.745 [main] DEBUG org.apache.http.client.protocol.RequestAddCookies -- CookieSpec selected: karate
16:26:12.745 [main] DEBUG org.apache.http.client.protocol.RequestAuthCache -- Auth cache not set in the context
16:26:12.745 [main] DEBUG com.intuit.karate -- request:
1 > POST https://petstore.swagger.io/v2/pet
1 > Content-Type: application/json; charset=UTF-8
1 > Content-Length: 139
1 > Host: petstore.swagger.io
1 > Connection: Keep-Alive
1 > User-Agent: Apache-HttpClient/4.5.14 (Java/17.0.15)
1 > Accept-Encoding: gzip,deflate
{"id":10002,"category":{"id":2,"name":"Cats"},"name":"kitty","photoUrls":["string"],"tags":[{"id":0,"name":"string"}],"status":"available"}

16:26:12.745 [main] DEBUG org.apache.http.impl.conn.PoolingHttpClientConnectionManager -- Connection request: [route: {s}->https://petstore.swagger.io:443][total available: 0; route allocated: 0 of 5; total allocated: 0 of 10]
16:26:12.745 [main] DEBUG org.apache.http.impl.conn.PoolingHttpClientConnectionManager -- Connection leased: [id: 4][route: {s}->https://petstore.swagger.io:443][total available: 0; route allocated: 1 of 5; total allocated: 1 of 10]
16:26:12.745 [main] DEBUG org.apache.http.impl.execchain.MainClientExec -- Opening connection {s}->https://petstore.swagger.io:443
16:26:12.745 [main] DEBUG org.apache.http.impl.conn.DefaultHttpClientConnectionOperator -- Connecting to petstore.swagger.io/18.207.45.59:443
16:26:12.745 [main] DEBUG org.apache.http.conn.ssl.LenientSslConnectionSocketFactory -- Connecting socket to petstore.swagger.io/18.207.45.59:443 with timeout 5000
16:26:12.835 [main] DEBUG org.apache.http.conn.ssl.LenientSslConnectionSocketFactory -- Enabled protocols: [TLSv1.3, TLSv1.2]
16:26:12.835 [main] DEBUG org.apache.http.conn.ssl.LenientSslConnectionSocketFactory -- Enabled cipher suites:[TLS_AES_256_GCM_SHA384, TLS_AES_128_GCM_SHA256, TLS_CHACHA20_POLY1305_SHA256, TLS_ECDHE_ECDSA_WITH_AES_256_GCM_SHA384, TLS_ECDHE_ECDSA_WITH_AES_128_GCM_SHA256, TLS_ECDHE_ECDSA_WITH_CHACHA20_POLY1305_SHA256, TLS_ECDHE_RSA_WITH_AES_256_GCM_SHA384, TLS_ECDHE_RSA_WITH_CHACHA20_POLY1305_SHA256, TLS_ECDHE_RSA_WITH_AES_128_GCM_SHA256, TLS_DHE_RSA_WITH_AES_256_GCM_SHA384, TLS_DHE_RSA_WITH_CHACHA20_POLY1305_SHA256, TLS_DHE_DSS_WITH_AES_256_GCM_SHA384, TLS_DHE_RSA_WITH_AES_128_GCM_SHA256, TLS_DHE_DSS_WITH_AES_128_GCM_SHA256, TLS_ECDHE_ECDSA_WITH_AES_256_CBC_SHA384, TLS_ECDHE_RSA_WITH_AES_256_CBC_SHA384, TLS_ECDHE_ECDSA_WITH_AES_128_CBC_SHA256, TLS_ECDHE_RSA_WITH_AES_128_CBC_SHA256, TLS_DHE_RSA_WITH_AES_256_CBC_SHA256, TLS_DHE_DSS_WITH_AES_256_CBC_SHA256, TLS_DHE_RSA_WITH_AES_128_CBC_SHA256, TLS_DHE_DSS_WITH_AES_128_CBC_SHA256, TLS_ECDHE_ECDSA_WITH_AES_256_CBC_SHA, TLS_ECDHE_RSA_WITH_AES_256_CBC_SHA, TLS_ECDHE_ECDSA_WITH_AES_128_CBC_SHA, TLS_ECDHE_RSA_WITH_AES_128_CBC_SHA, TLS_DHE_RSA_WITH_AES_256_CBC_SHA, TLS_DHE_DSS_WITH_AES_256_CBC_SHA, TLS_DHE_RSA_WITH_AES_128_CBC_SHA, TLS_DHE_DSS_WITH_AES_128_CBC_SHA, TLS_RSA_WITH_AES_256_GCM_SHA384, TLS_RSA_WITH_AES_128_GCM_SHA256, TLS_RSA_WITH_AES_256_CBC_SHA256, TLS_RSA_WITH_AES_128_CBC_SHA256, TLS_RSA_WITH_AES_256_CBC_SHA, TLS_RSA_WITH_AES_128_CBC_SHA, TLS_EMPTY_RENEGOTIATION_INFO_SCSV]
16:26:12.835 [main] DEBUG org.apache.http.conn.ssl.LenientSslConnectionSocketFactory -- Starting handshake
16:26:13.025 [main] DEBUG org.apache.http.conn.ssl.LenientSslConnectionSocketFactory -- Secure session established
16:26:13.025 [main] DEBUG org.apache.http.conn.ssl.LenientSslConnectionSocketFactory --  negotiated protocol: TLSv1.2
16:26:13.025 [main] DEBUG org.apache.http.conn.ssl.LenientSslConnectionSocketFactory --  negotiated cipher suite: TLS_ECDHE_RSA_WITH_AES_128_GCM_SHA256
16:26:13.025 [main] DEBUG org.apache.http.conn.ssl.LenientSslConnectionSocketFactory --  peer principal: CN=*.swagger.io
16:26:13.025 [main] DEBUG org.apache.http.conn.ssl.LenientSslConnectionSocketFactory --  peer alternative names: [*.swagger.io]
16:26:13.025 [main] DEBUG org.apache.http.conn.ssl.LenientSslConnectionSocketFactory --  issuer principal: CN=Amazon RSA 2048 M02, O=Amazon, C=US
16:26:13.025 [main] DEBUG org.apache.http.impl.conn.DefaultHttpClientConnectionOperator -- Connection established 192.168.50.172:50132<->18.207.45.59:443
16:26:13.027 [main] DEBUG org.apache.http.impl.conn.DefaultManagedHttpClientConnection -- http-outgoing-4: set socket timeout to 5000
16:26:13.027 [main] DEBUG org.apache.http.impl.execchain.MainClientExec -- Executing request POST /v2/pet HTTP/1.1
16:26:13.027 [main] DEBUG org.apache.http.impl.execchain.MainClientExec -- Target auth state: UNCHALLENGED
16:26:13.027 [main] DEBUG org.apache.http.impl.execchain.MainClientExec -- Proxy auth state: UNCHALLENGED
16:26:13.027 [main] DEBUG org.apache.http.headers -- http-outgoing-4 >> POST /v2/pet HTTP/1.1
16:26:13.027 [main] DEBUG org.apache.http.headers -- http-outgoing-4 >> Content-Type: application/json; charset=UTF-8
16:26:13.027 [main] DEBUG org.apache.http.headers -- http-outgoing-4 >> Content-Length: 139
16:26:13.027 [main] DEBUG org.apache.http.headers -- http-outgoing-4 >> Host: petstore.swagger.io
16:26:13.027 [main] DEBUG org.apache.http.headers -- http-outgoing-4 >> Connection: Keep-Alive
16:26:13.027 [main] DEBUG org.apache.http.headers -- http-outgoing-4 >> User-Agent: Apache-HttpClient/4.5.14 (Java/17.0.15)
16:26:13.027 [main] DEBUG org.apache.http.headers -- http-outgoing-4 >> Accept-Encoding: gzip,deflate
16:26:13.027 [main] DEBUG org.apache.http.wire -- http-outgoing-4 >> "POST /v2/pet HTTP/1.1[\r][\n]"
16:26:13.029 [main] DEBUG org.apache.http.wire -- http-outgoing-4 >> "Content-Type: application/json; charset=UTF-8[\r][\n]"
16:26:13.029 [main] DEBUG org.apache.http.wire -- http-outgoing-4 >> "Content-Length: 139[\r][\n]"
16:26:13.029 [main] DEBUG org.apache.http.wire -- http-outgoing-4 >> "Host: petstore.swagger.io[\r][\n]"
16:26:13.029 [main] DEBUG org.apache.http.wire -- http-outgoing-4 >> "Connection: Keep-Alive[\r][\n]"
16:26:13.029 [main] DEBUG org.apache.http.wire -- http-outgoing-4 >> "User-Agent: Apache-HttpClient/4.5.14 (Java/17.0.15)[\r][\n]"
16:26:13.029 [main] DEBUG org.apache.http.wire -- http-outgoing-4 >> "Accept-Encoding: gzip,deflate[\r][\n]"
16:26:13.029 [main] DEBUG org.apache.http.wire -- http-outgoing-4 >> "[\r][\n]"
16:26:13.029 [main] DEBUG org.apache.http.wire -- http-outgoing-4 >> "{"id":10002,"category":{"id":2,"name":"Cats"},"name":"kitty","photoUrls":["string"],"tags":[{"id":0,"name":"string"}],"status":"available"}"
16:26:13.109 [main] DEBUG org.apache.http.wire -- http-outgoing-4 << "HTTP/1.1 200 OK[\r][\n]"
16:26:13.109 [main] DEBUG org.apache.http.wire -- http-outgoing-4 << "Date: Tue, 05 Aug 2025 21:26:13 GMT[\r][\n]"
16:26:13.109 [main] DEBUG org.apache.http.wire -- http-outgoing-4 << "Content-Type: application/json[\r][\n]"
16:26:13.109 [main] DEBUG org.apache.http.wire -- http-outgoing-4 << "Transfer-Encoding: chunked[\r][\n]"
16:26:13.109 [main] DEBUG org.apache.http.wire -- http-outgoing-4 << "Connection: keep-alive[\r][\n]"
16:26:13.109 [main] DEBUG org.apache.http.wire -- http-outgoing-4 << "Access-Control-Allow-Origin: *[\r][\n]"
16:26:13.109 [main] DEBUG org.apache.http.wire -- http-outgoing-4 << "Access-Control-Allow-Methods: GET, POST, DELETE, PUT[\r][\n]"
16:26:13.109 [main] DEBUG org.apache.http.wire -- http-outgoing-4 << "Access-Control-Allow-Headers: Content-Type, api_key, Authorization[\r][\n]"
16:26:13.109 [main] DEBUG org.apache.http.wire -- http-outgoing-4 << "Server: Jetty(9.2.9.v20150224)[\r][\n]"
16:26:13.109 [main] DEBUG org.apache.http.wire -- http-outgoing-4 << "[\r][\n]"
16:26:13.109 [main] DEBUG org.apache.http.wire -- http-outgoing-4 << "8b[\r][\n]"
16:26:13.109 [main] DEBUG org.apache.http.wire -- http-outgoing-4 << "{"id":10002,"category":{"id":2,"name":"Cats"},"name":"kitty","photoUrls":["string"],"tags":[{"id":0,"name":"string"}],"status":"available"}[\r][\n]"
16:26:13.109 [main] DEBUG org.apache.http.headers -- http-outgoing-4 << HTTP/1.1 200 OK
16:26:13.109 [main] DEBUG org.apache.http.headers -- http-outgoing-4 << Date: Tue, 05 Aug 2025 21:26:13 GMT
16:26:13.109 [main] DEBUG org.apache.http.headers -- http-outgoing-4 << Content-Type: application/json
16:26:13.109 [main] DEBUG org.apache.http.headers -- http-outgoing-4 << Transfer-Encoding: chunked
16:26:13.109 [main] DEBUG org.apache.http.headers -- http-outgoing-4 << Connection: keep-alive
16:26:13.109 [main] DEBUG org.apache.http.headers -- http-outgoing-4 << Access-Control-Allow-Origin: *
16:26:13.109 [main] DEBUG org.apache.http.headers -- http-outgoing-4 << Access-Control-Allow-Methods: GET, POST, DELETE, PUT
16:26:13.109 [main] DEBUG org.apache.http.headers -- http-outgoing-4 << Access-Control-Allow-Headers: Content-Type, api_key, Authorization
16:26:13.109 [main] DEBUG org.apache.http.headers -- http-outgoing-4 << Server: Jetty(9.2.9.v20150224)
16:26:13.109 [main] DEBUG org.apache.http.impl.execchain.MainClientExec -- Connection can be kept alive indefinitely
16:26:13.109 [main] DEBUG org.apache.http.wire -- http-outgoing-4 << "0[\r][\n]"
16:26:13.109 [main] DEBUG org.apache.http.wire -- http-outgoing-4 << "[\r][\n]"
16:26:13.109 [main] DEBUG org.apache.http.impl.conn.PoolingHttpClientConnectionManager -- Connection [id: 4][route: {s}->https://petstore.swagger.io:443] can be kept alive indefinitely
16:26:13.109 [main] DEBUG org.apache.http.impl.conn.DefaultManagedHttpClientConnection -- http-outgoing-4: set socket timeout to 0
16:26:13.109 [main] DEBUG org.apache.http.impl.conn.PoolingHttpClientConnectionManager -- Connection released: [id: 4][route: {s}->https://petstore.swagger.io:443][total available: 1; route allocated: 1 of 5; total allocated: 1 of 10]
16:26:13.109 [main] DEBUG org.apache.http.impl.conn.PoolingHttpClientConnectionManager -- Connection manager is shutting down
16:26:13.109 [main] DEBUG org.apache.http.impl.conn.DefaultManagedHttpClientConnection -- http-outgoing-4: Close connection
16:26:13.109 [main] DEBUG org.apache.http.impl.conn.PoolingHttpClientConnectionManager -- Connection manager shut down
16:26:13.109 [main] DEBUG com.intuit.karate -- response time in milliseconds: 364
1 < 200
1 < Date: Tue, 05 Aug 2025 21:26:13 GMT
1 < Content-Type: application/json
1 < Transfer-Encoding: chunked
1 < Connection: keep-alive
1 < Access-Control-Allow-Origin: *
1 < Access-Control-Allow-Methods: GET, POST, DELETE, PUT
1 < Access-Control-Allow-Headers: Content-Type, api_key, Authorization
1 < Server: Jetty(9.2.9.v20150224)
{"id":10002,"category":{"id":2,"name":"Cats"},"name":"kitty","photoUrls":["string"],"tags":[{"id":0,"name":"string"}],"status":"available"}

16:26:13.109 [main] INFO com.intuit.karate -- [print] {
  "id": 10002,
  "category": {
    "id": 2,
    "name": "Cats"
  },
  "name": "kitty",
  "photoUrls": [
    "string"
  ],
  "tags": [
    {
      "id": 0,
      "name": "string"
    }
  ],
  "status": "available"
}
 
16:26:13.109 [main] DEBUG com.jayway.jsonpath.internal.path.CompiledPath -- Evaluating path: $['id']
16:26:13.118 [main] DEBUG com.jayway.jsonpath.internal.path.CompiledPath -- Evaluating path: $['name']
16:26:13.118 [main] DEBUG com.jayway.jsonpath.internal.path.CompiledPath -- Evaluating path: $['status']
16:26:13.118 [main] DEBUG org.apache.http.client.protocol.RequestAddCookies -- CookieSpec selected: karate
16:26:13.118 [main] DEBUG org.apache.http.client.protocol.RequestAuthCache -- Auth cache not set in the context
16:26:13.118 [main] DEBUG com.intuit.karate -- request:
2 > GET https://petstore.swagger.io/v2/pet/10002
2 > Content-Type: application/json
2 > Host: petstore.swagger.io
2 > Connection: Keep-Alive
2 > User-Agent: Apache-HttpClient/4.5.14 (Java/17.0.15)
2 > Accept-Encoding: gzip,deflate


16:26:13.118 [main] DEBUG org.apache.http.impl.conn.PoolingHttpClientConnectionManager -- Connection request: [route: {s}->https://petstore.swagger.io:443][total available: 0; route allocated: 0 of 5; total allocated: 0 of 10]
16:26:13.118 [main] DEBUG org.apache.http.impl.conn.PoolingHttpClientConnectionManager -- Connection leased: [id: 5][route: {s}->https://petstore.swagger.io:443][total available: 0; route allocated: 1 of 5; total allocated: 1 of 10]
16:26:13.118 [main] DEBUG org.apache.http.impl.execchain.MainClientExec -- Opening connection {s}->https://petstore.swagger.io:443
16:26:13.118 [main] DEBUG org.apache.http.impl.conn.DefaultHttpClientConnectionOperator -- Connecting to petstore.swagger.io/18.207.45.59:443
16:26:13.118 [main] DEBUG org.apache.http.conn.ssl.LenientSslConnectionSocketFactory -- Connecting socket to petstore.swagger.io/18.207.45.59:443 with timeout 5000
16:26:13.197 [main] DEBUG org.apache.http.conn.ssl.LenientSslConnectionSocketFactory -- Enabled protocols: [TLSv1.3, TLSv1.2]
16:26:13.197 [main] DEBUG org.apache.http.conn.ssl.LenientSslConnectionSocketFactory -- Enabled cipher suites:[TLS_AES_256_GCM_SHA384, TLS_AES_128_GCM_SHA256, TLS_CHACHA20_POLY1305_SHA256, TLS_ECDHE_ECDSA_WITH_AES_256_GCM_SHA384, TLS_ECDHE_ECDSA_WITH_AES_128_GCM_SHA256, TLS_ECDHE_ECDSA_WITH_CHACHA20_POLY1305_SHA256, TLS_ECDHE_RSA_WITH_AES_256_GCM_SHA384, TLS_ECDHE_RSA_WITH_CHACHA20_POLY1305_SHA256, TLS_ECDHE_RSA_WITH_AES_128_GCM_SHA256, TLS_DHE_RSA_WITH_AES_256_GCM_SHA384, TLS_DHE_RSA_WITH_CHACHA20_POLY1305_SHA256, TLS_DHE_DSS_WITH_AES_256_GCM_SHA384, TLS_DHE_RSA_WITH_AES_128_GCM_SHA256, TLS_DHE_DSS_WITH_AES_128_GCM_SHA256, TLS_ECDHE_ECDSA_WITH_AES_256_CBC_SHA384, TLS_ECDHE_RSA_WITH_AES_256_CBC_SHA384, TLS_ECDHE_ECDSA_WITH_AES_128_CBC_SHA256, TLS_ECDHE_RSA_WITH_AES_128_CBC_SHA256, TLS_DHE_RSA_WITH_AES_256_CBC_SHA256, TLS_DHE_DSS_WITH_AES_256_CBC_SHA256, TLS_DHE_RSA_WITH_AES_128_CBC_SHA256, TLS_DHE_DSS_WITH_AES_128_CBC_SHA256, TLS_ECDHE_ECDSA_WITH_AES_256_CBC_SHA, TLS_ECDHE_RSA_WITH_AES_256_CBC_SHA, TLS_ECDHE_ECDSA_WITH_AES_128_CBC_SHA, TLS_ECDHE_RSA_WITH_AES_128_CBC_SHA, TLS_DHE_RSA_WITH_AES_256_CBC_SHA, TLS_DHE_DSS_WITH_AES_256_CBC_SHA, TLS_DHE_RSA_WITH_AES_128_CBC_SHA, TLS_DHE_DSS_WITH_AES_128_CBC_SHA, TLS_RSA_WITH_AES_256_GCM_SHA384, TLS_RSA_WITH_AES_128_GCM_SHA256, TLS_RSA_WITH_AES_256_CBC_SHA256, TLS_RSA_WITH_AES_128_CBC_SHA256, TLS_RSA_WITH_AES_256_CBC_SHA, TLS_RSA_WITH_AES_128_CBC_SHA, TLS_EMPTY_RENEGOTIATION_INFO_SCSV]
16:26:13.197 [main] DEBUG org.apache.http.conn.ssl.LenientSslConnectionSocketFactory -- Starting handshake
16:26:13.293 [main] DEBUG org.apache.http.conn.ssl.LenientSslConnectionSocketFactory -- Secure session established
16:26:13.293 [main] DEBUG org.apache.http.conn.ssl.LenientSslConnectionSocketFactory --  negotiated protocol: TLSv1.2
16:26:13.293 [main] DEBUG org.apache.http.conn.ssl.LenientSslConnectionSocketFactory --  negotiated cipher suite: TLS_ECDHE_RSA_WITH_AES_128_GCM_SHA256
16:26:13.293 [main] DEBUG org.apache.http.conn.ssl.LenientSslConnectionSocketFactory --  peer principal: CN=*.swagger.io
16:26:13.293 [main] DEBUG org.apache.http.conn.ssl.LenientSslConnectionSocketFactory --  peer alternative names: [*.swagger.io]
16:26:13.293 [main] DEBUG org.apache.http.conn.ssl.LenientSslConnectionSocketFactory --  issuer principal: CN=Amazon RSA 2048 M02, O=Amazon, C=US
16:26:13.293 [main] DEBUG org.apache.http.impl.conn.DefaultHttpClientConnectionOperator -- Connection established 192.168.50.172:50133<->18.207.45.59:443
16:26:13.293 [main] DEBUG org.apache.http.impl.conn.DefaultManagedHttpClientConnection -- http-outgoing-5: set socket timeout to 5000
16:26:13.293 [main] DEBUG org.apache.http.impl.execchain.MainClientExec -- Executing request GET /v2/pet/10002 HTTP/1.1
16:26:13.293 [main] DEBUG org.apache.http.impl.execchain.MainClientExec -- Target auth state: UNCHALLENGED
16:26:13.293 [main] DEBUG org.apache.http.impl.execchain.MainClientExec -- Proxy auth state: UNCHALLENGED
16:26:13.293 [main] DEBUG org.apache.http.headers -- http-outgoing-5 >> GET /v2/pet/10002 HTTP/1.1
16:26:13.293 [main] DEBUG org.apache.http.headers -- http-outgoing-5 >> Content-Type: application/json
16:26:13.293 [main] DEBUG org.apache.http.headers -- http-outgoing-5 >> Host: petstore.swagger.io
16:26:13.293 [main] DEBUG org.apache.http.headers -- http-outgoing-5 >> Connection: Keep-Alive
16:26:13.293 [main] DEBUG org.apache.http.headers -- http-outgoing-5 >> User-Agent: Apache-HttpClient/4.5.14 (Java/17.0.15)
16:26:13.293 [main] DEBUG org.apache.http.headers -- http-outgoing-5 >> Accept-Encoding: gzip,deflate
16:26:13.293 [main] DEBUG org.apache.http.wire -- http-outgoing-5 >> "GET /v2/pet/10002 HTTP/1.1[\r][\n]"
16:26:13.293 [main] DEBUG org.apache.http.wire -- http-outgoing-5 >> "Content-Type: application/json[\r][\n]"
16:26:13.293 [main] DEBUG org.apache.http.wire -- http-outgoing-5 >> "Host: petstore.swagger.io[\r][\n]"
16:26:13.293 [main] DEBUG org.apache.http.wire -- http-outgoing-5 >> "Connection: Keep-Alive[\r][\n]"
16:26:13.293 [main] DEBUG org.apache.http.wire -- http-outgoing-5 >> "User-Agent: Apache-HttpClient/4.5.14 (Java/17.0.15)[\r][\n]"
16:26:13.293 [main] DEBUG org.apache.http.wire -- http-outgoing-5 >> "Accept-Encoding: gzip,deflate[\r][\n]"
16:26:13.293 [main] DEBUG org.apache.http.wire -- http-outgoing-5 >> "[\r][\n]"
16:26:13.374 [main] DEBUG org.apache.http.wire -- http-outgoing-5 << "HTTP/1.1 200 OK[\r][\n]"
16:26:13.374 [main] DEBUG org.apache.http.wire -- http-outgoing-5 << "Date: Tue, 05 Aug 2025 21:26:13 GMT[\r][\n]"
16:26:13.374 [main] DEBUG org.apache.http.wire -- http-outgoing-5 << "Content-Type: application/json[\r][\n]"
16:26:13.374 [main] DEBUG org.apache.http.wire -- http-outgoing-5 << "Transfer-Encoding: chunked[\r][\n]"
16:26:13.374 [main] DEBUG org.apache.http.wire -- http-outgoing-5 << "Connection: keep-alive[\r][\n]"
16:26:13.374 [main] DEBUG org.apache.http.wire -- http-outgoing-5 << "Access-Control-Allow-Origin: *[\r][\n]"
16:26:13.374 [main] DEBUG org.apache.http.wire -- http-outgoing-5 << "Access-Control-Allow-Methods: GET, POST, DELETE, PUT[\r][\n]"
16:26:13.374 [main] DEBUG org.apache.http.wire -- http-outgoing-5 << "Access-Control-Allow-Headers: Content-Type, api_key, Authorization[\r][\n]"
16:26:13.374 [main] DEBUG org.apache.http.wire -- http-outgoing-5 << "Server: Jetty(9.2.9.v20150224)[\r][\n]"
16:26:13.374 [main] DEBUG org.apache.http.wire -- http-outgoing-5 << "[\r][\n]"
16:26:13.374 [main] DEBUG org.apache.http.wire -- http-outgoing-5 << "8b[\r][\n]"
16:26:13.374 [main] DEBUG org.apache.http.wire -- http-outgoing-5 << "{"id":10002,"category":{"id":2,"name":"Cats"},"name":"kitty","photoUrls":["string"],"tags":[{"id":0,"name":"string"}],"status":"available"}[\r][\n]"
16:26:13.374 [main] DEBUG org.apache.http.headers -- http-outgoing-5 << HTTP/1.1 200 OK
16:26:13.374 [main] DEBUG org.apache.http.headers -- http-outgoing-5 << Date: Tue, 05 Aug 2025 21:26:13 GMT
16:26:13.374 [main] DEBUG org.apache.http.headers -- http-outgoing-5 << Content-Type: application/json
16:26:13.374 [main] DEBUG org.apache.http.headers -- http-outgoing-5 << Transfer-Encoding: chunked
16:26:13.374 [main] DEBUG org.apache.http.headers -- http-outgoing-5 << Connection: keep-alive
16:26:13.374 [main] DEBUG org.apache.http.headers -- http-outgoing-5 << Access-Control-Allow-Origin: *
16:26:13.374 [main] DEBUG org.apache.http.headers -- http-outgoing-5 << Access-Control-Allow-Methods: GET, POST, DELETE, PUT
16:26:13.374 [main] DEBUG org.apache.http.headers -- http-outgoing-5 << Access-Control-Allow-Headers: Content-Type, api_key, Authorization
16:26:13.374 [main] DEBUG org.apache.http.headers -- http-outgoing-5 << Server: Jetty(9.2.9.v20150224)
16:26:13.374 [main] DEBUG org.apache.http.impl.execchain.MainClientExec -- Connection can be kept alive indefinitely
16:26:13.374 [main] DEBUG org.apache.http.wire -- http-outgoing-5 << "0[\r][\n]"
16:26:13.374 [main] DEBUG org.apache.http.wire -- http-outgoing-5 << "[\r][\n]"
16:26:13.374 [main] DEBUG org.apache.http.impl.conn.PoolingHttpClientConnectionManager -- Connection [id: 5][route: {s}->https://petstore.swagger.io:443] can be kept alive indefinitely
16:26:13.374 [main] DEBUG org.apache.http.impl.conn.DefaultManagedHttpClientConnection -- http-outgoing-5: set socket timeout to 0
16:26:13.374 [main] DEBUG org.apache.http.impl.conn.PoolingHttpClientConnectionManager -- Connection released: [id: 5][route: {s}->https://petstore.swagger.io:443][total available: 1; route allocated: 1 of 5; total allocated: 1 of 10]
16:26:13.374 [main] DEBUG org.apache.http.impl.conn.PoolingHttpClientConnectionManager -- Connection manager is shutting down
16:26:13.374 [main] DEBUG org.apache.http.impl.conn.DefaultManagedHttpClientConnection -- http-outgoing-5: Close connection
16:26:13.374 [main] DEBUG org.apache.http.impl.conn.PoolingHttpClientConnectionManager -- Connection manager shut down
16:26:13.374 [main] DEBUG com.intuit.karate -- response time in milliseconds: 256
2 < 200
2 < Date: Tue, 05 Aug 2025 21:26:13 GMT
2 < Content-Type: application/json
2 < Transfer-Encoding: chunked
2 < Connection: keep-alive
2 < Access-Control-Allow-Origin: *
2 < Access-Control-Allow-Methods: GET, POST, DELETE, PUT
2 < Access-Control-Allow-Headers: Content-Type, api_key, Authorization
2 < Server: Jetty(9.2.9.v20150224)
{"id":10002,"category":{"id":2,"name":"Cats"},"name":"kitty","photoUrls":["string"],"tags":[{"id":0,"name":"string"}],"status":"available"}

16:26:13.374 [main] INFO com.intuit.karate -- [print] {
  "id": 10002,
  "category": {
    "id": 2,
    "name": "Cats"
  },
  "name": "kitty",
  "photoUrls": [
    "string"
  ],
  "tags": [
    {
      "id": 0,
      "name": "string"
    }
  ],
  "status": "available"
}
 
16:26:13.374 [main] DEBUG com.jayway.jsonpath.internal.path.CompiledPath -- Evaluating path: $['id']
16:26:13.389 [main] DEBUG com.jayway.jsonpath.internal.path.CompiledPath -- Evaluating path: $['name']
16:26:13.389 [main] DEBUG com.jayway.jsonpath.internal.path.CompiledPath -- Evaluating path: $['status']
16:26:13.389 [main] DEBUG com.jayway.jsonpath.internal.path.CompiledPath -- Evaluating path: $
16:26:13.389 [main] DEBUG org.apache.http.client.protocol.RequestAddCookies -- CookieSpec selected: karate
16:26:13.389 [main] DEBUG org.apache.http.client.protocol.RequestAuthCache -- Auth cache not set in the context
16:26:13.392 [main] DEBUG com.intuit.karate -- request:
3 > PUT https://petstore.swagger.io/v2/pet
3 > Content-Type: application/json; charset=UTF-8
3 > Content-Length: 146
3 > Host: petstore.swagger.io
3 > Connection: Keep-Alive
3 > User-Agent: Apache-HttpClient/4.5.14 (Java/17.0.15)
3 > Accept-Encoding: gzip,deflate
{"id":10002,"category":{"id":2,"name":"Cats"},"name":"new_kitty_name","photoUrls":["string"],"tags":[{"id":0,"name":"string"}],"status":"pending"}

16:26:13.392 [main] DEBUG org.apache.http.impl.conn.PoolingHttpClientConnectionManager -- Connection request: [route: {s}->https://petstore.swagger.io:443][total available: 0; route allocated: 0 of 5; total allocated: 0 of 10]
16:26:13.392 [main] DEBUG org.apache.http.impl.conn.PoolingHttpClientConnectionManager -- Connection leased: [id: 6][route: {s}->https://petstore.swagger.io:443][total available: 0; route allocated: 1 of 5; total allocated: 1 of 10]
16:26:13.392 [main] DEBUG org.apache.http.impl.execchain.MainClientExec -- Opening connection {s}->https://petstore.swagger.io:443
16:26:13.392 [main] DEBUG org.apache.http.impl.conn.DefaultHttpClientConnectionOperator -- Connecting to petstore.swagger.io/18.207.45.59:443
16:26:13.392 [main] DEBUG org.apache.http.conn.ssl.LenientSslConnectionSocketFactory -- Connecting socket to petstore.swagger.io/18.207.45.59:443 with timeout 5000
16:26:13.462 [main] DEBUG org.apache.http.conn.ssl.LenientSslConnectionSocketFactory -- Enabled protocols: [TLSv1.3, TLSv1.2]
16:26:13.462 [main] DEBUG org.apache.http.conn.ssl.LenientSslConnectionSocketFactory -- Enabled cipher suites:[TLS_AES_256_GCM_SHA384, TLS_AES_128_GCM_SHA256, TLS_CHACHA20_POLY1305_SHA256, TLS_ECDHE_ECDSA_WITH_AES_256_GCM_SHA384, TLS_ECDHE_ECDSA_WITH_AES_128_GCM_SHA256, TLS_ECDHE_ECDSA_WITH_CHACHA20_POLY1305_SHA256, TLS_ECDHE_RSA_WITH_AES_256_GCM_SHA384, TLS_ECDHE_RSA_WITH_CHACHA20_POLY1305_SHA256, TLS_ECDHE_RSA_WITH_AES_128_GCM_SHA256, TLS_DHE_RSA_WITH_AES_256_GCM_SHA384, TLS_DHE_RSA_WITH_CHACHA20_POLY1305_SHA256, TLS_DHE_DSS_WITH_AES_256_GCM_SHA384, TLS_DHE_RSA_WITH_AES_128_GCM_SHA256, TLS_DHE_DSS_WITH_AES_128_GCM_SHA256, TLS_ECDHE_ECDSA_WITH_AES_256_CBC_SHA384, TLS_ECDHE_RSA_WITH_AES_256_CBC_SHA384, TLS_ECDHE_ECDSA_WITH_AES_128_CBC_SHA256, TLS_ECDHE_RSA_WITH_AES_128_CBC_SHA256, TLS_DHE_RSA_WITH_AES_256_CBC_SHA256, TLS_DHE_DSS_WITH_AES_256_CBC_SHA256, TLS_DHE_RSA_WITH_AES_128_CBC_SHA256, TLS_DHE_DSS_WITH_AES_128_CBC_SHA256, TLS_ECDHE_ECDSA_WITH_AES_256_CBC_SHA, TLS_ECDHE_RSA_WITH_AES_256_CBC_SHA, TLS_ECDHE_ECDSA_WITH_AES_128_CBC_SHA, TLS_ECDHE_RSA_WITH_AES_128_CBC_SHA, TLS_DHE_RSA_WITH_AES_256_CBC_SHA, TLS_DHE_DSS_WITH_AES_256_CBC_SHA, TLS_DHE_RSA_WITH_AES_128_CBC_SHA, TLS_DHE_DSS_WITH_AES_128_CBC_SHA, TLS_RSA_WITH_AES_256_GCM_SHA384, TLS_RSA_WITH_AES_128_GCM_SHA256, TLS_RSA_WITH_AES_256_CBC_SHA256, TLS_RSA_WITH_AES_128_CBC_SHA256, TLS_RSA_WITH_AES_256_CBC_SHA, TLS_RSA_WITH_AES_128_CBC_SHA, TLS_EMPTY_RENEGOTIATION_INFO_SCSV]
16:26:13.462 [main] DEBUG org.apache.http.conn.ssl.LenientSslConnectionSocketFactory -- Starting handshake
16:26:13.558 [main] DEBUG org.apache.http.conn.ssl.LenientSslConnectionSocketFactory -- Secure session established
16:26:13.558 [main] DEBUG org.apache.http.conn.ssl.LenientSslConnectionSocketFactory --  negotiated protocol: TLSv1.2
16:26:13.558 [main] DEBUG org.apache.http.conn.ssl.LenientSslConnectionSocketFactory --  negotiated cipher suite: TLS_ECDHE_RSA_WITH_AES_128_GCM_SHA256
16:26:13.558 [main] DEBUG org.apache.http.conn.ssl.LenientSslConnectionSocketFactory --  peer principal: CN=*.swagger.io
16:26:13.558 [main] DEBUG org.apache.http.conn.ssl.LenientSslConnectionSocketFactory --  peer alternative names: [*.swagger.io]
16:26:13.558 [main] DEBUG org.apache.http.conn.ssl.LenientSslConnectionSocketFactory --  issuer principal: CN=Amazon RSA 2048 M02, O=Amazon, C=US
16:26:13.558 [main] DEBUG org.apache.http.impl.conn.DefaultHttpClientConnectionOperator -- Connection established 192.168.50.172:50134<->18.207.45.59:443
16:26:13.558 [main] DEBUG org.apache.http.impl.conn.DefaultManagedHttpClientConnection -- http-outgoing-6: set socket timeout to 5000
16:26:13.558 [main] DEBUG org.apache.http.impl.execchain.MainClientExec -- Executing request PUT /v2/pet HTTP/1.1
16:26:13.558 [main] DEBUG org.apache.http.impl.execchain.MainClientExec -- Target auth state: UNCHALLENGED
16:26:13.558 [main] DEBUG org.apache.http.impl.execchain.MainClientExec -- Proxy auth state: UNCHALLENGED
16:26:13.558 [main] DEBUG org.apache.http.headers -- http-outgoing-6 >> PUT /v2/pet HTTP/1.1
16:26:13.558 [main] DEBUG org.apache.http.headers -- http-outgoing-6 >> Content-Type: application/json; charset=UTF-8
16:26:13.558 [main] DEBUG org.apache.http.headers -- http-outgoing-6 >> Content-Length: 146
16:26:13.558 [main] DEBUG org.apache.http.headers -- http-outgoing-6 >> Host: petstore.swagger.io
16:26:13.558 [main] DEBUG org.apache.http.headers -- http-outgoing-6 >> Connection: Keep-Alive
16:26:13.558 [main] DEBUG org.apache.http.headers -- http-outgoing-6 >> User-Agent: Apache-HttpClient/4.5.14 (Java/17.0.15)
16:26:13.558 [main] DEBUG org.apache.http.headers -- http-outgoing-6 >> Accept-Encoding: gzip,deflate
16:26:13.558 [main] DEBUG org.apache.http.wire -- http-outgoing-6 >> "PUT /v2/pet HTTP/1.1[\r][\n]"
16:26:13.558 [main] DEBUG org.apache.http.wire -- http-outgoing-6 >> "Content-Type: application/json; charset=UTF-8[\r][\n]"
16:26:13.558 [main] DEBUG org.apache.http.wire -- http-outgoing-6 >> "Content-Length: 146[\r][\n]"
16:26:13.558 [main] DEBUG org.apache.http.wire -- http-outgoing-6 >> "Host: petstore.swagger.io[\r][\n]"
16:26:13.558 [main] DEBUG org.apache.http.wire -- http-outgoing-6 >> "Connection: Keep-Alive[\r][\n]"
16:26:13.558 [main] DEBUG org.apache.http.wire -- http-outgoing-6 >> "User-Agent: Apache-HttpClient/4.5.14 (Java/17.0.15)[\r][\n]"
16:26:13.558 [main] DEBUG org.apache.http.wire -- http-outgoing-6 >> "Accept-Encoding: gzip,deflate[\r][\n]"
16:26:13.558 [main] DEBUG org.apache.http.wire -- http-outgoing-6 >> "[\r][\n]"
16:26:13.558 [main] DEBUG org.apache.http.wire -- http-outgoing-6 >> "{"id":10002,"category":{"id":2,"name":"Cats"},"name":"new_kitty_name","photoUrls":["string"],"tags":[{"id":0,"name":"string"}],"status":"pending"}"
16:26:13.643 [main] DEBUG org.apache.http.wire -- http-outgoing-6 << "HTTP/1.1 200 OK[\r][\n]"
16:26:13.643 [main] DEBUG org.apache.http.wire -- http-outgoing-6 << "Date: Tue, 05 Aug 2025 21:26:13 GMT[\r][\n]"
16:26:13.643 [main] DEBUG org.apache.http.wire -- http-outgoing-6 << "Content-Type: application/json[\r][\n]"
16:26:13.643 [main] DEBUG org.apache.http.wire -- http-outgoing-6 << "Transfer-Encoding: chunked[\r][\n]"
16:26:13.643 [main] DEBUG org.apache.http.wire -- http-outgoing-6 << "Connection: keep-alive[\r][\n]"
16:26:13.643 [main] DEBUG org.apache.http.wire -- http-outgoing-6 << "Access-Control-Allow-Origin: *[\r][\n]"
16:26:13.643 [main] DEBUG org.apache.http.wire -- http-outgoing-6 << "Access-Control-Allow-Methods: GET, POST, DELETE, PUT[\r][\n]"
16:26:13.643 [main] DEBUG org.apache.http.wire -- http-outgoing-6 << "Access-Control-Allow-Headers: Content-Type, api_key, Authorization[\r][\n]"
16:26:13.643 [main] DEBUG org.apache.http.wire -- http-outgoing-6 << "Server: Jetty(9.2.9.v20150224)[\r][\n]"
16:26:13.643 [main] DEBUG org.apache.http.wire -- http-outgoing-6 << "[\r][\n]"
16:26:13.643 [main] DEBUG org.apache.http.wire -- http-outgoing-6 << "92[\r][\n]"
16:26:13.643 [main] DEBUG org.apache.http.wire -- http-outgoing-6 << "{"id":10002,"category":{"id":2,"name":"Cats"},"name":"new_kitty_name","photoUrls":["string"],"tags":[{"id":0,"name":"string"}],"status":"pending"}[\r][\n]"
16:26:13.643 [main] DEBUG org.apache.http.headers -- http-outgoing-6 << HTTP/1.1 200 OK
16:26:13.643 [main] DEBUG org.apache.http.headers -- http-outgoing-6 << Date: Tue, 05 Aug 2025 21:26:13 GMT
16:26:13.643 [main] DEBUG org.apache.http.headers -- http-outgoing-6 << Content-Type: application/json
16:26:13.643 [main] DEBUG org.apache.http.headers -- http-outgoing-6 << Transfer-Encoding: chunked
16:26:13.643 [main] DEBUG org.apache.http.headers -- http-outgoing-6 << Connection: keep-alive
16:26:13.643 [main] DEBUG org.apache.http.headers -- http-outgoing-6 << Access-Control-Allow-Origin: *
16:26:13.643 [main] DEBUG org.apache.http.headers -- http-outgoing-6 << Access-Control-Allow-Methods: GET, POST, DELETE, PUT
16:26:13.643 [main] DEBUG org.apache.http.headers -- http-outgoing-6 << Access-Control-Allow-Headers: Content-Type, api_key, Authorization
16:26:13.643 [main] DEBUG org.apache.http.headers -- http-outgoing-6 << Server: Jetty(9.2.9.v20150224)
16:26:13.643 [main] DEBUG org.apache.http.impl.execchain.MainClientExec -- Connection can be kept alive indefinitely
16:26:13.643 [main] DEBUG org.apache.http.wire -- http-outgoing-6 << "0[\r][\n]"
16:26:13.643 [main] DEBUG org.apache.http.wire -- http-outgoing-6 << "[\r][\n]"
16:26:13.643 [main] DEBUG org.apache.http.impl.conn.PoolingHttpClientConnectionManager -- Connection [id: 6][route: {s}->https://petstore.swagger.io:443] can be kept alive indefinitely
16:26:13.643 [main] DEBUG org.apache.http.impl.conn.DefaultManagedHttpClientConnection -- http-outgoing-6: set socket timeout to 0
16:26:13.643 [main] DEBUG org.apache.http.impl.conn.PoolingHttpClientConnectionManager -- Connection released: [id: 6][route: {s}->https://petstore.swagger.io:443][total available: 1; route allocated: 1 of 5; total allocated: 1 of 10]
16:26:13.643 [main] DEBUG org.apache.http.impl.conn.PoolingHttpClientConnectionManager -- Connection manager is shutting down
16:26:13.643 [main] DEBUG org.apache.http.impl.conn.DefaultManagedHttpClientConnection -- http-outgoing-6: Close connection
16:26:13.643 [main] DEBUG org.apache.http.impl.conn.PoolingHttpClientConnectionManager -- Connection manager shut down
16:26:13.643 [main] DEBUG com.intuit.karate -- response time in milliseconds: 251
3 < 200
3 < Date: Tue, 05 Aug 2025 21:26:13 GMT
3 < Content-Type: application/json
3 < Transfer-Encoding: chunked
3 < Connection: keep-alive
3 < Access-Control-Allow-Origin: *
3 < Access-Control-Allow-Methods: GET, POST, DELETE, PUT
3 < Access-Control-Allow-Headers: Content-Type, api_key, Authorization
3 < Server: Jetty(9.2.9.v20150224)
{"id":10002,"category":{"id":2,"name":"Cats"},"name":"new_kitty_name","photoUrls":["string"],"tags":[{"id":0,"name":"string"}],"status":"pending"}

16:26:13.643 [main] INFO com.intuit.karate -- [print] {
  "id": 10002,
  "category": {
    "id": 2,
    "name": "Cats"
  },
  "name": "new_kitty_name",
  "photoUrls": [
    "string"
  ],
  "tags": [
    {
      "id": 0,
      "name": "string"
    }
  ],
  "status": "pending"
}
 
16:26:13.643 [main] DEBUG com.jayway.jsonpath.internal.path.CompiledPath -- Evaluating path: $['id']
16:26:13.643 [main] DEBUG com.jayway.jsonpath.internal.path.CompiledPath -- Evaluating path: $['name']
16:26:13.643 [main] DEBUG com.jayway.jsonpath.internal.path.CompiledPath -- Evaluating path: $['status']
16:26:13.643 [main] DEBUG org.apache.http.client.protocol.RequestAddCookies -- CookieSpec selected: karate
16:26:13.643 [main] DEBUG org.apache.http.client.protocol.RequestAuthCache -- Auth cache not set in the context
16:26:13.643 [main] DEBUG com.intuit.karate -- request:
4 > GET https://petstore.swagger.io/v2/pet/findByStatus?status=pending
4 > Content-Type: application/json
4 > Host: petstore.swagger.io
4 > Connection: Keep-Alive
4 > User-Agent: Apache-HttpClient/4.5.14 (Java/17.0.15)
4 > Accept-Encoding: gzip,deflate


16:26:13.651 [main] DEBUG org.apache.http.impl.conn.PoolingHttpClientConnectionManager -- Connection request: [route: {s}->https://petstore.swagger.io:443][total available: 0; route allocated: 0 of 5; total allocated: 0 of 10]
16:26:13.651 [main] DEBUG org.apache.http.impl.conn.PoolingHttpClientConnectionManager -- Connection leased: [id: 7][route: {s}->https://petstore.swagger.io:443][total available: 0; route allocated: 1 of 5; total allocated: 1 of 10]
16:26:13.651 [main] DEBUG org.apache.http.impl.execchain.MainClientExec -- Opening connection {s}->https://petstore.swagger.io:443
16:26:13.651 [main] DEBUG org.apache.http.impl.conn.DefaultHttpClientConnectionOperator -- Connecting to petstore.swagger.io/18.207.45.59:443
16:26:13.651 [main] DEBUG org.apache.http.conn.ssl.LenientSslConnectionSocketFactory -- Connecting socket to petstore.swagger.io/18.207.45.59:443 with timeout 5000
16:26:13.724 [main] DEBUG org.apache.http.conn.ssl.LenientSslConnectionSocketFactory -- Enabled protocols: [TLSv1.3, TLSv1.2]
16:26:13.724 [main] DEBUG org.apache.http.conn.ssl.LenientSslConnectionSocketFactory -- Enabled cipher suites:[TLS_AES_256_GCM_SHA384, TLS_AES_128_GCM_SHA256, TLS_CHACHA20_POLY1305_SHA256, TLS_ECDHE_ECDSA_WITH_AES_256_GCM_SHA384, TLS_ECDHE_ECDSA_WITH_AES_128_GCM_SHA256, TLS_ECDHE_ECDSA_WITH_CHACHA20_POLY1305_SHA256, TLS_ECDHE_RSA_WITH_AES_256_GCM_SHA384, TLS_ECDHE_RSA_WITH_CHACHA20_POLY1305_SHA256, TLS_ECDHE_RSA_WITH_AES_128_GCM_SHA256, TLS_DHE_RSA_WITH_AES_256_GCM_SHA384, TLS_DHE_RSA_WITH_CHACHA20_POLY1305_SHA256, TLS_DHE_DSS_WITH_AES_256_GCM_SHA384, TLS_DHE_RSA_WITH_AES_128_GCM_SHA256, TLS_DHE_DSS_WITH_AES_128_GCM_SHA256, TLS_ECDHE_ECDSA_WITH_AES_256_CBC_SHA384, TLS_ECDHE_RSA_WITH_AES_256_CBC_SHA384, TLS_ECDHE_ECDSA_WITH_AES_128_CBC_SHA256, TLS_ECDHE_RSA_WITH_AES_128_CBC_SHA256, TLS_DHE_RSA_WITH_AES_256_CBC_SHA256, TLS_DHE_DSS_WITH_AES_256_CBC_SHA256, TLS_DHE_RSA_WITH_AES_128_CBC_SHA256, TLS_DHE_DSS_WITH_AES_128_CBC_SHA256, TLS_ECDHE_ECDSA_WITH_AES_256_CBC_SHA, TLS_ECDHE_RSA_WITH_AES_256_CBC_SHA, TLS_ECDHE_ECDSA_WITH_AES_128_CBC_SHA, TLS_ECDHE_RSA_WITH_AES_128_CBC_SHA, TLS_DHE_RSA_WITH_AES_256_CBC_SHA, TLS_DHE_DSS_WITH_AES_256_CBC_SHA, TLS_DHE_RSA_WITH_AES_128_CBC_SHA, TLS_DHE_DSS_WITH_AES_128_CBC_SHA, TLS_RSA_WITH_AES_256_GCM_SHA384, TLS_RSA_WITH_AES_128_GCM_SHA256, TLS_RSA_WITH_AES_256_CBC_SHA256, TLS_RSA_WITH_AES_128_CBC_SHA256, TLS_RSA_WITH_AES_256_CBC_SHA, TLS_RSA_WITH_AES_128_CBC_SHA, TLS_EMPTY_RENEGOTIATION_INFO_SCSV]
16:26:13.724 [main] DEBUG org.apache.http.conn.ssl.LenientSslConnectionSocketFactory -- Starting handshake
16:26:13.821 [main] DEBUG org.apache.http.conn.ssl.LenientSslConnectionSocketFactory -- Secure session established
16:26:13.821 [main] DEBUG org.apache.http.conn.ssl.LenientSslConnectionSocketFactory --  negotiated protocol: TLSv1.2
16:26:13.821 [main] DEBUG org.apache.http.conn.ssl.LenientSslConnectionSocketFactory --  negotiated cipher suite: TLS_ECDHE_RSA_WITH_AES_128_GCM_SHA256
16:26:13.821 [main] DEBUG org.apache.http.conn.ssl.LenientSslConnectionSocketFactory --  peer principal: CN=*.swagger.io
16:26:13.821 [main] DEBUG org.apache.http.conn.ssl.LenientSslConnectionSocketFactory --  peer alternative names: [*.swagger.io]
16:26:13.821 [main] DEBUG org.apache.http.conn.ssl.LenientSslConnectionSocketFactory --  issuer principal: CN=Amazon RSA 2048 M02, O=Amazon, C=US
16:26:13.821 [main] DEBUG org.apache.http.impl.conn.DefaultHttpClientConnectionOperator -- Connection established 192.168.50.172:50135<->18.207.45.59:443
16:26:13.821 [main] DEBUG org.apache.http.impl.conn.DefaultManagedHttpClientConnection -- http-outgoing-7: set socket timeout to 5000
16:26:13.821 [main] DEBUG org.apache.http.impl.execchain.MainClientExec -- Executing request GET /v2/pet/findByStatus?status=pending HTTP/1.1
16:26:13.821 [main] DEBUG org.apache.http.impl.execchain.MainClientExec -- Target auth state: UNCHALLENGED
16:26:13.821 [main] DEBUG org.apache.http.impl.execchain.MainClientExec -- Proxy auth state: UNCHALLENGED
16:26:13.821 [main] DEBUG org.apache.http.headers -- http-outgoing-7 >> GET /v2/pet/findByStatus?status=pending HTTP/1.1
16:26:13.821 [main] DEBUG org.apache.http.headers -- http-outgoing-7 >> Content-Type: application/json
16:26:13.821 [main] DEBUG org.apache.http.headers -- http-outgoing-7 >> Host: petstore.swagger.io
16:26:13.821 [main] DEBUG org.apache.http.headers -- http-outgoing-7 >> Connection: Keep-Alive
16:26:13.821 [main] DEBUG org.apache.http.headers -- http-outgoing-7 >> User-Agent: Apache-HttpClient/4.5.14 (Java/17.0.15)
16:26:13.821 [main] DEBUG org.apache.http.headers -- http-outgoing-7 >> Accept-Encoding: gzip,deflate
16:26:13.821 [main] DEBUG org.apache.http.wire -- http-outgoing-7 >> "GET /v2/pet/findByStatus?status=pending HTTP/1.1[\r][\n]"
16:26:13.821 [main] DEBUG org.apache.http.wire -- http-outgoing-7 >> "Content-Type: application/json[\r][\n]"
16:26:13.821 [main] DEBUG org.apache.http.wire -- http-outgoing-7 >> "Host: petstore.swagger.io[\r][\n]"
16:26:13.821 [main] DEBUG org.apache.http.wire -- http-outgoing-7 >> "Connection: Keep-Alive[\r][\n]"
16:26:13.821 [main] DEBUG org.apache.http.wire -- http-outgoing-7 >> "User-Agent: Apache-HttpClient/4.5.14 (Java/17.0.15)[\r][\n]"
16:26:13.821 [main] DEBUG org.apache.http.wire -- http-outgoing-7 >> "Accept-Encoding: gzip,deflate[\r][\n]"
16:26:13.821 [main] DEBUG org.apache.http.wire -- http-outgoing-7 >> "[\r][\n]"
16:26:13.989 [main] DEBUG org.apache.http.wire -- http-outgoing-7 << "HTTP/1.1 200 OK[\r][\n]"
16:26:13.989 [main] DEBUG org.apache.http.wire -- http-outgoing-7 << "Date: Tue, 05 Aug 2025 21:26:13 GMT[\r][\n]"
16:26:13.989 [main] DEBUG org.apache.http.wire -- http-outgoing-7 << "Content-Type: application/json[\r][\n]"
16:26:13.994 [main] DEBUG org.apache.http.wire -- http-outgoing-7 << "Transfer-Encoding: chunked[\r][\n]"
16:26:13.994 [main] DEBUG org.apache.http.wire -- http-outgoing-7 << "Connection: keep-alive[\r][\n]"
16:26:13.994 [main] DEBUG org.apache.http.wire -- http-outgoing-7 << "Access-Control-Allow-Origin: *[\r][\n]"
16:26:13.994 [main] DEBUG org.apache.http.wire -- http-outgoing-7 << "Access-Control-Allow-Methods: GET, POST, DELETE, PUT[\r][\n]"
16:26:13.994 [main] DEBUG org.apache.http.wire -- http-outgoing-7 << "Access-Control-Allow-Headers: Content-Type, api_key, Authorization[\r][\n]"
16:26:13.994 [main] DEBUG org.apache.http.wire -- http-outgoing-7 << "Server: Jetty(9.2.9.v20150224)[\r][\n]"
16:26:13.994 [main] DEBUG org.apache.http.wire -- http-outgoing-7 << "[\r][\n]"
16:26:13.994 [main] DEBUG org.apache.http.wire -- http-outgoing-7 << "5e29[\r][\n]"
16:26:13.994 [main] DEBUG org.apache.http.wire -- http-outgoing-7 << "[{"id":9223372036854772721,"name":"Max","photoUrls":["http://example.com/photo3.jpg"],"tags":[{"id":1,"name":"friendly"}],"status":"pending"},{"id":9223372036854772729,"name":"Max","photoUrls":["http://example.com/photo3.jpg"],"tags":[{"id":1,"name":"friendly"}],"status":"pending"},{"id":9223372036854772748,"category":{"id":86059836,"name":"adipisicing in reprehen"},"name":"doggie","photoUrls":["","elit velit"],"tags":[{"id":-66663367,"name":"commodo velit"},{"id":95735457,"name":"deserunt ex incididunt"}],"status":"pending"},{"id":9223372036854772753,"name":"Max","photoUrls":["http://example.com/photo3.jpg"],"tags":[{"id":1,"name":"friendly"}],"status":"pending"},{"id":9223372036854772760,"name":"Max","photoUrls":["http://example.com/photo3.jpg"],"tags":[{"id":1,"name":"friendly"}],"status":"pending"},{"id":8546,"category":{"id":2382,"name":"string"},"name":"doggie","photoUrls":["string","string"],"tags":[{"id":141,"name":"string"},{"id":8204,"name":"string"}],"status":"pending"},{"id":36498945,"category":{"id":-586577,"name":"non amet in aliqua"},"name":"doggie","photoUrls":["voluptate amet ullamco","est magna id aliqua"],"tags":[{"id":70365133,"name":"tempor"},{"id":98871263,"name":"veniam nisi ad dolor amet"}],"status":"pending"},{"id":9223372036854773107,"category":{"id":-29575580,"name":"aliqua Excepteur magna"},"name":"doggie","photoUrls":["commodo minim nisi","tempor magna"],"tags":[{"id":-52248637,"name":"exercitation irure sunt laborum"},{"id":-59740185,"name":"labore dolore"}],"status":"pending"},{"id":68783552,"category":{"id":57019602,"name":"in"},"name":"doggie","photoUrls":["fugiat sunt occaecat labore Excepteur","cupidatat in"],"tags":[{"id":41094418,"name":"ut Duis"},{"id":-96713650,"name":"ut velit exercitation cillum"}],"status":"pending"},{"id":9223372036854773138,"category":{"id":17993983,"name":"exercitation ut eu"},"name":"doggie","photoUrls":["non reprehenderit ea sed cupidatat","aliqua exercitation irure"],"tags":[{"id":12090502,"name":"Duis ex"},{"id":-71103809,"name":"laborum nulla"}],"status":"pending"},{"id":9223372036854773160,"category":{"id":81570204,"name":"in veniam ad qui in"},"name":"doggie","photoUrls":["ad dolore","aliquip enim a"],"tags":[{"id":90749008,"name":"tempor eiusmod proident"},{"id":-50220980,"name":"ea"}],"status":"pending"},{"id":67,"category":{"id":0,"name":"<hen>"},"name":"dog","photoUrls":["string"],"tags":[{"id":0,"name":"<cat>"}],"status":"pending"},{"id":95226692,"category":{"id":28016326,"name":"eiusmod in"},"name":"doggie","photoUrls":["aliquip","eiusmod laborum fugiat"],"tags":[{"id":-38051471,"name":"dolor nisi"},{"id":-88961242,"name":"in incididunt quis Lorem nisi"}],"status":"pending"},{"id":9223372036854571830,"category":{"id":-329662355,"name":"fish 1"},"name":"Nemo 1","photoUrls":["nulla","https://avatars.mds.yandex.net/i?id=104e005e3907e8d390b39dcd90d23b140286feae-5232253-images-thumbs&n=13"],"tags":[{"id":-59006519,"name":"Lorem sit"},{"id":-16341059,"name":"ullamco sit in dolore laboris"}],"status":"pending"},{"id":6847,"category":{"id":4731,"name":"string"},"name":"doggie","photoUrls":["string","string"],"tags":[{"id":9483,"name":"string"},{"id":2854,"name":"string"}],"status":"pending"},{"id":10002,"category":{"id":2,"name":"Cats"},"name":"new_kitty_name","photoUrls":["string"],"tags":[{"id":0,"name":"string"}],"status":"pending"},{"id":2022001,"category":{"id":0,"name":"fish"},"name":"Space","photoUrls":["string"],"tags":[{"id":0,"name":"shy"}],"status":"pending"},{"id":54297730,"category":{"id":4528095,"name":"ut"},"name":"doggie","photoUrls":["tempor in","Excepteur dolore"],"tags":[{"id":-60077591,"name":"velit in proident quis"},{"id":-93119424,"name":"consequat ea"}],"status":"pending"},{"id":34553147,"category":{"id":68135452,"name":"fugiat"},"name":"doggie","photoUrls":["sed enim nulla Lorem","nisi sed"],"tags":[{"id":-44253888,"name":"dolor Ut tempor mag"},{"id":-20916651,"name":"elit proident qui"}],"status":"pending"},{"id":71927115,"category":{"id":11175039,"name":"eu nostrud reprehenderit consequat deserunt"},"name":"doggie","photoUrls":["proident laborum Excepteur","incididunt sit"],"tags":[{"id":-57327616,"name":"in Excepteur Duis commodo nisi"},{"id":-21330454,"name":"occaecat est et"}],"status":"pending"},{"id":31227965,"category":{"id":32677841,"name":"fish"},"name":"NEMO1","photoUrls":["aute proident eiusmod sunt","data:image/png;base64,iVBORw0KGgoAAAANSUhEUgAAAJsAAACCCAMAAABmZkrtAAABWVBMVEX////+wQYREiQ/UbX/kAD5qCUaI35ca8CZmZ4AAAn+wwb/jgD/jAD+xQYAAAD+vwD+ogP+twX+vAX+rQT+nQP+sQT+qQT+lwIAABn5pRU5Trc0TLkLDSFVZb7+kwH6+v0mRr3v8PgAAG/V2O1KSlNkZG5bW2Rycnq+w+P+9ep8h8r7tBglPa9yZpz6rh6yuN5JW7vi5PIAC3ZseMMWN7P+yT0qKzg4OUQAABOCgogdHi2dqt+kpsXAsLHZuaTivZv1x4z705z83LX96M1TVaiOb4HDiVH5rjz6tlP7x36PmdLDjmNmYaK2hmyeeoD9wHB/bJTnnzr9ylr+6Lb94qbamUr91G6IjrrJyNbb1dhZX6vSlVH+3I3xuRfSqEfKolmvkGqRfoaDeZU0P5S8mF6hh3l0d6nQwrQqNHQQFTAZIEksMGGce0xkUmjisjkmJnPgu238sF/+ny5PUniRAAAN0klEQVR4nO2b+VfbVhbHkS1i8iRFi23ZSF6DFxYX2wFM7JBpFtKklG60TSkTs6VN084MM53//4e5b9XqrcdQ5hzuIZyHbPAn37u+J3th4c7u7M7u7M5uv5W7K6vtJ0/2nv7t02fPnj1//uLFy7W1vxpqYaHaXT1IddzW/qvPXi97Zi8vvn7z+fO/EnHlIOW2XLdy+MUi0IRt2QDCrwHw5sHKbWfbdZJJ9/CzdBRMAC4bxuvPb5hvNdUCMEB7tTiaTAC+fvPixvDKB9uELOl+mZ5ERvFs483zlzeCVnQJWdL5wp4Kjaq3+Ob5tatXTjE096vpVBNmLH/94nrZ1rlq38xGRtQzFp9do3grDC1Z+XZiGsTiLX59bZG3xT36amqPbm5ubJgWMXNjYzNt/HE9dNUWk63zw1RYAKVLEvKZJEmm+eY6Am+VsTmfTPbo5oZOWcIGF82j7+bO1uYu/XJC/dg0pVgubro+/H7OafGEsVV+GKsbVmwMGKWzduarXZv79PU4ySaDcbp5ZsXKNmXbH40GzpyKjNBJ388RjnZS52SUSzdmIMNw+tv5sf3ojtNtU5+JjNAdzS0ljqlwndh4s2Ymw3A782JbK7I8jRFtKnfqehRuXspRp8bUtylzwLKiuPOKuZ9asX1h2khDphl9ojWnbC2fkIjb//bPpSfKxrBJ+pzqHMvUvy8H0CaY8CTKZuPY5hRyxyzgfGxxUgTVMnkKa3Ycm6S/mx2kHL20Rtm+8pJhcunwPKkZaS3uGfrMwq0+ibl46JCRnLONyQKdU6O0x2bHs82aq9WtVMzVPSycc5ieiIYsU7ClOVsmnk2SZkyHJ8XOSvTqcYt01PTEgotMHlvI5kRazohnm1G4lU6qeBC9/FPSYxtb1pCZjnhSK2VG6GbNEnHl9WIqlepGrldPhE/HtymUtQWbMZFNn6UAtzFanHBbDm4MwLYZTyZqWZoToQwnQkpuFNssNS5FrFONPLCOT5BeLY9UTWSAnYmwSWppBNsszaHdIWzFaBk5cEntHYWmZ6NsOaYW0lV5VBjoR9OiQf1gFok40rV+GJkGFo8yZOT4qlSiK2SpSmRIkthWcWrhVjsMLRpxwOYcLoZV4y+JLCPKJstsYapK6Bc1bXh6djrUtKnLSDklrLgaegx8WvkyrJrudfMMJ8qU+DVFps8HNjXY4tDZh4qLz2bPh5o13aZwpeixbYW66rrjOMOwQ70oE2xSrkSBka7IlAhlVdU/GSDp0qVzjVM5OZemS9X1ok+4oFerJ27yNBJrFq+zKO1no0SWKlMilFZV3yCChoeVpLDKyek06VB95GMLebWbTJ5F64CXAXaOS1lSTO5JzmYH2Q7dpM/c5PkUXt17eG/fB9fx52p7OwZNskSUGSWWFpbiY8syNkX1hiR0UUkGrXI50avlw3v37r33waV8Pb/4cwwaMn0ZwNlUJcujTKEuR4aicoEl7Wc3GTa3E22SQeveI+bLB6/KtQNoonJkRb3IKFaYLe1jUzy2fSfClnSKMaNPwKWPKJzPr502wz4NqCb6U1bU+5xicU8q1H8aRBklAnCFlz/tl6hsGM4N16ygfWBs9977pFvH/6G1o2CU8cDWbIUrmVNFlKl0NNIMlRNhNvbEYZxsGM4ZC3fPMy/qip3Uwa9asONYYi6zVX6ppHr1gg4i2JOUTc8pCgtM7TyUCB8/fuR07dFo1Yc+OJ9jix+GATLcnziboersUknlOakqtNljT1IiKCsKKzHoJCDb+98ePHjwO/uhNVq54wCb59hIN0Amn8a0jMrrrMyqhAZqsUEE2GiqWLKs5Mh/Ap0Fos35/QE2rpwbt4miqRBkA7p9jNc5DxcPZJbEFCSiTBFRpijsYfAkGUQQZqMlBl0EM+E+YfsH/3F7b0Shi7DRuDsJeZSAcNwc9yRkJ3W0BmrJGo8ymYqqyjJtsiiUAI8DbJUL6Sh+YvrxUZQN7CJSc6GoMi/rJTUt6iz1pJZTZMpmlUAuBi7LpO2j03AmELb3DA1qqG69i5PuQyzbw3/GsUksykrck1BnaRBqJYURgSdlkirwfKDEztcuwsXtYyHxG0Nzf6FyD2Po4tkeRdmgcugiAwxeZ1ncoxImwhqZmM2i4IxN+iRc3LyfK7/wF7Kic8kIn/4rymZ4GcA9aSgyGSmRjtmI/0xwLnkigMMKB+bVfnKUud941SA6pu/Fs/37KsKW4RmQFWwZzIaImxkRPMiIBFuoggTtylepImztmDzFdeQyLJyWExnAKxjJAEt4khB5bAZmg8Acw1bxzRIx59THUTZSfztXodqrlXgPT/N6T9g8tTA6iTLyRCwqYZNQJN542B36KpUeHTWrkdpLO0Pxk1CF02TWJ6HV85oqKzTaSU4SImQztSg4KX/oKjxWctnOfNEWd2IYImPdtLi1/isK9nrew0kG0KaFXx37D6SEFVHLwGoZgo0EpnYZPyGdjPVoqIjwbtrZWqkuLLzcsYJsGcFGPanjKpEmbHhlcE8SIlQSbOgqXjZ/X4ztDF6iihGpyOeWtx4cshQ5w2dG5knclRThSYLusUmQujJPmshmgcjmRc2I3epKSLOU/5DwrXArrmo0AxA4i2Qi6UpELWQonI2oBURIkjEb21FfxWSD6/XFUcfTZC8T2Mz4hvjyf/jvk8pBM6DE2bKCjaiVkwQba17Q7NlwGTOTV8TG1xp5AIEnEd9mIbC/KKf4lgGDsKkCBg0yttEoy3hsGJ2olWMlD4ydVwxjhONoY07jug/929NiYEauFpNX7MTKxnWW/ClRt0iU4YjCbiYDEcKpS1eMzeLChSPO5dVdl8bsU8ecOXQ77v6VYKMdk2QAqVu48pOIwoUOlhZNXcyGSDnmzV6Kaaruz4ihjTvuWvWfOQSPLlccGGL4btOfnaRKkAyQiZsJBxBZKiMKs0UHJRpuu"
16:26:13.994 [main] DEBUG org.apache.http.headers -- http-outgoing-7 << HTTP/1.1 200 OK
16:26:13.994 [main] DEBUG org.apache.http.headers -- http-outgoing-7 << Date: Tue, 05 Aug 2025 21:26:13 GMT
16:26:13.994 [main] DEBUG org.apache.http.headers -- http-outgoing-7 << Content-Type: application/json
16:26:13.994 [main] DEBUG org.apache.http.headers -- http-outgoing-7 << Transfer-Encoding: chunked
16:26:13.994 [main] DEBUG org.apache.http.headers -- http-outgoing-7 << Connection: keep-alive
16:26:13.994 [main] DEBUG org.apache.http.headers -- http-outgoing-7 << Access-Control-Allow-Origin: *
16:26:13.994 [main] DEBUG org.apache.http.headers -- http-outgoing-7 << Access-Control-Allow-Methods: GET, POST, DELETE, PUT
16:26:13.994 [main] DEBUG org.apache.http.headers -- http-outgoing-7 << Access-Control-Allow-Headers: Content-Type, api_key, Authorization
16:26:13.994 [main] DEBUG org.apache.http.headers -- http-outgoing-7 << Server: Jetty(9.2.9.v20150224)
16:26:13.994 [main] DEBUG org.apache.http.impl.execchain.MainClientExec -- Connection can be kept alive indefinitely
16:26:13.994 [main] DEBUG org.apache.http.wire -- http-outgoing-7 << "jX+JG7Lky20sVhtQTpJvHL4shOPbTTKZBxlgsgUqzRdiSOnYdCprILoMa0qYG1RPtZDjxy4wMZ3mywDSHaSzUFGCagF6ORBurKpbvzIKSyc80GbBs07Uy2GDyhS4NNL+tdxVbN5dsqqRi+RsY2phYnSfKVRNlWwodNgBcFD5WQ0IVzkSLWMT6Iv+U6Y9Umbs+mUTXgSZCWpS1cG1U2ciEjSpb+OVM5gmyBNc3hJ2SLnOis+NllkAGGDcmGVlKAnbcEGq0yYTQtsaSpXSJ/uQHrEvY8nHpsVyADiSVr5wWs87g2uFgjM2GTD0w0d+oRzhtPeAClvhTsCvYrvfLBcALn8bKbIAFujbiayMk9mNFqOZSXjYzv3ssE5nPLAd2HEvbYq/lucDfYLdOOS455kUWZoZPymsmY4m1SKsEm+Ucm9nOFe4EHMPUrybilWe4lyeOPCMiDNowxeXWNEOcSjDEoMdSk/raH/PTFjTjp4C2mUKkauYZcm3XNRoTKKLjLAFlGW8YiQxDwJe3xV9g9J1KlnlT+DFndPvBvoe6Rv4SgrsbjnUQZqUSJwuU49CSXGYmyyj00a0rMuNxW9qTdBuQgt8YDjbTjAoXy+gLFNRBkLQTwQ6SU5yCYHb2nh3uBst2PetjCjrYfZCJ8ZijK5pFtMLcWiZQXY2NPYbl8EHDi1tT6raDFWZrERZNN4BtCNFDbLYmoppsUuqXo2jk2Chj9bpI2w6nYcGzJzKvWkxuPe5GopWaGWmRYr36/r0t4cRAP7ibJ5ecqDLqPCKAfjI/ekaXJPxrF5t410fcQZ4Oz2K2O7CB/8wk6Z7B08Iu7JtPBk1hbX+Imiheb3XtWX27y7hA3pIJ2le55kHIot1EobnI0eI+r6XN9Fu8beQ+tGjn6xdKqIMlBLsNm8cgg2vLPQMdl8333MxoZK5Mgcp6ulZ4UygsgWRHaGP2ogS3o793e877G7xIcoygbS6YaskqHcEGxGRgmuFFXNzFsyYsf8DeVxNyqBTrPskqooiiHUy"
16:26:13.994 [main] DEBUG org.apache.http.wire -- http-outgoing-7 << "gi2DBQYAFP/eHFNH2Fgn/tw9uOEI9oh08ipuQzXLcfLsVICTf/7+TV+qKfrON6+YwSepptZcC4YKCiTBSxzhr0x7/feh2ylNSYdPPU0DZnZtG0btm2nsyZs73feXf/noFaZck7cbfuQezEjUOq6dHQzn2/rFlusc02AwwZ1zBq+u460jLdyu+iS8fdyOJ4OwIY34cqAVdup7ZbjuPvn4LERVLql79ygYH7rtg9STmu7dXE6lDTkZwKTdo7efX/DegWt2l1tr6eKh5fnp8OhZZE7fTtHb999dys+u0utWu12u9W12wN0Z3d2Z3f2f2VLt9cW7t9eW0jcXiNsBf4TWxTAxIX8zUMxw2yFHvlKFPI9DJUf1HZ7vUIer3bzidrgL2WrNe7Xa7v52u5SolYr7Pb7/ebS42bvQb2+1KvVe4WJf2UGy+exX+iiQFbs63E+X8gTg4cKnC3xuJ/o15uNxqDfqDWa9frTZnNpCb6WGk+f9uYr26BWSyR6vcRgUK8NeoXebqEArzAY5GvNWn233qg3avVEvbFbEGyNZrPZAKH69d380u6D3tJS/emgfzzYPX56f65oiXy/2W/il+vDK/Yb9aUaqNFc6jcafZCn38A+ay41+3nOBm4cAGuzBtDN2i4ototlq4F+zfp8cyHfwAI16nVAqvVrTawT+TaoY7R6r1lv9poQWZwN4yUGhcEgAf/gag+yIN/L57E7550JpAaQQOPfeFmAcCNL+gQfW/D32be5JsHsdutr7y21/wHp8ePDcJSJUQAAAABJRU5ErkJggg=="],"tags":[{"id":23899291,"name":"12"},{"id":23899291,"name":"fish1"}],"status":"pending"},{"id":74363536,"category":{"id":42960236,"name":"Barsik"},"name":"kitty","photoUrls":["quis Duis v","enim"],"tags":[{"id":-74259310,"name""
16:26:13.994 [main] DEBUG org.apache.http.wire -- http-outgoing-7 << ":"qui in nostrud"},{"id":32311120,"name":"Lorem laboris sint occaecat esse"}],"status":"pending"},{"id":98416678,"category":{"id":21210924,"name":"laborum aute proident"},"name":"doggie","photoUrls":["mollit in sed cupidatat","nisi velit"],"tags":[{"id":-95022425,"name":"aliqua ea eu occaecat ut"},{"id":-10133551,"name":"commodo eu do"}],"status":"pending"},{"id":8169848,"category":{"id":40819581,"name":"fishs"},"name":"namo fish","photoUrls":["sed eiusmod esse","https://blog.tetra.net/ru/ru/wp-content/uploads/2021/02/zolotaya-rybka-zvezdochet.jpg"],"tags":[{"id":3989180,"name":"sit dolore"},{"id":-52224736,"name":"Ut"}],"status":"pending"},{"id":15519799,"category":{"id":-14197371,"name":"incididunt"},"name":"doggie","photoUrls":["sed occaecat nisi in","occaecat labore esse in et"],"tags":[{"id":87488020,"name":"irure nulla"},{"id":95089216,"name":"ex"}],"status":"pending"},{"id":23925784,"category":{"id":-45461414,"name":"dolore consequat dolore do"},"name":"doggie","photoUrls":["anim consequat","Lorem ut i"
16:26:13.994 [main] DEBUG org.apache.http.wire -- http-outgoing-7 << "rure"],"tags":[{"id":-6382690,"name":"pariatur in"},{"id":-81561348,"name":"enim Excepteur non"}],"status":"pending"},{"id":31227963777,"category":{"id":32677841,"name":"fishs"},"name":"Nemo fish","photoUrls":["some photo","https://w.forfun.com/fetch/86/8638a61a7d65fb5c448daf8d36082d5d.jpeg"],"tags":[{"id":23899291,"name":"something"},{"id":1234567890,"name":"new"}],"status":"pending"},{"id":111,"category":{"id":2,"name":"dogs"},"name":"Sharik","photoUrls":["stepik.org"],"tags":[{"id":1,"name":"cute"}],"status":"pending"},{"id":74168421,"category":{"id":-86231686,"name":"dolore e"},"name":"doggie","photoUrls":["incididunt la","culpa fugiat"],"tags":[{"id":-33347964,"name":"Lorem sit consequat"},{"id":-43091515,"name":"aliquip irure ut"}],"status":"pending"},{"id":1721117,"category":{"id":-67196814,"name":"dolore"},"name":"doggie","photoUrls":["incididunt quis deserunt","est cillum quis"],"tags":[{"id":98465031,"name":"ea commodo"},{"id":-99302631,"name":"in"}],"status":"pending"},{"id":5858182,"category":{"id"
16:26:13.994 [main] DEBUG org.apache.http.wire -- http-outgoing-7 << "":28165363,"name":"eu temp"},"name":"doggie","photoUrls":["dolor pariatur et proident","magna in"],"tags":[{"id":-5545103,"name":"Excepteur tempor est esse do"},{"id":-16875270,"name":"dolore"}],"status":"pending"},{"id":18150789,"category":{"id":-18439198,"name":"consequat Ut quis aute dolor"},"name":"doggie","photoUrls":["ut in","laborum cupidatat co"],"tags":[{"id":-25166077,"name":"tempor dolor"},{"id":-81550056,"name":"q"}],"status":"pending"},{"id":65532398,"category":{"id":43341866,"name":"consequat"},"name":"doggie","photoUrls":["cupidatat ex nisi irure","consectetur adipisicing labore ullamco sint"],"tags":[{"id":6881772,"name":"do"},{"id":-68693589,"name":"officia anim eu id"}],"status":"pending"},{"id":80512036,"category":{"id":-39944538,"name":"velit"},"name":"doggie","photoUrls":["eiusmod laboris adipisicing aliqua","laboris eu laborum"],"tags":[{"id":14214380,"name":"occaecat dolor reprehenderit"},{"id":-41890292,"name":"velit non laboris"}],"status":"pending"},{"id":9223372036854775788,"categor"
16:26:13.994 [main] DEBUG org.apache.http.wire -- http-outgoing-7 << "y":{"id":-88861555,"name":"[0xd0][0x91][0xd0][0xb0][0xd1][0x80][0xd0][0xb1][0xd0][0xbe][0xd1][0x81]"},"name":"[0xd0][0x9f][0xd0][0xb5][0xd1][0x81][0xd0][0xb5][0xd0][0xbb][0xd0][0xb5][0xd0][0xba]","photoUrls":["laboris et commodo","data:image/jpeg;base64,/9j/4AAQSkZJRgABAQAAAQABAAD/2wCEAAoHCBYWFRgWFhYZGRgaHBoaHBwaGhwcGBwaHBoZHBoaGhwcIS4lHB4rIRgYJjgmKy8xNTU1GiQ7QDs0Py40NTEBDAwMEA8QHhISHjQrJSs0NDY0NDQ0NDQ0NDQ0NDQ0NDQ0NDQ0NDQ0NDQ0NDQ0NDQ0NDQ0NDQ0NDQ0NDQ0NDQ0NP/AABEIAOEA4QMBIgACEQEDEQH/xAAbAAACAwEBAQAAAAAAAAAAAAAEBQIDBgABB//EAEEQAAEDAgQDBgQEAwYFBQAAAAEAAhEDIQQSMUEFUWEGInGBkfATobHBMkJS0RQj4RYzYnKC8QcVkrLSNVNUk8L/xAAZAQADAQEBAAAAAAAAAAAAAAABAgMABAX/xAApEQACAgICAQQCAQUBAAAAAAAAAQIRAyESMUEEMlFhE0JxUmOBkdEi/9oADAMBAAIRAxEAPwDY/wASqamKScYtD1sWSpPMqOdyGb8aqTjeqRvr3XCsoPKxOQ7OOVlLH9UgNRSY9BZZG5M1DMd1U/4zqs0yuVcMQn/OxlIfPxnVAYjiCXOquNhdGYfgNd4BDYB57eKSWaT0hk5S6KH44oKviiU0r9nK7ROWfAqfCuz73uGcFrOtieilc3o3CTdUKKVZxsAT4e+i6san6XXE6bL6JQwtKmIYwDaY+6m5zP0i3TTRPxdbZZYPlnyepXc0kGQRqFzMYV9NPDaD3Oc5gl2vPSFYeD4ciPhstpYJfxSfTA/TtPsxXC3PfEAp8zBvTqhwxjPwW6Imjhd3FNGM1orHHGK2ZPF4V4G5SPEtcDdfT/4ZnJBYzg1J4jLB5jVGWKT8kpY0+j5i4lSY4p7xXs++mS4XbtEkpOKa5WmnTOaUHF7PWlSzLg1d"
16:26:13.994 [main] DEBUG org.apache.http.wire -- http-outgoing-7 << "lWAj1r1EhSyrxEDKnMUPhq1ypdUWMe/DXKPxAuQ0Am6qVU55U/hr0MVVINlDlAvRJpqh1JMY5j1exyGZTui6bEFINHj3IrAYV9R2Vo8VBmHL3Bo1JWwwNFmHZeJ3O5PILNFsGFzf0GcK4UykLw53MhM3Yto1ICQO4i43PdGw3K7B4dzn53Ov+WOR2OypCfiKO94VBbHv8RJQePxJy93UXVVV5F/vdLsViJVHvQqVOyg8Uk6xtHXqvWY3qkONqkPnrFt+XmJHqiaDpvHu/wB1B2nTOlJVaH1DF9fVSfxLLcu+W/IJVTB87+qvpA5hIBtv4wYRTb0hWorbHeBxpNzZHGpvPh/UpXRb5opjDtoBvorRTSpkZU3aKcdxT4Yk3buRePFSw3EmvAcHaqGLptewseCGuEQLWPgktHDso91pJbpcHS95+/0UpKUdplIqElXk0r6gc0h1wVmuLcJjvsFuQ+wXrqz2GQZadEfQx4IuFJy5dgn6dSjTMkRCkE64pgA4F7B4jVJMqm00zysmOUJUyDyvA5c9qg0JOTsmScEHVKPDUPXppzAOZcrPhdFyBg96qlQe9TY1M3sJIFdlXpYvWIWzEAxXU2XXsIrhwHxGzzRT2NFW0hvgMN8MSRL36AagclRicYxh7zg5/S7W/uUD2j4iWH4bJzOEvdvB0aDsOfNJ8NQzECSJtt9YVnG3R7WKKhHRocAXYioQCIGt9eYAWrZTaxsAfLVD8GwDaTA0DrJ169URicQwb36q8Y8VohOXKQuxmJPI6Ha3vVKSxz80GOQ0026bp8yqHLqgaNhf3KGwqkIX4BsTG+/IxP7+SGYcrsp8Z8k7xFQHwOqRYpmd4Im1zEX8fKPZSyjWykZeA2g+Va4nYKvD0nbC14PpE/P0RRoki3I9NJj31S77Na6A8NxElxDbkH6WKeYPEOOosgcFhmgaX9k+StxVQsGb8oTJvtgko9IdQ14vukfG8A4tPecRyGUbzqSBHrzuoYbi4MQZ3ty6BOKOLa9sHQ+E/JV0"
16:26:13.994 [main] DEBUG org.apache.http.wire -- http-outgoing-7 << "0SpxZicNxJ7O7UY7ITGmkRcHQ669CiTUIGdhD2H8w1E7PA/CfrzRfafh2VmYMDxs5zrDqegCyVDEPpOzNMG0jaORGhH7rnlDizqhPkjX4DGguy9PLwQePwwa8xoUKcdlZ8ZghpY95GzXM1APKY9Vc/HCqxlRuj2td0uJjyNlOS0cvq0nGwd7EO5iJe9UEqMkjymTY2Vz2KTCucU66CD/AA1ythclMBlitYF5C8ART2YtK6FBrlOVmzES5Qr44UWuqu0YJiYzO0DZHVTAle1sI17crhaQb6SNJWj3spiaU1fVgnG8z2sxAabtGb/KdDbxhP8AsrgQWio9pB2nQjYwP6r3gfCnknN3WEXZ+XW0DZO8TUDGmPr9V1xj5PVnPwjsbjw3uiZ6W8rarK8U425rwxgzPecrRN533sABc/VR4/xHK0EBpkHeNB3YAWa7P4vPjWEx3WuiPASqN60JGPyfTMOcjGtd+KBmI59OirqV/D9kvqYy6rdiZMDz9lbSCkwmrV6+HJJnYsCoBrIiT3bzPPWFfmfVcWMJgfiI5/pHWPqvMdw0BkgwRdsTIN7qUm2VSS7HWGqj2Z13RlOqOfP5rL4OpUcwGNp9FY3iRaQHgg7TvzgoqXgVwNIRBsfEL2pVBBBgg29UlHEhEyYFj+6rfj/fh7CK1oDTZnuJ0zha4LT/AC6n5STAcI06ELRcO4w0n8XlqfT+qyXbTiEikN8xPOABy03SXBcRyPaSYa4wYPdE7gH6IxurM6fZ9to4kPbkcJnYj6LA9qOEPp1GikwZahjUzmJ1M2AjqtFwnFTEE84O42+vzT7KHATcckZK0JGXFmGrYNxpCiyYAgu/U46x0B+inUwwpNZTb+FjQBPz+a2lPhwYTEQdLLF8TqHM4HVriPmoZY8Y2S9RJygypzpUVUyorgVzLZ5pawqcKpjl6XJzFkrlVnXIBs9DFF4UmuXPC1BSBw5TB5qDmrgloBMFGYSC5oPMIMBH8HpZ6rG9Z9LopO6DFXJGzcQxnd3Wa4tX"
16:26:13.994 [main] DEBUG org.apache.http.wire -- http-outgoing-7 << "MXjlAvJPseqdcVrRPsBYTtDxMNaS5wFnQI0tr8/cr0L8HpxjZkO0/Engt70m+3X2fNKeH4ytTeysGuLQdYmR+YDyXmIw73nO8OgzAOw1jxTPCYGrkDKb3szNGYTpIgxyHzVowVbFlJ3rwaGjxtr+8JgpvwzDVK3ePcZ+o6n/ACjrzUezvZRjGsLwXEAGDZs8/fJag4b9ToHIC3kud/R0Xo7DU2MaGMbAHu55yvcThMwjxXoLG8z5/svRjQNEOLaMmkwbD4csaGwYHRU4mkx4yvFoI0jzn3ojzxAc1zcWx2sFDi0jck3Zk8XwN7b0akjZr7HyI89UixmOqUj/ADWuaRfeD4HRfTPgsdePQ3QPEOGNexzTDmkRlPIrV8jWfGOJ4t2Iqglwa2IGsNGpmBuhX0XtcHRma0g5wDlJFxfn01X0H/lPwyWZdNDFyOR5lCYnhzntLc5ym8aNnmRzXUuKjo5mpOWw7slxgPEZgTZ0E3nLBEf6ZW7wGLmLm4Hl0XxWphqmFfnZPd/FtY238Svo3AOIh4B2IDvIjeN9brnlropTZ9AaZHXovn3aEgVXjQyD8lueH1QW9fGVjO2QHxbSDFxb1U8u4o58zai6ELKkFGMKXwdURQqLm40efQa1qkQoscrGhFGophcrsi5Y1A7Xollwgyr6dRBDIscxQDFIuXmZMkZI8Kf9lKN31OQyi3O5SFq1/CqPw6AG7u87c30Cpjj/AOrK4Y3IV9ocZAN9LnkPFfPcVRfVqsDmuDHPBvPei41uQt3xKlmJJgDXSfDz6312WdNOcSw7NkjeTYH7qjfk9SNVRTxXgj3WbaTaw10kiRIA8Ez4HwsNcB+VkbXe7SSTrpoLJ3WAs61pjxj3dQw7wxhedTpP+/LqrRk6pE3V2w6viGsFzfl+yQ1uLOeTl0GpmwQGOxj3hznHKwH8UXd0b+6QYvjAgNZZvIffmeqMYgbpGo/5jtKgMfG6xVTjYG6Efx87KvFE+Z9B/jJ3+ag6q78jhPI29CsLR7Q6Sif+"
16:26:13.994 [main] DEBUG org.apache.http.wire -- http-outgoing-7 << "c3ke/BK4oaMzc4TjJacr+6RsZ9laPDYprwvmuE4m2qcrxYReYcD0Oqd4aq+jDs2dnP8AM2dnfupuPyUu+jS8Qwua+405+BSw4Ua2iRM+esbeCa4fEh7bET71VDXZXdEjtaGWzNcV4aHl1h+H8MWFtdOqp7KUTlYdI2m42d43vHUrT1KH495AGg8uu+6QcOplj3sJjvZgLaGf6+qm2U8G64dUgxv7mEg7a0CKzH3hzddpG3imeArCG6beR5dPFE9osP8AEw87sIdfWNCi1cWjizxuLMI9llU0FF5LKIpwuVs88nRFkSCqGqYckTMXLlVK5PZigr1roVrKasdRRUWwoGc9RD7qyrQK6nSWafQSdJ/eBOk3W3dUmm0kQCBDeh0kBY2jRJcABN1s8TIY2ToPnC6MPkv6fyZ7ibyNRAF436ElJOF0s1Z5i4Auj+J1w0nNEnSXak7qns8wZ6htIDRbSe906wPCUfJ6K1Ea4icoEm4v1CDx7w52SYa0Xjyt0lGYxwDwOQ+QH7nVI8ZiMrXGbuJcfAWHjuqwVInJ29CPj+LDhlBgdNYHIcli69S9uXmnPE3ve6GgnxKV4jBVBJgeAuYV4olIqo4IOEud5IlvDae5Sp1Rw3MheuxLjF9FRNEWmNXYKjzgoR9LKYBsgn1SSicHTc8wCNN9YWewrQw4e+HTMXW54LjBEOgg20teyx9Dh7IsST0P32TTAFzHAGYtrCjJF4vRs8L/ACnhoPcdds7f4esfdMK79/PySbDVs7MpuRcc/eyY0ny0CY+fkpSVodOmGgZmza1tdvfikuPoZajHjKGklriBBMiRJNtQnXDaloI5gyR4IXi+G7hzRYggkdeZ5iykkUumEYCuJvM87QfHdPXVR8J5kRlKx9DFBgEul1jBE+Q8vROcXxR1LDPqtu5re7MAEmwmbQmi9iSiZ58HvN0N0O9yr4d27+M8UsRgWOJOXNSOR8xPQGya4/AsewvoOfAGZ1Oo3LVa39Tdnt8FHNhduUejzsuJpuhUHqYe"
16:26:13.994 [main] DEBUG org.apache.http.wire -- http-outgoing-7 << "hmAlWELmIF3xFyqXLWYaNap5lUHwvHPXR0OEZZCrcIXMqWVdUouqsw87PYTO/OdAnfELtMILs3TIZJ3TCoVfH7f5O3HGkYTi+Ae94dAF7npvCP7PUg0PdFpHoJvGyO4lRE3Gnz5ABQpDJRJ0LjN5PvRZR2W5NoX4yp33O3iPqkPEO8QJsBHh0980ZiHwCZMTJJifkLaIJxuXft5fYqkejPsT16TQe9IHzQVarlIcAYGs7jlEovHvBuTO8D990EC2DMTvzHuVWLonJWLcdw4PdmY4ZXXibjySmoMpgbFGYyneQUG8807dk6CqFBrxrDhEyYEJnhGsY0tacznanbySRskRoNUzwdPSxWujUNaZygAX8PNMsO/MO9qNJ+gST+IMjZMsM8GLmdCpyKxHODrFp0/qneGqyPfokVA8rx8uqPwjzN97qdDseYd0P3h19RE7+aO4k3NTcde6TF9vBL6bpbMxlPMaG5TiiZZYqTVDt+TNYagXgaid/pZFdqKgZhgwk/zHBotIMXI1EWBv0V/DvSDcJX2/J/kAiGgPdmtEmBE7ECStFGttpGQ4BUDcUXFuYNeO7sQ0CQvoX/E3iWIpMpPOHY1jKjIrMqZnNDptlyixjwkBfJKNQihVf+ouMzfvODR4ar6Z2e46ziOF/hcVq9mQO3dlgtIO72loPl1XTBdkcu2mWvczEspYmi2PiB2dogAOYYLgNg7lzCFfQTjgXA8UzBVMK0szUnl2HquM0nsdctOU5mkEmxFpGqQ08PjadYMxGSq14JFSmRlY5pLXMMgGQ4RF9lxZsLty0kSngjJVC276XVEvgLkf8L3C5c/GJz/hl8C5xXAmUQ1ghVubCs0KcHKxjpICGcp4MEvb4pHoCVs3+AYGsAHJQxL1Oh+EeCHxK6/1R6ESrGU5bmCX8TeWsaG8vAX5ptllkJRxMXbMQBpHLqmi7D0zN4lgbAdaMs8uZ66lIeMcTDX5BObW30lOOL0/itImM0mdN9h+6DxeFptk2Jyi5jaFRJUBu2Zm"
16:26:13.994 [main] DEBUG org.apache.http.wire -- http-outgoing-7 << "vXeWiQZdB6gHTwVTM18o135z7KYYms3NE7G3vx+SW1K8ghg0ItfTn75oisGxM6G/9enNA1W9EfVYBMm5vGkazYoHEOsmQGcyEywtQczmiBNx71SzDuBEJjSymLw69+QhYyCXsJO2nmVdhw+JaNDcIUPe0AC9/rF1fhsY5r4IMc/eqDCmNKRqh7bEsIF95PNNMBxIl5Y9hYWGAXA3CWYDi7QyTYTF7X6/sExxFUvLABEgnMBoNIA57pWOjScOqAkAaPbbYbwU94e+WkHlf0WZY3IGeltdt1ocG4Am+xMX3E6qckMnoo4VT2jf2fBYTt/xAGo+HBxADGiJAJs4CDEgH1W1xmNFCiXkwTZu5J6Cbr5XVc6tWiSQ0nUQM5/EYGwSwGS7Ze3CAUWU3SA8gSP8Ilx63cPRQpMq4SoWw4sBDoggxs9vI9RaydOwJdUwrQIYS5mYmQXSPSYThzHVKZp1Whr6biGP/QZjI4nVhjXaxXRDFLi5IrywuoS/z9fA57K9raDy34pu7+XmBhpLoAzt/K62qT/8TOI1sFimljQWVWl4zTAeDlqQOvcd/qWS4ph3YYzBYCcpb+kzLm+RIcOi+l9pqpxXCaeKYJqU25jAk2GSpFtNHeAStrJBpq/oR4X6bMqlV+e6s+df26xP6Gf9Lv8AyXLO/wBocR/7h+S9UfwR/oQ/5v7j/wBL/p9Qa+VJ6ixsLx5XMjxjsklE4OmA8HqqAV7h3nMPFagx0zc0njKhqozOVlF3cHguwbZeur9Tuj2W1GQ1IONPiT0iNOvhoPmtNiW2WR7WPIbJFjHiPvy9UYqnQbsS46mHUwDobHLrdY3E4CpmINQkfbxWqp4gOpTPyPhrN/VZ/i+HcbgkTykacxzVIgYsNFrYJJLhz+SjUrtueUAxvHgoYnDPGWXbSffqh35RMDxTilOIqfmnX1S95nwV1VxKgQeiwpBhhGMrSI3QO6tCxhpRxJG1gNT+yKZi2/imw8hulWHqgapg1jX2ER1N1goYUsVTIDMuYu6X"
16:26:13.994 [main] DEBUG org.apache.http.wire -- http-outgoing-7 << "5j6p1w2o97pLcrW91oPiJPyslWFoNEEASN4unuGcMug5xN/mpyZRIaY0mG6TMi+vTrZPeG1CQ3UzIMWFlkOIcQALWh0dTBtOhGyPxHFDSwxeLvPdYJ1c7Sd4AkpRqM12n4u+o9zQSGglrACO7H5juSu4RwwsY0/mecgB1EiZ+eqFw2Gg5nQXHbeY/Eea3nB8MHBjywNDG5b6vMmXuPP5JLSRZqtgnFMH8J2GiTDwPA5SdORT/ieGAqfEA7rwCeVxdUcboy1hsYe031Got6p38MPoMIv3R6QvU9M7xL+WedmdZL+kZ7ivA24yg6gbVQ2aTjuW3DHHpoDyKbdn+G/wWGp06+K7jzBAa1kEi7JcSTpeANCqaUtcOYIhMe0j3ikzE0Qw1KJLh8QEtDHjLUJAINrO1/KVPJBRbZVzc0kZ/wDsZwP9NT/qr/suVP8AaLG/rpf/AFn/AM1y5PzwF4yBmOmyuLJVDLK9j1xx+zmPSxeUKPeHipAXReDpy8BGrDFWzSMb3B4K7h7NSqap7qIwP4F0V0dhZiTaEixuDFQOa+82HROcS8xZLvpvzQl2NHo+dcW4LUwhL5z0tMzfxN5SPLnASLE4rSTI2I39+7r6xj6YqMc0/hi07nclfHOL8MfSqubJDdR4Smjs1gmJxMi30+6V1KmwVlVjpuTCHNMzZVRNnkDkVBxRLRbkh3CTZE1FcoilJ0KiKSiBBWBRbk5kqylWhe02A3+6hX/SFgjbD8QvJdtz9Ua3jIaOZ2/c+9lnWUNEdQwuYAAakRzm3pqklFDxbH3AsMa78z+4wS57zERqb6DzTOq9tWsKbGZmMD3NhwaYa2SS91miNTf6J3/yptHAVGnuk0nZjExLTJvusr2awhqvZM5WsBcfJtvNTbKw82O+CcL+NULyIYCbEmddATqtwymGCwtuOiGw9NrYa0QIsiy4ATy1U7DJtirtA4fDDm3DXsMTBs4J3wB8NLDtBj/C64+6zfac/wAp140I6+4Kf4Z2UUKg0exrT6SPfVen"
16:26:13.994 [main] DEBUG org.apache.http.wire -- http-outgoing-7 << "6TeJr7OHP70/osx2Hyut4hH8PeC2DobX0upYmnmb12Q2EtZVltAg9UV/2RwX/wAen8/3XJlmK5R4L4KW/k+YtqlWU6hVL2wVYwLyPJzh1OomvBbuJ5LPgrQ8BpkNJTJj4VchpiapRuCf3EpxL0xwVTuBWs6qJ1npdUI3RlSqEC917hI2MkQL/IbD7lJuPYRlVha5t+e6cuadoH1S7iLDCzdbCj5RxHhr2PI22+6XPpOGp+S1/GqRNot0lU0+EZ2AdNdR66E+FlWM7BKNGOyFxgSi6eE97rQ0+EgbjxhWDBj/AAnqPuE3IWjOOw3JUvoeq0lTCX5dRe/mqH4UATANvLxnzRs1GeFIg8pVgpHkPRNMTgiLxO8jT6ojDYQnaCPW8emqFh4gFDh9V4kN7us+/FaLs3gQHBzhMaWjcat6c02w+BimYMW5aH3KM4LhCLnXxMlTnJ9DRig/jGHNWgaQMZ+6SRMN3sd+uys4Vw5tJjWtGgv18equeIIO0wiGPsDvBSWMSywY8x4clZReHSD4fsh3P0J2N/mD9lxqQD035wPfotFbsDeqEXaHEnJ8ObxrqIBMe+i2fDKWfB0RuGMI8QAvmuPqFzpzE39396r6Z2XrB+Gpn9Lcp/02+y7vTT7S+jnzx0mE4d5i6rDYcr6tGDI3UQ1dj6OeL2Tzrl5C5TLWfMXuurWvXlalCpcbLxGtkC/44mFs+HNikI5LB4SkXPDRuV9BaMjA3eE8Vsvgj2wHEuTLCGaYASrEOvdGcKrSCFRHQyckHRU1RKNe0FCubskkqGTsGfUjeOqGqgERJPir8QwXsEuqVMtjb1KFhSsT8TwhM92fJWcLofywTLnXmdvVFPqZ5GnM6Sq6TsktFm625/UoxZpJ0C1aQBOridtf6eZVH8KwkCxduAYaLct/Epk9pd7+VtB9UvxYyt7pI5lUchUhficKWGSQDMwJ9ByUaeHDgJ0vra94I6/uFdhcUyo7M0zcy3kRYI57GugdPQ3JPX+iCkFoUnCnOM28AfpO"
16:26:13.994 [main] DEBUG org.apache.http.wire -- http-outgoing-7 << "vomGEwlywAat1nf7/siMPhQ92vh4zEeaNYGUoe90ReTsCfpP0TJgbC6mEOSJ5bKReGNyz3o03/dLMd2gZAcwyDHe2kzHlYoN+NznOHd70Hh4EfRTk7Y6i0tmjpGW5T/VVYOoQ7I/W8ciOYQuGrOLd83uDfyRjapLYIvysfTdL2F6CBULTDtNJ87FLsfiIByuN9i2ylVxDiMsH1QZoHdGwV5FLqUH/dbjsJXOR7DzzDz1+iy9TDEapr2exBpvBnWx+yvhlU0JljygzevZIVAaiWPzAHmouYvST8HAtFWVeqUrlhrPmzDmahKmFg62VdLE5RrZVv4iJXhXfYhoezWBGcvOy0Vd10m7MVw4OKY4lypFHZjVRAcS/VBYHHZKsEwCrcS/VIcbUgzyOyL+iiXyb9j50XlV1rIag7MxrhNwFS6sZgiU12hapkq1xdIce0tBKa1K4/3QWIeAJIEb8wklEeMqM+XyYh0H9JifNNsE3MAMuVosLzPNDYrB5hICKwLwMo2aY6kmyWPwUlvaOxTcs5ZFv9lluP4l2WJ1j6fS612LIiTp9vYXz7jWIz1YGg9/YeiouxF8gvCpY8Hmtm24nzWYosEArUcL71Pq1FgB2F7bA7kg8r7eq7ieAfXoOY11zEZtJDg6J2mEzbR7wMSO7PnY/ZFNohs8j90rdbCnZjavD3tYxh1YIIExMATMX0RGHw1UbAjwPsrQuwRJmST47dUS2hA68tB+6XbHcqFGGw9Xd2XoBceZTHDYGImZ66ohmYfiAHnH9USx82BW4gcyVDDgbrytbQSvfjgauQ1bEjn+6dJIntg9ZU4d5LrbKNeoXDSB81LhbZk8lm7aKJVFm94Nig5g5Ef7hM8q+d9iONh9eth3AtLT8Rkz3mmA+J5GD/qK+h0nyvUi+UVI82SqTRHKvFauTWA+KjRCO1XLl4ZjWdj/AMyf4lcuVY9HZj9ojqalIsfv73XLlkUfZt+E/wBwz/KEPjPxLlyPgD7AqW/iq6/5vBcuW8G8lLfw+iFf"
16:26:13.994 [main] DEBUG org.apache.http.wire -- http-outgoing-7 << "+Nn+c/8Aa5cuU/2Kr2hWO/uv9H/5C+dVP7xcuTrsXwHD8Pn9wtN2f/C7z+q5cixGOKWvkPsvTo33zXLksjItUKv92fFcuWGAKf4m+BRR/D6rlyYBPE6eSUUdV6uQ8hQUdCp8M/MvFyHkf9RH2e/9ZH+R/wD2FfX6X5fH7Ferl6mH2Hn5fcELly5OTP/Z"],"tags":[{"id":-51420779,"name":"nisi voluptate"},{"id":2557708,"name":"anim consectetur nulla ex"}],"status":"pending"},{"id":9223372036854775790,"category":{"id":87072428,"name":"ipsum commodo culpa"},"name":"doggie","photoUrls":["tempor sint nostrud","quis voluptate Excepteur ad"],"tags":[{"id":55438180,"name":"esse dolore non fugiat"},{"id":57871958,"name":"elit proident tempor"}],"status":"pending"},{"id":9223372036854775792,"category":{"id":15316477,"name":"adipisicing ad nostrud ut"},"name":"doggie","photoUrls":["in dolore ad reprehenderit Ut","consectetur incididunt"],"tags":[{"id":74585624,"name":"lab"},{"id":-78731767,"name":"cupidatat cillum commodo ut"}],"status":"pending"}]"
16:26:13.994 [main] DEBUG org.apache.http.wire -- http-outgoing-7 << "[\r][\n]"
16:26:13.994 [main] DEBUG org.apache.http.wire -- http-outgoing-7 << "0[\r][\n]"
16:26:13.994 [main] DEBUG org.apache.http.wire -- http-outgoing-7 << "[\r][\n]"
16:26:13.994 [main] DEBUG org.apache.http.impl.conn.PoolingHttpClientConnectionManager -- Connection [id: 7][route: {s}->https://petstore.swagger.io:443] can be kept alive indefinitely
16:26:13.994 [main] DEBUG org.apache.http.impl.conn.DefaultManagedHttpClientConnection -- http-outgoing-7: set socket timeout to 0
16:26:13.994 [main] DEBUG org.apache.http.impl.conn.PoolingHttpClientConnectionManager -- Connection released: [id: 7][route: {s}->https://petstore.swagger.io:443][total available: 1; route allocated: 1 of 5; total allocated: 1 of 10]
16:26:13.994 [main] DEBUG org.apache.http.impl.conn.PoolingHttpClientConnectionManager -- Connection manager is shutting down
16:26:13.994 [main] DEBUG org.apache.http.impl.conn.DefaultManagedHttpClientConnection -- http-outgoing-7: Close connection
16:26:13.994 [main] DEBUG org.apache.http.impl.conn.PoolingHttpClientConnectionManager -- Connection manager shut down
16:26:13.994 [main] DEBUG com.intuit.karate -- response time in milliseconds: 351
4 < 200
4 < Date: Tue, 05 Aug 2025 21:26:13 GMT
4 < Content-Type: application/json
4 < Transfer-Encoding: chunked
4 < Connection: keep-alive
4 < Access-Control-Allow-Origin: *
4 < Access-Control-Allow-Methods: GET, POST, DELETE, PUT
4 < Access-Control-Allow-Headers: Content-Type, api_key, Authorization
4 < Server: Jetty(9.2.9.v20150224)
[{"id":9223372036854772721,"name":"Max","photoUrls":["http://example.com/photo3.jpg"],"tags":[{"id":1,"name":"friendly"}],"status":"pending"},{"id":9223372036854772729,"name":"Max","photoUrls":["http://example.com/photo3.jpg"],"tags":[{"id":1,"name":"friendly"}],"status":"pending"},{"id":9223372036854772748,"category":{"id":86059836,"name":"adipisicing in reprehen"},"name":"doggie","photoUrls":["","elit velit"],"tags":[{"id":-66663367,"name":"commodo velit"},{"id":95735457,"name":"deserunt ex incididunt"}],"status":"pending"},{"id":9223372036854772753,"name":"Max","photoUrls":["http://example.com/photo3.jpg"],"tags":[{"id":1,"name":"friendly"}],"status":"pending"},{"id":9223372036854772760,"name":"Max","photoUrls":["http://example.com/photo3.jpg"],"tags":[{"id":1,"name":"friendly"}],"status":"pending"},{"id":8546,"category":{"id":2382,"name":"string"},"name":"doggie","photoUrls":["string","string"],"tags":[{"id":141,"name":"string"},{"id":8204,"name":"string"}],"status":"pending"},{"id":36498945,"category":{"id":-586577,"name":"non amet in aliqua"},"name":"doggie","photoUrls":["voluptate amet ullamco","est magna id aliqua"],"tags":[{"id":70365133,"name":"tempor"},{"id":98871263,"name":"veniam nisi ad dolor amet"}],"status":"pending"},{"id":9223372036854773107,"category":{"id":-29575580,"name":"aliqua Excepteur magna"},"name":"doggie","photoUrls":["commodo minim nisi","tempor magna"],"tags":[{"id":-52248637,"name":"exercitation irure sunt laborum"},{"id":-59740185,"name":"labore dolore"}],"status":"pending"},{"id":68783552,"category":{"id":57019602,"name":"in"},"name":"doggie","photoUrls":["fugiat sunt occaecat labore Excepteur","cupidatat in"],"tags":[{"id":41094418,"name":"ut Duis"},{"id":-96713650,"name":"ut velit exercitation cillum"}],"status":"pending"},{"id":9223372036854773138,"category":{"id":17993983,"name":"exercitation ut eu"},"name":"doggie","photoUrls":["non reprehenderit ea sed cupidatat","aliqua exercitation irure"],"tags":[{"id":12090502,"name":"Duis ex"},{"id":-71103809,"name":"laborum nulla"}],"status":"pending"},{"id":9223372036854773160,"category":{"id":81570204,"name":"in veniam ad qui in"},"name":"doggie","photoUrls":["ad dolore","aliquip enim a"],"tags":[{"id":90749008,"name":"tempor eiusmod proident"},{"id":-50220980,"name":"ea"}],"status":"pending"},{"id":67,"category":{"id":0,"name":"<hen>"},"name":"dog","photoUrls":["string"],"tags":[{"id":0,"name":"<cat>"}],"status":"pending"},{"id":95226692,"category":{"id":28016326,"name":"eiusmod in"},"name":"doggie","photoUrls":["aliquip","eiusmod laborum fugiat"],"tags":[{"id":-38051471,"name":"dolor nisi"},{"id":-88961242,"name":"in incididunt quis Lorem nisi"}],"status":"pending"},{"id":9223372036854571830,"category":{"id":-329662355,"name":"fish 1"},"name":"Nemo 1","photoUrls":["nulla","https://avatars.mds.yandex.net/i?id=104e005e3907e8d390b39dcd90d23b140286feae-5232253-images-thumbs&n=13"],"tags":[{"id":-59006519,"name":"Lorem sit"},{"id":-16341059,"name":"ullamco sit in dolore laboris"}],"status":"pending"},{"id":6847,"category":{"id":4731,"name":"string"},"name":"doggie","photoUrls":["string","string"],"tags":[{"id":9483,"name":"string"},{"id":2854,"name":"string"}],"status":"pending"},{"id":10002,"category":{"id":2,"name":"Cats"},"name":"new_kitty_name","photoUrls":["string"],"tags":[{"id":0,"name":"string"}],"status":"pending"},{"id":2022001,"category":{"id":0,"name":"fish"},"name":"Space","photoUrls":["string"],"tags":[{"id":0,"name":"shy"}],"status":"pending"},{"id":54297730,"category":{"id":4528095,"name":"ut"},"name":"doggie","photoUrls":["tempor in","Excepteur dolore"],"tags":[{"id":-60077591,"name":"velit in proident quis"},{"id":-93119424,"name":"consequat ea"}],"status":"pending"},{"id":34553147,"category":{"id":68135452,"name":"fugiat"},"name":"doggie","photoUrls":["sed enim nulla Lorem","nisi sed"],"tags":[{"id":-44253888,"name":"dolor Ut tempor mag"},{"id":-20916651,"name":"elit proident qui"}],"status":"pending"},{"id":71927115,"category":{"id":11175039,"name":"eu nostrud reprehenderit consequat deserunt"},"name":"doggie","photoUrls":["proident laborum Excepteur","incididunt sit"],"tags":[{"id":-57327616,"name":"in Excepteur Duis commodo nisi"},{"id":-21330454,"name":"occaecat est et"}],"status":"pending"},{"id":31227965,"category":{"id":32677841,"name":"fish"},"name":"NEMO1","photoUrls":["aute proident eiusmod sunt","data:image/png;base64,iVBORw0KGgoAAAANSUhEUgAAAJsAAACCCAMAAABmZkrtAAABWVBMVEX////+wQYREiQ/UbX/kAD5qCUaI35ca8CZmZ4AAAn+wwb/jgD/jAD+xQYAAAD+vwD+ogP+twX+vAX+rQT+nQP+sQT+qQT+lwIAABn5pRU5Trc0TLkLDSFVZb7+kwH6+v0mRr3v8PgAAG/V2O1KSlNkZG5bW2Rycnq+w+P+9ep8h8r7tBglPa9yZpz6rh6yuN5JW7vi5PIAC3ZseMMWN7P+yT0qKzg4OUQAABOCgogdHi2dqt+kpsXAsLHZuaTivZv1x4z705z83LX96M1TVaiOb4HDiVH5rjz6tlP7x36PmdLDjmNmYaK2hmyeeoD9wHB/bJTnnzr9ylr+6Lb94qbamUr91G6IjrrJyNbb1dhZX6vSlVH+3I3xuRfSqEfKolmvkGqRfoaDeZU0P5S8mF6hh3l0d6nQwrQqNHQQFTAZIEksMGGce0xkUmjisjkmJnPgu238sF/+ny5PUniRAAAN0klEQVR4nO2b+VfbVhbHkS1i8iRFi23ZSF6DFxYX2wFM7JBpFtKklG60TSkTs6VN084MM53//4e5b9XqrcdQ5hzuIZyHbPAn37u+J3th4c7u7M7u7M5uv5W7K6vtJ0/2nv7t02fPnj1//uLFy7W1vxpqYaHaXT1IddzW/qvPXi97Zi8vvn7z+fO/EnHlIOW2XLdy+MUi0IRt2QDCrwHw5sHKbWfbdZJJ9/CzdBRMAC4bxuvPb5hvNdUCMEB7tTiaTAC+fvPixvDKB9uELOl+mZ5ERvFs483zlzeCVnQJWdL5wp4Kjaq3+Ob5tatXTjE096vpVBNmLH/94nrZ1rlq38xGRtQzFp9do3grDC1Z+XZiGsTiLX59bZG3xT36amqPbm5ubJgWMXNjYzNt/HE9dNUWk63zw1RYAKVLEvKZJEmm+eY6Am+VsTmfTPbo5oZOWcIGF82j7+bO1uYu/XJC/dg0pVgubro+/H7OafGEsVV+GKsbVmwMGKWzduarXZv79PU4ySaDcbp5ZsXKNmXbH40GzpyKjNBJ388RjnZS52SUSzdmIMNw+tv5sf3ojtNtU5+JjNAdzS0ljqlwndh4s2Ymw3A782JbK7I8jRFtKnfqehRuXspRp8bUtylzwLKiuPOKuZ9asX1h2khDphl9ojWnbC2fkIjb//bPpSfKxrBJ+pzqHMvUvy8H0CaY8CTKZuPY5hRyxyzgfGxxUgTVMnkKa3Ycm6S/mx2kHL20Rtm+8pJhcunwPKkZaS3uGfrMwq0+ibl46JCRnLONyQKdU6O0x2bHs82aq9WtVMzVPSycc5ieiIYsU7ClOVsmnk2SZkyHJ8XOSvTqcYt01PTEgotMHlvI5kRazohnm1G4lU6qeBC9/FPSYxtb1pCZjnhSK2VG6GbNEnHl9WIqlepGrldPhE/HtymUtQWbMZFNn6UAtzFanHBbDm4MwLYZTyZqWZoToQwnQkpuFNssNS5FrFONPLCOT5BeLY9UTWSAnYmwSWppBNsszaHdIWzFaBk5cEntHYWmZ6NsOaYW0lV5VBjoR9OiQf1gFok40rV+GJkGFo8yZOT4qlSiK2SpSmRIkthWcWrhVjsMLRpxwOYcLoZV4y+JLCPKJstsYapK6Bc1bXh6djrUtKnLSDklrLgaegx8WvkyrJrudfMMJ8qU+DVFps8HNjXY4tDZh4qLz2bPh5o13aZwpeixbYW66rrjOMOwQ70oE2xSrkSBka7IlAhlVdU/GSDp0qVzjVM5OZemS9X1ok+4oFerJ27yNBJrFq+zKO1no0SWKlMilFZV3yCChoeVpLDKyek06VB95GMLebWbTJ5F64CXAXaOS1lSTO5JzmYH2Q7dpM/c5PkUXt17eG/fB9fx52p7OwZNskSUGSWWFpbiY8syNkX1hiR0UUkGrXI50avlw3v37r33waV8Pb/4cwwaMn0ZwNlUJcujTKEuR4aicoEl7Wc3GTa3E22SQeveI+bLB6/KtQNoonJkRb3IKFaYLe1jUzy2fSfClnSKMaNPwKWPKJzPr502wz4NqCb6U1bU+5xicU8q1H8aRBklAnCFlz/tl6hsGM4N16ygfWBs9977pFvH/6G1o2CU8cDWbIUrmVNFlKl0NNIMlRNhNvbEYZxsGM4ZC3fPMy/qip3Uwa9asONYYi6zVX6ppHr1gg4i2JOUTc8pCgtM7TyUCB8/fuR07dFo1Yc+OJ9jix+GATLcnziboersUknlOakqtNljT1IiKCsKKzHoJCDb+98ePHjwO/uhNVq54wCb59hIN0Amn8a0jMrrrMyqhAZqsUEE2GiqWLKs5Mh/Ap0Fos35/QE2rpwbt4miqRBkA7p9jNc5DxcPZJbEFCSiTBFRpijsYfAkGUQQZqMlBl0EM+E+YfsH/3F7b0Shi7DRuDsJeZSAcNwc9yRkJ3W0BmrJGo8ymYqqyjJtsiiUAI8DbJUL6Sh+YvrxUZQN7CJSc6GoMi/rJTUt6iz1pJZTZMpmlUAuBi7LpO2j03AmELb3DA1qqG69i5PuQyzbw3/GsUksykrck1BnaRBqJYURgSdlkirwfKDEztcuwsXtYyHxG0Nzf6FyD2Po4tkeRdmgcugiAwxeZ1ncoxImwhqZmM2i4IxN+iRc3LyfK7/wF7Kic8kIn/4rymZ4GcA9aSgyGSmRjtmI/0xwLnkigMMKB+bVfnKUud941SA6pu/Fs/37KsKW4RmQFWwZzIaImxkRPMiIBFuoggTtylepImztmDzFdeQyLJyWExnAKxjJAEt4khB5bAZmg8Acw1bxzRIx59THUTZSfztXodqrlXgPT/N6T9g8tTA6iTLyRCwqYZNQJN542B36KpUeHTWrkdpLO0Pxk1CF02TWJ6HV85oqKzTaSU4SImQztSg4KX/oKjxWctnOfNEWd2IYImPdtLi1/isK9nrew0kG0KaFXx37D6SEFVHLwGoZgo0EpnYZPyGdjPVoqIjwbtrZWqkuLLzcsYJsGcFGPanjKpEmbHhlcE8SIlQSbOgqXjZ/X4ztDF6iihGpyOeWtx4cshQ5w2dG5knclRThSYLusUmQujJPmshmgcjmRc2I3epKSLOU/5DwrXArrmo0AxA4i2Qi6UpELWQonI2oBURIkjEb21FfxWSD6/XFUcfTZC8T2Mz4hvjyf/jvk8pBM6DE2bKCjaiVkwQba17Q7NlwGTOTV8TG1xp5AIEnEd9mIbC/KKf4lgGDsKkCBg0yttEoy3hsGJ2olWMlD4ydVwxjhONoY07jug/929NiYEauFpNX7MTKxnWW/ClRt0iU4YjCbiYDEcKpS1eMzeLChSPO5dVdl8bsU8ecOXQ77v6VYKMdk2QAqVu48pOIwoUOlhZNXcyGSDnmzV6Kaaruz4ihjTvuWvWfOQSPLlccGGL4btOfnaRKkAyQiZsJBxBZKiMKs0UHJRpuujX+JG7Lky20sVhtQTpJvHL4shOPbTTKZBxlgsgUqzRdiSOnYdCprILoMa0qYG1RPtZDjxy4wMZ3mywDSHaSzUFGCagF6ORBurKpbvzIKSyc80GbBs07Uy2GDyhS4NNL+tdxVbN5dsqqRi+RsY2phYnSfKVRNlWwodNgBcFD5WQ0IVzkSLWMT6Iv+U6Y9Umbs+mUTXgSZCWpS1cG1U2ciEjSpb+OVM5gmyBNc3hJ2SLnOis+NllkAGGDcmGVlKAnbcEGq0yYTQtsaSpXSJ/uQHrEvY8nHpsVyADiSVr5wWs87g2uFgjM2GTD0w0d+oRzhtPeAClvhTsCvYrvfLBcALn8bKbIAFujbiayMk9mNFqOZSXjYzv3ssE5nPLAd2HEvbYq/lucDfYLdOOS455kUWZoZPymsmY4m1SKsEm+Ucm9nOFe4EHMPUrybilWe4lyeOPCMiDNowxeXWNEOcSjDEoMdSk/raH/PTFjTjp4C2mUKkauYZcm3XNRoTKKLjLAFlGW8YiQxDwJe3xV9g9J1KlnlT+DFndPvBvoe6Rv4SgrsbjnUQZqUSJwuU49CSXGYmyyj00a0rMuNxW9qTdBuQgt8YDjbTjAoXy+gLFNRBkLQTwQ6SU5yCYHb2nh3uBst2PetjCjrYfZCJ8ZijK5pFtMLcWiZQXY2NPYbl8EHDi1tT6raDFWZrERZNN4BtCNFDbLYmoppsUuqXo2jk2Chj9bpI2w6nYcGzJzKvWkxuPe5GopWaGWmRYr36/r0t4cRAP7ibJ5ecqDLqPCKAfjI/ekaXJPxrF5t410fcQZ4Oz2K2O7CB/8wk6Z7B08Iu7JtPBk1hbX+Imiheb3XtWX27y7hA3pIJ2le55kHIot1EobnI0eI+r6XN9Fu8beQ+tGjn6xdKqIMlBLsNm8cgg2vLPQMdl8333MxoZK5Mgcp6ulZ4UygsgWRHaGP2ogS3o793e877G7xIcoygbS6YaskqHcEGxGRgmuFFXNzFsyYsf8DeVxNyqBTrPskqooiiHUygi2DBQYAFP/eHFNH2Fgn/tw9uOEI9oh08ipuQzXLcfLsVICTf/7+TV+qKfrON6+YwSepptZcC4YKCiTBSxzhr0x7/feh2ylNSYdPPU0DZnZtG0btm2nsyZs73feXf/noFaZck7cbfuQezEjUOq6dHQzn2/rFlusc02AwwZ1zBq+u460jLdyu+iS8fdyOJ4OwIY34cqAVdup7ZbjuPvn4LERVLql79ygYH7rtg9STmu7dXE6lDTkZwKTdo7efX/DegWt2l1tr6eKh5fnp8OhZZE7fTtHb999dys+u0utWu12u9W12wN0Z3d2Z3f2f2VLt9cW7t9eW0jcXiNsBf4TWxTAxIX8zUMxw2yFHvlKFPI9DJUf1HZ7vUIer3bzidrgL2WrNe7Xa7v52u5SolYr7Pb7/ebS42bvQb2+1KvVe4WJf2UGy+exX+iiQFbs63E+X8gTg4cKnC3xuJ/o15uNxqDfqDWa9frTZnNpCb6WGk+f9uYr26BWSyR6vcRgUK8NeoXebqEArzAY5GvNWn233qg3avVEvbFbEGyNZrPZAKH69d380u6D3tJS/emgfzzYPX56f65oiXy/2W/il+vDK/Yb9aUaqNFc6jcafZCn38A+ay41+3nOBm4cAGuzBtDN2i4ototlq4F+zfp8cyHfwAI16nVAqvVrTawT+TaoY7R6r1lv9poQWZwN4yUGhcEgAf/gag+yIN/L57E7550JpAaQQOPfeFmAcCNL+gQfW/D32be5JsHsdutr7y21/wHp8ePDcJSJUQAAAABJRU5ErkJggg=="],"tags":[{"id":23899291,"name":"12"},{"id":23899291,"name":"fish1"}],"status":"pending"},{"id":74363536,"category":{"id":42960236,"name":"Barsik"},"name":"kitty","photoUrls":["quis Duis v","enim"],"tags":[{"id":-74259310,"name":"qui in nostrud"},{"id":32311120,"name":"Lorem laboris sint occaecat esse"}],"status":"pending"},{"id":98416678,"category":{"id":21210924,"name":"laborum aute proident"},"name":"doggie","photoUrls":["mollit in sed cupidatat","nisi velit"],"tags":[{"id":-95022425,"name":"aliqua ea eu occaecat ut"},{"id":-10133551,"name":"commodo eu do"}],"status":"pending"},{"id":8169848,"category":{"id":40819581,"name":"fishs"},"name":"namo fish","photoUrls":["sed eiusmod esse","https://blog.tetra.net/ru/ru/wp-content/uploads/2021/02/zolotaya-rybka-zvezdochet.jpg"],"tags":[{"id":3989180,"name":"sit dolore"},{"id":-52224736,"name":"Ut"}],"status":"pending"},{"id":15519799,"category":{"id":-14197371,"name":"incididunt"},"name":"doggie","photoUrls":["sed occaecat nisi in","occaecat labore esse in et"],"tags":[{"id":87488020,"name":"irure nulla"},{"id":95089216,"name":"ex"}],"status":"pending"},{"id":23925784,"category":{"id":-45461414,"name":"dolore consequat dolore do"},"name":"doggie","photoUrls":["anim consequat","Lorem ut irure"],"tags":[{"id":-6382690,"name":"pariatur in"},{"id":-81561348,"name":"enim Excepteur non"}],"status":"pending"},{"id":31227963777,"category":{"id":32677841,"name":"fishs"},"name":"Nemo fish","photoUrls":["some photo","https://w.forfun.com/fetch/86/8638a61a7d65fb5c448daf8d36082d5d.jpeg"],"tags":[{"id":23899291,"name":"something"},{"id":1234567890,"name":"new"}],"status":"pending"},{"id":111,"category":{"id":2,"name":"dogs"},"name":"Sharik","photoUrls":["stepik.org"],"tags":[{"id":1,"name":"cute"}],"status":"pending"},{"id":74168421,"category":{"id":-86231686,"name":"dolore e"},"name":"doggie","photoUrls":["incididunt la","culpa fugiat"],"tags":[{"id":-33347964,"name":"Lorem sit consequat"},{"id":-43091515,"name":"aliquip irure ut"}],"status":"pending"},{"id":1721117,"category":{"id":-67196814,"name":"dolore"},"name":"doggie","photoUrls":["incididunt quis deserunt","est cillum quis"],"tags":[{"id":98465031,"name":"ea commodo"},{"id":-99302631,"name":"in"}],"status":"pending"},{"id":5858182,"category":{"id":28165363,"name":"eu temp"},"name":"doggie","photoUrls":["dolor pariatur et proident","magna in"],"tags":[{"id":-5545103,"name":"Excepteur tempor est esse do"},{"id":-16875270,"name":"dolore"}],"status":"pending"},{"id":18150789,"category":{"id":-18439198,"name":"consequat Ut quis aute dolor"},"name":"doggie","photoUrls":["ut in","laborum cupidatat co"],"tags":[{"id":-25166077,"name":"tempor dolor"},{"id":-81550056,"name":"q"}],"status":"pending"},{"id":65532398,"category":{"id":43341866,"name":"consequat"},"name":"doggie","photoUrls":["cupidatat ex nisi irure","consectetur adipisicing labore ullamco sint"],"tags":[{"id":6881772,"name":"do"},{"id":-68693589,"name":"officia anim eu id"}],"status":"pending"},{"id":80512036,"category":{"id":-39944538,"name":"velit"},"name":"doggie","photoUrls":["eiusmod laboris adipisicing aliqua","laboris eu laborum"],"tags":[{"id":14214380,"name":"occaecat dolor reprehenderit"},{"id":-41890292,"name":"velit non laboris"}],"status":"pending"},{"id":9223372036854775788,"category":{"id":-88861555,"name":"??????"},"name":"???????","photoUrls":["laboris et commodo","data:image/jpeg;base64,/9j/4AAQSkZJRgABAQAAAQABAAD/2wCEAAoHCBYWFRgWFhYZGRgaHBoaHBwaGhwcGBwaHBoZHBoaGhwcIS4lHB4rIRgYJjgmKy8xNTU1GiQ7QDs0Py40NTEBDAwMEA8QHhISHjQrJSs0NDY0NDQ0NDQ0NDQ0NDQ0NDQ0NDQ0NDQ0NDQ0NDQ0NDQ0NDQ0NDQ0NDQ0NDQ0NDQ0NP/AABEIAOEA4QMBIgACEQEDEQH/xAAbAAACAwEBAQAAAAAAAAAAAAAEBQIDBgABB//EAEEQAAEDAgQDBgQEAwYFBQAAAAEAAhEDIQQSMUEFUWEGInGBkfATobHBMkJS0RQj4RYzYnKC8QcVkrLSNVNUk8L/xAAZAQADAQEBAAAAAAAAAAAAAAABAgMABAX/xAApEQACAgICAQQCAQUBAAAAAAAAAQIRAyESMUEEMlFhE0JxUmOBkdEi/9oADAMBAAIRAxEAPwDY/wASqamKScYtD1sWSpPMqOdyGb8aqTjeqRvr3XCsoPKxOQ7OOVlLH9UgNRSY9BZZG5M1DMd1U/4zqs0yuVcMQn/OxlIfPxnVAYjiCXOquNhdGYfgNd4BDYB57eKSWaT0hk5S6KH44oKviiU0r9nK7ROWfAqfCuz73uGcFrOtieilc3o3CTdUKKVZxsAT4e+i6san6XXE6bL6JQwtKmIYwDaY+6m5zP0i3TTRPxdbZZYPlnyepXc0kGQRqFzMYV9NPDaD3Oc5gl2vPSFYeD4ciPhstpYJfxSfTA/TtPsxXC3PfEAp8zBvTqhwxjPwW6Imjhd3FNGM1orHHGK2ZPF4V4G5SPEtcDdfT/4ZnJBYzg1J4jLB5jVGWKT8kpY0+j5i4lSY4p7xXs++mS4XbtEkpOKa5WmnTOaUHF7PWlSzLg1dlWAj1r1EhSyrxEDKnMUPhq1ypdUWMe/DXKPxAuQ0Am6qVU55U/hr0MVVINlDlAvRJpqh1JMY5j1exyGZTui6bEFINHj3IrAYV9R2Vo8VBmHL3Bo1JWwwNFmHZeJ3O5PILNFsGFzf0GcK4UykLw53MhM3Yto1ICQO4i43PdGw3K7B4dzn53Ov+WOR2OypCfiKO94VBbHv8RJQePxJy93UXVVV5F/vdLsViJVHvQqVOyg8Uk6xtHXqvWY3qkONqkPnrFt+XmJHqiaDpvHu/wB1B2nTOlJVaH1DF9fVSfxLLcu+W/IJVTB87+qvpA5hIBtv4wYRTb0hWorbHeBxpNzZHGpvPh/UpXRb5opjDtoBvorRTSpkZU3aKcdxT4Yk3buRePFSw3EmvAcHaqGLptewseCGuEQLWPgktHDso91pJbpcHS95+/0UpKUdplIqElXk0r6gc0h1wVmuLcJjvsFuQ+wXrqz2GQZadEfQx4IuFJy5dgn6dSjTMkRCkE64pgA4F7B4jVJMqm00zysmOUJUyDyvA5c9qg0JOTsmScEHVKPDUPXppzAOZcrPhdFyBg96qlQe9TY1M3sJIFdlXpYvWIWzEAxXU2XXsIrhwHxGzzRT2NFW0hvgMN8MSRL36AagclRicYxh7zg5/S7W/uUD2j4iWH4bJzOEvdvB0aDsOfNJ8NQzECSJtt9YVnG3R7WKKhHRocAXYioQCIGt9eYAWrZTaxsAfLVD8GwDaTA0DrJ169URicQwb36q8Y8VohOXKQuxmJPI6Ha3vVKSxz80GOQ0026bp8yqHLqgaNhf3KGwqkIX4BsTG+/IxP7+SGYcrsp8Z8k7xFQHwOqRYpmd4Im1zEX8fKPZSyjWykZeA2g+Va4nYKvD0nbC14PpE/P0RRoki3I9NJj31S77Na6A8NxElxDbkH6WKeYPEOOosgcFhmgaX9k+StxVQsGb8oTJvtgko9IdQ14vukfG8A4tPecRyGUbzqSBHrzuoYbi4MQZ3ty6BOKOLa9sHQ+E/JV00SpxZicNxJ7O7UY7ITGmkRcHQ669CiTUIGdhD2H8w1E7PA/CfrzRfafh2VmYMDxs5zrDqegCyVDEPpOzNMG0jaORGhH7rnlDizqhPkjX4DGguy9PLwQePwwa8xoUKcdlZ8ZghpY95GzXM1APKY9Vc/HCqxlRuj2td0uJjyNlOS0cvq0nGwd7EO5iJe9UEqMkjymTY2Vz2KTCucU66CD/AA1ythclMBlitYF5C8ART2YtK6FBrlOVmzES5Qr44UWuqu0YJiYzO0DZHVTAle1sI17crhaQb6SNJWj3spiaU1fVgnG8z2sxAabtGb/KdDbxhP8AsrgQWio9pB2nQjYwP6r3gfCnknN3WEXZ+XW0DZO8TUDGmPr9V1xj5PVnPwjsbjw3uiZ6W8rarK8U425rwxgzPecrRN533sABc/VR4/xHK0EBpkHeNB3YAWa7P4vPjWEx3WuiPASqN60JGPyfTMOcjGtd+KBmI59OirqV/D9kvqYy6rdiZMDz9lbSCkwmrV6+HJJnYsCoBrIiT3bzPPWFfmfVcWMJgfiI5/pHWPqvMdw0BkgwRdsTIN7qUm2VSS7HWGqj2Z13RlOqOfP5rL4OpUcwGNp9FY3iRaQHgg7TvzgoqXgVwNIRBsfEL2pVBBBgg29UlHEhEyYFj+6rfj/fh7CK1oDTZnuJ0zha4LT/AC6n5STAcI06ELRcO4w0n8XlqfT+qyXbTiEikN8xPOABy03SXBcRyPaSYa4wYPdE7gH6IxurM6fZ9to4kPbkcJnYj6LA9qOEPp1GikwZahjUzmJ1M2AjqtFwnFTEE84O42+vzT7KHATcckZK0JGXFmGrYNxpCiyYAgu/U46x0B+inUwwpNZTb+FjQBPz+a2lPhwYTEQdLLF8TqHM4HVriPmoZY8Y2S9RJygypzpUVUyorgVzLZ5pawqcKpjl6XJzFkrlVnXIBs9DFF4UmuXPC1BSBw5TB5qDmrgloBMFGYSC5oPMIMBH8HpZ6rG9Z9LopO6DFXJGzcQxnd3Wa4tXMXjlAvJPseqdcVrRPsBYTtDxMNaS5wFnQI0tr8/cr0L8HpxjZkO0/Engt70m+3X2fNKeH4ytTeysGuLQdYmR+YDyXmIw73nO8OgzAOw1jxTPCYGrkDKb3szNGYTpIgxyHzVowVbFlJ3rwaGjxtr+8JgpvwzDVK3ePcZ+o6n/ACjrzUezvZRjGsLwXEAGDZs8/fJag4b9ToHIC3kud/R0Xo7DU2MaGMbAHu55yvcThMwjxXoLG8z5/svRjQNEOLaMmkwbD4csaGwYHRU4mkx4yvFoI0jzn3ojzxAc1zcWx2sFDi0jck3Zk8XwN7b0akjZr7HyI89UixmOqUj/ADWuaRfeD4HRfTPgsdePQ3QPEOGNexzTDmkRlPIrV8jWfGOJ4t2Iqglwa2IGsNGpmBuhX0XtcHRma0g5wDlJFxfn01X0H/lPwyWZdNDFyOR5lCYnhzntLc5ym8aNnmRzXUuKjo5mpOWw7slxgPEZgTZ0E3nLBEf6ZW7wGLmLm4Hl0XxWphqmFfnZPd/FtY238Svo3AOIh4B2IDvIjeN9brnlropTZ9AaZHXovn3aEgVXjQyD8lueH1QW9fGVjO2QHxbSDFxb1U8u4o58zai6ELKkFGMKXwdURQqLm40efQa1qkQoscrGhFGophcrsi5Y1A7Xollwgyr6dRBDIscxQDFIuXmZMkZI8Kf9lKN31OQyi3O5SFq1/CqPw6AG7u87c30Cpjj/AOrK4Y3IV9ocZAN9LnkPFfPcVRfVqsDmuDHPBvPei41uQt3xKlmJJgDXSfDz6312WdNOcSw7NkjeTYH7qjfk9SNVRTxXgj3WbaTaw10kiRIA8Ez4HwsNcB+VkbXe7SSTrpoLJ3WAs61pjxj3dQw7wxhedTpP+/LqrRk6pE3V2w6viGsFzfl+yQ1uLOeTl0GpmwQGOxj3hznHKwH8UXd0b+6QYvjAgNZZvIffmeqMYgbpGo/5jtKgMfG6xVTjYG6Efx87KvFE+Z9B/jJ3+ag6q78jhPI29CsLR7Q6Sif+c3ke/BK4oaMzc4TjJacr+6RsZ9laPDYprwvmuE4m2qcrxYReYcD0Oqd4aq+jDs2dnP8AM2dnfupuPyUu+jS8Qwua+405+BSw4Ua2iRM+esbeCa4fEh7bET71VDXZXdEjtaGWzNcV4aHl1h+H8MWFtdOqp7KUTlYdI2m42d43vHUrT1KH495AGg8uu+6QcOplj3sJjvZgLaGf6+qm2U8G64dUgxv7mEg7a0CKzH3hzddpG3imeArCG6beR5dPFE9osP8AEw87sIdfWNCi1cWjizxuLMI9llU0FF5LKIpwuVs88nRFkSCqGqYckTMXLlVK5PZigr1roVrKasdRRUWwoGc9RD7qyrQK6nSWafQSdJ/eBOk3W3dUmm0kQCBDeh0kBY2jRJcABN1s8TIY2ToPnC6MPkv6fyZ7ibyNRAF436ElJOF0s1Z5i4Auj+J1w0nNEnSXak7qns8wZ6htIDRbSe906wPCUfJ6K1Ea4icoEm4v1CDx7w52SYa0Xjyt0lGYxwDwOQ+QH7nVI8ZiMrXGbuJcfAWHjuqwVInJ29CPj+LDhlBgdNYHIcli69S9uXmnPE3ve6GgnxKV4jBVBJgeAuYV4olIqo4IOEud5IlvDae5Sp1Rw3MheuxLjF9FRNEWmNXYKjzgoR9LKYBsgn1SSicHTc8wCNN9YWewrQw4e+HTMXW54LjBEOgg20teyx9Dh7IsST0P32TTAFzHAGYtrCjJF4vRs8L/ACnhoPcdds7f4esfdMK79/PySbDVs7MpuRcc/eyY0ny0CY+fkpSVodOmGgZmza1tdvfikuPoZajHjKGklriBBMiRJNtQnXDaloI5gyR4IXi+G7hzRYggkdeZ5iykkUumEYCuJvM87QfHdPXVR8J5kRlKx9DFBgEul1jBE+Q8vROcXxR1LDPqtu5re7MAEmwmbQmi9iSiZ58HvN0N0O9yr4d27+M8UsRgWOJOXNSOR8xPQGya4/AsewvoOfAGZ1Oo3LVa39Tdnt8FHNhduUejzsuJpuhUHqYehmAlWELmIF3xFyqXLWYaNap5lUHwvHPXR0OEZZCrcIXMqWVdUouqsw87PYTO/OdAnfELtMILs3TIZJ3TCoVfH7f5O3HGkYTi+Ae94dAF7npvCP7PUg0PdFpHoJvGyO4lRE3Gnz5ABQpDJRJ0LjN5PvRZR2W5NoX4yp33O3iPqkPEO8QJsBHh0980ZiHwCZMTJJifkLaIJxuXft5fYqkejPsT16TQe9IHzQVarlIcAYGs7jlEovHvBuTO8D990EC2DMTvzHuVWLonJWLcdw4PdmY4ZXXibjySmoMpgbFGYyneQUG8807dk6CqFBrxrDhEyYEJnhGsY0tacznanbySRskRoNUzwdPSxWujUNaZygAX8PNMsO/MO9qNJ+gST+IMjZMsM8GLmdCpyKxHODrFp0/qneGqyPfokVA8rx8uqPwjzN97qdDseYd0P3h19RE7+aO4k3NTcde6TF9vBL6bpbMxlPMaG5TiiZZYqTVDt+TNYagXgaid/pZFdqKgZhgwk/zHBotIMXI1EWBv0V/DvSDcJX2/J/kAiGgPdmtEmBE7ECStFGttpGQ4BUDcUXFuYNeO7sQ0CQvoX/E3iWIpMpPOHY1jKjIrMqZnNDptlyixjwkBfJKNQihVf+ouMzfvODR4ar6Z2e46ziOF/hcVq9mQO3dlgtIO72loPl1XTBdkcu2mWvczEspYmi2PiB2dogAOYYLgNg7lzCFfQTjgXA8UzBVMK0szUnl2HquM0nsdctOU5mkEmxFpGqQ08PjadYMxGSq14JFSmRlY5pLXMMgGQ4RF9lxZsLty0kSngjJVC276XVEvgLkf8L3C5c/GJz/hl8C5xXAmUQ1ghVubCs0KcHKxjpICGcp4MEvb4pHoCVs3+AYGsAHJQxL1Oh+EeCHxK6/1R6ESrGU5bmCX8TeWsaG8vAX5ptllkJRxMXbMQBpHLqmi7D0zN4lgbAdaMs8uZ66lIeMcTDX5BObW30lOOL0/itImM0mdN9h+6DxeFptk2Jyi5jaFRJUBu2ZmvXeWiQZdB6gHTwVTM18o135z7KYYms3NE7G3vx+SW1K8ghg0ItfTn75oisGxM6G/9enNA1W9EfVYBMm5vGkazYoHEOsmQGcyEywtQczmiBNx71SzDuBEJjSymLw69+QhYyCXsJO2nmVdhw+JaNDcIUPe0AC9/rF1fhsY5r4IMc/eqDCmNKRqh7bEsIF95PNNMBxIl5Y9hYWGAXA3CWYDi7QyTYTF7X6/sExxFUvLABEgnMBoNIA57pWOjScOqAkAaPbbYbwU94e+WkHlf0WZY3IGeltdt1ocG4Am+xMX3E6qckMnoo4VT2jf2fBYTt/xAGo+HBxADGiJAJs4CDEgH1W1xmNFCiXkwTZu5J6Cbr5XVc6tWiSQ0nUQM5/EYGwSwGS7Ze3CAUWU3SA8gSP8Ilx63cPRQpMq4SoWw4sBDoggxs9vI9RaydOwJdUwrQIYS5mYmQXSPSYThzHVKZp1Whr6biGP/QZjI4nVhjXaxXRDFLi5IrywuoS/z9fA57K9raDy34pu7+XmBhpLoAzt/K62qT/8TOI1sFimljQWVWl4zTAeDlqQOvcd/qWS4ph3YYzBYCcpb+kzLm+RIcOi+l9pqpxXCaeKYJqU25jAk2GSpFtNHeAStrJBpq/oR4X6bMqlV+e6s+df26xP6Gf9Lv8AyXLO/wBocR/7h+S9UfwR/oQ/5v7j/wBL/p9Qa+VJ6ixsLx5XMjxjsklE4OmA8HqqAV7h3nMPFagx0zc0njKhqozOVlF3cHguwbZeur9Tuj2W1GQ1IONPiT0iNOvhoPmtNiW2WR7WPIbJFjHiPvy9UYqnQbsS46mHUwDobHLrdY3E4CpmINQkfbxWqp4gOpTPyPhrN/VZ/i+HcbgkTykacxzVIgYsNFrYJJLhz+SjUrtueUAxvHgoYnDPGWXbSffqh35RMDxTilOIqfmnX1S95nwV1VxKgQeiwpBhhGMrSI3QO6tCxhpRxJG1gNT+yKZi2/imw8hulWHqgapg1jX2ER1N1goYUsVTIDMuYu6X5j6p1w2o97pLcrW91oPiJPyslWFoNEEASN4unuGcMug5xN/mpyZRIaY0mG6TMi+vTrZPeG1CQ3UzIMWFlkOIcQALWh0dTBtOhGyPxHFDSwxeLvPdYJ1c7Sd4AkpRqM12n4u+o9zQSGglrACO7H5juSu4RwwsY0/mecgB1EiZ+eqFw2Gg5nQXHbeY/Eea3nB8MHBjywNDG5b6vMmXuPP5JLSRZqtgnFMH8J2GiTDwPA5SdORT/ieGAqfEA7rwCeVxdUcboy1hsYe031Got6p38MPoMIv3R6QvU9M7xL+WedmdZL+kZ7ivA24yg6gbVQ2aTjuW3DHHpoDyKbdn+G/wWGp06+K7jzBAa1kEi7JcSTpeANCqaUtcOYIhMe0j3ikzE0Qw1KJLh8QEtDHjLUJAINrO1/KVPJBRbZVzc0kZ/wDsZwP9NT/qr/suVP8AaLG/rpf/AFn/AM1y5PzwF4yBmOmyuLJVDLK9j1xx+zmPSxeUKPeHipAXReDpy8BGrDFWzSMb3B4K7h7NSqap7qIwP4F0V0dhZiTaEixuDFQOa+82HROcS8xZLvpvzQl2NHo+dcW4LUwhL5z0tMzfxN5SPLnASLE4rSTI2I39+7r6xj6YqMc0/hi07nclfHOL8MfSqubJDdR4Smjs1gmJxMi30+6V1KmwVlVjpuTCHNMzZVRNnkDkVBxRLRbkh3CTZE1FcoilJ0KiKSiBBWBRbk5kqylWhe02A3+6hX/SFgjbD8QvJdtz9Ua3jIaOZ2/c+9lnWUNEdQwuYAAakRzm3pqklFDxbH3AsMa78z+4wS57zERqb6DzTOq9tWsKbGZmMD3NhwaYa2SS91miNTf6J3/yptHAVGnuk0nZjExLTJvusr2awhqvZM5WsBcfJtvNTbKw82O+CcL+NULyIYCbEmddATqtwymGCwtuOiGw9NrYa0QIsiy4ATy1U7DJtirtA4fDDm3DXsMTBs4J3wB8NLDtBj/C64+6zfac/wAp140I6+4Kf4Z2UUKg0exrT6SPfVen6TeJr7OHP70/osx2Hyut4hH8PeC2DobX0upYmnmb12Q2EtZVltAg9UV/2RwX/wAen8/3XJlmK5R4L4KW/k+YtqlWU6hVL2wVYwLyPJzh1OomvBbuJ5LPgrQ8BpkNJTJj4VchpiapRuCf3EpxL0xwVTuBWs6qJ1npdUI3RlSqEC917hI2MkQL/IbD7lJuPYRlVha5t+e6cuadoH1S7iLDCzdbCj5RxHhr2PI22+6XPpOGp+S1/GqRNot0lU0+EZ2AdNdR66E+FlWM7BKNGOyFxgSi6eE97rQ0+EgbjxhWDBj/AAnqPuE3IWjOOw3JUvoeq0lTCX5dRe/mqH4UATANvLxnzRs1GeFIg8pVgpHkPRNMTgiLxO8jT6ojDYQnaCPW8emqFh4gFDh9V4kN7us+/FaLs3gQHBzhMaWjcat6c02w+BimYMW5aH3KM4LhCLnXxMlTnJ9DRig/jGHNWgaQMZ+6SRMN3sd+uys4Vw5tJjWtGgv18equeIIO0wiGPsDvBSWMSywY8x4clZReHSD4fsh3P0J2N/mD9lxqQD035wPfotFbsDeqEXaHEnJ8ObxrqIBMe+i2fDKWfB0RuGMI8QAvmuPqFzpzE39396r6Z2XrB+Gpn9Lcp/02+y7vTT7S+jnzx0mE4d5i6rDYcr6tGDI3UQ1dj6OeL2Tzrl5C5TLWfMXuurWvXlalCpcbLxGtkC/44mFs+HNikI5LB4SkXPDRuV9BaMjA3eE8Vsvgj2wHEuTLCGaYASrEOvdGcKrSCFRHQyckHRU1RKNe0FCubskkqGTsGfUjeOqGqgERJPir8QwXsEuqVMtjb1KFhSsT8TwhM92fJWcLofywTLnXmdvVFPqZ5GnM6Sq6TsktFm625/UoxZpJ0C1aQBOridtf6eZVH8KwkCxduAYaLct/Epk9pd7+VtB9UvxYyt7pI5lUchUhficKWGSQDMwJ9ByUaeHDgJ0vra94I6/uFdhcUyo7M0zcy3kRYI57GugdPQ3JPX+iCkFoUnCnOM28AfpOvomGEwlywAat1nf7/siMPhQ92vh4zEeaNYGUoe90ReTsCfpP0TJgbC6mEOSJ5bKReGNyz3o03/dLMd2gZAcwyDHe2kzHlYoN+NznOHd70Hh4EfRTk7Y6i0tmjpGW5T/VVYOoQ7I/W8ciOYQuGrOLd83uDfyRjapLYIvysfTdL2F6CBULTDtNJ87FLsfiIByuN9i2ylVxDiMsH1QZoHdGwV5FLqUH/dbjsJXOR7DzzDz1+iy9TDEapr2exBpvBnWx+yvhlU0JljygzevZIVAaiWPzAHmouYvST8HAtFWVeqUrlhrPmzDmahKmFg62VdLE5RrZVv4iJXhXfYhoezWBGcvOy0Vd10m7MVw4OKY4lypFHZjVRAcS/VBYHHZKsEwCrcS/VIcbUgzyOyL+iiXyb9j50XlV1rIag7MxrhNwFS6sZgiU12hapkq1xdIce0tBKa1K4/3QWIeAJIEb8wklEeMqM+XyYh0H9JifNNsE3MAMuVosLzPNDYrB5hICKwLwMo2aY6kmyWPwUlvaOxTcs5ZFv9lluP4l2WJ1j6fS612LIiTp9vYXz7jWIz1YGg9/YeiouxF8gvCpY8Hmtm24nzWYosEArUcL71Pq1FgB2F7bA7kg8r7eq7ieAfXoOY11zEZtJDg6J2mEzbR7wMSO7PnY/ZFNohs8j90rdbCnZjavD3tYxh1YIIExMATMX0RGHw1UbAjwPsrQuwRJmST47dUS2hA68tB+6XbHcqFGGw9Xd2XoBceZTHDYGImZ66ohmYfiAHnH9USx82BW4gcyVDDgbrytbQSvfjgauQ1bEjn+6dJIntg9ZU4d5LrbKNeoXDSB81LhbZk8lm7aKJVFm94Nig5g5Ef7hM8q+d9iONh9eth3AtLT8Rkz3mmA+J5GD/qK+h0nyvUi+UVI82SqTRHKvFauTWA+KjRCO1XLl4ZjWdj/AMyf4lcuVY9HZj9ojqalIsfv73XLlkUfZt+E/wBwz/KEPjPxLlyPgD7AqW/iq6/5vBcuW8G8lLfw+iFf+Nn+c/8Aa5cuU/2Kr2hWO/uv9H/5C+dVP7xcuTrsXwHD8Pn9wtN2f/C7z+q5cixGOKWvkPsvTo33zXLksjItUKv92fFcuWGAKf4m+BRR/D6rlyYBPE6eSUUdV6uQ8hQUdCp8M/MvFyHkf9RH2e/9ZH+R/wD2FfX6X5fH7Ferl6mH2Hn5fcELly5OTP/Z"],"tags":[{"id":-51420779,"name":"nisi voluptate"},{"id":2557708,"name":"anim consectetur nulla ex"}],"status":"pending"},{"id":9223372036854775790,"category":{"id":87072428,"name":"ipsum commodo culpa"},"name":"doggie","photoUrls":["tempor sint nostrud","quis voluptate Excepteur ad"],"tags":[{"id":55438180,"name":"esse dolore non fugiat"},{"id":57871958,"name":"elit proident tempor"}],"status":"pending"},{"id":9223372036854775792,"category":{"id":15316477,"name":"adipisicing ad nostrud ut"},"name":"doggie","photoUrls":["in dolore ad reprehenderit Ut","consectetur incididunt"],"tags":[{"id":74585624,"name":"lab"},{"id":-78731767,"name":"cupidatat cillum commodo ut"}],"status":"pending"}]

16:26:14.000 [main] INFO com.intuit.karate -- [print] [
  {
    "id": 9223372036854772721,
    "name": "Max",
    "photoUrls": [
      "http://example.com/photo3.jpg"
    ],
    "tags": [
      {
        "id": 1,
        "name": "friendly"
      }
    ],
    "status": "pending"
  },
  {
    "id": 9223372036854772729,
    "name": "Max",
    "photoUrls": [
      "http://example.com/photo3.jpg"
    ],
    "tags": [
      {
        "id": 1,
        "name": "friendly"
      }
    ],
    "status": "pending"
  },
  {
    "id": 9223372036854772748,
    "category": {
      "id": 86059836,
      "name": "adipisicing in reprehen"
    },
    "name": "doggie",
    "photoUrls": [
      "",
      "elit velit"
    ],
    "tags": [
      {
        "id": -66663367,
        "name": "commodo velit"
      },
      {
        "id": 95735457,
        "name": "deserunt ex incididunt"
      }
    ],
    "status": "pending"
  },
  {
    "id": 9223372036854772753,
    "name": "Max",
    "photoUrls": [
      "http://example.com/photo3.jpg"
    ],
    "tags": [
      {
        "id": 1,
        "name": "friendly"
      }
    ],
    "status": "pending"
  },
  {
    "id": 9223372036854772760,
    "name": "Max",
    "photoUrls": [
      "http://example.com/photo3.jpg"
    ],
    "tags": [
      {
        "id": 1,
        "name": "friendly"
      }
    ],
    "status": "pending"
  },
  {
    "id": 8546,
    "category": {
      "id": 2382,
      "name": "string"
    },
    "name": "doggie",
    "photoUrls": [
      "string",
      "string"
    ],
    "tags": [
      {
        "id": 141,
        "name": "string"
      },
      {
        "id": 8204,
        "name": "string"
      }
    ],
    "status": "pending"
  },
  {
    "id": 36498945,
    "category": {
      "id": -586577,
      "name": "non amet in aliqua"
    },
    "name": "doggie",
    "photoUrls": [
      "voluptate amet ullamco",
      "est magna id aliqua"
    ],
    "tags": [
      {
        "id": 70365133,
        "name": "tempor"
      },
      {
        "id": 98871263,
        "name": "veniam nisi ad dolor amet"
      }
    ],
    "status": "pending"
  },
  {
    "id": 9223372036854773107,
    "category": {
      "id": -29575580,
      "name": "aliqua Excepteur magna"
    },
    "name": "doggie",
    "photoUrls": [
      "commodo minim nisi",
      "tempor magna"
    ],
    "tags": [
      {
        "id": -52248637,
        "name": "exercitation irure sunt laborum"
      },
      {
        "id": -59740185,
        "name": "labore dolore"
      }
    ],
    "status": "pending"
  },
  {
    "id": 68783552,
    "category": {
      "id": 57019602,
      "name": "in"
    },
    "name": "doggie",
    "photoUrls": [
      "fugiat sunt occaecat labore Excepteur",
      "cupidatat in"
    ],
    "tags": [
      {
        "id": 41094418,
        "name": "ut Duis"
      },
      {
        "id": -96713650,
        "name": "ut velit exercitation cillum"
      }
    ],
    "status": "pending"
  },
  {
    "id": 9223372036854773138,
    "category": {
      "id": 17993983,
      "name": "exercitation ut eu"
    },
    "name": "doggie",
    "photoUrls": [
      "non reprehenderit ea sed cupidatat",
      "aliqua exercitation irure"
    ],
    "tags": [
      {
        "id": 12090502,
        "name": "Duis ex"
      },
      {
        "id": -71103809,
        "name": "laborum nulla"
      }
    ],
    "status": "pending"
  },
  {
    "id": 9223372036854773160,
    "category": {
      "id": 81570204,
      "name": "in veniam ad qui in"
    },
    "name": "doggie",
    "photoUrls": [
      "ad dolore",
      "aliquip enim a"
    ],
    "tags": [
      {
        "id": 90749008,
        "name": "tempor eiusmod proident"
      },
      {
        "id": -50220980,
        "name": "ea"
      }
    ],
    "status": "pending"
  },
  {
    "id": 67,
    "category": {
      "id": 0,
      "name": "<hen>"
    },
    "name": "dog",
    "photoUrls": [
      "string"
    ],
    "tags": [
      {
        "id": 0,
        "name": "<cat>"
      }
    ],
    "status": "pending"
  },
  {
    "id": 95226692,
    "category": {
      "id": 28016326,
      "name": "eiusmod in"
    },
    "name": "doggie",
    "photoUrls": [
      "aliquip",
      "eiusmod laborum fugiat"
    ],
    "tags": [
      {
        "id": -38051471,
        "name": "dolor nisi"
      },
      {
        "id": -88961242,
        "name": "in incididunt quis Lorem nisi"
      }
    ],
    "status": "pending"
  },
  {
    "id": 9223372036854571830,
    "category": {
      "id": -329662355,
      "name": "fish 1"
    },
    "name": "Nemo 1",
    "photoUrls": [
      "nulla",
      "https://avatars.mds.yandex.net/i?id=104e005e3907e8d390b39dcd90d23b140286feae-5232253-images-thumbs&n=13"
    ],
    "tags": [
      {
        "id": -59006519,
        "name": "Lorem sit"
      },
      {
        "id": -16341059,
        "name": "ullamco sit in dolore laboris"
      }
    ],
    "status": "pending"
  },
  {
    "id": 6847,
    "category": {
      "id": 4731,
      "name": "string"
    },
    "name": "doggie",
    "photoUrls": [
      "string",
      "string"
    ],
    "tags": [
      {
        "id": 9483,
        "name": "string"
      },
      {
        "id": 2854,
        "name": "string"
      }
    ],
    "status": "pending"
  },
  {
    "id": 10002,
    "category": {
      "id": 2,
      "name": "Cats"
    },
    "name": "new_kitty_name",
    "photoUrls": [
      "string"
    ],
    "tags": [
      {
        "id": 0,
        "name": "string"
      }
    ],
    "status": "pending"
  },
  {
    "id": 2022001,
    "category": {
      "id": 0,
      "name": "fish"
    },
    "name": "Space",
    "photoUrls": [
      "string"
    ],
    "tags": [
      {
        "id": 0,
        "name": "shy"
      }
    ],
    "status": "pending"
  },
  {
    "id": 54297730,
    "category": {
      "id": 4528095,
      "name": "ut"
    },
    "name": "doggie",
    "photoUrls": [
      "tempor in",
      "Excepteur dolore"
    ],
    "tags": [
      {
        "id": -60077591,
        "name": "velit in proident quis"
      },
      {
        "id": -93119424,
        "name": "consequat ea"
      }
    ],
    "status": "pending"
  },
  {
    "id": 34553147,
    "category": {
      "id": 68135452,
      "name": "fugiat"
    },
    "name": "doggie",
    "photoUrls": [
      "sed enim nulla Lorem",
      "nisi sed"
    ],
    "tags": [
      {
        "id": -44253888,
        "name": "dolor Ut tempor mag"
      },
      {
        "id": -20916651,
        "name": "elit proident qui"
      }
    ],
    "status": "pending"
  },
  {
    "id": 71927115,
    "category": {
      "id": 11175039,
      "name": "eu nostrud reprehenderit consequat deserunt"
    },
    "name": "doggie",
    "photoUrls": [
      "proident laborum Excepteur",
      "incididunt sit"
    ],
    "tags": [
      {
        "id": -57327616,
        "name": "in Excepteur Duis commodo nisi"
      },
      {
        "id": -21330454,
        "name": "occaecat est et"
      }
    ],
    "status": "pending"
  },
  {
    "id": 31227965,
    "category": {
      "id": 32677841,
      "name": "fish"
    },
    "name": "NEMO1",
    "photoUrls": [
      "aute proident eiusmod sunt",
      "data:image/png;base64,iVBORw0KGgoAAAANSUhEUgAAAJsAAACCCAMAAABmZkrtAAABWVBMVEX////+wQYREiQ/UbX/kAD5qCUaI35ca8CZmZ4AAAn+wwb/jgD/jAD+xQYAAAD+vwD+ogP+twX+vAX+rQT+nQP+sQT+qQT+lwIAABn5pRU5Trc0TLkLDSFVZb7+kwH6+v0mRr3v8PgAAG/V2O1KSlNkZG5bW2Rycnq+w+P+9ep8h8r7tBglPa9yZpz6rh6yuN5JW7vi5PIAC3ZseMMWN7P+yT0qKzg4OUQAABOCgogdHi2dqt+kpsXAsLHZuaTivZv1x4z705z83LX96M1TVaiOb4HDiVH5rjz6tlP7x36PmdLDjmNmYaK2hmyeeoD9wHB/bJTnnzr9ylr+6Lb94qbamUr91G6IjrrJyNbb1dhZX6vSlVH+3I3xuRfSqEfKolmvkGqRfoaDeZU0P5S8mF6hh3l0d6nQwrQqNHQQFTAZIEksMGGce0xkUmjisjkmJnPgu238sF/+ny5PUniRAAAN0klEQVR4nO2b+VfbVhbHkS1i8iRFi23ZSF6DFxYX2wFM7JBpFtKklG60TSkTs6VN084MM53//4e5b9XqrcdQ5hzuIZyHbPAn37u+J3th4c7u7M7u7M5uv5W7K6vtJ0/2nv7t02fPnj1//uLFy7W1vxpqYaHaXT1IddzW/qvPXi97Zi8vvn7z+fO/EnHlIOW2XLdy+MUi0IRt2QDCrwHw5sHKbWfbdZJJ9/CzdBRMAC4bxuvPb5hvNdUCMEB7tTiaTAC+fvPixvDKB9uELOl+mZ5ERvFs483zlzeCVnQJWdL5wp4Kjaq3+Ob5tatXTjE096vpVBNmLH/94nrZ1rlq38xGRtQzFp9do3grDC1Z+XZiGsTiLX59bZG3xT36amqPbm5ubJgWMXNjYzNt/HE9dNUWk63zw1RYAKVLEvKZJEmm+eY6Am+VsTmfTPbo5oZOWcIGF82j7+bO1uYu/XJC/dg0pVgubro+/H7OafGEsVV+GKsbVmwMGKWzduarXZv79PU4ySaDcbp5ZsXKNmXbH40GzpyKjNBJ388RjnZS52SUSzdmIMNw+tv5sf3ojtNtU5+JjNAdzS0ljqlwndh4s2Ymw3A782JbK7I8jRFtKnfqehRuXspRp8bUtylzwLKiuPOKuZ9asX1h2khDphl9ojWnbC2fkIjb//bPpSfKxrBJ+pzqHMvUvy8H0CaY8CTKZuPY5hRyxyzgfGxxUgTVMnkKa3Ycm6S/mx2kHL20Rtm+8pJhcunwPKkZaS3uGfrMwq0+ibl46JCRnLONyQKdU6O0x2bHs82aq9WtVMzVPSycc5ieiIYsU7ClOVsmnk2SZkyHJ8XOSvTqcYt01PTEgotMHlvI5kRazohnm1G4lU6qeBC9/FPSYxtb1pCZjnhSK2VG6GbNEnHl9WIqlepGrldPhE/HtymUtQWbMZFNn6UAtzFanHBbDm4MwLYZTyZqWZoToQwnQkpuFNssNS5FrFONPLCOT5BeLY9UTWSAnYmwSWppBNsszaHdIWzFaBk5cEntHYWmZ6NsOaYW0lV5VBjoR9OiQf1gFok40rV+GJkGFo8yZOT4qlSiK2SpSmRIkthWcWrhVjsMLRpxwOYcLoZV4y+JLCPKJstsYapK6Bc1bXh6djrUtKnLSDklrLgaegx8WvkyrJrudfMMJ8qU+DVFps8HNjXY4tDZh4qLz2bPh5o13aZwpeixbYW66rrjOMOwQ70oE2xSrkSBka7IlAhlVdU/GSDp0qVzjVM5OZemS9X1ok+4oFerJ27yNBJrFq+zKO1no0SWKlMilFZV3yCChoeVpLDKyek06VB95GMLebWbTJ5F64CXAXaOS1lSTO5JzmYH2Q7dpM/c5PkUXt17eG/fB9fx52p7OwZNskSUGSWWFpbiY8syNkX1hiR0UUkGrXI50avlw3v37r33waV8Pb/4cwwaMn0ZwNlUJcujTKEuR4aicoEl7Wc3GTa3E22SQeveI+bLB6/KtQNoonJkRb3IKFaYLe1jUzy2fSfClnSKMaNPwKWPKJzPr502wz4NqCb6U1bU+5xicU8q1H8aRBklAnCFlz/tl6hsGM4N16ygfWBs9977pFvH/6G1o2CU8cDWbIUrmVNFlKl0NNIMlRNhNvbEYZxsGM4ZC3fPMy/qip3Uwa9asONYYi6zVX6ppHr1gg4i2JOUTc8pCgtM7TyUCB8/fuR07dFo1Yc+OJ9jix+GATLcnziboersUknlOakqtNljT1IiKCsKKzHoJCDb+98ePHjwO/uhNVq54wCb59hIN0Amn8a0jMrrrMyqhAZqsUEE2GiqWLKs5Mh/Ap0Fos35/QE2rpwbt4miqRBkA7p9jNc5DxcPZJbEFCSiTBFRpijsYfAkGUQQZqMlBl0EM+E+YfsH/3F7b0Shi7DRuDsJeZSAcNwc9yRkJ3W0BmrJGo8ymYqqyjJtsiiUAI8DbJUL6Sh+YvrxUZQN7CJSc6GoMi/rJTUt6iz1pJZTZMpmlUAuBi7LpO2j03AmELb3DA1qqG69i5PuQyzbw3/GsUksykrck1BnaRBqJYURgSdlkirwfKDEztcuwsXtYyHxG0Nzf6FyD2Po4tkeRdmgcugiAwxeZ1ncoxImwhqZmM2i4IxN+iRc3LyfK7/wF7Kic8kIn/4rymZ4GcA9aSgyGSmRjtmI/0xwLnkigMMKB+bVfnKUud941SA6pu/Fs/37KsKW4RmQFWwZzIaImxkRPMiIBFuoggTtylepImztmDzFdeQyLJyWExnAKxjJAEt4khB5bAZmg8Acw1bxzRIx59THUTZSfztXodqrlXgPT/N6T9g8tTA6iTLyRCwqYZNQJN542B36KpUeHTWrkdpLO0Pxk1CF02TWJ6HV85oqKzTaSU4SImQztSg4KX/oKjxWctnOfNEWd2IYImPdtLi1/isK9nrew0kG0KaFXx37D6SEFVHLwGoZgo0EpnYZPyGdjPVoqIjwbtrZWqkuLLzcsYJsGcFGPanjKpEmbHhlcE8SIlQSbOgqXjZ/X4ztDF6iihGpyOeWtx4cshQ5w2dG5knclRThSYLusUmQujJPmshmgcjmRc2I3epKSLOU/5DwrXArrmo0AxA4i2Qi6UpELWQonI2oBURIkjEb21FfxWSD6/XFUcfTZC8T2Mz4hvjyf/jvk8pBM6DE2bKCjaiVkwQba17Q7NlwGTOTV8TG1xp5AIEnEd9mIbC/KKf4lgGDsKkCBg0yttEoy3hsGJ2olWMlD4ydVwxjhONoY07jug/929NiYEauFpNX7MTKxnWW/ClRt0iU4YjCbiYDEcKpS1eMzeLChSPO5dVdl8bsU8ecOXQ77v6VYKMdk2QAqVu48pOIwoUOlhZNXcyGSDnmzV6Kaaruz4ihjTvuWvWfOQSPLlccGGL4btOfnaRKkAyQiZsJBxBZKiMKs0UHJRpuujX+JG7Lky20sVhtQTpJvHL4shOPbTTKZBxlgsgUqzRdiSOnYdCprILoMa0qYG1RPtZDjxy4wMZ3mywDSHaSzUFGCagF6ORBurKpbvzIKSyc80GbBs07Uy2GDyhS4NNL+tdxVbN5dsqqRi+RsY2phYnSfKVRNlWwodNgBcFD5WQ0IVzkSLWMT6Iv+U6Y9Umbs+mUTXgSZCWpS1cG1U2ciEjSpb+OVM5gmyBNc3hJ2SLnOis+NllkAGGDcmGVlKAnbcEGq0yYTQtsaSpXSJ/uQHrEvY8nHpsVyADiSVr5wWs87g2uFgjM2GTD0w0d+oRzhtPeAClvhTsCvYrvfLBcALn8bKbIAFujbiayMk9mNFqOZSXjYzv3ssE5nPLAd2HEvbYq/lucDfYLdOOS455kUWZoZPymsmY4m1SKsEm+Ucm9nOFe4EHMPUrybilWe4lyeOPCMiDNowxeXWNEOcSjDEoMdSk/raH/PTFjTjp4C2mUKkauYZcm3XNRoTKKLjLAFlGW8YiQxDwJe3xV9g9J1KlnlT+DFndPvBvoe6Rv4SgrsbjnUQZqUSJwuU49CSXGYmyyj00a0rMuNxW9qTdBuQgt8YDjbTjAoXy+gLFNRBkLQTwQ6SU5yCYHb2nh3uBst2PetjCjrYfZCJ8ZijK5pFtMLcWiZQXY2NPYbl8EHDi1tT6raDFWZrERZNN4BtCNFDbLYmoppsUuqXo2jk2Chj9bpI2w6nYcGzJzKvWkxuPe5GopWaGWmRYr36/r0t4cRAP7ibJ5ecqDLqPCKAfjI/ekaXJPxrF5t410fcQZ4Oz2K2O7CB/8wk6Z7B08Iu7JtPBk1hbX+Imiheb3XtWX27y7hA3pIJ2le55kHIot1EobnI0eI+r6XN9Fu8beQ+tGjn6xdKqIMlBLsNm8cgg2vLPQMdl8333MxoZK5Mgcp6ulZ4UygsgWRHaGP2ogS3o793e877G7xIcoygbS6YaskqHcEGxGRgmuFFXNzFsyYsf8DeVxNyqBTrPskqooiiHUygi2DBQYAFP/eHFNH2Fgn/tw9uOEI9oh08ipuQzXLcfLsVICTf/7+TV+qKfrON6+YwSepptZcC4YKCiTBSxzhr0x7/feh2ylNSYdPPU0DZnZtG0btm2nsyZs73feXf/noFaZck7cbfuQezEjUOq6dHQzn2/rFlusc02AwwZ1zBq+u460jLdyu+iS8fdyOJ4OwIY34cqAVdup7ZbjuPvn4LERVLql79ygYH7rtg9STmu7dXE6lDTkZwKTdo7efX/DegWt2l1tr6eKh5fnp8OhZZE7fTtHb999dys+u0utWu12u9W12wN0Z3d2Z3f2f2VLt9cW7t9eW0jcXiNsBf4TWxTAxIX8zUMxw2yFHvlKFPI9DJUf1HZ7vUIer3bzidrgL2WrNe7Xa7v52u5SolYr7Pb7/ebS42bvQb2+1KvVe4WJf2UGy+exX+iiQFbs63E+X8gTg4cKnC3xuJ/o15uNxqDfqDWa9frTZnNpCb6WGk+f9uYr26BWSyR6vcRgUK8NeoXebqEArzAY5GvNWn233qg3avVEvbFbEGyNZrPZAKH69d380u6D3tJS/emgfzzYPX56f65oiXy/2W/il+vDK/Yb9aUaqNFc6jcafZCn38A+ay41+3nOBm4cAGuzBtDN2i4ototlq4F+zfp8cyHfwAI16nVAqvVrTawT+TaoY7R6r1lv9poQWZwN4yUGhcEgAf/gag+yIN/L57E7550JpAaQQOPfeFmAcCNL+gQfW/D32be5JsHsdutr7y21/wHp8ePDcJSJUQAAAABJRU5ErkJggg=="
    ],
    "tags": [
      {
        "id": 23899291,
        "name": "12"
      },
      {
        "id": 23899291,
        "name": "fish1"
      }
    ],
    "status": "pending"
  },
  {
    "id": 74363536,
    "category": {
      "id": 42960236,
      "name": "Barsik"
    },
    "name": "kitty",
    "photoUrls": [
      "quis Duis v",
      "enim"
    ],
    "tags": [
      {
        "id": -74259310,
        "name": "qui in nostrud"
      },
      {
        "id": 32311120,
        "name": "Lorem laboris sint occaecat esse"
      }
    ],
    "status": "pending"
  },
  {
    "id": 98416678,
    "category": {
      "id": 21210924,
      "name": "laborum aute proident"
    },
    "name": "doggie",
    "photoUrls": [
      "mollit in sed cupidatat",
      "nisi velit"
    ],
    "tags": [
      {
        "id": -95022425,
        "name": "aliqua ea eu occaecat ut"
      },
      {
        "id": -10133551,
        "name": "commodo eu do"
      }
    ],
    "status": "pending"
  },
  {
    "id": 8169848,
    "category": {
      "id": 40819581,
      "name": "fishs"
    },
    "name": "namo fish",
    "photoUrls": [
      "sed eiusmod esse",
      "https://blog.tetra.net/ru/ru/wp-content/uploads/2021/02/zolotaya-rybka-zvezdochet.jpg"
    ],
    "tags": [
      {
        "id": 3989180,
        "name": "sit dolore"
      },
      {
        "id": -52224736,
        "name": "Ut"
      }
    ],
    "status": "pending"
  },
  {
    "id": 15519799,
    "category": {
      "id": -14197371,
      "name": "incididunt"
    },
    "name": "doggie",
    "photoUrls": [
      "sed occaecat nisi in",
      "occaecat labore esse in et"
    ],
    "tags": [
      {
        "id": 87488020,
        "name": "irure nulla"
      },
      {
        "id": 95089216,
        "name": "ex"
      }
    ],
    "status": "pending"
  },
  {
    "id": 23925784,
    "category": {
      "id": -45461414,
      "name": "dolore consequat dolore do"
    },
    "name": "doggie",
    "photoUrls": [
      "anim consequat",
      "Lorem ut irure"
    ],
    "tags": [
      {
        "id": -6382690,
        "name": "pariatur in"
      },
      {
        "id": -81561348,
        "name": "enim Excepteur non"
      }
    ],
    "status": "pending"
  },
  {
    "id": 31227963777,
    "category": {
      "id": 32677841,
      "name": "fishs"
    },
    "name": "Nemo fish",
    "photoUrls": [
      "some photo",
      "https://w.forfun.com/fetch/86/8638a61a7d65fb5c448daf8d36082d5d.jpeg"
    ],
    "tags": [
      {
        "id": 23899291,
        "name": "something"
      },
      {
        "id": 1234567890,
        "name": "new"
      }
    ],
    "status": "pending"
  },
  {
    "id": 111,
    "category": {
      "id": 2,
      "name": "dogs"
    },
    "name": "Sharik",
    "photoUrls": [
      "stepik.org"
    ],
    "tags": [
      {
        "id": 1,
        "name": "cute"
      }
    ],
    "status": "pending"
  },
  {
    "id": 74168421,
    "category": {
      "id": -86231686,
      "name": "dolore e"
    },
    "name": "doggie",
    "photoUrls": [
      "incididunt la",
      "culpa fugiat"
    ],
    "tags": [
      {
        "id": -33347964,
        "name": "Lorem sit consequat"
      },
      {
        "id": -43091515,
        "name": "aliquip irure ut"
      }
    ],
    "status": "pending"
  },
  {
    "id": 1721117,
    "category": {
      "id": -67196814,
      "name": "dolore"
    },
    "name": "doggie",
    "photoUrls": [
      "incididunt quis deserunt",
      "est cillum quis"
    ],
    "tags": [
      {
        "id": 98465031,
        "name": "ea commodo"
      },
      {
        "id": -99302631,
        "name": "in"
      }
    ],
    "status": "pending"
  },
  {
    "id": 5858182,
    "category": {
      "id": 28165363,
      "name": "eu temp"
    },
    "name": "doggie",
    "photoUrls": [
      "dolor pariatur et proident",
      "magna in"
    ],
    "tags": [
      {
        "id": -5545103,
        "name": "Excepteur tempor est esse do"
      },
      {
        "id": -16875270,
        "name": "dolore"
      }
    ],
    "status": "pending"
  },
  {
    "id": 18150789,
    "category": {
      "id": -18439198,
      "name": "consequat Ut quis aute dolor"
    },
    "name": "doggie",
    "photoUrls": [
      "ut in",
      "laborum cupidatat co"
    ],
    "tags": [
      {
        "id": -25166077,
        "name": "tempor dolor"
      },
      {
        "id": -81550056,
        "name": "q"
      }
    ],
    "status": "pending"
  },
  {
    "id": 65532398,
    "category": {
      "id": 43341866,
      "name": "consequat"
    },
    "name": "doggie",
    "photoUrls": [
      "cupidatat ex nisi irure",
      "consectetur adipisicing labore ullamco sint"
    ],
    "tags": [
      {
        "id": 6881772,
        "name": "do"
      },
      {
        "id": -68693589,
        "name": "officia anim eu id"
      }
    ],
    "status": "pending"
  },
  {
    "id": 80512036,
    "category": {
      "id": -39944538,
      "name": "velit"
    },
    "name": "doggie",
    "photoUrls": [
      "eiusmod laboris adipisicing aliqua",
      "laboris eu laborum"
    ],
    "tags": [
      {
        "id": 14214380,
        "name": "occaecat dolor reprehenderit"
      },
      {
        "id": -41890292,
        "name": "velit non laboris"
      }
    ],
    "status": "pending"
  },
  {
    "id": 9223372036854775788,
    "category": {
      "id": -88861555,
      "name": "??????"
    },
    "name": "???????",
    "photoUrls": [
      "laboris et commodo",
      "data:image/jpeg;base64,/9j/4AAQSkZJRgABAQAAAQABAAD/2wCEAAoHCBYWFRgWFhYZGRgaHBoaHBwaGhwcGBwaHBoZHBoaGhwcIS4lHB4rIRgYJjgmKy8xNTU1GiQ7QDs0Py40NTEBDAwMEA8QHhISHjQrJSs0NDY0NDQ0NDQ0NDQ0NDQ0NDQ0NDQ0NDQ0NDQ0NDQ0NDQ0NDQ0NDQ0NDQ0NDQ0NDQ0NP/AABEIAOEA4QMBIgACEQEDEQH/xAAbAAACAwEBAQAAAAAAAAAAAAAEBQIDBgABB//EAEEQAAEDAgQDBgQEAwYFBQAAAAEAAhEDIQQSMUEFUWEGInGBkfATobHBMkJS0RQj4RYzYnKC8QcVkrLSNVNUk8L/xAAZAQADAQEBAAAAAAAAAAAAAAABAgMABAX/xAApEQACAgICAQQCAQUBAAAAAAAAAQIRAyESMUEEMlFhE0JxUmOBkdEi/9oADAMBAAIRAxEAPwDY/wASqamKScYtD1sWSpPMqOdyGb8aqTjeqRvr3XCsoPKxOQ7OOVlLH9UgNRSY9BZZG5M1DMd1U/4zqs0yuVcMQn/OxlIfPxnVAYjiCXOquNhdGYfgNd4BDYB57eKSWaT0hk5S6KH44oKviiU0r9nK7ROWfAqfCuz73uGcFrOtieilc3o3CTdUKKVZxsAT4e+i6san6XXE6bL6JQwtKmIYwDaY+6m5zP0i3TTRPxdbZZYPlnyepXc0kGQRqFzMYV9NPDaD3Oc5gl2vPSFYeD4ciPhstpYJfxSfTA/TtPsxXC3PfEAp8zBvTqhwxjPwW6Imjhd3FNGM1orHHGK2ZPF4V4G5SPEtcDdfT/4ZnJBYzg1J4jLB5jVGWKT8kpY0+j5i4lSY4p7xXs++mS4XbtEkpOKa5WmnTOaUHF7PWlSzLg1dlWAj1r1EhSyrxEDKnMUPhq1ypdUWMe/DXKPxAuQ0Am6qVU55U/hr0MVVINlDlAvRJpqh1JMY5j1exyGZTui6bEFINHj3IrAYV9R2Vo8VBmHL3Bo1JWwwNFmHZeJ3O5PILNFsGFzf0GcK4UykLw53MhM3Yto1ICQO4i43PdGw3K7B4dzn53Ov+WOR2OypCfiKO94VBbHv8RJQePxJy93UXVVV5F/vdLsViJVHvQqVOyg8Uk6xtHXqvWY3qkONqkPnrFt+XmJHqiaDpvHu/wB1B2nTOlJVaH1DF9fVSfxLLcu+W/IJVTB87+qvpA5hIBtv4wYRTb0hWorbHeBxpNzZHGpvPh/UpXRb5opjDtoBvorRTSpkZU3aKcdxT4Yk3buRePFSw3EmvAcHaqGLptewseCGuEQLWPgktHDso91pJbpcHS95+/0UpKUdplIqElXk0r6gc0h1wVmuLcJjvsFuQ+wXrqz2GQZadEfQx4IuFJy5dgn6dSjTMkRCkE64pgA4F7B4jVJMqm00zysmOUJUyDyvA5c9qg0JOTsmScEHVKPDUPXppzAOZcrPhdFyBg96qlQe9TY1M3sJIFdlXpYvWIWzEAxXU2XXsIrhwHxGzzRT2NFW0hvgMN8MSRL36AagclRicYxh7zg5/S7W/uUD2j4iWH4bJzOEvdvB0aDsOfNJ8NQzECSJtt9YVnG3R7WKKhHRocAXYioQCIGt9eYAWrZTaxsAfLVD8GwDaTA0DrJ169URicQwb36q8Y8VohOXKQuxmJPI6Ha3vVKSxz80GOQ0026bp8yqHLqgaNhf3KGwqkIX4BsTG+/IxP7+SGYcrsp8Z8k7xFQHwOqRYpmd4Im1zEX8fKPZSyjWykZeA2g+Va4nYKvD0nbC14PpE/P0RRoki3I9NJj31S77Na6A8NxElxDbkH6WKeYPEOOosgcFhmgaX9k+StxVQsGb8oTJvtgko9IdQ14vukfG8A4tPecRyGUbzqSBHrzuoYbi4MQZ3ty6BOKOLa9sHQ+E/JV00SpxZicNxJ7O7UY7ITGmkRcHQ669CiTUIGdhD2H8w1E7PA/CfrzRfafh2VmYMDxs5zrDqegCyVDEPpOzNMG0jaORGhH7rnlDizqhPkjX4DGguy9PLwQePwwa8xoUKcdlZ8ZghpY95GzXM1APKY9Vc/HCqxlRuj2td0uJjyNlOS0cvq0nGwd7EO5iJe9UEqMkjymTY2Vz2KTCucU66CD/AA1ythclMBlitYF5C8ART2YtK6FBrlOVmzES5Qr44UWuqu0YJiYzO0DZHVTAle1sI17crhaQb6SNJWj3spiaU1fVgnG8z2sxAabtGb/KdDbxhP8AsrgQWio9pB2nQjYwP6r3gfCnknN3WEXZ+XW0DZO8TUDGmPr9V1xj5PVnPwjsbjw3uiZ6W8rarK8U425rwxgzPecrRN533sABc/VR4/xHK0EBpkHeNB3YAWa7P4vPjWEx3WuiPASqN60JGPyfTMOcjGtd+KBmI59OirqV/D9kvqYy6rdiZMDz9lbSCkwmrV6+HJJnYsCoBrIiT3bzPPWFfmfVcWMJgfiI5/pHWPqvMdw0BkgwRdsTIN7qUm2VSS7HWGqj2Z13RlOqOfP5rL4OpUcwGNp9FY3iRaQHgg7TvzgoqXgVwNIRBsfEL2pVBBBgg29UlHEhEyYFj+6rfj/fh7CK1oDTZnuJ0zha4LT/AC6n5STAcI06ELRcO4w0n8XlqfT+qyXbTiEikN8xPOABy03SXBcRyPaSYa4wYPdE7gH6IxurM6fZ9to4kPbkcJnYj6LA9qOEPp1GikwZahjUzmJ1M2AjqtFwnFTEE84O42+vzT7KHATcckZK0JGXFmGrYNxpCiyYAgu/U46x0B+inUwwpNZTb+FjQBPz+a2lPhwYTEQdLLF8TqHM4HVriPmoZY8Y2S9RJygypzpUVUyorgVzLZ5pawqcKpjl6XJzFkrlVnXIBs9DFF4UmuXPC1BSBw5TB5qDmrgloBMFGYSC5oPMIMBH8HpZ6rG9Z9LopO6DFXJGzcQxnd3Wa4tXMXjlAvJPseqdcVrRPsBYTtDxMNaS5wFnQI0tr8/cr0L8HpxjZkO0/Engt70m+3X2fNKeH4ytTeysGuLQdYmR+YDyXmIw73nO8OgzAOw1jxTPCYGrkDKb3szNGYTpIgxyHzVowVbFlJ3rwaGjxtr+8JgpvwzDVK3ePcZ+o6n/ACjrzUezvZRjGsLwXEAGDZs8/fJag4b9ToHIC3kud/R0Xo7DU2MaGMbAHu55yvcThMwjxXoLG8z5/svRjQNEOLaMmkwbD4csaGwYHRU4mkx4yvFoI0jzn3ojzxAc1zcWx2sFDi0jck3Zk8XwN7b0akjZr7HyI89UixmOqUj/ADWuaRfeD4HRfTPgsdePQ3QPEOGNexzTDmkRlPIrV8jWfGOJ4t2Iqglwa2IGsNGpmBuhX0XtcHRma0g5wDlJFxfn01X0H/lPwyWZdNDFyOR5lCYnhzntLc5ym8aNnmRzXUuKjo5mpOWw7slxgPEZgTZ0E3nLBEf6ZW7wGLmLm4Hl0XxWphqmFfnZPd/FtY238Svo3AOIh4B2IDvIjeN9brnlropTZ9AaZHXovn3aEgVXjQyD8lueH1QW9fGVjO2QHxbSDFxb1U8u4o58zai6ELKkFGMKXwdURQqLm40efQa1qkQoscrGhFGophcrsi5Y1A7Xollwgyr6dRBDIscxQDFIuXmZMkZI8Kf9lKN31OQyi3O5SFq1/CqPw6AG7u87c30Cpjj/AOrK4Y3IV9ocZAN9LnkPFfPcVRfVqsDmuDHPBvPei41uQt3xKlmJJgDXSfDz6312WdNOcSw7NkjeTYH7qjfk9SNVRTxXgj3WbaTaw10kiRIA8Ez4HwsNcB+VkbXe7SSTrpoLJ3WAs61pjxj3dQw7wxhedTpP+/LqrRk6pE3V2w6viGsFzfl+yQ1uLOeTl0GpmwQGOxj3hznHKwH8UXd0b+6QYvjAgNZZvIffmeqMYgbpGo/5jtKgMfG6xVTjYG6Efx87KvFE+Z9B/jJ3+ag6q78jhPI29CsLR7Q6Sif+c3ke/BK4oaMzc4TjJacr+6RsZ9laPDYprwvmuE4m2qcrxYReYcD0Oqd4aq+jDs2dnP8AM2dnfupuPyUu+jS8Qwua+405+BSw4Ua2iRM+esbeCa4fEh7bET71VDXZXdEjtaGWzNcV4aHl1h+H8MWFtdOqp7KUTlYdI2m42d43vHUrT1KH495AGg8uu+6QcOplj3sJjvZgLaGf6+qm2U8G64dUgxv7mEg7a0CKzH3hzddpG3imeArCG6beR5dPFE9osP8AEw87sIdfWNCi1cWjizxuLMI9llU0FF5LKIpwuVs88nRFkSCqGqYckTMXLlVK5PZigr1roVrKasdRRUWwoGc9RD7qyrQK6nSWafQSdJ/eBOk3W3dUmm0kQCBDeh0kBY2jRJcABN1s8TIY2ToPnC6MPkv6fyZ7ibyNRAF436ElJOF0s1Z5i4Auj+J1w0nNEnSXak7qns8wZ6htIDRbSe906wPCUfJ6K1Ea4icoEm4v1CDx7w52SYa0Xjyt0lGYxwDwOQ+QH7nVI8ZiMrXGbuJcfAWHjuqwVInJ29CPj+LDhlBgdNYHIcli69S9uXmnPE3ve6GgnxKV4jBVBJgeAuYV4olIqo4IOEud5IlvDae5Sp1Rw3MheuxLjF9FRNEWmNXYKjzgoR9LKYBsgn1SSicHTc8wCNN9YWewrQw4e+HTMXW54LjBEOgg20teyx9Dh7IsST0P32TTAFzHAGYtrCjJF4vRs8L/ACnhoPcdds7f4esfdMK79/PySbDVs7MpuRcc/eyY0ny0CY+fkpSVodOmGgZmza1tdvfikuPoZajHjKGklriBBMiRJNtQnXDaloI5gyR4IXi+G7hzRYggkdeZ5iykkUumEYCuJvM87QfHdPXVR8J5kRlKx9DFBgEul1jBE+Q8vROcXxR1LDPqtu5re7MAEmwmbQmi9iSiZ58HvN0N0O9yr4d27+M8UsRgWOJOXNSOR8xPQGya4/AsewvoOfAGZ1Oo3LVa39Tdnt8FHNhduUejzsuJpuhUHqYehmAlWELmIF3xFyqXLWYaNap5lUHwvHPXR0OEZZCrcIXMqWVdUouqsw87PYTO/OdAnfELtMILs3TIZJ3TCoVfH7f5O3HGkYTi+Ae94dAF7npvCP7PUg0PdFpHoJvGyO4lRE3Gnz5ABQpDJRJ0LjN5PvRZR2W5NoX4yp33O3iPqkPEO8QJsBHh0980ZiHwCZMTJJifkLaIJxuXft5fYqkejPsT16TQe9IHzQVarlIcAYGs7jlEovHvBuTO8D990EC2DMTvzHuVWLonJWLcdw4PdmY4ZXXibjySmoMpgbFGYyneQUG8807dk6CqFBrxrDhEyYEJnhGsY0tacznanbySRskRoNUzwdPSxWujUNaZygAX8PNMsO/MO9qNJ+gST+IMjZMsM8GLmdCpyKxHODrFp0/qneGqyPfokVA8rx8uqPwjzN97qdDseYd0P3h19RE7+aO4k3NTcde6TF9vBL6bpbMxlPMaG5TiiZZYqTVDt+TNYagXgaid/pZFdqKgZhgwk/zHBotIMXI1EWBv0V/DvSDcJX2/J/kAiGgPdmtEmBE7ECStFGttpGQ4BUDcUXFuYNeO7sQ0CQvoX/E3iWIpMpPOHY1jKjIrMqZnNDptlyixjwkBfJKNQihVf+ouMzfvODR4ar6Z2e46ziOF/hcVq9mQO3dlgtIO72loPl1XTBdkcu2mWvczEspYmi2PiB2dogAOYYLgNg7lzCFfQTjgXA8UzBVMK0szUnl2HquM0nsdctOU5mkEmxFpGqQ08PjadYMxGSq14JFSmRlY5pLXMMgGQ4RF9lxZsLty0kSngjJVC276XVEvgLkf8L3C5c/GJz/hl8C5xXAmUQ1ghVubCs0KcHKxjpICGcp4MEvb4pHoCVs3+AYGsAHJQxL1Oh+EeCHxK6/1R6ESrGU5bmCX8TeWsaG8vAX5ptllkJRxMXbMQBpHLqmi7D0zN4lgbAdaMs8uZ66lIeMcTDX5BObW30lOOL0/itImM0mdN9h+6DxeFptk2Jyi5jaFRJUBu2ZmvXeWiQZdB6gHTwVTM18o135z7KYYms3NE7G3vx+SW1K8ghg0ItfTn75oisGxM6G/9enNA1W9EfVYBMm5vGkazYoHEOsmQGcyEywtQczmiBNx71SzDuBEJjSymLw69+QhYyCXsJO2nmVdhw+JaNDcIUPe0AC9/rF1fhsY5r4IMc/eqDCmNKRqh7bEsIF95PNNMBxIl5Y9hYWGAXA3CWYDi7QyTYTF7X6/sExxFUvLABEgnMBoNIA57pWOjScOqAkAaPbbYbwU94e+WkHlf0WZY3IGeltdt1ocG4Am+xMX3E6qckMnoo4VT2jf2fBYTt/xAGo+HBxADGiJAJs4CDEgH1W1xmNFCiXkwTZu5J6Cbr5XVc6tWiSQ0nUQM5/EYGwSwGS7Ze3CAUWU3SA8gSP8Ilx63cPRQpMq4SoWw4sBDoggxs9vI9RaydOwJdUwrQIYS5mYmQXSPSYThzHVKZp1Whr6biGP/QZjI4nVhjXaxXRDFLi5IrywuoS/z9fA57K9raDy34pu7+XmBhpLoAzt/K62qT/8TOI1sFimljQWVWl4zTAeDlqQOvcd/qWS4ph3YYzBYCcpb+kzLm+RIcOi+l9pqpxXCaeKYJqU25jAk2GSpFtNHeAStrJBpq/oR4X6bMqlV+e6s+df26xP6Gf9Lv8AyXLO/wBocR/7h+S9UfwR/oQ/5v7j/wBL/p9Qa+VJ6ixsLx5XMjxjsklE4OmA8HqqAV7h3nMPFagx0zc0njKhqozOVlF3cHguwbZeur9Tuj2W1GQ1IONPiT0iNOvhoPmtNiW2WR7WPIbJFjHiPvy9UYqnQbsS46mHUwDobHLrdY3E4CpmINQkfbxWqp4gOpTPyPhrN/VZ/i+HcbgkTykacxzVIgYsNFrYJJLhz+SjUrtueUAxvHgoYnDPGWXbSffqh35RMDxTilOIqfmnX1S95nwV1VxKgQeiwpBhhGMrSI3QO6tCxhpRxJG1gNT+yKZi2/imw8hulWHqgapg1jX2ER1N1goYUsVTIDMuYu6X5j6p1w2o97pLcrW91oPiJPyslWFoNEEASN4unuGcMug5xN/mpyZRIaY0mG6TMi+vTrZPeG1CQ3UzIMWFlkOIcQALWh0dTBtOhGyPxHFDSwxeLvPdYJ1c7Sd4AkpRqM12n4u+o9zQSGglrACO7H5juSu4RwwsY0/mecgB1EiZ+eqFw2Gg5nQXHbeY/Eea3nB8MHBjywNDG5b6vMmXuPP5JLSRZqtgnFMH8J2GiTDwPA5SdORT/ieGAqfEA7rwCeVxdUcboy1hsYe031Got6p38MPoMIv3R6QvU9M7xL+WedmdZL+kZ7ivA24yg6gbVQ2aTjuW3DHHpoDyKbdn+G/wWGp06+K7jzBAa1kEi7JcSTpeANCqaUtcOYIhMe0j3ikzE0Qw1KJLh8QEtDHjLUJAINrO1/KVPJBRbZVzc0kZ/wDsZwP9NT/qr/suVP8AaLG/rpf/AFn/AM1y5PzwF4yBmOmyuLJVDLK9j1xx+zmPSxeUKPeHipAXReDpy8BGrDFWzSMb3B4K7h7NSqap7qIwP4F0V0dhZiTaEixuDFQOa+82HROcS8xZLvpvzQl2NHo+dcW4LUwhL5z0tMzfxN5SPLnASLE4rSTI2I39+7r6xj6YqMc0/hi07nclfHOL8MfSqubJDdR4Smjs1gmJxMi30+6V1KmwVlVjpuTCHNMzZVRNnkDkVBxRLRbkh3CTZE1FcoilJ0KiKSiBBWBRbk5kqylWhe02A3+6hX/SFgjbD8QvJdtz9Ua3jIaOZ2/c+9lnWUNEdQwuYAAakRzm3pqklFDxbH3AsMa78z+4wS57zERqb6DzTOq9tWsKbGZmMD3NhwaYa2SS91miNTf6J3/yptHAVGnuk0nZjExLTJvusr2awhqvZM5WsBcfJtvNTbKw82O+CcL+NULyIYCbEmddATqtwymGCwtuOiGw9NrYa0QIsiy4ATy1U7DJtirtA4fDDm3DXsMTBs4J3wB8NLDtBj/C64+6zfac/wAp140I6+4Kf4Z2UUKg0exrT6SPfVen6TeJr7OHP70/osx2Hyut4hH8PeC2DobX0upYmnmb12Q2EtZVltAg9UV/2RwX/wAen8/3XJlmK5R4L4KW/k+YtqlWU6hVL2wVYwLyPJzh1OomvBbuJ5LPgrQ8BpkNJTJj4VchpiapRuCf3EpxL0xwVTuBWs6qJ1npdUI3RlSqEC917hI2MkQL/IbD7lJuPYRlVha5t+e6cuadoH1S7iLDCzdbCj5RxHhr2PI22+6XPpOGp+S1/GqRNot0lU0+EZ2AdNdR66E+FlWM7BKNGOyFxgSi6eE97rQ0+EgbjxhWDBj/AAnqPuE3IWjOOw3JUvoeq0lTCX5dRe/mqH4UATANvLxnzRs1GeFIg8pVgpHkPRNMTgiLxO8jT6ojDYQnaCPW8emqFh4gFDh9V4kN7us+/FaLs3gQHBzhMaWjcat6c02w+BimYMW5aH3KM4LhCLnXxMlTnJ9DRig/jGHNWgaQMZ+6SRMN3sd+uys4Vw5tJjWtGgv18equeIIO0wiGPsDvBSWMSywY8x4clZReHSD4fsh3P0J2N/mD9lxqQD035wPfotFbsDeqEXaHEnJ8ObxrqIBMe+i2fDKWfB0RuGMI8QAvmuPqFzpzE39396r6Z2XrB+Gpn9Lcp/02+y7vTT7S+jnzx0mE4d5i6rDYcr6tGDI3UQ1dj6OeL2Tzrl5C5TLWfMXuurWvXlalCpcbLxGtkC/44mFs+HNikI5LB4SkXPDRuV9BaMjA3eE8Vsvgj2wHEuTLCGaYASrEOvdGcKrSCFRHQyckHRU1RKNe0FCubskkqGTsGfUjeOqGqgERJPir8QwXsEuqVMtjb1KFhSsT8TwhM92fJWcLofywTLnXmdvVFPqZ5GnM6Sq6TsktFm625/UoxZpJ0C1aQBOridtf6eZVH8KwkCxduAYaLct/Epk9pd7+VtB9UvxYyt7pI5lUchUhficKWGSQDMwJ9ByUaeHDgJ0vra94I6/uFdhcUyo7M0zcy3kRYI57GugdPQ3JPX+iCkFoUnCnOM28AfpOvomGEwlywAat1nf7/siMPhQ92vh4zEeaNYGUoe90ReTsCfpP0TJgbC6mEOSJ5bKReGNyz3o03/dLMd2gZAcwyDHe2kzHlYoN+NznOHd70Hh4EfRTk7Y6i0tmjpGW5T/VVYOoQ7I/W8ciOYQuGrOLd83uDfyRjapLYIvysfTdL2F6CBULTDtNJ87FLsfiIByuN9i2ylVxDiMsH1QZoHdGwV5FLqUH/dbjsJXOR7DzzDz1+iy9TDEapr2exBpvBnWx+yvhlU0JljygzevZIVAaiWPzAHmouYvST8HAtFWVeqUrlhrPmzDmahKmFg62VdLE5RrZVv4iJXhXfYhoezWBGcvOy0Vd10m7MVw4OKY4lypFHZjVRAcS/VBYHHZKsEwCrcS/VIcbUgzyOyL+iiXyb9j50XlV1rIag7MxrhNwFS6sZgiU12hapkq1xdIce0tBKa1K4/3QWIeAJIEb8wklEeMqM+XyYh0H9JifNNsE3MAMuVosLzPNDYrB5hICKwLwMo2aY6kmyWPwUlvaOxTcs5ZFv9lluP4l2WJ1j6fS612LIiTp9vYXz7jWIz1YGg9/YeiouxF8gvCpY8Hmtm24nzWYosEArUcL71Pq1FgB2F7bA7kg8r7eq7ieAfXoOY11zEZtJDg6J2mEzbR7wMSO7PnY/ZFNohs8j90rdbCnZjavD3tYxh1YIIExMATMX0RGHw1UbAjwPsrQuwRJmST47dUS2hA68tB+6XbHcqFGGw9Xd2XoBceZTHDYGImZ66ohmYfiAHnH9USx82BW4gcyVDDgbrytbQSvfjgauQ1bEjn+6dJIntg9ZU4d5LrbKNeoXDSB81LhbZk8lm7aKJVFm94Nig5g5Ef7hM8q+d9iONh9eth3AtLT8Rkz3mmA+J5GD/qK+h0nyvUi+UVI82SqTRHKvFauTWA+KjRCO1XLl4ZjWdj/AMyf4lcuVY9HZj9ojqalIsfv73XLlkUfZt+E/wBwz/KEPjPxLlyPgD7AqW/iq6/5vBcuW8G8lLfw+iFf+Nn+c/8Aa5cuU/2Kr2hWO/uv9H/5C+dVP7xcuTrsXwHD8Pn9wtN2f/C7z+q5cixGOKWvkPsvTo33zXLksjItUKv92fFcuWGAKf4m+BRR/D6rlyYBPE6eSUUdV6uQ8hQUdCp8M/MvFyHkf9RH2e/9ZH+R/wD2FfX6X5fH7Ferl6mH2Hn5fcELly5OTP/Z"
    ],
    "tags": [
      {
        "id": -51420779,
        "name": "nisi voluptate"
      },
      {
        "id": 2557708,
        "name": "anim consectetur nulla ex"
      }
    ],
    "status": "pending"
  },
  {
    "id": 9223372036854775790,
    "category": {
      "id": 87072428,
      "name": "ipsum commodo culpa"
    },
    "name": "doggie",
    "photoUrls": [
      "tempor sint nostrud",
      "quis voluptate Excepteur ad"
    ],
    "tags": [
      {
        "id": 55438180,
        "name": "esse dolore non fugiat"
      },
      {
        "id": 57871958,
        "name": "elit proident tempor"
      }
    ],
    "status": "pending"
  },
  {
    "id": 9223372036854775792,
    "category": {
      "id": 15316477,
      "name": "adipisicing ad nostrud ut"
    },
    "name": "doggie",
    "photoUrls": [
      "in dolore ad reprehenderit Ut",
      "consectetur incididunt"
    ],
    "tags": [
      {
        "id": 74585624,
        "name": "lab"
      },
      {
        "id": -78731767,
        "name": "cupidatat cillum commodo ut"
      }
    ],
    "status": "pending"
  }
]
 
16:26:14.010 [main] DEBUG com.jayway.jsonpath.internal.path.CompiledPath -- Evaluating path: $[0]['id']
16:26:14.010 [main] DEBUG com.jayway.jsonpath.internal.path.CompiledPath -- Evaluating path: $[0]['name']
16:26:14.010 [main] DEBUG com.jayway.jsonpath.internal.path.CompiledPath -- Evaluating path: $[0]['status']
]]></system-out>
  </testcase>
  <testcase name="[1.3:88] Añadir una nueva mascota, consultar, actualizar y consultar por estado" classname="karate/petstore/pet" time="1.508">
    <failure message="match failed: EQUALS&#10;  $ | not equal (STRING:STRING)&#10;  &apos;new_tweety_name&apos;&#10;  &apos;tweety&apos;&#10;&#10;classpath:karate/petstore/pet.feature:43" type="org.opentest4j.AssertionFailedError"><![CDATA[org.opentest4j.AssertionFailedError: 
match failed: EQUALS
  $ | not equal (STRING:STRING)
  'new_tweety_name'
  'tweety'

classpath:karate/petstore/pet.feature:43
	at org.junit.jupiter.api.AssertionUtils.fail(AssertionUtils.java:38)
	at org.junit.jupiter.api.Assertions.fail(Assertions.java:135)
	at com.intuit.karate.junit5.FeatureNode.lambda$next$1(FeatureNode.java:86)
	at org.junit.jupiter.engine.descriptor.DynamicTestTestDescriptor.lambda$execute$0(DynamicTestTestDescriptor.java:53)
	at org.junit.jupiter.engine.execution.InvocationInterceptorChain$ValidatingInvocation.proceed(InvocationInterceptorChain.java:131)
	at org.junit.jupiter.api.extension.InvocationInterceptor.interceptDynamicTest(InvocationInterceptor.java:167)
	at org.junit.jupiter.api.extension.InvocationInterceptor.interceptDynamicTest(InvocationInterceptor.java:184)
	at org.junit.jupiter.engine.descriptor.DynamicTestTestDescriptor.lambda$execute$1(DynamicTestTestDescriptor.java:61)
	at org.junit.jupiter.engine.execution.InvocationInterceptorChain$InterceptorCall.lambda$ofVoid$0(InvocationInterceptorChain.java:78)
	at org.junit.jupiter.engine.execution.InvocationInterceptorChain$InterceptedInvocation.proceed(InvocationInterceptorChain.java:106)
	at org.junit.jupiter.engine.execution.InvocationInterceptorChain.proceed(InvocationInterceptorChain.java:64)
	at org.junit.jupiter.engine.execution.InvocationInterceptorChain.chainAndInvoke(InvocationInterceptorChain.java:45)
	at org.junit.jupiter.engine.execution.InvocationInterceptorChain.invoke(InvocationInterceptorChain.java:37)
	at org.junit.jupiter.engine.descriptor.DynamicTestTestDescriptor.execute(DynamicTestTestDescriptor.java:60)
	at org.junit.jupiter.engine.descriptor.DynamicTestTestDescriptor.execute(DynamicTestTestDescriptor.java:32)
	at org.junit.platform.engine.support.hierarchical.NodeTestTask.lambda$executeRecursively$6(NodeTestTask.java:151)
	at org.junit.platform.engine.support.hierarchical.ThrowableCollector.execute(ThrowableCollector.java:73)
	at org.junit.platform.engine.support.hierarchical.NodeTestTask.lambda$executeRecursively$8(NodeTestTask.java:141)
	at org.junit.platform.engine.support.hierarchical.Node.around(Node.java:137)
	at org.junit.platform.engine.support.hierarchical.NodeTestTask.lambda$executeRecursively$9(NodeTestTask.java:139)
	at org.junit.platform.engine.support.hierarchical.ThrowableCollector.execute(ThrowableCollector.java:73)
	at org.junit.platform.engine.support.hierarchical.NodeTestTask.executeRecursively(NodeTestTask.java:138)
	at org.junit.platform.engine.support.hierarchical.NodeTestTask.execute(NodeTestTask.java:95)
	at org.junit.platform.engine.support.hierarchical.SameThreadHierarchicalTestExecutorService.submit(SameThreadHierarchicalTestExecutorService.java:35)
	at org.junit.platform.engine.support.hierarchical.NodeTestTask$DefaultDynamicTestExecutor.execute(NodeTestTask.java:226)
	at org.junit.platform.engine.support.hierarchical.NodeTestTask$DefaultDynamicTestExecutor.execute(NodeTestTask.java:204)
	at java.base/java.util.stream.ForEachOps$ForEachOp$OfRef.accept(ForEachOps.java:183)
	at java.base/java.util.stream.ReferencePipeline$3$1.accept(ReferencePipeline.java:197)
	at java.base/java.util.stream.ReferencePipeline$2$1.accept(ReferencePipeline.java:179)
	at java.base/java.util.stream.ReferencePipeline$3$1.accept(ReferencePipeline.java:197)
	at java.base/java.util.Iterator.forEachRemaining(Iterator.java:133)
	at java.base/java.util.Spliterators$IteratorSpliterator.forEachRemaining(Spliterators.java:1845)
	at java.base/java.util.stream.AbstractPipeline.copyInto(AbstractPipeline.java:509)
	at java.base/java.util.stream.AbstractPipeline.wrapAndCopyInto(AbstractPipeline.java:499)
	at java.base/java.util.stream.ForEachOps$ForEachOp.evaluateSequential(ForEachOps.java:150)
	at java.base/java.util.stream.ForEachOps$ForEachOp$OfRef.evaluateSequential(ForEachOps.java:173)
	at java.base/java.util.stream.AbstractPipeline.evaluate(AbstractPipeline.java:234)
	at java.base/java.util.stream.ReferencePipeline.forEachOrdered(ReferencePipeline.java:601)
	at org.junit.jupiter.engine.descriptor.DynamicContainerTestDescriptor.execute(DynamicContainerTestDescriptor.java:67)
	at org.junit.jupiter.engine.descriptor.DynamicContainerTestDescriptor.execute(DynamicContainerTestDescriptor.java:33)
	at org.junit.platform.engine.support.hierarchical.NodeTestTask.lambda$executeRecursively$6(NodeTestTask.java:151)
	at org.junit.platform.engine.support.hierarchical.ThrowableCollector.execute(ThrowableCollector.java:73)
	at org.junit.platform.engine.support.hierarchical.NodeTestTask.lambda$executeRecursively$8(NodeTestTask.java:141)
	at org.junit.platform.engine.support.hierarchical.Node.around(Node.java:137)
	at org.junit.platform.engine.support.hierarchical.NodeTestTask.lambda$executeRecursively$9(NodeTestTask.java:139)
	at org.junit.platform.engine.support.hierarchical.ThrowableCollector.execute(ThrowableCollector.java:73)
	at org.junit.platform.engine.support.hierarchical.NodeTestTask.executeRecursively(NodeTestTask.java:138)
	at org.junit.platform.engine.support.hierarchical.NodeTestTask.execute(NodeTestTask.java:95)
	at org.junit.platform.engine.support.hierarchical.SameThreadHierarchicalTestExecutorService.submit(SameThreadHierarchicalTestExecutorService.java:35)
	at org.junit.platform.engine.support.hierarchical.NodeTestTask$DefaultDynamicTestExecutor.execute(NodeTestTask.java:226)
	at org.junit.platform.engine.support.hierarchical.NodeTestTask$DefaultDynamicTestExecutor.execute(NodeTestTask.java:204)
	at java.base/java.util.Optional.ifPresent(Optional.java:178)
	at org.junit.jupiter.engine.descriptor.TestFactoryTestDescriptor.lambda$invokeTestMethod$1(TestFactoryTestDescriptor.java:108)
	at org.junit.platform.engine.support.hierarchical.ThrowableCollector.execute(ThrowableCollector.java:73)
	at org.junit.jupiter.engine.descriptor.TestFactoryTestDescriptor.invokeTestMethod(TestFactoryTestDescriptor.java:95)
	at org.junit.jupiter.engine.descriptor.TestMethodTestDescriptor.execute(TestMethodTestDescriptor.java:138)
	at org.junit.jupiter.engine.descriptor.TestMethodTestDescriptor.execute(TestMethodTestDescriptor.java:68)
	at org.junit.platform.engine.support.hierarchical.NodeTestTask.lambda$executeRecursively$6(NodeTestTask.java:151)
	at org.junit.platform.engine.support.hierarchical.ThrowableCollector.execute(ThrowableCollector.java:73)
	at org.junit.platform.engine.support.hierarchical.NodeTestTask.lambda$executeRecursively$8(NodeTestTask.java:141)
	at org.junit.platform.engine.support.hierarchical.Node.around(Node.java:137)
	at org.junit.platform.engine.support.hierarchical.NodeTestTask.lambda$executeRecursively$9(NodeTestTask.java:139)
	at org.junit.platform.engine.support.hierarchical.ThrowableCollector.execute(ThrowableCollector.java:73)
	at org.junit.platform.engine.support.hierarchical.NodeTestTask.executeRecursively(NodeTestTask.java:138)
	at org.junit.platform.engine.support.hierarchical.NodeTestTask.execute(NodeTestTask.java:95)
	at java.base/java.util.ArrayList.forEach(ArrayList.java:1511)
	at org.junit.platform.engine.support.hierarchical.SameThreadHierarchicalTestExecutorService.invokeAll(SameThreadHierarchicalTestExecutorService.java:41)
	at org.junit.platform.engine.support.hierarchical.NodeTestTask.lambda$executeRecursively$6(NodeTestTask.java:155)
	at org.junit.platform.engine.support.hierarchical.ThrowableCollector.execute(ThrowableCollector.java:73)
	at org.junit.platform.engine.support.hierarchical.NodeTestTask.lambda$executeRecursively$8(NodeTestTask.java:141)
	at org.junit.platform.engine.support.hierarchical.Node.around(Node.java:137)
	at org.junit.platform.engine.support.hierarchical.NodeTestTask.lambda$executeRecursively$9(NodeTestTask.java:139)
	at org.junit.platform.engine.support.hierarchical.ThrowableCollector.execute(ThrowableCollector.java:73)
	at org.junit.platform.engine.support.hierarchical.NodeTestTask.executeRecursively(NodeTestTask.java:138)
	at org.junit.platform.engine.support.hierarchical.NodeTestTask.execute(NodeTestTask.java:95)
	at java.base/java.util.ArrayList.forEach(ArrayList.java:1511)
	at org.junit.platform.engine.support.hierarchical.SameThreadHierarchicalTestExecutorService.invokeAll(SameThreadHierarchicalTestExecutorService.java:41)
	at org.junit.platform.engine.support.hierarchical.NodeTestTask.lambda$executeRecursively$6(NodeTestTask.java:155)
	at org.junit.platform.engine.support.hierarchical.ThrowableCollector.execute(ThrowableCollector.java:73)
	at org.junit.platform.engine.support.hierarchical.NodeTestTask.lambda$executeRecursively$8(NodeTestTask.java:141)
	at org.junit.platform.engine.support.hierarchical.Node.around(Node.java:137)
	at org.junit.platform.engine.support.hierarchical.NodeTestTask.lambda$executeRecursively$9(NodeTestTask.java:139)
	at org.junit.platform.engine.support.hierarchical.ThrowableCollector.execute(ThrowableCollector.java:73)
	at org.junit.platform.engine.support.hierarchical.NodeTestTask.executeRecursively(NodeTestTask.java:138)
	at org.junit.platform.engine.support.hierarchical.NodeTestTask.execute(NodeTestTask.java:95)
	at org.junit.platform.engine.support.hierarchical.SameThreadHierarchicalTestExecutorService.submit(SameThreadHierarchicalTestExecutorService.java:35)
	at org.junit.platform.engine.support.hierarchical.HierarchicalTestExecutor.execute(HierarchicalTestExecutor.java:57)
	at org.junit.platform.engine.support.hierarchical.HierarchicalTestEngine.execute(HierarchicalTestEngine.java:54)
	at org.junit.platform.launcher.core.EngineExecutionOrchestrator.execute(EngineExecutionOrchestrator.java:147)
	at org.junit.platform.launcher.core.EngineExecutionOrchestrator.execute(EngineExecutionOrchestrator.java:127)
	at org.junit.platform.launcher.core.EngineExecutionOrchestrator.execute(EngineExecutionOrchestrator.java:90)
	at org.junit.platform.launcher.core.EngineExecutionOrchestrator.lambda$execute$0(EngineExecutionOrchestrator.java:55)
	at org.junit.platform.launcher.core.EngineExecutionOrchestrator.withInterceptedStreams(EngineExecutionOrchestrator.java:102)
	at org.junit.platform.launcher.core.EngineExecutionOrchestrator.execute(EngineExecutionOrchestrator.java:54)
	at org.junit.platform.launcher.core.DefaultLauncher.execute(DefaultLauncher.java:114)
	at org.junit.platform.launcher.core.DefaultLauncher.execute(DefaultLauncher.java:86)
	at org.junit.platform.launcher.core.DefaultLauncherSession$DelegatingLauncher.execute(DefaultLauncherSession.java:86)
	at org.apache.maven.surefire.junitplatform.LazyLauncher.execute(LazyLauncher.java:56)
	at org.apache.maven.surefire.junitplatform.JUnitPlatformProvider.execute(JUnitPlatformProvider.java:184)
	at org.apache.maven.surefire.junitplatform.JUnitPlatformProvider.invokeAllTests(JUnitPlatformProvider.java:148)
	at org.apache.maven.surefire.junitplatform.JUnitPlatformProvider.invoke(JUnitPlatformProvider.java:122)
	at org.apache.maven.surefire.booter.ForkedBooter.runSuitesInProcess(ForkedBooter.java:385)
	at org.apache.maven.surefire.booter.ForkedBooter.execute(ForkedBooter.java:162)
	at org.apache.maven.surefire.booter.ForkedBooter.run(ForkedBooter.java:507)
	at org.apache.maven.surefire.booter.ForkedBooter.main(ForkedBooter.java:495)
]]></failure>
    <system-out><![CDATA[16:26:14.018 [main] DEBUG com.jayway.jsonpath.internal.path.CompiledPath -- Evaluating path: $
16:26:14.018 [main] DEBUG com.jayway.jsonpath.internal.path.CompiledPath -- Evaluating path: $
16:26:14.020 [main] DEBUG org.apache.http.client.protocol.RequestAddCookies -- CookieSpec selected: karate
16:26:14.020 [main] DEBUG org.apache.http.client.protocol.RequestAuthCache -- Auth cache not set in the context
16:26:14.020 [main] DEBUG com.intuit.karate -- request:
1 > POST https://petstore.swagger.io/v2/pet
1 > Content-Type: application/json; charset=UTF-8
1 > Content-Length: 141
1 > Host: petstore.swagger.io
1 > Connection: Keep-Alive
1 > User-Agent: Apache-HttpClient/4.5.14 (Java/17.0.15)
1 > Accept-Encoding: gzip,deflate
{"id":10003,"category":{"id":3,"name":"Birds"},"name":"tweety","photoUrls":["string"],"tags":[{"id":0,"name":"string"}],"status":"available"}

16:26:14.020 [main] DEBUG org.apache.http.impl.conn.PoolingHttpClientConnectionManager -- Connection request: [route: {s}->https://petstore.swagger.io:443][total available: 0; route allocated: 0 of 5; total allocated: 0 of 10]
16:26:14.020 [main] DEBUG org.apache.http.impl.conn.PoolingHttpClientConnectionManager -- Connection leased: [id: 8][route: {s}->https://petstore.swagger.io:443][total available: 0; route allocated: 1 of 5; total allocated: 1 of 10]
16:26:14.020 [main] DEBUG org.apache.http.impl.execchain.MainClientExec -- Opening connection {s}->https://petstore.swagger.io:443
16:26:14.020 [main] DEBUG org.apache.http.impl.conn.DefaultHttpClientConnectionOperator -- Connecting to petstore.swagger.io/18.207.45.59:443
16:26:14.020 [main] DEBUG org.apache.http.conn.ssl.LenientSslConnectionSocketFactory -- Connecting socket to petstore.swagger.io/18.207.45.59:443 with timeout 5000
16:26:14.089 [main] DEBUG org.apache.http.conn.ssl.LenientSslConnectionSocketFactory -- Enabled protocols: [TLSv1.3, TLSv1.2]
16:26:14.089 [main] DEBUG org.apache.http.conn.ssl.LenientSslConnectionSocketFactory -- Enabled cipher suites:[TLS_AES_256_GCM_SHA384, TLS_AES_128_GCM_SHA256, TLS_CHACHA20_POLY1305_SHA256, TLS_ECDHE_ECDSA_WITH_AES_256_GCM_SHA384, TLS_ECDHE_ECDSA_WITH_AES_128_GCM_SHA256, TLS_ECDHE_ECDSA_WITH_CHACHA20_POLY1305_SHA256, TLS_ECDHE_RSA_WITH_AES_256_GCM_SHA384, TLS_ECDHE_RSA_WITH_CHACHA20_POLY1305_SHA256, TLS_ECDHE_RSA_WITH_AES_128_GCM_SHA256, TLS_DHE_RSA_WITH_AES_256_GCM_SHA384, TLS_DHE_RSA_WITH_CHACHA20_POLY1305_SHA256, TLS_DHE_DSS_WITH_AES_256_GCM_SHA384, TLS_DHE_RSA_WITH_AES_128_GCM_SHA256, TLS_DHE_DSS_WITH_AES_128_GCM_SHA256, TLS_ECDHE_ECDSA_WITH_AES_256_CBC_SHA384, TLS_ECDHE_RSA_WITH_AES_256_CBC_SHA384, TLS_ECDHE_ECDSA_WITH_AES_128_CBC_SHA256, TLS_ECDHE_RSA_WITH_AES_128_CBC_SHA256, TLS_DHE_RSA_WITH_AES_256_CBC_SHA256, TLS_DHE_DSS_WITH_AES_256_CBC_SHA256, TLS_DHE_RSA_WITH_AES_128_CBC_SHA256, TLS_DHE_DSS_WITH_AES_128_CBC_SHA256, TLS_ECDHE_ECDSA_WITH_AES_256_CBC_SHA, TLS_ECDHE_RSA_WITH_AES_256_CBC_SHA, TLS_ECDHE_ECDSA_WITH_AES_128_CBC_SHA, TLS_ECDHE_RSA_WITH_AES_128_CBC_SHA, TLS_DHE_RSA_WITH_AES_256_CBC_SHA, TLS_DHE_DSS_WITH_AES_256_CBC_SHA, TLS_DHE_RSA_WITH_AES_128_CBC_SHA, TLS_DHE_DSS_WITH_AES_128_CBC_SHA, TLS_RSA_WITH_AES_256_GCM_SHA384, TLS_RSA_WITH_AES_128_GCM_SHA256, TLS_RSA_WITH_AES_256_CBC_SHA256, TLS_RSA_WITH_AES_128_CBC_SHA256, TLS_RSA_WITH_AES_256_CBC_SHA, TLS_RSA_WITH_AES_128_CBC_SHA, TLS_EMPTY_RENEGOTIATION_INFO_SCSV]
16:26:14.089 [main] DEBUG org.apache.http.conn.ssl.LenientSslConnectionSocketFactory -- Starting handshake
16:26:14.278 [main] DEBUG org.apache.http.conn.ssl.LenientSslConnectionSocketFactory -- Secure session established
16:26:14.278 [main] DEBUG org.apache.http.conn.ssl.LenientSslConnectionSocketFactory --  negotiated protocol: TLSv1.2
16:26:14.278 [main] DEBUG org.apache.http.conn.ssl.LenientSslConnectionSocketFactory --  negotiated cipher suite: TLS_ECDHE_RSA_WITH_AES_128_GCM_SHA256
16:26:14.278 [main] DEBUG org.apache.http.conn.ssl.LenientSslConnectionSocketFactory --  peer principal: CN=*.swagger.io
16:26:14.278 [main] DEBUG org.apache.http.conn.ssl.LenientSslConnectionSocketFactory --  peer alternative names: [*.swagger.io]
16:26:14.278 [main] DEBUG org.apache.http.conn.ssl.LenientSslConnectionSocketFactory --  issuer principal: CN=Amazon RSA 2048 M02, O=Amazon, C=US
16:26:14.278 [main] DEBUG org.apache.http.impl.conn.DefaultHttpClientConnectionOperator -- Connection established 192.168.50.172:50136<->18.207.45.59:443
16:26:14.278 [main] DEBUG org.apache.http.impl.conn.DefaultManagedHttpClientConnection -- http-outgoing-8: set socket timeout to 5000
16:26:14.278 [main] DEBUG org.apache.http.impl.execchain.MainClientExec -- Executing request POST /v2/pet HTTP/1.1
16:26:14.278 [main] DEBUG org.apache.http.impl.execchain.MainClientExec -- Target auth state: UNCHALLENGED
16:26:14.278 [main] DEBUG org.apache.http.impl.execchain.MainClientExec -- Proxy auth state: UNCHALLENGED
16:26:14.278 [main] DEBUG org.apache.http.headers -- http-outgoing-8 >> POST /v2/pet HTTP/1.1
16:26:14.278 [main] DEBUG org.apache.http.headers -- http-outgoing-8 >> Content-Type: application/json; charset=UTF-8
16:26:14.278 [main] DEBUG org.apache.http.headers -- http-outgoing-8 >> Content-Length: 141
16:26:14.278 [main] DEBUG org.apache.http.headers -- http-outgoing-8 >> Host: petstore.swagger.io
16:26:14.278 [main] DEBUG org.apache.http.headers -- http-outgoing-8 >> Connection: Keep-Alive
16:26:14.279 [main] DEBUG org.apache.http.headers -- http-outgoing-8 >> User-Agent: Apache-HttpClient/4.5.14 (Java/17.0.15)
16:26:14.279 [main] DEBUG org.apache.http.headers -- http-outgoing-8 >> Accept-Encoding: gzip,deflate
16:26:14.279 [main] DEBUG org.apache.http.wire -- http-outgoing-8 >> "POST /v2/pet HTTP/1.1[\r][\n]"
16:26:14.279 [main] DEBUG org.apache.http.wire -- http-outgoing-8 >> "Content-Type: application/json; charset=UTF-8[\r][\n]"
16:26:14.279 [main] DEBUG org.apache.http.wire -- http-outgoing-8 >> "Content-Length: 141[\r][\n]"
16:26:14.279 [main] DEBUG org.apache.http.wire -- http-outgoing-8 >> "Host: petstore.swagger.io[\r][\n]"
16:26:14.279 [main] DEBUG org.apache.http.wire -- http-outgoing-8 >> "Connection: Keep-Alive[\r][\n]"
16:26:14.279 [main] DEBUG org.apache.http.wire -- http-outgoing-8 >> "User-Agent: Apache-HttpClient/4.5.14 (Java/17.0.15)[\r][\n]"
16:26:14.279 [main] DEBUG org.apache.http.wire -- http-outgoing-8 >> "Accept-Encoding: gzip,deflate[\r][\n]"
16:26:14.279 [main] DEBUG org.apache.http.wire -- http-outgoing-8 >> "[\r][\n]"
16:26:14.279 [main] DEBUG org.apache.http.wire -- http-outgoing-8 >> "{"id":10003,"category":{"id":3,"name":"Birds"},"name":"tweety","photoUrls":["string"],"tags":[{"id":0,"name":"string"}],"status":"available"}"
16:26:14.360 [main] DEBUG org.apache.http.wire -- http-outgoing-8 << "HTTP/1.1 200 OK[\r][\n]"
16:26:14.360 [main] DEBUG org.apache.http.wire -- http-outgoing-8 << "Date: Tue, 05 Aug 2025 21:26:14 GMT[\r][\n]"
16:26:14.360 [main] DEBUG org.apache.http.wire -- http-outgoing-8 << "Content-Type: application/json[\r][\n]"
16:26:14.360 [main] DEBUG org.apache.http.wire -- http-outgoing-8 << "Transfer-Encoding: chunked[\r][\n]"
16:26:14.360 [main] DEBUG org.apache.http.wire -- http-outgoing-8 << "Connection: keep-alive[\r][\n]"
16:26:14.360 [main] DEBUG org.apache.http.wire -- http-outgoing-8 << "Access-Control-Allow-Origin: *[\r][\n]"
16:26:14.360 [main] DEBUG org.apache.http.wire -- http-outgoing-8 << "Access-Control-Allow-Methods: GET, POST, DELETE, PUT[\r][\n]"
16:26:14.360 [main] DEBUG org.apache.http.wire -- http-outgoing-8 << "Access-Control-Allow-Headers: Content-Type, api_key, Authorization[\r][\n]"
16:26:14.360 [main] DEBUG org.apache.http.wire -- http-outgoing-8 << "Server: Jetty(9.2.9.v20150224)[\r][\n]"
16:26:14.360 [main] DEBUG org.apache.http.wire -- http-outgoing-8 << "[\r][\n]"
16:26:14.360 [main] DEBUG org.apache.http.wire -- http-outgoing-8 << "8d[\r][\n]"
16:26:14.360 [main] DEBUG org.apache.http.wire -- http-outgoing-8 << "{"id":10003,"category":{"id":3,"name":"Birds"},"name":"tweety","photoUrls":["string"],"tags":[{"id":0,"name":"string"}],"status":"available"}[\r][\n]"
16:26:14.360 [main] DEBUG org.apache.http.headers -- http-outgoing-8 << HTTP/1.1 200 OK
16:26:14.360 [main] DEBUG org.apache.http.headers -- http-outgoing-8 << Date: Tue, 05 Aug 2025 21:26:14 GMT
16:26:14.360 [main] DEBUG org.apache.http.headers -- http-outgoing-8 << Content-Type: application/json
16:26:14.360 [main] DEBUG org.apache.http.headers -- http-outgoing-8 << Transfer-Encoding: chunked
16:26:14.360 [main] DEBUG org.apache.http.headers -- http-outgoing-8 << Connection: keep-alive
16:26:14.360 [main] DEBUG org.apache.http.headers -- http-outgoing-8 << Access-Control-Allow-Origin: *
16:26:14.360 [main] DEBUG org.apache.http.headers -- http-outgoing-8 << Access-Control-Allow-Methods: GET, POST, DELETE, PUT
16:26:14.360 [main] DEBUG org.apache.http.headers -- http-outgoing-8 << Access-Control-Allow-Headers: Content-Type, api_key, Authorization
16:26:14.360 [main] DEBUG org.apache.http.headers -- http-outgoing-8 << Server: Jetty(9.2.9.v20150224)
16:26:14.360 [main] DEBUG org.apache.http.impl.execchain.MainClientExec -- Connection can be kept alive indefinitely
16:26:14.360 [main] DEBUG org.apache.http.wire -- http-outgoing-8 << "0[\r][\n]"
16:26:14.360 [main] DEBUG org.apache.http.wire -- http-outgoing-8 << "[\r][\n]"
16:26:14.360 [main] DEBUG org.apache.http.impl.conn.PoolingHttpClientConnectionManager -- Connection [id: 8][route: {s}->https://petstore.swagger.io:443] can be kept alive indefinitely
16:26:14.360 [main] DEBUG org.apache.http.impl.conn.DefaultManagedHttpClientConnection -- http-outgoing-8: set socket timeout to 0
16:26:14.360 [main] DEBUG org.apache.http.impl.conn.PoolingHttpClientConnectionManager -- Connection released: [id: 8][route: {s}->https://petstore.swagger.io:443][total available: 1; route allocated: 1 of 5; total allocated: 1 of 10]
16:26:14.360 [main] DEBUG org.apache.http.impl.conn.PoolingHttpClientConnectionManager -- Connection manager is shutting down
16:26:14.360 [main] DEBUG org.apache.http.impl.conn.DefaultManagedHttpClientConnection -- http-outgoing-8: Close connection
16:26:14.360 [main] DEBUG org.apache.http.impl.conn.PoolingHttpClientConnectionManager -- Connection manager shut down
16:26:14.360 [main] DEBUG com.intuit.karate -- response time in milliseconds: 340
1 < 200
1 < Date: Tue, 05 Aug 2025 21:26:14 GMT
1 < Content-Type: application/json
1 < Transfer-Encoding: chunked
1 < Connection: keep-alive
1 < Access-Control-Allow-Origin: *
1 < Access-Control-Allow-Methods: GET, POST, DELETE, PUT
1 < Access-Control-Allow-Headers: Content-Type, api_key, Authorization
1 < Server: Jetty(9.2.9.v20150224)
{"id":10003,"category":{"id":3,"name":"Birds"},"name":"tweety","photoUrls":["string"],"tags":[{"id":0,"name":"string"}],"status":"available"}

16:26:14.360 [main] INFO com.intuit.karate -- [print] {
  "id": 10003,
  "category": {
    "id": 3,
    "name": "Birds"
  },
  "name": "tweety",
  "photoUrls": [
    "string"
  ],
  "tags": [
    {
      "id": 0,
      "name": "string"
    }
  ],
  "status": "available"
}
 
16:26:14.360 [main] DEBUG com.jayway.jsonpath.internal.path.CompiledPath -- Evaluating path: $['id']
16:26:14.360 [main] DEBUG com.jayway.jsonpath.internal.path.CompiledPath -- Evaluating path: $['name']
16:26:14.360 [main] DEBUG com.jayway.jsonpath.internal.path.CompiledPath -- Evaluating path: $['status']
16:26:14.360 [main] DEBUG org.apache.http.client.protocol.RequestAddCookies -- CookieSpec selected: karate
16:26:14.360 [main] DEBUG org.apache.http.client.protocol.RequestAuthCache -- Auth cache not set in the context
16:26:14.360 [main] DEBUG com.intuit.karate -- request:
2 > GET https://petstore.swagger.io/v2/pet/10003
2 > Content-Type: application/json
2 > Host: petstore.swagger.io
2 > Connection: Keep-Alive
2 > User-Agent: Apache-HttpClient/4.5.14 (Java/17.0.15)
2 > Accept-Encoding: gzip,deflate


16:26:14.360 [main] DEBUG org.apache.http.impl.conn.PoolingHttpClientConnectionManager -- Connection request: [route: {s}->https://petstore.swagger.io:443][total available: 0; route allocated: 0 of 5; total allocated: 0 of 10]
16:26:14.360 [main] DEBUG org.apache.http.impl.conn.PoolingHttpClientConnectionManager -- Connection leased: [id: 9][route: {s}->https://petstore.swagger.io:443][total available: 0; route allocated: 1 of 5; total allocated: 1 of 10]
16:26:14.360 [main] DEBUG org.apache.http.impl.execchain.MainClientExec -- Opening connection {s}->https://petstore.swagger.io:443
16:26:14.360 [main] DEBUG org.apache.http.impl.conn.DefaultHttpClientConnectionOperator -- Connecting to petstore.swagger.io/18.207.45.59:443
16:26:14.360 [main] DEBUG org.apache.http.conn.ssl.LenientSslConnectionSocketFactory -- Connecting socket to petstore.swagger.io/18.207.45.59:443 with timeout 5000
16:26:14.457 [main] DEBUG org.apache.http.conn.ssl.LenientSslConnectionSocketFactory -- Enabled protocols: [TLSv1.3, TLSv1.2]
16:26:14.457 [main] DEBUG org.apache.http.conn.ssl.LenientSslConnectionSocketFactory -- Enabled cipher suites:[TLS_AES_256_GCM_SHA384, TLS_AES_128_GCM_SHA256, TLS_CHACHA20_POLY1305_SHA256, TLS_ECDHE_ECDSA_WITH_AES_256_GCM_SHA384, TLS_ECDHE_ECDSA_WITH_AES_128_GCM_SHA256, TLS_ECDHE_ECDSA_WITH_CHACHA20_POLY1305_SHA256, TLS_ECDHE_RSA_WITH_AES_256_GCM_SHA384, TLS_ECDHE_RSA_WITH_CHACHA20_POLY1305_SHA256, TLS_ECDHE_RSA_WITH_AES_128_GCM_SHA256, TLS_DHE_RSA_WITH_AES_256_GCM_SHA384, TLS_DHE_RSA_WITH_CHACHA20_POLY1305_SHA256, TLS_DHE_DSS_WITH_AES_256_GCM_SHA384, TLS_DHE_RSA_WITH_AES_128_GCM_SHA256, TLS_DHE_DSS_WITH_AES_128_GCM_SHA256, TLS_ECDHE_ECDSA_WITH_AES_256_CBC_SHA384, TLS_ECDHE_RSA_WITH_AES_256_CBC_SHA384, TLS_ECDHE_ECDSA_WITH_AES_128_CBC_SHA256, TLS_ECDHE_RSA_WITH_AES_128_CBC_SHA256, TLS_DHE_RSA_WITH_AES_256_CBC_SHA256, TLS_DHE_DSS_WITH_AES_256_CBC_SHA256, TLS_DHE_RSA_WITH_AES_128_CBC_SHA256, TLS_DHE_DSS_WITH_AES_128_CBC_SHA256, TLS_ECDHE_ECDSA_WITH_AES_256_CBC_SHA, TLS_ECDHE_RSA_WITH_AES_256_CBC_SHA, TLS_ECDHE_ECDSA_WITH_AES_128_CBC_SHA, TLS_ECDHE_RSA_WITH_AES_128_CBC_SHA, TLS_DHE_RSA_WITH_AES_256_CBC_SHA, TLS_DHE_DSS_WITH_AES_256_CBC_SHA, TLS_DHE_RSA_WITH_AES_128_CBC_SHA, TLS_DHE_DSS_WITH_AES_128_CBC_SHA, TLS_RSA_WITH_AES_256_GCM_SHA384, TLS_RSA_WITH_AES_128_GCM_SHA256, TLS_RSA_WITH_AES_256_CBC_SHA256, TLS_RSA_WITH_AES_128_CBC_SHA256, TLS_RSA_WITH_AES_256_CBC_SHA, TLS_RSA_WITH_AES_128_CBC_SHA, TLS_EMPTY_RENEGOTIATION_INFO_SCSV]
16:26:14.457 [main] DEBUG org.apache.http.conn.ssl.LenientSslConnectionSocketFactory -- Starting handshake
16:26:14.546 [main] DEBUG org.apache.http.conn.ssl.LenientSslConnectionSocketFactory -- Secure session established
16:26:14.546 [main] DEBUG org.apache.http.conn.ssl.LenientSslConnectionSocketFactory --  negotiated protocol: TLSv1.2
16:26:14.546 [main] DEBUG org.apache.http.conn.ssl.LenientSslConnectionSocketFactory --  negotiated cipher suite: TLS_ECDHE_RSA_WITH_AES_128_GCM_SHA256
16:26:14.546 [main] DEBUG org.apache.http.conn.ssl.LenientSslConnectionSocketFactory --  peer principal: CN=*.swagger.io
16:26:14.546 [main] DEBUG org.apache.http.conn.ssl.LenientSslConnectionSocketFactory --  peer alternative names: [*.swagger.io]
16:26:14.546 [main] DEBUG org.apache.http.conn.ssl.LenientSslConnectionSocketFactory --  issuer principal: CN=Amazon RSA 2048 M02, O=Amazon, C=US
16:26:14.546 [main] DEBUG org.apache.http.impl.conn.DefaultHttpClientConnectionOperator -- Connection established 192.168.50.172:50137<->18.207.45.59:443
16:26:14.546 [main] DEBUG org.apache.http.impl.conn.DefaultManagedHttpClientConnection -- http-outgoing-9: set socket timeout to 5000
16:26:14.546 [main] DEBUG org.apache.http.impl.execchain.MainClientExec -- Executing request GET /v2/pet/10003 HTTP/1.1
16:26:14.546 [main] DEBUG org.apache.http.impl.execchain.MainClientExec -- Target auth state: UNCHALLENGED
16:26:14.546 [main] DEBUG org.apache.http.impl.execchain.MainClientExec -- Proxy auth state: UNCHALLENGED
16:26:14.546 [main] DEBUG org.apache.http.headers -- http-outgoing-9 >> GET /v2/pet/10003 HTTP/1.1
16:26:14.546 [main] DEBUG org.apache.http.headers -- http-outgoing-9 >> Content-Type: application/json
16:26:14.546 [main] DEBUG org.apache.http.headers -- http-outgoing-9 >> Host: petstore.swagger.io
16:26:14.546 [main] DEBUG org.apache.http.headers -- http-outgoing-9 >> Connection: Keep-Alive
16:26:14.546 [main] DEBUG org.apache.http.headers -- http-outgoing-9 >> User-Agent: Apache-HttpClient/4.5.14 (Java/17.0.15)
16:26:14.546 [main] DEBUG org.apache.http.headers -- http-outgoing-9 >> Accept-Encoding: gzip,deflate
16:26:14.546 [main] DEBUG org.apache.http.wire -- http-outgoing-9 >> "GET /v2/pet/10003 HTTP/1.1[\r][\n]"
16:26:14.546 [main] DEBUG org.apache.http.wire -- http-outgoing-9 >> "Content-Type: application/json[\r][\n]"
16:26:14.546 [main] DEBUG org.apache.http.wire -- http-outgoing-9 >> "Host: petstore.swagger.io[\r][\n]"
16:26:14.546 [main] DEBUG org.apache.http.wire -- http-outgoing-9 >> "Connection: Keep-Alive[\r][\n]"
16:26:14.546 [main] DEBUG org.apache.http.wire -- http-outgoing-9 >> "User-Agent: Apache-HttpClient/4.5.14 (Java/17.0.15)[\r][\n]"
16:26:14.546 [main] DEBUG org.apache.http.wire -- http-outgoing-9 >> "Accept-Encoding: gzip,deflate[\r][\n]"
16:26:14.546 [main] DEBUG org.apache.http.wire -- http-outgoing-9 >> "[\r][\n]"
16:26:14.626 [main] DEBUG org.apache.http.wire -- http-outgoing-9 << "HTTP/1.1 200 OK[\r][\n]"
16:26:14.626 [main] DEBUG org.apache.http.wire -- http-outgoing-9 << "Date: Tue, 05 Aug 2025 21:26:14 GMT[\r][\n]"
16:26:14.626 [main] DEBUG org.apache.http.wire -- http-outgoing-9 << "Content-Type: application/json[\r][\n]"
16:26:14.626 [main] DEBUG org.apache.http.wire -- http-outgoing-9 << "Transfer-Encoding: chunked[\r][\n]"
16:26:14.626 [main] DEBUG org.apache.http.wire -- http-outgoing-9 << "Connection: keep-alive[\r][\n]"
16:26:14.626 [main] DEBUG org.apache.http.wire -- http-outgoing-9 << "Access-Control-Allow-Origin: *[\r][\n]"
16:26:14.626 [main] DEBUG org.apache.http.wire -- http-outgoing-9 << "Access-Control-Allow-Methods: GET, POST, DELETE, PUT[\r][\n]"
16:26:14.626 [main] DEBUG org.apache.http.wire -- http-outgoing-9 << "Access-Control-Allow-Headers: Content-Type, api_key, Authorization[\r][\n]"
16:26:14.626 [main] DEBUG org.apache.http.wire -- http-outgoing-9 << "Server: Jetty(9.2.9.v20150224)[\r][\n]"
16:26:14.626 [main] DEBUG org.apache.http.wire -- http-outgoing-9 << "[\r][\n]"
16:26:14.626 [main] DEBUG org.apache.http.wire -- http-outgoing-9 << "91[\r][\n]"
16:26:14.626 [main] DEBUG org.apache.http.wire -- http-outgoing-9 << "{"id":10003,"category":{"id":3,"name":"Birds"},"name":"new_tweety_name","photoUrls":["string"],"tags":[{"id":0,"name":"string"}],"status":"sold"}[\r][\n]"
16:26:14.626 [main] DEBUG org.apache.http.headers -- http-outgoing-9 << HTTP/1.1 200 OK
16:26:14.626 [main] DEBUG org.apache.http.headers -- http-outgoing-9 << Date: Tue, 05 Aug 2025 21:26:14 GMT
16:26:14.626 [main] DEBUG org.apache.http.headers -- http-outgoing-9 << Content-Type: application/json
16:26:14.626 [main] DEBUG org.apache.http.headers -- http-outgoing-9 << Transfer-Encoding: chunked
16:26:14.626 [main] DEBUG org.apache.http.headers -- http-outgoing-9 << Connection: keep-alive
16:26:14.626 [main] DEBUG org.apache.http.headers -- http-outgoing-9 << Access-Control-Allow-Origin: *
16:26:14.626 [main] DEBUG org.apache.http.headers -- http-outgoing-9 << Access-Control-Allow-Methods: GET, POST, DELETE, PUT
16:26:14.626 [main] DEBUG org.apache.http.headers -- http-outgoing-9 << Access-Control-Allow-Headers: Content-Type, api_key, Authorization
16:26:14.626 [main] DEBUG org.apache.http.headers -- http-outgoing-9 << Server: Jetty(9.2.9.v20150224)
16:26:14.626 [main] DEBUG org.apache.http.impl.execchain.MainClientExec -- Connection can be kept alive indefinitely
16:26:14.626 [main] DEBUG org.apache.http.wire -- http-outgoing-9 << "0[\r][\n]"
16:26:14.626 [main] DEBUG org.apache.http.wire -- http-outgoing-9 << "[\r][\n]"
16:26:14.626 [main] DEBUG org.apache.http.impl.conn.PoolingHttpClientConnectionManager -- Connection [id: 9][route: {s}->https://petstore.swagger.io:443] can be kept alive indefinitely
16:26:14.626 [main] DEBUG org.apache.http.impl.conn.DefaultManagedHttpClientConnection -- http-outgoing-9: set socket timeout to 0
16:26:14.626 [main] DEBUG org.apache.http.impl.conn.PoolingHttpClientConnectionManager -- Connection released: [id: 9][route: {s}->https://petstore.swagger.io:443][total available: 1; route allocated: 1 of 5; total allocated: 1 of 10]
16:26:14.626 [main] DEBUG org.apache.http.impl.conn.PoolingHttpClientConnectionManager -- Connection manager is shutting down
16:26:14.626 [main] DEBUG org.apache.http.impl.conn.DefaultManagedHttpClientConnection -- http-outgoing-9: Close connection
16:26:14.626 [main] DEBUG org.apache.http.impl.conn.PoolingHttpClientConnectionManager -- Connection manager shut down
16:26:14.626 [main] DEBUG com.intuit.karate -- response time in milliseconds: 266
2 < 200
2 < Date: Tue, 05 Aug 2025 21:26:14 GMT
2 < Content-Type: application/json
2 < Transfer-Encoding: chunked
2 < Connection: keep-alive
2 < Access-Control-Allow-Origin: *
2 < Access-Control-Allow-Methods: GET, POST, DELETE, PUT
2 < Access-Control-Allow-Headers: Content-Type, api_key, Authorization
2 < Server: Jetty(9.2.9.v20150224)
{"id":10003,"category":{"id":3,"name":"Birds"},"name":"new_tweety_name","photoUrls":["string"],"tags":[{"id":0,"name":"string"}],"status":"sold"}

16:26:14.626 [main] INFO com.intuit.karate -- [print] {
  "id": 10003,
  "category": {
    "id": 3,
    "name": "Birds"
  },
  "name": "new_tweety_name",
  "photoUrls": [
    "string"
  ],
  "tags": [
    {
      "id": 0,
      "name": "string"
    }
  ],
  "status": "sold"
}
 
16:26:14.626 [main] DEBUG com.jayway.jsonpath.internal.path.CompiledPath -- Evaluating path: $['id']
16:26:14.626 [main] DEBUG com.jayway.jsonpath.internal.path.CompiledPath -- Evaluating path: $['name']
16:26:14.626 [main] ERROR com.intuit.karate -- classpath:karate/petstore/pet.feature:43
And match response.name == 'tweety'
match failed: EQUALS
  $ | not equal (STRING:STRING)
  'new_tweety_name'
  'tweety'

classpath:karate/petstore/pet.feature:43
16:26:14.685 [main] DEBUG org.thymeleaf.TemplateEngine -- [THYMELEAF] INITIALIZING TEMPLATE ENGINE
16:26:14.823 [main] DEBUG org.thymeleaf.TemplateEngine.CONFIG -- Initializing Thymeleaf Template engine configuration...
[THYMELEAF] TEMPLATE ENGINE CONFIGURATION:
[THYMELEAF] * Thymeleaf version: 3.1.2.RELEASE (built 2023-07-30T19:25:50+0000)
[THYMELEAF] * Cache Manager implementation: org.thymeleaf.cache.StandardCacheManager
[THYMELEAF] * Template resolvers:
[THYMELEAF]     * [1] com.intuit.karate.template.ResourceHtmlTemplateResolver
[THYMELEAF] * Message resolvers:
[THYMELEAF]     * org.thymeleaf.messageresolver.StandardMessageResolver
[THYMELEAF] * Link builders:
[THYMELEAF]     * org.thymeleaf.linkbuilder.StandardLinkBuilder
[THYMELEAF] * Dialect [1 of 2]: Standard (com.intuit.karate.template.KarateStandardDialect)
[THYMELEAF]     * Prefix: "th"
[THYMELEAF]     * Processors for Template Mode: HTML
[THYMELEAF]         * Element Tag Processors by [matching element and attribute name] [precedence]:
[THYMELEAF]             * [* {th:include,data-th-include}] [100]: org.thymeleaf.standard.processor.StandardIncludeTagProcessor
[THYMELEAF]             * [* {th:insert,data-th-insert}] [100]: org.thymeleaf.standard.processor.StandardInsertTagProcessor
[THYMELEAF]             * [* {th:replace,data-th-replace}] [100]: org.thymeleaf.standard.processor.StandardReplaceTagProcessor
[THYMELEAF]             * [* {th:each,data-th-each}] [200]: com.intuit.karate.template.KarateEachTagProcessor
[THYMELEAF]             * [* {th:switch,data-th-switch}] [250]: org.thymeleaf.standard.processor.StandardSwitchTagProcessor
[THYMELEAF]             * [* {th:case,data-th-case}] [275]: org.thymeleaf.standard.processor.StandardCaseTagProcessor
[THYMELEAF]             * [* {th:if,data-th-if}] [300]: org.thymeleaf.standard.processor.StandardIfTagProcessor
[THYMELEAF]             * [* {th:unless,data-th-unless}] [400]: org.thymeleaf.standard.processor.StandardUnlessTagProcessor
[THYMELEAF]             * [* {th:object,data-th-object}] [500]: org.thymeleaf.standard.processor.StandardObjectTagProcessor
[THYMELEAF]             * [* {th:with,data-th-with}] [600]: com.intuit.karate.template.KarateWithTagProcessor
[THYMELEAF]             * [* {th:attr,data-th-attr}] [700]: com.intuit.karate.template.KarateAttributeTagProcessor.KarateAttrTagProcessor
[THYMELEAF]             * [* {th:attrappend,data-th-attrappend}] [900]: com.intuit.karate.template.KarateAttributeTagProcessor.KarateAttrappendTagProcessor
[THYMELEAF]             * [* {th:attrprepend,data-th-attrprepend}] [900]: com.intuit.karate.template.KarateAttributeTagProcessor.KarateAttrprependTagProcessor
[THYMELEAF]             * [* {th:alt-title,data-th-alt-title}] [990]: org.thymeleaf.standard.processor.StandardAltTitleTagProcessor
[THYMELEAF]             * [* {th:lang-xmllang,data-th-lang-xmllang}] [990]: org.thymeleaf.standard.processor.StandardLangXmlLangTagProcessor
[THYMELEAF]             * [* {th:action,data-th-action}] [1000]: org.thymeleaf.standard.processor.StandardActionTagProcessor
[THYMELEAF]             * [* {th:multiple,data-th-multiple}] [1000]: org.thymeleaf.standard.processor.StandardConditionalFixedValueTagProcessor
[THYMELEAF]             * [* {th:reversed,data-th-reversed}] [1000]: org.thymeleaf.standard.processor.StandardConditionalFixedValueTagProcessor
[THYMELEAF]             * [* {th:selected,data-th-selected}] [1000]: org.thymeleaf.standard.processor.StandardConditionalFixedValueTagProcessor
[THYMELEAF]             * [* {th:controls,data-th-controls}] [1000]: org.thymeleaf.standard.processor.StandardConditionalFixedValueTagProcessor
[THYMELEAF]             * [* {th:novalidate,data-th-novalidate}] [1000]: org.thymeleaf.standard.processor.StandardConditionalFixedValueTagProcessor
[THYMELEAF]             * [* {th:seamless,data-th-seamless}] [1000]: org.thymeleaf.standard.processor.StandardConditionalFixedValueTagProcessor
[THYMELEAF]             * [* {th:checked,data-th-checked}] [1000]: org.thymeleaf.standard.processor.StandardConditionalFixedValueTagProcessor
[THYMELEAF]             * [* {th:ismap,data-th-ismap}] [1000]: org.thymeleaf.standard.processor.StandardConditionalFixedValueTagProcessor
[THYMELEAF]             * [* {th:pubdate,data-th-pubdate}] [1000]: org.thymeleaf.standard.processor.StandardConditionalFixedValueTagProcessor
[THYMELEAF]             * [* {th:scoped,data-th-scoped}] [1000]: org.thymeleaf.standard.processor.StandardConditionalFixedValueTagProcessor
[THYMELEAF]             * [* {th:autofocus,data-th-autofocus}] [1000]: org.thymeleaf.standard.processor.StandardConditionalFixedValueTagProcessor
[THYMELEAF]             * [* {th:default,data-th-default}] [1000]: org.thymeleaf.standard.processor.StandardConditionalFixedValueTagProcessor
[THYMELEAF]             * [* {th:async,data-th-async}] [1000]: org.thymeleaf.standard.processor.StandardConditionalFixedValueTagProcessor
[THYMELEAF]             * [* {th:defer,data-th-defer}] [1000]: org.thymeleaf.standard.processor.StandardConditionalFixedValueTagProcessor
[THYMELEAF]             * [* {th:formnovalidate,data-th-formnovalidate}] [1000]: org.thymeleaf.standard.processor.StandardConditionalFixedValueTagProcessor
[THYMELEAF]             * [* {th:hidden,data-th-hidden}] [1000]: org.thymeleaf.standard.processor.StandardConditionalFixedValueTagProcessor
[THYMELEAF]             * [* {th:nowrap,data-th-nowrap}] [1000]: org.thymeleaf.standard.processor.StandardConditionalFixedValueTagProcessor
[THYMELEAF]             * [* {th:autoplay,data-th-autoplay}] [1000]: org.thymeleaf.standard.processor.StandardConditionalFixedValueTagProcessor
[THYMELEAF]             * [* {th:open,data-th-open}] [1000]: org.thymeleaf.standard.processor.StandardConditionalFixedValueTagProcessor
[THYMELEAF]             * [* {th:declare,data-th-declare}] [1000]: org.thymeleaf.standard.processor.StandardConditionalFixedValueTagProcessor
[THYMELEAF]             * [* {th:loop,data-th-loop}] [1000]: org.thymeleaf.standard.processor.StandardConditionalFixedValueTagProcessor
[THYMELEAF]             * [* {th:disabled,data-th-disabled}] [1000]: org.thymeleaf.standard.processor.StandardConditionalFixedValueTagProcessor
[THYMELEAF]             * [* {th:required,data-th-required}] [1000]: org.thymeleaf.standard.processor.StandardConditionalFixedValueTagProcessor
[THYMELEAF]             * [* {th:readonly,data-th-readonly}] [1000]: org.thymeleaf.standard.processor.StandardConditionalFixedValueTagProcessor
[THYMELEAF]             * [* {th:onmouseup,data-th-onmouseup}] [1000]: org.thymeleaf.standard.processor.StandardDOMEventAttributeTagProcessor
[THYMELEAF]             * [* {th:ononline,data-th-ononline}] [1000]: org.thymeleaf.standard.processor.StandardDOMEventAttributeTagProcessor
[THYMELEAF]             * [* {th:onkeyup,data-th-onkeyup}] [1000]: org.thymeleaf.standard.processor.StandardDOMEventAttributeTagProcessor
[THYMELEAF]             * [* {th:onformchange,data-th-onformchange}] [1000]: org.thymeleaf.standard.processor.StandardDOMEventAttributeTagProcessor
[THYMELEAF]             * [* {th:ontimeupdate,data-th-ontimeupdate}] [1000]: org.thymeleaf.standard.processor.StandardDOMEventAttributeTagProcessor
[THYMELEAF]             * [* {th:ondragstart,data-th-ondragstart}] [1000]: org.thymeleaf.standard.processor.StandardDOMEventAttributeTagProcessor
[THYMELEAF]             * [* {th:onstalled,data-th-onstalled}] [1000]: org.thymeleaf.standard.processor.StandardDOMEventAttributeTagProcessor
[THYMELEAF]             * [* {th:onkeydown,data-th-onkeydown}] [1000]: org.thymeleaf.standard.processor.StandardDOMEventAttributeTagProcessor
[THYMELEAF]             * [* {th:onkeypress,data-th-onkeypress}] [1000]: org.thymeleaf.standard.processor.StandardDOMEventAttributeTagProcessor
[THYMELEAF]             * [* {th:ondragend,data-th-ondragend}] [1000]: org.thymeleaf.standard.processor.StandardDOMEventAttributeTagProcessor
[THYMELEAF]             * [* {th:onscroll,data-th-onscroll}] [1000]: org.thymeleaf.standard.processor.StandardDOMEventAttributeTagProcessor
[THYMELEAF]             * [* {th:onhashchange,data-th-onhashchange}] [1000]: org.thymeleaf.standard.processor.StandardDOMEventAttributeTagProcessor
[THYMELEAF]             * [* {th:ondragenter,data-th-ondragenter}] [1000]: org.thymeleaf.standard.processor.StandardDOMEventAttributeTagProcessor
[THYMELEAF]             * [* {th:ondragover,data-th-ondragover}] [1000]: org.thymeleaf.standard.processor.StandardDOMEventAttributeTagProcessor
[THYMELEAF]             * [* {th:onreadystatechange,data-th-onreadystatechange}] [1000]: org.thymeleaf.standard.processor.StandardDOMEventAttributeTagProcessor
[THYMELEAF]             * [* {th:onbeforeprint,data-th-onbeforeprint}] [1000]: org.thymeleaf.standard.processor.StandardDOMEventAttributeTagProcessor
[THYMELEAF]             * [* {th:ondblclick,data-th-ondblclick}] [1000]: org.thymeleaf.standard.processor.StandardDOMEventAttributeTagProcessor
[THYMELEAF]             * [* {th:oninput,data-th-oninput}] [1000]: org.thymeleaf.standard.processor.StandardDOMEventAttributeTagProcessor
[THYMELEAF]             * [* {th:onprogress,data-th-onprogress}] [1000]: org.thymeleaf.standard.processor.StandardDOMEventAttributeTagProcessor
[THYMELEAF]             * [* {th:onpopstate,data-th-onpopstate}] [1000]: org.thymeleaf.standard.processor.StandardDOMEventAttributeTagProcessor
[THYMELEAF]             * [* {th:onresize,data-th-onresize}] [1000]: org.thymeleaf.standard.processor.StandardDOMEventAttributeTagProcessor
[THYMELEAF]             * [* {th:onvolumechange,data-th-onvolumechange}] [1000]: org.thymeleaf.standard.processor.StandardDOMEventAttributeTagProcessor
[THYMELEAF]             * [* {th:oninvalid,data-th-oninvalid}] [1000]: org.thymeleaf.standard.processor.StandardDOMEventAttributeTagProcessor
[THYMELEAF]             * [* {th:onloadeddata,data-th-onloadeddata}] [1000]: org.thymeleaf.standard.processor.StandardDOMEventAttributeTagProcessor
[THYMELEAF]             * [* {th:onredo,data-th-onredo}] [1000]: org.thymeleaf.standard.processor.StandardDOMEventAttributeTagProcessor
[THYMELEAF]             * [* {th:onshow,data-th-onshow}] [1000]: org.thymeleaf.standard.processor.StandardDOMEventAttributeTagProcessor
[THYMELEAF]             * [* {th:onundo,data-th-onundo}] [1000]: org.thymeleaf.standard.processor.StandardDOMEventAttributeTagProcessor
[THYMELEAF]             * [* {th:ondrag,data-th-ondrag}] [1000]: org.thymeleaf.standard.processor.StandardDOMEventAttributeTagProcessor
[THYMELEAF]             * [* {th:onended,data-th-onended}] [1000]: org.thymeleaf.standard.processor.StandardDOMEventAttributeTagProcessor
[THYMELEAF]             * [* {th:onseeked,data-th-onseeked}] [1000]: org.thymeleaf.standard.processor.StandardDOMEventAttributeTagProcessor
[THYMELEAF]             * [* {th:onmouseover,data-th-onmouseover}] [1000]: org.thymeleaf.standard.processor.StandardDOMEventAttributeTagProcessor
[THYMELEAF]             * [* {th:onsubmit,data-th-onsubmit}] [1000]: org.thymeleaf.standard.processor.StandardDOMEventAttributeTagProcessor
[THYMELEAF]             * [* {th:ondrop,data-th-ondrop}] [1000]: org.thymeleaf.standard.processor.StandardDOMEventAttributeTagProcessor
[THYMELEAF]             * [* {th:onsuspend,data-th-onsuspend}] [1000]: org.thymeleaf.standard.processor.StandardDOMEventAttributeTagProcessor
[THYMELEAF]             * [* {th:onmousedown,data-th-onmousedown}] [1000]: org.thymeleaf.standard.processor.StandardDOMEventAttributeTagProcessor
[THYMELEAF]             * [* {th:onmouseout,data-th-onmouseout}] [1000]: org.thymeleaf.standard.processor.StandardDOMEventAttributeTagProcessor
[THYMELEAF]             * [* {th:onpause,data-th-onpause}] [1000]: org.thymeleaf.standard.processor.StandardDOMEventAttributeTagProcessor
[THYMELEAF]             * [* {th:onloadedmetadata,data-th-onloadedmetadata}] [1000]: org.thymeleaf.standard.processor.StandardDOMEventAttributeTagProcessor
[THYMELEAF]             * [* {th:onmessage,data-th-onmessage}] [1000]: org.thymeleaf.standard.processor.StandardDOMEventAttributeTagProcessor
[THYMELEAF]             * [* {th:onmousewheel,data-th-onmousewheel}] [1000]: org.thymeleaf.standard.processor.StandardDOMEventAttributeTagProcessor
[THYMELEAF]             * [* {th:onclick,data-th-onclick}] [1000]: org.thymeleaf.standard.processor.StandardDOMEventAttributeTagProcessor
[THYMELEAF]             * [* {th:onseeking,data-th-onseeking}] [1000]: org.thymeleaf.standard.processor.StandardDOMEventAttributeTagProcessor
[THYMELEAF]             * [* {th:onforminput,data-th-onforminput}] [1000]: org.thymeleaf.standard.processor.StandardDOMEventAttributeTagProcessor
[THYMELEAF]             * [* {th:onchange,data-th-onchange}] [1000]: org.thymeleaf.standard.processor.StandardDOMEventAttributeTagProcessor
[THYMELEAF]             * [* {th:onafterprint,data-th-onafterprint}] [1000]: org.thymeleaf.standard.processor.StandardDOMEventAttributeTagProcessor
[THYMELEAF]             * [* {th:oncontextmenu,data-th-oncontextmenu}] [1000]: org.thymeleaf.standard.processor.StandardDOMEventAttributeTagProcessor
[THYMELEAF]             * [* {th:onfocus,data-th-onfocus}] [1000]: org.thymeleaf.standard.processor.StandardDOMEventAttributeTagProcessor
[THYMELEAF]             * [* {th:onload,data-th-onload}] [1000]: org.thymeleaf.standard.processor.StandardDOMEventAttributeTagProcessor
[THYMELEAF]             * [* {th:ondragleave,data-th-ondragleave}] [1000]: org.thymeleaf.standard.processor.StandardDOMEventAttributeTagProcessor
[THYMELEAF]             * [* {th:onplay,data-th-onplay}] [1000]: org.thymeleaf.standard.processor.StandardDOMEventAttributeTagProcessor
[THYMELEAF]             * [* {th:onmousemove,data-th-onmousemove}] [1000]: org.thymeleaf.standard.processor.StandardDOMEventAttributeTagProcessor
[THYMELEAF]             * [* {th:ondurationchange,data-th-ondurationchange}] [1000]: org.thymeleaf.standard.processor.StandardDOMEventAttributeTagProcessor
[THYMELEAF]             * [* {th:oncanplaythrough,data-th-oncanplaythrough}] [1000]: org.thymeleaf.standard.processor.StandardDOMEventAttributeTagProcessor
[THYMELEAF]             * [* {th:onreset,data-th-onreset}] [1000]: org.thymeleaf.standard.processor.StandardDOMEventAttributeTagProcessor
[THYMELEAF]             * [* {th:onabort,data-th-onabort}] [1000]: org.thymeleaf.standard.processor.StandardDOMEventAttributeTagProcessor
[THYMELEAF]             * [* {th:onblur,data-th-onblur}] [1000]: org.thymeleaf.standard.processor.StandardDOMEventAttributeTagProcessor
[THYMELEAF]             * [* {th:onunload,data-th-onunload}] [1000]: org.thymeleaf.standard.processor.StandardDOMEventAttributeTagProcessor
[THYMELEAF]             * [* {th:onemptied,data-th-onemptied}] [1000]: org.thymeleaf.standard.processor.StandardDOMEventAttributeTagProcessor
[THYMELEAF]             * [* {th:onoffline,data-th-onoffline}] [1000]: org.thymeleaf.standard.processor.StandardDOMEventAttributeTagProcessor
[THYMELEAF]             * [* {th:onplaying,data-th-onplaying}] [1000]: org.thymeleaf.standard.processor.StandardDOMEventAttributeTagProcessor
[THYMELEAF]             * [* {th:onselect,data-th-onselect}] [1000]: org.thymeleaf.standard.processor.StandardDOMEventAttributeTagProcessor
[THYMELEAF]             * [* {th:onbeforeunload,data-th-onbeforeunload}] [1000]: org.thymeleaf.standard.processor.StandardDOMEventAttributeTagProcessor
[THYMELEAF]             * [* {th:oncanplay,data-th-oncanplay}] [1000]: org.thymeleaf.standard.processor.StandardDOMEventAttributeTagProcessor
[THYMELEAF]             * [* {th:onloadstart,data-th-onloadstart}] [1000]: org.thymeleaf.standard.processor.StandardDOMEventAttributeTagProcessor
[THYMELEAF]             * [* {th:onstorage,data-th-onstorage}] [1000]: org.thymeleaf.standard.processor.StandardDOMEventAttributeTagProcessor
[THYMELEAF]             * [* {th:onratechange,data-th-onratechange}] [1000]: org.thymeleaf.standard.processor.StandardDOMEventAttributeTagProcessor
[THYMELEAF]             * [* {th:onerror,data-th-onerror}] [1000]: org.thymeleaf.standard.processor.StandardDOMEventAttributeTagProcessor
[THYMELEAF]             * [* {th:onwaiting,data-th-onwaiting}] [1000]: org.thymeleaf.standard.processor.StandardDOMEventAttributeTagProcessor
[THYMELEAF]             * [* {th:href,data-th-href}] [1000]: org.thymeleaf.standard.processor.StandardHrefTagProcessor
[THYMELEAF]             * [* {th:inline,data-th-inline}] [1000]: org.thymeleaf.standard.processor.StandardInlineHTMLTagProcessor
[THYMELEAF]             * [* {th:method,data-th-method}] [1000]: org.thymeleaf.standard.processor.StandardMethodTagProcessor
[THYMELEAF]             * [* {th:name,data-th-name}] [1000]: org.thymeleaf.standard.processor.StandardNonRemovableAttributeTagProcessor
[THYMELEAF]             * [* {th:type,data-th-type}] [1000]: org.thymeleaf.standard.processor.StandardNonRemovableAttributeTagProcessor
[THYMELEAF]             * [* {th:accept,data-th-accept}] [1000]: org.thymeleaf.standard.processor.StandardRemovableAttributeTagProcessor
[THYMELEAF]             * [* {th:sizes,data-th-sizes}] [1000]: org.thymeleaf.standard.processor.StandardRemovableAttributeTagProcessor
[THYMELEAF]             * [* {th:step,data-th-step}] [1000]: org.thymeleaf.standard.processor.StandardRemovableAttributeTagProcessor
[THYMELEAF]             * [* {th:vspace,data-th-vspace}] [1000]: org.thymeleaf.standard.processor.StandardRemovableAttributeTagProcessor
[THYMELEAF]             * [* {th:target,data-th-target}] [1000]: org.thymeleaf.standard.processor.StandardRemovableAttributeTagProcessor
[THYMELEAF]             * [* {th:enctype,data-th-enctype}] [1000]: org.thymeleaf.standard.processor.StandardRemovableAttributeTagProcessor
[THYMELEAF]             * [* {th:dropzone,data-th-dropzone}] [1000]: org.thymeleaf.standard.processor.StandardRemovableAttributeTagProcessor
[THYMELEAF]             * [* {th:alt,data-th-alt}] [1000]: org.thymeleaf.standard.processor.StandardRemovableAttributeTagProcessor
[THYMELEAF]             * [* {th:marginwidth,data-th-marginwidth}] [1000]: org.thymeleaf.standard.processor.StandardRemovableAttributeTagProcessor
[THYMELEAF]             * [* {th:spellcheck,data-th-spellcheck}] [1000]: org.thymeleaf.standard.processor.StandardRemovableAttributeTagProcessor
[THYMELEAF]             * [* {th:codetype,data-th-codetype}] [1000]: org.thymeleaf.standard.processor.StandardRemovableAttributeTagProcessor
[THYMELEAF]             * [* {th:id,data-th-id}] [1000]: org.thymeleaf.standard.processor.StandardRemovableAttributeTagProcessor
[THYMELEAF]             * [* {th:placeholder,data-th-placeholder}] [1000]: org.thymeleaf.standard.processor.StandardRemovableAttributeTagProcessor
[THYMELEAF]             * [* {th:formtarget,data-th-formtarget}] [1000]: org.thymeleaf.standard.processor.StandardRemovableAttributeTagProcessor
[THYMELEAF]             * [* {th:maxlength,data-th-maxlength}] [1000]: org.thymeleaf.standard.processor.StandardRemovableAttributeTagProcessor
[THYMELEAF]             * [* {th:accesskey,data-th-accesskey}] [1000]: org.thymeleaf.standard.processor.StandardRemovableAttributeTagProcessor
[THYMELEAF]             * [* {th:srclang,data-th-srclang}] [1000]: org.thymeleaf.standard.processor.StandardRemovableAttributeTagProcessor
[THYMELEAF]             * [* {th:max,data-th-max}] [1000]: org.thymeleaf.standard.processor.StandardRemovableAttributeTagProcessor
[THYMELEAF]             * [* {th:media,data-th-media}] [1000]: org.thymeleaf.standard.processor.StandardRemovableAttributeTagProcessor
[THYMELEAF]             * [* {th:bgcolor,data-th-bgcolor}] [1000]: org.thymeleaf.standard.processor.StandardRemovableAttributeTagProcessor
[THYMELEAF]             * [* {th:hspace,data-th-hspace}] [1000]: org.thymeleaf.standard.processor.StandardRemovableAttributeTagProcessor
[THYMELEAF]             * [* {th:rules,data-th-rules}] [1000]: org.thymeleaf.standard.processor.StandardRemovableAttributeTagProcessor
[THYMELEAF]             * [* {th:border,data-th-border}] [1000]: org.thymeleaf.standard.processor.StandardRemovableAttributeTagProcessor
[THYMELEAF]             * [* {th:contenteditable,data-th-contenteditable}] [1000]: org.thymeleaf.standard.processor.StandardRemovableAttributeTagProcessor
[THYMELEAF]             * [* {th:valuetype,data-th-valuetype}] [1000]: org.thymeleaf.standard.processor.StandardRemovableAttributeTagProcessor
[THYMELEAF]             * [* {th:span,data-th-span}] [1000]: org.thymeleaf.standard.processor.StandardRemovableAttributeTagProcessor
[THYMELEAF]             * [* {th:colspan,data-th-colspan}] [1000]: org.thymeleaf.standard.processor.StandardRemovableAttributeTagProcessor
[THYMELEAF]             * [* {th:pattern,data-th-pattern}] [1000]: org.thymeleaf.standard.processor.StandardRemovableAttributeTagProcessor
[THYMELEAF]             * [* {th:formmethod,data-th-formmethod}] [1000]: org.thymeleaf.standard.processor.StandardRemovableAttributeTagProcessor
[THYMELEAF]             * [* {th:height,data-th-height}] [1000]: org.thymeleaf.standard.processor.StandardRemovableAttributeTagProcessor
[THYMELEAF]             * [* {th:rel,data-th-rel}] [1000]: org.thymeleaf.standard.processor.StandardRemovableAttributeTagProcessor
[THYMELEAF]             * [* {th:datetime,data-th-datetime}] [1000]: org.thymeleaf.standard.processor.StandardRemovableAttributeTagProcessor
[THYMELEAF]             * [* {th:standby,data-th-standby}] [1000]: org.thymeleaf.standard.processor.StandardRemovableAttributeTagProcessor
[THYMELEAF]             * [* {th:compact,data-th-compact}] [1000]: org.thymeleaf.standard.processor.StandardRemovableAttributeTagProcessor
[THYMELEAF]             * [* {th:list,data-th-list}] [1000]: org.thymeleaf.standard.processor.StandardRemovableAttributeTagProcessor
[THYMELEAF]             * [* {th:draggable,data-th-draggable}] [1000]: org.thymeleaf.standard.processor.StandardRemovableAttributeTagProcessor
[THYMELEAF]             * [* {th:content,data-th-content}] [1000]: org.thymeleaf.standard.processor.StandardRemovableAttributeTagProcessor
[THYMELEAF]             * [* {th:dir,data-th-dir}] [1000]: org.thymeleaf.standard.processor.StandardRemovableAttributeTagProcessor
[THYMELEAF]             * [* {th:usemap,data-th-usemap}] [1000]: org.thymeleaf.standard.processor.StandardRemovableAttributeTagProcessor
[THYMELEAF]             * [* {th:align,data-th-align}] [1000]: org.thymeleaf.standard.processor.StandardRemovableAttributeTagProcessor
[THYMELEAF]             * [* {th:scope,data-th-scope}] [1000]: org.thymeleaf.standard.processor.StandardRemovableAttributeTagProcessor
[THYMELEAF]             * [* {th:scrolling,data-th-scrolling}] [1000]: org.thymeleaf.standard.processor.StandardRemovableAttributeTagProcessor
[THYMELEAF]             * [* {th:axis,data-th-axis}] [1000]: org.thymeleaf.standard.processor.StandardRemovableAttributeTagProcessor
[THYMELEAF]             * [* {th:optimum,data-th-optimum}] [1000]: org.thymeleaf.standard.processor.StandardRemovableAttributeTagProcessor
[THYMELEAF]             * [* {th:rowspan,data-th-rowspan}] [1000]: org.thymeleaf.standard.processor.StandardRemovableAttributeTagProcessor
[THYMELEAF]             * [* {th:charset,data-th-charset}] [1000]: org.thymeleaf.standard.processor.StandardRemovableAttributeTagProcessor
[THYMELEAF]             * [* {th:size,data-th-size}] [1000]: org.thymeleaf.standard.processor.StandardRemovableAttributeTagProcessor
[THYMELEAF]             * [* {th:audio,data-th-audio}] [1000]: org.thymeleaf.standard.processor.StandardRemovableAttributeTagProcessor
[THYMELEAF]             * [* {th:background,data-th-background}] [1000]: org.thymeleaf.standard.processor.StandardRemovableAttributeTagProcessor
[THYMELEAF]             * [* {th:cellspacing,data-th-cellspacing}] [1000]: org.thymeleaf.standard.processor.StandardRemovableAttributeTagProcessor
[THYMELEAF]             * [* {th:abbr,data-th-abbr}] [1000]: org.thymeleaf.standard.processor.StandardRemovableAttributeTagProcessor
[THYMELEAF]             * [* {th:frame,data-th-frame}] [1000]: org.thymeleaf.standard.processor.StandardRemovableAttributeTagProcessor
[THYMELEAF]             * [* {th:poster,data-th-poster}] [1000]: org.thymeleaf.standard.processor.StandardRemovableAttributeTagProcessor
[THYMELEAF]             * [* {th:challenge,data-th-challenge}] [1000]: org.thymeleaf.standard.processor.StandardRemovableAttributeTagProcessor
[THYMELEAF]             * [* {th:wrap,data-th-wrap}] [1000]: org.thymeleaf.standard.processor.StandardRemovableAttributeTagProcessor
[THYMELEAF]             * [* {th:icon,data-th-icon}] [1000]: org.thymeleaf.standard.processor.StandardRemovableAttributeTagProcessor
[THYMELEAF]             * [* {th:min,data-th-min}] [1000]: org.thymeleaf.standard.processor.StandardRemovableAttributeTagProcessor
[THYMELEAF]             * [* {th:formenctype,data-th-formenctype}] [1000]: org.thymeleaf.standard.processor.StandardRemovableAttributeTagProcessor
[THYMELEAF]             * [* {th:high,data-th-high}] [1000]: org.thymeleaf.standard.processor.StandardRemovableAttributeTagProcessor
[THYMELEAF]             * [* {th:class,data-th-class}] [1000]: org.thymeleaf.standard.processor.StandardRemovableAttributeTagProcessor
[THYMELEAF]             * [* {th:manifest,data-th-manifest}] [1000]: org.thymeleaf.standard.processor.StandardRemovableAttributeTagProcessor
[THYMELEAF]             * [* {th:lang,data-th-lang}] [1000]: org.thymeleaf.standard.processor.StandardRemovableAttributeTagProcessor
[THYMELEAF]             * [* {th:frameborder,data-th-frameborder}] [1000]: org.thymeleaf.standard.processor.StandardRemovableAttributeTagProcessor
[THYMELEAF]             * [* {th:headers,data-th-headers}] [1000]: org.thymeleaf.standard.processor.StandardRemovableAttributeTagProcessor
[THYMELEAF]             * [* {th:radiogroup,data-th-radiogroup}] [1000]: org.thymeleaf.standard.processor.StandardRemovableAttributeTagProcessor
[THYMELEAF]             * [* {th:contextmenu,data-th-contextmenu}] [1000]: org.thymeleaf.standard.processor.StandardRemovableAttributeTagProcessor
[THYMELEAF]             * [* {th:autocomplete,data-th-autocomplete}] [1000]: org.thymeleaf.standard.processor.StandardRemovableAttributeTagProcessor
[THYMELEAF]             * [* {th:marginheight,data-th-marginheight}] [1000]: org.thymeleaf.standard.processor.StandardRemovableAttributeTagProcessor
[THYMELEAF]             * [* {th:scheme,data-th-scheme}] [1000]: org.thymeleaf.standard.processor.StandardRemovableAttributeTagProcessor
[THYMELEAF]             * [* {th:hreflang,data-th-hreflang}] [1000]: org.thymeleaf.standard.processor.StandardRemovableAttributeTagProcessor
[THYMELEAF]             * [* {th:formaction,data-th-formaction}] [1000]: org.thymeleaf.standard.processor.StandardRemovableAttributeTagProcessor
[THYMELEAF]             * [* {th:style,data-th-style}] [1000]: org.thymeleaf.standard.processor.StandardRemovableAttributeTagProcessor
[THYMELEAF]             * [* {th:preload,data-th-preload}] [1000]: org.thymeleaf.standard.processor.StandardRemovableAttributeTagProcessor
[THYMELEAF]             * [* {th:title,data-th-title}] [1000]: org.thymeleaf.standard.processor.StandardRemovableAttributeTagProcessor
[THYMELEAF]             * [* {th:keytype,data-th-keytype}] [1000]: org.thymeleaf.standard.processor.StandardRemovableAttributeTagProcessor
[THYMELEAF]             * [* {th:rows,data-th-rows}] [1000]: org.thymeleaf.standard.processor.StandardRemovableAttributeTagProcessor
[THYMELEAF]             * [* {th:data,data-th-data}] [1000]: org.thymeleaf.standard.processor.StandardRemovableAttributeTagProcessor
[THYMELEAF]             * [* {th:tabindex,data-th-tabindex}] [1000]: org.thymeleaf.standard.processor.StandardRemovableAttributeTagProcessor
[THYMELEAF]             * [* {th:label,data-th-label}] [1000]: org.thymeleaf.standard.processor.StandardRemovableAttributeTagProcessor
[THYMELEAF]             * [* {th:accept-charset,data-th-accept-charset}] [1000]: org.thymeleaf.standard.processor.StandardRemovableAttributeTagProcessor
[THYMELEAF]             * [* {th:cellpadding,data-th-cellpadding}] [1000]: org.thymeleaf.standard.processor.StandardRemovableAttributeTagProcessor
[THYMELEAF]             * [* {th:sandbox,data-th-sandbox}] [1000]: org.thymeleaf.standard.processor.StandardRemovableAttributeTagProcessor
[THYMELEAF]             * [* {th:low,data-th-low}] [1000]: org.thymeleaf.standard.processor.StandardRemovableAttributeTagProcessor
[THYMELEAF]             * [* {th:width,data-th-width}] [1000]: org.thymeleaf.standard.processor.StandardRemovableAttributeTagProcessor
[THYMELEAF]             * [* {th:classid,data-th-classid}] [1000]: org.thymeleaf.standard.processor.StandardRemovableAttributeTagProcessor
[THYMELEAF]             * [* {th:kind,data-th-kind}] [1000]: org.thymeleaf.standard.processor.StandardRemovableAttributeTagProcessor
[THYMELEAF]             * [* {th:form,data-th-form}] [1000]: org.thymeleaf.standard.processor.StandardRemovableAttributeTagProcessor
[THYMELEAF]             * [* {th:cols,data-th-cols}] [1000]: org.thymeleaf.standard.processor.StandardRemovableAttributeTagProcessor
[THYMELEAF]             * [* {th:rev,data-th-rev}] [1000]: org.thymeleaf.standard.processor.StandardRemovableAttributeTagProcessor
[THYMELEAF]             * [* {th:archive,data-th-archive}] [1000]: org.thymeleaf.standard.processor.StandardRemovableAttributeTagProcessor
[THYMELEAF]             * [* {th:longdesc,data-th-longdesc}] [1000]: org.thymeleaf.standard.processor.StandardRemovableAttributeTagProcessor
[THYMELEAF]             * [* {th:for,data-th-for}] [1000]: org.thymeleaf.standard.processor.StandardRemovableAttributeTagProcessor
[THYMELEAF]             * [* {th:cite,data-th-cite}] [1000]: org.thymeleaf.standard.processor.StandardRemovableAttributeTagProcessor
[THYMELEAF]             * [* {th:codebase,data-th-codebase}] [1000]: org.thymeleaf.standard.processor.StandardRemovableAttributeTagProcessor
[THYMELEAF]             * [* {th:start,data-th-start}] [1000]: org.thymeleaf.standard.processor.StandardRemovableAttributeTagProcessor
[THYMELEAF]             * [* {th:summary,data-th-summary}] [1000]: org.thymeleaf.standard.processor.StandardRemovableAttributeTagProcessor
[THYMELEAF]             * [* {th:http-equiv,data-th-http-equiv}] [1000]: org.thymeleaf.standard.processor.StandardRemovableAttributeTagProcessor
[THYMELEAF]             * [* {th:src,data-th-src}] [1000]: org.thymeleaf.standard.processor.StandardSrcTagProcessor
[THYMELEAF]             * [* {th:value,data-th-value}] [1000]: org.thymeleaf.standard.processor.StandardValueTagProcessor
[THYMELEAF]             * [* {th:xmlbase,data-th-xmlbase}] [1000]: org.thymeleaf.standard.processor.StandardXmlBaseTagProcessor
[THYMELEAF]             * [* {th:xmllang,data-th-xmllang}] [1000]: org.thymeleaf.standard.processor.StandardXmlLangTagProcessor
[THYMELEAF]             * [* {xmlns:th}] [1000]: org.thymeleaf.standard.processor.StandardXmlNsTagProcessor
[THYMELEAF]             * [* {th:xmlspace,data-th-xmlspace}] [1000]: org.thymeleaf.standard.processor.StandardXmlSpaceTagProcessor
[THYMELEAF]             * [* {th:classappend,data-th-classappend}] [1100]: org.thymeleaf.standard.processor.StandardClassappendTagProcessor
[THYMELEAF]             * [* {th:styleappend,data-th-styleappend}] [1100]: org.thymeleaf.standard.processor.StandardStyleappendTagProcessor
[THYMELEAF]             * [* {th:text,data-th-text}] [1300]: org.thymeleaf.standard.processor.StandardTextTagProcessor
[THYMELEAF]             * [* {th:utext,data-th-utext}] [1400]: org.thymeleaf.standard.processor.StandardUtextTagProcessor
[THYMELEAF]             * [* {th:fragment,data-th-fragment}] [1500]: org.thymeleaf.standard.processor.StandardFragmentTagProcessor
[THYMELEAF]             * [* {th:assert,data-th-assert}] [1550]: org.thymeleaf.standard.processor.StandardAssertTagProcessor
[THYMELEAF]             * [* {th:remove,data-th-remove}] [1600]: org.thymeleaf.standard.processor.StandardRemoveTagProcessor
[THYMELEAF]             * [* {th:ref,data-th-ref}] [10000]: org.thymeleaf.standard.processor.StandardRefAttributeTagProcessor
[THYMELEAF]             * [{th:block,th-block} *] [100000]: org.thymeleaf.standard.processor.StandardBlockTagProcessor
[THYMELEAF]             * [* th:*] [2147483647]: org.thymeleaf.standard.processor.StandardDefaultAttributesTagProcessor
[THYMELEAF]         * Text Processors by [precedence]:
[THYMELEAF]             * [1000]: org.thymeleaf.standard.processor.StandardInliningTextProcessor
[THYMELEAF]         * DOCTYPE Processors by [precedence]:
[THYMELEAF]             * [1000]: org.thymeleaf.standard.processor.StandardTranslationDocTypeProcessor
[THYMELEAF]         * CDATA Section Processors by [precedence]:
[THYMELEAF]             * [1000]: org.thymeleaf.standard.processor.StandardInliningCDATASectionProcessor
[THYMELEAF]         * Comment Processors by [precedence]:
[THYMELEAF]             * [1000]: org.thymeleaf.standard.processor.StandardInliningCommentProcessor
[THYMELEAF]             * [1100]: org.thymeleaf.standard.processor.StandardConditionalCommentProcessor
[THYMELEAF]     * Processors for Template Mode: XML
[THYMELEAF]         * Element Tag Processors by [matching element and attribute name] [precedence]:
[THYMELEAF]             * [* {th:include}] [100]: org.thymeleaf.standard.processor.StandardIncludeTagProcessor
[THYMELEAF]             * [* {th:insert}] [100]: org.thymeleaf.standard.processor.StandardInsertTagProcessor
[THYMELEAF]             * [* {th:replace}] [100]: org.thymeleaf.standard.processor.StandardReplaceTagProcessor
[THYMELEAF]             * [* {th:each}] [200]: com.intuit.karate.template.KarateEachTagProcessor
[THYMELEAF]             * [* {th:switch}] [250]: org.thymeleaf.standard.processor.StandardSwitchTagProcessor
[THYMELEAF]             * [* {th:case}] [275]: org.thymeleaf.standard.processor.StandardCaseTagProcessor
[THYMELEAF]             * [* {th:if}] [300]: org.thymeleaf.standard.processor.StandardIfTagProcessor
[THYMELEAF]             * [* {th:unless}] [400]: org.thymeleaf.standard.processor.StandardUnlessTagProcessor
[THYMELEAF]             * [* {th:object}] [500]: org.thymeleaf.standard.processor.StandardObjectTagProcessor
[THYMELEAF]             * [* {th:with}] [600]: com.intuit.karate.template.KarateWithTagProcessor
[THYMELEAF]             * [* {th:attr}] [700]: com.intuit.karate.template.KarateAttributeTagProcessor.KarateAttrTagProcessor
[THYMELEAF]             * [* {th:attrappend}] [900]: com.intuit.karate.template.KarateAttributeTagProcessor.KarateAttrappendTagProcessor
[THYMELEAF]             * [* {th:attrprepend}] [900]: com.intuit.karate.template.KarateAttributeTagProcessor.KarateAttrprependTagProcessor
[THYMELEAF]             * [* {th:inline}] [1000]: org.thymeleaf.standard.processor.StandardInlineXMLTagProcessor
[THYMELEAF]             * [* {xmlns:th}] [1000]: org.thymeleaf.standard.processor.StandardXmlNsTagProcessor
[THYMELEAF]             * [* {th:text}] [1300]: org.thymeleaf.standard.processor.StandardTextTagProcessor
[THYMELEAF]             * [* {th:utext}] [1400]: org.thymeleaf.standard.processor.StandardUtextTagProcessor
[THYMELEAF]             * [* {th:fragment}] [1500]: org.thymeleaf.standard.processor.StandardFragmentTagProcessor
[THYMELEAF]             * [* {th:assert}] [1550]: org.thymeleaf.standard.processor.StandardAssertTagProcessor
[THYMELEAF]             * [* {th:remove}] [1600]: org.thymeleaf.standard.processor.StandardRemoveTagProcessor
[THYMELEAF]             * [* {th:ref}] [10000]: org.thymeleaf.standard.processor.StandardRefAttributeTagProcessor
[THYMELEAF]             * [{th:block} *] [100000]: org.thymeleaf.standard.processor.StandardBlockTagProcessor
[THYMELEAF]             * [* th:*] [2147483647]: org.thymeleaf.standard.processor.StandardDefaultAttributesTagProcessor
[THYMELEAF]         * Text Processors by [precedence]:
[THYMELEAF]             * [1000]: org.thymeleaf.standard.processor.StandardInliningTextProcessor
[THYMELEAF]         * CDATA Section Processors by [precedence]:
[THYMELEAF]             * [1000]: org.thymeleaf.standard.processor.StandardInliningCDATASectionProcessor
[THYMELEAF]         * Comment Processors by [precedence]:
[THYMELEAF]             * [1000]: org.thymeleaf.standard.processor.StandardInliningCommentProcessor
[THYMELEAF]     * Processors for Template Mode: TEXT
[THYMELEAF]         * Element Tag Processors by [matching element and attribute name] [precedence]:
[THYMELEAF]             * [* {th:insert}] [100]: org.thymeleaf.standard.processor.StandardInsertTagProcessor
[THYMELEAF]             * [* {th:replace}] [100]: org.thymeleaf.standard.processor.StandardReplaceTagProcessor
[THYMELEAF]             * [* {th:each}] [200]: com.intuit.karate.template.KarateEachTagProcessor
[THYMELEAF]             * [* {th:switch}] [250]: org.thymeleaf.standard.processor.StandardSwitchTagProcessor
[THYMELEAF]             * [* {th:case}] [275]: org.thymeleaf.standard.processor.StandardCaseTagProcessor
[THYMELEAF]             * [* {th:if}] [300]: org.thymeleaf.standard.processor.StandardIfTagProcessor
[THYMELEAF]             * [* {th:unless}] [400]: org.thymeleaf.standard.processor.StandardUnlessTagProcessor
[THYMELEAF]             * [* {th:object}] [500]: org.thymeleaf.standard.processor.StandardObjectTagProcessor
[THYMELEAF]             * [* {th:with}] [600]: com.intuit.karate.template.KarateWithTagProcessor
[THYMELEAF]             * [* {th:inline}] [1000]: org.thymeleaf.standard.processor.StandardInlineTextualTagProcessor
[THYMELEAF]             * [* {th:text}] [1300]: org.thymeleaf.standard.processor.StandardTextTagProcessor
[THYMELEAF]             * [* {th:utext}] [1400]: org.thymeleaf.standard.processor.StandardUtextTagProcessor
[THYMELEAF]             * [* {th:assert}] [1550]: org.thymeleaf.standard.processor.StandardAssertTagProcessor
[THYMELEAF]             * [* {th:remove}] [1600]: org.thymeleaf.standard.processor.StandardRemoveTagProcessor
[THYMELEAF]             * [* 100000] [org.thymeleaf.standard.processor.StandardBlockTagProcessor]: {}
[THYMELEAF]             * [{th:block} *] [100000]: org.thymeleaf.standard.processor.StandardBlockTagProcessor
[THYMELEAF]         * Text Processors by [precedence]:
[THYMELEAF]             * [1000]: org.thymeleaf.standard.processor.StandardInliningTextProcessor
[THYMELEAF]     * Processors for Template Mode: JAVASCRIPT
[THYMELEAF]         * Element Tag Processors by [matching element and attribute name] [precedence]:
[THYMELEAF]             * [* {th:insert}] [100]: org.thymeleaf.standard.processor.StandardInsertTagProcessor
[THYMELEAF]             * [* {th:replace}] [100]: org.thymeleaf.standard.processor.StandardReplaceTagProcessor
[THYMELEAF]             * [* {th:each}] [200]: com.intuit.karate.template.KarateEachTagProcessor
[THYMELEAF]             * [* {th:switch}] [250]: org.thymeleaf.standard.processor.StandardSwitchTagProcessor
[THYMELEAF]             * [* {th:case}] [275]: org.thymeleaf.standard.processor.StandardCaseTagProcessor
[THYMELEAF]             * [* {th:if}] [300]: org.thymeleaf.standard.processor.StandardIfTagProcessor
[THYMELEAF]             * [* {th:unless}] [400]: org.thymeleaf.standard.processor.StandardUnlessTagProcessor
[THYMELEAF]             * [* {th:object}] [500]: org.thymeleaf.standard.processor.StandardObjectTagProcessor
[THYMELEAF]             * [* {th:with}] [600]: com.intuit.karate.template.KarateWithTagProcessor
[THYMELEAF]             * [* {th:inline}] [1000]: org.thymeleaf.standard.processor.StandardInlineTextualTagProcessor
[THYMELEAF]             * [* {th:text}] [1300]: org.thymeleaf.standard.processor.StandardTextTagProcessor
[THYMELEAF]             * [* {th:utext}] [1400]: org.thymeleaf.standard.processor.StandardUtextTagProcessor
[THYMELEAF]             * [* {th:assert}] [1550]: org.thymeleaf.standard.processor.StandardAssertTagProcessor
[THYMELEAF]             * [* {th:remove}] [1600]: org.thymeleaf.standard.processor.StandardRemoveTagProcessor
[THYMELEAF]             * [* 100000] [org.thymeleaf.standard.processor.StandardBlockTagProcessor]: {}
[THYMELEAF]             * [{th:block} *] [100000]: org.thymeleaf.standard.processor.StandardBlockTagProcessor
[THYMELEAF]         * Text Processors by [precedence]:
[THYMELEAF]             * [1000]: org.thymeleaf.standard.processor.StandardInliningTextProcessor
[THYMELEAF]     * Processors for Template Mode: CSS
[THYMELEAF]         * Element Tag Processors by [matching element and attribute name] [precedence]:
[THYMELEAF]             * [* {th:insert}] [100]: org.thymeleaf.standard.processor.StandardInsertTagProcessor
[THYMELEAF]             * [* {th:replace}] [100]: org.thymeleaf.standard.processor.StandardReplaceTagProcessor
[THYMELEAF]             * [* {th:each}] [200]: com.intuit.karate.template.KarateEachTagProcessor
[THYMELEAF]             * [* {th:switch}] [250]: org.thymeleaf.standard.processor.StandardSwitchTagProcessor
[THYMELEAF]             * [* {th:case}] [275]: org.thymeleaf.standard.processor.StandardCaseTagProcessor
[THYMELEAF]             * [* {th:if}] [300]: org.thymeleaf.standard.processor.StandardIfTagProcessor
[THYMELEAF]             * [* {th:unless}] [400]: org.thymeleaf.standard.processor.StandardUnlessTagProcessor
[THYMELEAF]             * [* {th:object}] [500]: org.thymeleaf.standard.processor.StandardObjectTagProcessor
[THYMELEAF]             * [* {th:with}] [600]: com.intuit.karate.template.KarateWithTagProcessor
[THYMELEAF]             * [* {th:inline}] [1000]: org.thymeleaf.standard.processor.StandardInlineTextualTagProcessor
[THYMELEAF]             * [* {th:text}] [1300]: org.thymeleaf.standard.processor.StandardTextTagProcessor
[THYMELEAF]             * [* {th:utext}] [1400]: org.thymeleaf.standard.processor.StandardUtextTagProcessor
[THYMELEAF]             * [* {th:assert}] [1550]: org.thymeleaf.standard.processor.StandardAssertTagProcessor
[THYMELEAF]             * [* {th:remove}] [1600]: org.thymeleaf.standard.processor.StandardRemoveTagProcessor
[THYMELEAF]             * [* 100000] [org.thymeleaf.standard.processor.StandardBlockTagProcessor]: {}
[THYMELEAF]             * [{th:block} *] [100000]: org.thymeleaf.standard.processor.StandardBlockTagProcessor
[THYMELEAF]         * Text Processors by [precedence]:
[THYMELEAF]             * [1000]: org.thymeleaf.standard.processor.StandardInliningTextProcessor
[THYMELEAF]     * Expression Objects:
[THYMELEAF]         * #ctx
[THYMELEAF]         * #root
[THYMELEAF]         * #vars
[THYMELEAF]         * #object
[THYMELEAF]         * #locale
[THYMELEAF]         * #conversions
[THYMELEAF]         * #uris
[THYMELEAF]         * #temporals
[THYMELEAF]         * #calendars
[THYMELEAF]         * #dates
[THYMELEAF]         * #bools
[THYMELEAF]         * #numbers
[THYMELEAF]         * #objects
[THYMELEAF]         * #strings
[THYMELEAF]         * #arrays
[THYMELEAF]         * #lists
[THYMELEAF]         * #sets
[THYMELEAF]         * #maps
[THYMELEAF]         * #aggregates
[THYMELEAF]         * #messages
[THYMELEAF]         * #ids
[THYMELEAF]         * #execInfo
[THYMELEAF]         * #request
[THYMELEAF]         * #response
[THYMELEAF]         * #session
[THYMELEAF]         * #servletContext
[THYMELEAF]     * Execution Attributes:
[THYMELEAF]         * "StandardExpressionParser": com.intuit.karate.template.KarateStandardDialect@26e0d39c
[THYMELEAF]         * "StandardJavaScriptSerializer": org.thymeleaf.standard.serializer.StandardJavaScriptSerializer@4f3c7808
[THYMELEAF]         * "StandardCSSSerializer": org.thymeleaf.standard.serializer.StandardCSSSerializer@4b4969ea
[THYMELEAF]         * "StandardVariableExpressionEvaluator": com.intuit.karate.template.KarateStandardDialect@26e0d39c
[THYMELEAF]         * "StandardConversionService": org.thymeleaf.standard.expression.StandardConversionService@11c581a0
[THYMELEAF] * Dialect [2 of 2]: karate (com.intuit.karate.template.KarateScriptDialect)
[THYMELEAF]     * Prefix: "ka"
[THYMELEAF]     * Processors for Template Mode: HTML
[THYMELEAF]         * Element Tag Processors by [matching element and attribute name] [precedence]:
[THYMELEAF]             * [* {src}] [1000]: com.intuit.karate.template.KaScriptAttrProcessor
[THYMELEAF]         * Element Model Processors by [matching element and attribute name] [precedence]:
[THYMELEAF]             * [{script} {ka:scope,data-ka-scope}] [1000]: com.intuit.karate.template.KaScriptElemProcessor
[THYMELEAF]             * [* {ka:set,data-ka-set}] [1000]: com.intuit.karate.template.KaSetElemProcessor
[THYMELEAF] TEMPLATE ENGINE CONFIGURED OK
16:26:14.823 [main] DEBUG org.thymeleaf.TemplateEngine -- [THYMELEAF] TEMPLATE ENGINE INITIALIZED
---------------------------------------------------------
feature: classpath:karate/petstore/pet.feature
scenarios:  3 | passed:  2 | failed:  1 | time: 3,3747
---------------------------------------------------------

Karate version: 1.4.1
======================================================
elapsed:   5,92 | threads:    1 | thread time: 3,38 
features:     1 | skipped:    0 | efficiency: 0,57
scenarios:    3 | passed:     2 | failed: 1
======================================================
>>> failed features:
match failed: EQUALS
  $ | not equal (STRING:STRING)
  'new_tweety_name'
  'tweety'

classpath:karate/petstore/pet.feature:43
<<<
16:26:15.417 [main] DEBUG org.thymeleaf.TemplateEngine -- [THYMELEAF] INITIALIZING TEMPLATE ENGINE
16:26:15.417 [main] DEBUG org.thymeleaf.TemplateEngine.CONFIG -- Initializing Thymeleaf Template engine configuration...
[THYMELEAF] TEMPLATE ENGINE CONFIGURATION:
[THYMELEAF] * Thymeleaf version: 3.1.2.RELEASE (built 2023-07-30T19:25:50+0000)
[THYMELEAF] * Cache Manager implementation: org.thymeleaf.cache.StandardCacheManager
[THYMELEAF] * Template resolvers:
[THYMELEAF]     * [1] com.intuit.karate.template.ResourceHtmlTemplateResolver
[THYMELEAF] * Message resolvers:
[THYMELEAF]     * org.thymeleaf.messageresolver.StandardMessageResolver
[THYMELEAF] * Link builders:
[THYMELEAF]     * org.thymeleaf.linkbuilder.StandardLinkBuilder
[THYMELEAF] * Dialect [1 of 2]: Standard (com.intuit.karate.template.KarateStandardDialect)
[THYMELEAF]     * Prefix: "th"
[THYMELEAF]     * Processors for Template Mode: HTML
[THYMELEAF]         * Element Tag Processors by [matching element and attribute name] [precedence]:
[THYMELEAF]             * [* {th:include,data-th-include}] [100]: org.thymeleaf.standard.processor.StandardIncludeTagProcessor
[THYMELEAF]             * [* {th:insert,data-th-insert}] [100]: org.thymeleaf.standard.processor.StandardInsertTagProcessor
[THYMELEAF]             * [* {th:replace,data-th-replace}] [100]: org.thymeleaf.standard.processor.StandardReplaceTagProcessor
[THYMELEAF]             * [* {th:each,data-th-each}] [200]: com.intuit.karate.template.KarateEachTagProcessor
[THYMELEAF]             * [* {th:switch,data-th-switch}] [250]: org.thymeleaf.standard.processor.StandardSwitchTagProcessor
[THYMELEAF]             * [* {th:case,data-th-case}] [275]: org.thymeleaf.standard.processor.StandardCaseTagProcessor
[THYMELEAF]             * [* {th:if,data-th-if}] [300]: org.thymeleaf.standard.processor.StandardIfTagProcessor
[THYMELEAF]             * [* {th:unless,data-th-unless}] [400]: org.thymeleaf.standard.processor.StandardUnlessTagProcessor
[THYMELEAF]             * [* {th:object,data-th-object}] [500]: org.thymeleaf.standard.processor.StandardObjectTagProcessor
[THYMELEAF]             * [* {th:with,data-th-with}] [600]: com.intuit.karate.template.KarateWithTagProcessor
[THYMELEAF]             * [* {th:attr,data-th-attr}] [700]: com.intuit.karate.template.KarateAttributeTagProcessor.KarateAttrTagProcessor
[THYMELEAF]             * [* {th:attrappend,data-th-attrappend}] [900]: com.intuit.karate.template.KarateAttributeTagProcessor.KarateAttrappendTagProcessor
[THYMELEAF]             * [* {th:attrprepend,data-th-attrprepend}] [900]: com.intuit.karate.template.KarateAttributeTagProcessor.KarateAttrprependTagProcessor
[THYMELEAF]             * [* {th:alt-title,data-th-alt-title}] [990]: org.thymeleaf.standard.processor.StandardAltTitleTagProcessor
[THYMELEAF]             * [* {th:lang-xmllang,data-th-lang-xmllang}] [990]: org.thymeleaf.standard.processor.StandardLangXmlLangTagProcessor
[THYMELEAF]             * [* {th:action,data-th-action}] [1000]: org.thymeleaf.standard.processor.StandardActionTagProcessor
[THYMELEAF]             * [* {th:declare,data-th-declare}] [1000]: org.thymeleaf.standard.processor.StandardConditionalFixedValueTagProcessor
[THYMELEAF]             * [* {th:seamless,data-th-seamless}] [1000]: org.thymeleaf.standard.processor.StandardConditionalFixedValueTagProcessor
[THYMELEAF]             * [* {th:formnovalidate,data-th-formnovalidate}] [1000]: org.thymeleaf.standard.processor.StandardConditionalFixedValueTagProcessor
[THYMELEAF]             * [* {th:multiple,data-th-multiple}] [1000]: org.thymeleaf.standard.processor.StandardConditionalFixedValueTagProcessor
[THYMELEAF]             * [* {th:autoplay,data-th-autoplay}] [1000]: org.thymeleaf.standard.processor.StandardConditionalFixedValueTagProcessor
[THYMELEAF]             * [* {th:ismap,data-th-ismap}] [1000]: org.thymeleaf.standard.processor.StandardConditionalFixedValueTagProcessor
[THYMELEAF]             * [* {th:hidden,data-th-hidden}] [1000]: org.thymeleaf.standard.processor.StandardConditionalFixedValueTagProcessor
[THYMELEAF]             * [* {th:open,data-th-open}] [1000]: org.thymeleaf.standard.processor.StandardConditionalFixedValueTagProcessor
[THYMELEAF]             * [* {th:readonly,data-th-readonly}] [1000]: org.thymeleaf.standard.processor.StandardConditionalFixedValueTagProcessor
[THYMELEAF]             * [* {th:required,data-th-required}] [1000]: org.thymeleaf.standard.processor.StandardConditionalFixedValueTagProcessor
[THYMELEAF]             * [* {th:novalidate,data-th-novalidate}] [1000]: org.thymeleaf.standard.processor.StandardConditionalFixedValueTagProcessor
[THYMELEAF]             * [* {th:async,data-th-async}] [1000]: org.thymeleaf.standard.processor.StandardConditionalFixedValueTagProcessor
[THYMELEAF]             * [* {th:pubdate,data-th-pubdate}] [1000]: org.thymeleaf.standard.processor.StandardConditionalFixedValueTagProcessor
[THYMELEAF]             * [* {th:disabled,data-th-disabled}] [1000]: org.thymeleaf.standard.processor.StandardConditionalFixedValueTagProcessor
[THYMELEAF]             * [* {th:controls,data-th-controls}] [1000]: org.thymeleaf.standard.processor.StandardConditionalFixedValueTagProcessor
[THYMELEAF]             * [* {th:reversed,data-th-reversed}] [1000]: org.thymeleaf.standard.processor.StandardConditionalFixedValueTagProcessor
[THYMELEAF]             * [* {th:selected,data-th-selected}] [1000]: org.thymeleaf.standard.processor.StandardConditionalFixedValueTagProcessor
[THYMELEAF]             * [* {th:default,data-th-default}] [1000]: org.thymeleaf.standard.processor.StandardConditionalFixedValueTagProcessor
[THYMELEAF]             * [* {th:autofocus,data-th-autofocus}] [1000]: org.thymeleaf.standard.processor.StandardConditionalFixedValueTagProcessor
[THYMELEAF]             * [* {th:nowrap,data-th-nowrap}] [1000]: org.thymeleaf.standard.processor.StandardConditionalFixedValueTagProcessor
[THYMELEAF]             * [* {th:scoped,data-th-scoped}] [1000]: org.thymeleaf.standard.processor.StandardConditionalFixedValueTagProcessor
[THYMELEAF]             * [* {th:loop,data-th-loop}] [1000]: org.thymeleaf.standard.processor.StandardConditionalFixedValueTagProcessor
[THYMELEAF]             * [* {th:defer,data-th-defer}] [1000]: org.thymeleaf.standard.processor.StandardConditionalFixedValueTagProcessor
[THYMELEAF]             * [* {th:checked,data-th-checked}] [1000]: org.thymeleaf.standard.processor.StandardConditionalFixedValueTagProcessor
[THYMELEAF]             * [* {th:onstorage,data-th-onstorage}] [1000]: org.thymeleaf.standard.processor.StandardDOMEventAttributeTagProcessor
[THYMELEAF]             * [* {th:onvolumechange,data-th-onvolumechange}] [1000]: org.thymeleaf.standard.processor.StandardDOMEventAttributeTagProcessor
[THYMELEAF]             * [* {th:onratechange,data-th-onratechange}] [1000]: org.thymeleaf.standard.processor.StandardDOMEventAttributeTagProcessor
[THYMELEAF]             * [* {th:ondragend,data-th-ondragend}] [1000]: org.thymeleaf.standard.processor.StandardDOMEventAttributeTagProcessor
[THYMELEAF]             * [* {th:ondragleave,data-th-ondragleave}] [1000]: org.thymeleaf.standard.processor.StandardDOMEventAttributeTagProcessor
[THYMELEAF]             * [* {th:onoffline,data-th-onoffline}] [1000]: org.thymeleaf.standard.processor.StandardDOMEventAttributeTagProcessor
[THYMELEAF]             * [* {th:ondragenter,data-th-ondragenter}] [1000]: org.thymeleaf.standard.processor.StandardDOMEventAttributeTagProcessor
[THYMELEAF]             * [* {th:onsuspend,data-th-onsuspend}] [1000]: org.thymeleaf.standard.processor.StandardDOMEventAttributeTagProcessor
[THYMELEAF]             * [* {th:onended,data-th-onended}] [1000]: org.thymeleaf.standard.processor.StandardDOMEventAttributeTagProcessor
[THYMELEAF]             * [* {th:onunload,data-th-onunload}] [1000]: org.thymeleaf.standard.processor.StandardDOMEventAttributeTagProcessor
[THYMELEAF]             * [* {th:onmouseout,data-th-onmouseout}] [1000]: org.thymeleaf.standard.processor.StandardDOMEventAttributeTagProcessor
[THYMELEAF]             * [* {th:onreadystatechange,data-th-onreadystatechange}] [1000]: org.thymeleaf.standard.processor.StandardDOMEventAttributeTagProcessor
[THYMELEAF]             * [* {th:onredo,data-th-onredo}] [1000]: org.thymeleaf.standard.processor.StandardDOMEventAttributeTagProcessor
[THYMELEAF]             * [* {th:onmessage,data-th-onmessage}] [1000]: org.thymeleaf.standard.processor.StandardDOMEventAttributeTagProcessor
[THYMELEAF]             * [* {th:onloadstart,data-th-onloadstart}] [1000]: org.thymeleaf.standard.processor.StandardDOMEventAttributeTagProcessor
[THYMELEAF]             * [* {th:onerror,data-th-onerror}] [1000]: org.thymeleaf.standard.processor.StandardDOMEventAttributeTagProcessor
[THYMELEAF]             * [* {th:onseeked,data-th-onseeked}] [1000]: org.thymeleaf.standard.processor.StandardDOMEventAttributeTagProcessor
[THYMELEAF]             * [* {th:onmousedown,data-th-onmousedown}] [1000]: org.thymeleaf.standard.processor.StandardDOMEventAttributeTagProcessor
[THYMELEAF]             * [* {th:onbeforeunload,data-th-onbeforeunload}] [1000]: org.thymeleaf.standard.processor.StandardDOMEventAttributeTagProcessor
[THYMELEAF]             * [* {th:onsubmit,data-th-onsubmit}] [1000]: org.thymeleaf.standard.processor.StandardDOMEventAttributeTagProcessor
[THYMELEAF]             * [* {th:ondblclick,data-th-ondblclick}] [1000]: org.thymeleaf.standard.processor.StandardDOMEventAttributeTagProcessor
[THYMELEAF]             * [* {th:onbeforeprint,data-th-onbeforeprint}] [1000]: org.thymeleaf.standard.processor.StandardDOMEventAttributeTagProcessor
[THYMELEAF]             * [* {th:oncontextmenu,data-th-oncontextmenu}] [1000]: org.thymeleaf.standard.processor.StandardDOMEventAttributeTagProcessor
[THYMELEAF]             * [* {th:oncanplaythrough,data-th-oncanplaythrough}] [1000]: org.thymeleaf.standard.processor.StandardDOMEventAttributeTagProcessor
[THYMELEAF]             * [* {th:onscroll,data-th-onscroll}] [1000]: org.thymeleaf.standard.processor.StandardDOMEventAttributeTagProcessor
[THYMELEAF]             * [* {th:onchange,data-th-onchange}] [1000]: org.thymeleaf.standard.processor.StandardDOMEventAttributeTagProcessor
[THYMELEAF]             * [* {th:onreset,data-th-onreset}] [1000]: org.thymeleaf.standard.processor.StandardDOMEventAttributeTagProcessor
[THYMELEAF]             * [* {th:onprogress,data-th-onprogress}] [1000]: org.thymeleaf.standard.processor.StandardDOMEventAttributeTagProcessor
[THYMELEAF]             * [* {th:onplay,data-th-onplay}] [1000]: org.thymeleaf.standard.processor.StandardDOMEventAttributeTagProcessor
[THYMELEAF]             * [* {th:onload,data-th-onload}] [1000]: org.thymeleaf.standard.processor.StandardDOMEventAttributeTagProcessor
[THYMELEAF]             * [* {th:onundo,data-th-onundo}] [1000]: org.thymeleaf.standard.processor.StandardDOMEventAttributeTagProcessor
[THYMELEAF]             * [* {th:onplaying,data-th-onplaying}] [1000]: org.thymeleaf.standard.processor.StandardDOMEventAttributeTagProcessor
[THYMELEAF]             * [* {th:onresize,data-th-onresize}] [1000]: org.thymeleaf.standard.processor.StandardDOMEventAttributeTagProcessor
[THYMELEAF]             * [* {th:ondrop,data-th-ondrop}] [1000]: org.thymeleaf.standard.processor.StandardDOMEventAttributeTagProcessor
[THYMELEAF]             * [* {th:onselect,data-th-onselect}] [1000]: org.thymeleaf.standard.processor.StandardDOMEventAttributeTagProcessor
[THYMELEAF]             * [* {th:onseeking,data-th-onseeking}] [1000]: org.thymeleaf.standard.processor.StandardDOMEventAttributeTagProcessor
[THYMELEAF]             * [* {th:onclick,data-th-onclick}] [1000]: org.thymeleaf.standard.processor.StandardDOMEventAttributeTagProcessor
[THYMELEAF]             * [* {th:oncanplay,data-th-oncanplay}] [1000]: org.thymeleaf.standard.processor.StandardDOMEventAttributeTagProcessor
[THYMELEAF]             * [* {th:ondragover,data-th-ondragover}] [1000]: org.thymeleaf.standard.processor.StandardDOMEventAttributeTagProcessor
[THYMELEAF]             * [* {th:onhashchange,data-th-onhashchange}] [1000]: org.thymeleaf.standard.processor.StandardDOMEventAttributeTagProcessor
[THYMELEAF]             * [* {th:onwaiting,data-th-onwaiting}] [1000]: org.thymeleaf.standard.processor.StandardDOMEventAttributeTagProcessor
[THYMELEAF]             * [* {th:onfocus,data-th-onfocus}] [1000]: org.thymeleaf.standard.processor.StandardDOMEventAttributeTagProcessor
[THYMELEAF]             * [* {th:oninvalid,data-th-oninvalid}] [1000]: org.thymeleaf.standard.processor.StandardDOMEventAttributeTagProcessor
[THYMELEAF]             * [* {th:onafterprint,data-th-onafterprint}] [1000]: org.thymeleaf.standard.processor.StandardDOMEventAttributeTagProcessor
[THYMELEAF]             * [* {th:onabort,data-th-onabort}] [1000]: org.thymeleaf.standard.processor.StandardDOMEventAttributeTagProcessor
[THYMELEAF]             * [* {th:onmouseup,data-th-onmouseup}] [1000]: org.thymeleaf.standard.processor.StandardDOMEventAttributeTagProcessor
[THYMELEAF]             * [* {th:onmousemove,data-th-onmousemove}] [1000]: org.thymeleaf.standard.processor.StandardDOMEventAttributeTagProcessor
[THYMELEAF]             * [* {th:onshow,data-th-onshow}] [1000]: org.thymeleaf.standard.processor.StandardDOMEventAttributeTagProcessor
[THYMELEAF]             * [* {th:onpause,data-th-onpause}] [1000]: org.thymeleaf.standard.processor.StandardDOMEventAttributeTagProcessor
[THYMELEAF]             * [* {th:onblur,data-th-onblur}] [1000]: org.thymeleaf.standard.processor.StandardDOMEventAttributeTagProcessor
[THYMELEAF]             * [* {th:onemptied,data-th-onemptied}] [1000]: org.thymeleaf.standard.processor.StandardDOMEventAttributeTagProcessor
[THYMELEAF]             * [* {th:onloadeddata,data-th-onloadeddata}] [1000]: org.thymeleaf.standard.processor.StandardDOMEventAttributeTagProcessor
[THYMELEAF]             * [* {th:onkeydown,data-th-onkeydown}] [1000]: org.thymeleaf.standard.processor.StandardDOMEventAttributeTagProcessor
[THYMELEAF]             * [* {th:ondurationchange,data-th-ondurationchange}] [1000]: org.thymeleaf.standard.processor.StandardDOMEventAttributeTagProcessor
[THYMELEAF]             * [* {th:ontimeupdate,data-th-ontimeupdate}] [1000]: org.thymeleaf.standard.processor.StandardDOMEventAttributeTagProcessor
[THYMELEAF]             * [* {th:onforminput,data-th-onforminput}] [1000]: org.thymeleaf.standard.processor.StandardDOMEventAttributeTagProcessor
[THYMELEAF]             * [* {th:oninput,data-th-oninput}] [1000]: org.thymeleaf.standard.processor.StandardDOMEventAttributeTagProcessor
[THYMELEAF]             * [* {th:onformchange,data-th-onformchange}] [1000]: org.thymeleaf.standard.processor.StandardDOMEventAttributeTagProcessor
[THYMELEAF]             * [* {th:ondragstart,data-th-ondragstart}] [1000]: org.thymeleaf.standard.processor.StandardDOMEventAttributeTagProcessor
[THYMELEAF]             * [* {th:onpopstate,data-th-onpopstate}] [1000]: org.thymeleaf.standard.processor.StandardDOMEventAttributeTagProcessor
[THYMELEAF]             * [* {th:onkeyup,data-th-onkeyup}] [1000]: org.thymeleaf.standard.processor.StandardDOMEventAttributeTagProcessor
[THYMELEAF]             * [* {th:ononline,data-th-ononline}] [1000]: org.thymeleaf.standard.processor.StandardDOMEventAttributeTagProcessor
[THYMELEAF]             * [* {th:onstalled,data-th-onstalled}] [1000]: org.thymeleaf.standard.processor.StandardDOMEventAttributeTagProcessor
[THYMELEAF]             * [* {th:onkeypress,data-th-onkeypress}] [1000]: org.thymeleaf.standard.processor.StandardDOMEventAttributeTagProcessor
[THYMELEAF]             * [* {th:onmousewheel,data-th-onmousewheel}] [1000]: org.thymeleaf.standard.processor.StandardDOMEventAttributeTagProcessor
[THYMELEAF]             * [* {th:onloadedmetadata,data-th-onloadedmetadata}] [1000]: org.thymeleaf.standard.processor.StandardDOMEventAttributeTagProcessor
[THYMELEAF]             * [* {th:onmouseover,data-th-onmouseover}] [1000]: org.thymeleaf.standard.processor.StandardDOMEventAttributeTagProcessor
[THYMELEAF]             * [* {th:ondrag,data-th-ondrag}] [1000]: org.thymeleaf.standard.processor.StandardDOMEventAttributeTagProcessor
[THYMELEAF]             * [* {th:href,data-th-href}] [1000]: org.thymeleaf.standard.processor.StandardHrefTagProcessor
[THYMELEAF]             * [* {th:inline,data-th-inline}] [1000]: org.thymeleaf.standard.processor.StandardInlineHTMLTagProcessor
[THYMELEAF]             * [* {th:method,data-th-method}] [1000]: org.thymeleaf.standard.processor.StandardMethodTagProcessor
[THYMELEAF]             * [* {th:type,data-th-type}] [1000]: org.thymeleaf.standard.processor.StandardNonRemovableAttributeTagProcessor
[THYMELEAF]             * [* {th:name,data-th-name}] [1000]: org.thymeleaf.standard.processor.StandardNonRemovableAttributeTagProcessor
[THYMELEAF]             * [* {th:keytype,data-th-keytype}] [1000]: org.thymeleaf.standard.processor.StandardRemovableAttributeTagProcessor
[THYMELEAF]             * [* {th:accesskey,data-th-accesskey}] [1000]: org.thymeleaf.standard.processor.StandardRemovableAttributeTagProcessor
[THYMELEAF]             * [* {th:min,data-th-min}] [1000]: org.thymeleaf.standard.processor.StandardRemovableAttributeTagProcessor
[THYMELEAF]             * [* {th:marginwidth,data-th-marginwidth}] [1000]: org.thymeleaf.standard.processor.StandardRemovableAttributeTagProcessor
[THYMELEAF]             * [* {th:hreflang,data-th-hreflang}] [1000]: org.thymeleaf.standard.processor.StandardRemovableAttributeTagProcessor
[THYMELEAF]             * [* {th:audio,data-th-audio}] [1000]: org.thymeleaf.standard.processor.StandardRemovableAttributeTagProcessor
[THYMELEAF]             * [* {th:sandbox,data-th-sandbox}] [1000]: org.thymeleaf.standard.processor.StandardRemovableAttributeTagProcessor
[THYMELEAF]             * [* {th:challenge,data-th-challenge}] [1000]: org.thymeleaf.standard.processor.StandardRemovableAttributeTagProcessor
[THYMELEAF]             * [* {th:start,data-th-start}] [1000]: org.thymeleaf.standard.processor.StandardRemovableAttributeTagProcessor
[THYMELEAF]             * [* {th:style,data-th-style}] [1000]: org.thymeleaf.standard.processor.StandardRemovableAttributeTagProcessor
[THYMELEAF]             * [* {th:width,data-th-width}] [1000]: org.thymeleaf.standard.processor.StandardRemovableAttributeTagProcessor
[THYMELEAF]             * [* {th:bgcolor,data-th-bgcolor}] [1000]: org.thymeleaf.standard.processor.StandardRemovableAttributeTagProcessor
[THYMELEAF]             * [* {th:rev,data-th-rev}] [1000]: org.thymeleaf.standard.processor.StandardRemovableAttributeTagProcessor
[THYMELEAF]             * [* {th:form,data-th-form}] [1000]: org.thymeleaf.standard.processor.StandardRemovableAttributeTagProcessor
[THYMELEAF]             * [* {th:longdesc,data-th-longdesc}] [1000]: org.thymeleaf.standard.processor.StandardRemovableAttributeTagProcessor
[THYMELEAF]             * [* {th:axis,data-th-axis}] [1000]: org.thymeleaf.standard.processor.StandardRemovableAttributeTagProcessor
[THYMELEAF]             * [* {th:data,data-th-data}] [1000]: org.thymeleaf.standard.processor.StandardRemovableAttributeTagProcessor
[THYMELEAF]             * [* {th:usemap,data-th-usemap}] [1000]: org.thymeleaf.standard.processor.StandardRemovableAttributeTagProcessor
[THYMELEAF]             * [* {th:hspace,data-th-hspace}] [1000]: org.thymeleaf.standard.processor.StandardRemovableAttributeTagProcessor
[THYMELEAF]             * [* {th:standby,data-th-standby}] [1000]: org.thymeleaf.standard.processor.StandardRemovableAttributeTagProcessor
[THYMELEAF]             * [* {th:background,data-th-background}] [1000]: org.thymeleaf.standard.processor.StandardRemovableAttributeTagProcessor
[THYMELEAF]             * [* {th:colspan,data-th-colspan}] [1000]: org.thymeleaf.standard.processor.StandardRemovableAttributeTagProcessor
[THYMELEAF]             * [* {th:contenteditable,data-th-contenteditable}] [1000]: org.thymeleaf.standard.processor.StandardRemovableAttributeTagProcessor
[THYMELEAF]             * [* {th:autocomplete,data-th-autocomplete}] [1000]: org.thymeleaf.standard.processor.StandardRemovableAttributeTagProcessor
[THYMELEAF]             * [* {th:max,data-th-max}] [1000]: org.thymeleaf.standard.processor.StandardRemovableAttributeTagProcessor
[THYMELEAF]             * [* {th:marginheight,data-th-marginheight}] [1000]: org.thymeleaf.standard.processor.StandardRemovableAttributeTagProcessor
[THYMELEAF]             * [* {th:scope,data-th-scope}] [1000]: org.thymeleaf.standard.processor.StandardRemovableAttributeTagProcessor
[THYMELEAF]             * [* {th:datetime,data-th-datetime}] [1000]: org.thymeleaf.standard.processor.StandardRemovableAttributeTagProcessor
[THYMELEAF]             * [* {th:label,data-th-label}] [1000]: org.thymeleaf.standard.processor.StandardRemovableAttributeTagProcessor
[THYMELEAF]             * [* {th:border,data-th-border}] [1000]: org.thymeleaf.standard.processor.StandardRemovableAttributeTagProcessor
[THYMELEAF]             * [* {th:compact,data-th-compact}] [1000]: org.thymeleaf.standard.processor.StandardRemovableAttributeTagProcessor
[THYMELEAF]             * [* {th:icon,data-th-icon}] [1000]: org.thymeleaf.standard.processor.StandardRemovableAttributeTagProcessor
[THYMELEAF]             * [* {th:dropzone,data-th-dropzone}] [1000]: org.thymeleaf.standard.processor.StandardRemovableAttributeTagProcessor
[THYMELEAF]             * [* {th:list,data-th-list}] [1000]: org.thymeleaf.standard.processor.StandardRemovableAttributeTagProcessor
[THYMELEAF]             * [* {th:optimum,data-th-optimum}] [1000]: org.thymeleaf.standard.processor.StandardRemovableAttributeTagProcessor
[THYMELEAF]             * [* {th:cols,data-th-cols}] [1000]: org.thymeleaf.standard.processor.StandardRemovableAttributeTagProcessor
[THYMELEAF]             * [* {th:accept-charset,data-th-accept-charset}] [1000]: org.thymeleaf.standard.processor.StandardRemovableAttributeTagProcessor
[THYMELEAF]             * [* {th:for,data-th-for}] [1000]: org.thymeleaf.standard.processor.StandardRemovableAttributeTagProcessor
[THYMELEAF]             * [* {th:scrolling,data-th-scrolling}] [1000]: org.thymeleaf.standard.processor.StandardRemovableAttributeTagProcessor
[THYMELEAF]             * [* {th:formaction,data-th-formaction}] [1000]: org.thymeleaf.standard.processor.StandardRemovableAttributeTagProcessor
[THYMELEAF]             * [* {th:formenctype,data-th-formenctype}] [1000]: org.thymeleaf.standard.processor.StandardRemovableAttributeTagProcessor
[THYMELEAF]             * [* {th:spellcheck,data-th-spellcheck}] [1000]: org.thymeleaf.standard.processor.StandardRemovableAttributeTagProcessor
[THYMELEAF]             * [* {th:sizes,data-th-sizes}] [1000]: org.thymeleaf.standard.processor.StandardRemovableAttributeTagProcessor
[THYMELEAF]             * [* {th:height,data-th-height}] [1000]: org.thymeleaf.standard.processor.StandardRemovableAttributeTagProcessor
[THYMELEAF]             * [* {th:high,data-th-high}] [1000]: org.thymeleaf.standard.processor.StandardRemovableAttributeTagProcessor
[THYMELEAF]             * [* {th:charset,data-th-charset}] [1000]: org.thymeleaf.standard.processor.StandardRemovableAttributeTagProcessor
[THYMELEAF]             * [* {th:tabindex,data-th-tabindex}] [1000]: org.thymeleaf.standard.processor.StandardRemovableAttributeTagProcessor
[THYMELEAF]             * [* {th:rel,data-th-rel}] [1000]: org.thymeleaf.standard.processor.StandardRemovableAttributeTagProcessor
[THYMELEAF]             * [* {th:summary,data-th-summary}] [1000]: org.thymeleaf.standard.processor.StandardRemovableAttributeTagProcessor
[THYMELEAF]             * [* {th:id,data-th-id}] [1000]: org.thymeleaf.standard.processor.StandardRemovableAttributeTagProcessor
[THYMELEAF]             * [* {th:codetype,data-th-codetype}] [1000]: org.thymeleaf.standard.processor.StandardRemovableAttributeTagProcessor
[THYMELEAF]             * [* {th:lang,data-th-lang}] [1000]: org.thymeleaf.standard.processor.StandardRemovableAttributeTagProcessor
[THYMELEAF]             * [* {th:low,data-th-low}] [1000]: org.thymeleaf.standard.processor.StandardRemovableAttributeTagProcessor
[THYMELEAF]             * [* {th:maxlength,data-th-maxlength}] [1000]: org.thymeleaf.standard.processor.StandardRemovableAttributeTagProcessor
[THYMELEAF]             * [* {th:frame,data-th-frame}] [1000]: org.thymeleaf.standard.processor.StandardRemovableAttributeTagProcessor
[THYMELEAF]             * [* {th:rowspan,data-th-rowspan}] [1000]: org.thymeleaf.standard.processor.StandardRemovableAttributeTagProcessor
[THYMELEAF]             * [* {th:cellspacing,data-th-cellspacing}] [1000]: org.thymeleaf.standard.processor.StandardRemovableAttributeTagProcessor
[THYMELEAF]             * [* {th:srclang,data-th-srclang}] [1000]: org.thymeleaf.standard.processor.StandardRemovableAttributeTagProcessor
[THYMELEAF]             * [* {th:accept,data-th-accept}] [1000]: org.thymeleaf.standard.processor.StandardRemovableAttributeTagProcessor
[THYMELEAF]             * [* {th:codebase,data-th-codebase}] [1000]: org.thymeleaf.standard.processor.StandardRemovableAttributeTagProcessor
[THYMELEAF]             * [* {th:formtarget,data-th-formtarget}] [1000]: org.thymeleaf.standard.processor.StandardRemovableAttributeTagProcessor
[THYMELEAF]             * [* {th:step,data-th-step}] [1000]: org.thymeleaf.standard.processor.StandardRemovableAttributeTagProcessor
[THYMELEAF]             * [* {th:formmethod,data-th-formmethod}] [1000]: org.thymeleaf.standard.processor.StandardRemovableAttributeTagProcessor
[THYMELEAF]             * [* {th:poster,data-th-poster}] [1000]: org.thymeleaf.standard.processor.StandardRemovableAttributeTagProcessor
[THYMELEAF]             * [* {th:http-equiv,data-th-http-equiv}] [1000]: org.thymeleaf.standard.processor.StandardRemovableAttributeTagProcessor
[THYMELEAF]             * [* {th:class,data-th-class}] [1000]: org.thymeleaf.standard.processor.StandardRemovableAttributeTagProcessor
[THYMELEAF]             * [* {th:span,data-th-span}] [1000]: org.thymeleaf.standard.processor.StandardRemovableAttributeTagProcessor
[THYMELEAF]             * [* {th:vspace,data-th-vspace}] [1000]: org.thymeleaf.standard.processor.StandardRemovableAttributeTagProcessor
[THYMELEAF]             * [* {th:manifest,data-th-manifest}] [1000]: org.thymeleaf.standard.processor.StandardRemovableAttributeTagProcessor
[THYMELEAF]             * [* {th:dir,data-th-dir}] [1000]: org.thymeleaf.standard.processor.StandardRemovableAttributeTagProcessor
[THYMELEAF]             * [* {th:rules,data-th-rules}] [1000]: org.thymeleaf.standard.processor.StandardRemovableAttributeTagProcessor
[THYMELEAF]             * [* {th:cite,data-th-cite}] [1000]: org.thymeleaf.standard.processor.StandardRemovableAttributeTagProcessor
[THYMELEAF]             * [* {th:abbr,data-th-abbr}] [1000]: org.thymeleaf.standard.processor.StandardRemovableAttributeTagProcessor
[THYMELEAF]             * [* {th:cellpadding,data-th-cellpadding}] [1000]: org.thymeleaf.standard.processor.StandardRemovableAttributeTagProcessor
[THYMELEAF]             * [* {th:headers,data-th-headers}] [1000]: org.thymeleaf.standard.processor.StandardRemovableAttributeTagProcessor
[THYMELEAF]             * [* {th:enctype,data-th-enctype}] [1000]: org.thymeleaf.standard.processor.StandardRemovableAttributeTagProcessor
[THYMELEAF]             * [* {th:valuetype,data-th-valuetype}] [1000]: org.thymeleaf.standard.processor.StandardRemovableAttributeTagProcessor
[THYMELEAF]             * [* {th:alt,data-th-alt}] [1000]: org.thymeleaf.standard.processor.StandardRemovableAttributeTagProcessor
[THYMELEAF]             * [* {th:frameborder,data-th-frameborder}] [1000]: org.thymeleaf.standard.processor.StandardRemovableAttributeTagProcessor
[THYMELEAF]             * [* {th:radiogroup,data-th-radiogroup}] [1000]: org.thymeleaf.standard.processor.StandardRemovableAttributeTagProcessor
[THYMELEAF]             * [* {th:content,data-th-content}] [1000]: org.thymeleaf.standard.processor.StandardRemovableAttributeTagProcessor
[THYMELEAF]             * [* {th:contextmenu,data-th-contextmenu}] [1000]: org.thymeleaf.standard.processor.StandardRemovableAttributeTagProcessor
[THYMELEAF]             * [* {th:pattern,data-th-pattern}] [1000]: org.thymeleaf.standard.processor.StandardRemovableAttributeTagProcessor
[THYMELEAF]             * [* {th:placeholder,data-th-placeholder}] [1000]: org.thymeleaf.standard.processor.StandardRemovableAttributeTagProcessor
[THYMELEAF]             * [* {th:preload,data-th-preload}] [1000]: org.thymeleaf.standard.processor.StandardRemovableAttributeTagProcessor
[THYMELEAF]             * [* {th:media,data-th-media}] [1000]: org.thymeleaf.standard.processor.StandardRemovableAttributeTagProcessor
[THYMELEAF]             * [* {th:scheme,data-th-scheme}] [1000]: org.thymeleaf.standard.processor.StandardRemovableAttributeTagProcessor
[THYMELEAF]             * [* {th:classid,data-th-classid}] [1000]: org.thymeleaf.standard.processor.StandardRemovableAttributeTagProcessor
[THYMELEAF]             * [* {th:rows,data-th-rows}] [1000]: org.thymeleaf.standard.processor.StandardRemovableAttributeTagProcessor
[THYMELEAF]             * [* {th:archive,data-th-archive}] [1000]: org.thymeleaf.standard.processor.StandardRemovableAttributeTagProcessor
[THYMELEAF]             * [* {th:align,data-th-align}] [1000]: org.thymeleaf.standard.processor.StandardRemovableAttributeTagProcessor
[THYMELEAF]             * [* {th:draggable,data-th-draggable}] [1000]: org.thymeleaf.standard.processor.StandardRemovableAttributeTagProcessor
[THYMELEAF]             * [* {th:size,data-th-size}] [1000]: org.thymeleaf.standard.processor.StandardRemovableAttributeTagProcessor
[THYMELEAF]             * [* {th:kind,data-th-kind}] [1000]: org.thymeleaf.standard.processor.StandardRemovableAttributeTagProcessor
[THYMELEAF]             * [* {th:title,data-th-title}] [1000]: org.thymeleaf.standard.processor.StandardRemovableAttributeTagProcessor
[THYMELEAF]             * [* {th:wrap,data-th-wrap}] [1000]: org.thymeleaf.standard.processor.StandardRemovableAttributeTagProcessor
[THYMELEAF]             * [* {th:target,data-th-target}] [1000]: org.thymeleaf.standard.processor.StandardRemovableAttributeTagProcessor
[THYMELEAF]             * [* {th:src,data-th-src}] [1000]: org.thymeleaf.standard.processor.StandardSrcTagProcessor
[THYMELEAF]             * [* {th:value,data-th-value}] [1000]: org.thymeleaf.standard.processor.StandardValueTagProcessor
[THYMELEAF]             * [* {th:xmlbase,data-th-xmlbase}] [1000]: org.thymeleaf.standard.processor.StandardXmlBaseTagProcessor
[THYMELEAF]             * [* {th:xmllang,data-th-xmllang}] [1000]: org.thymeleaf.standard.processor.StandardXmlLangTagProcessor
[THYMELEAF]             * [* {xmlns:th}] [1000]: org.thymeleaf.standard.processor.StandardXmlNsTagProcessor
[THYMELEAF]             * [* {th:xmlspace,data-th-xmlspace}] [1000]: org.thymeleaf.standard.processor.StandardXmlSpaceTagProcessor
[THYMELEAF]             * [* {th:classappend,data-th-classappend}] [1100]: org.thymeleaf.standard.processor.StandardClassappendTagProcessor
[THYMELEAF]             * [* {th:styleappend,data-th-styleappend}] [1100]: org.thymeleaf.standard.processor.StandardStyleappendTagProcessor
[THYMELEAF]             * [* {th:text,data-th-text}] [1300]: org.thymeleaf.standard.processor.StandardTextTagProcessor
[THYMELEAF]             * [* {th:utext,data-th-utext}] [1400]: org.thymeleaf.standard.processor.StandardUtextTagProcessor
[THYMELEAF]             * [* {th:fragment,data-th-fragment}] [1500]: org.thymeleaf.standard.processor.StandardFragmentTagProcessor
[THYMELEAF]             * [* {th:assert,data-th-assert}] [1550]: org.thymeleaf.standard.processor.StandardAssertTagProcessor
[THYMELEAF]             * [* {th:remove,data-th-remove}] [1600]: org.thymeleaf.standard.processor.StandardRemoveTagProcessor
[THYMELEAF]             * [* {th:ref,data-th-ref}] [10000]: org.thymeleaf.standard.processor.StandardRefAttributeTagProcessor
[THYMELEAF]             * [{th:block,th-block} *] [100000]: org.thymeleaf.standard.processor.StandardBlockTagProcessor
[THYMELEAF]             * [* th:*] [2147483647]: org.thymeleaf.standard.processor.StandardDefaultAttributesTagProcessor
[THYMELEAF]         * Text Processors by [precedence]:
[THYMELEAF]             * [1000]: org.thymeleaf.standard.processor.StandardInliningTextProcessor
[THYMELEAF]         * DOCTYPE Processors by [precedence]:
[THYMELEAF]             * [1000]: org.thymeleaf.standard.processor.StandardTranslationDocTypeProcessor
[THYMELEAF]         * CDATA Section Processors by [precedence]:
[THYMELEAF]             * [1000]: org.thymeleaf.standard.processor.StandardInliningCDATASectionProcessor
[THYMELEAF]         * Comment Processors by [precedence]:
[THYMELEAF]             * [1000]: org.thymeleaf.standard.processor.StandardInliningCommentProcessor
[THYMELEAF]             * [1100]: org.thymeleaf.standard.processor.StandardConditionalCommentProcessor
[THYMELEAF]     * Processors for Template Mode: XML
[THYMELEAF]         * Element Tag Processors by [matching element and attribute name] [precedence]:
[THYMELEAF]             * [* {th:include}] [100]: org.thymeleaf.standard.processor.StandardIncludeTagProcessor
[THYMELEAF]             * [* {th:insert}] [100]: org.thymeleaf.standard.processor.StandardInsertTagProcessor
[THYMELEAF]             * [* {th:replace}] [100]: org.thymeleaf.standard.processor.StandardReplaceTagProcessor
[THYMELEAF]             * [* {th:each}] [200]: com.intuit.karate.template.KarateEachTagProcessor
[THYMELEAF]             * [* {th:switch}] [250]: org.thymeleaf.standard.processor.StandardSwitchTagProcessor
[THYMELEAF]             * [* {th:case}] [275]: org.thymeleaf.standard.processor.StandardCaseTagProcessor
[THYMELEAF]             * [* {th:if}] [300]: org.thymeleaf.standard.processor.StandardIfTagProcessor
[THYMELEAF]             * [* {th:unless}] [400]: org.thymeleaf.standard.processor.StandardUnlessTagProcessor
[THYMELEAF]             * [* {th:object}] [500]: org.thymeleaf.standard.processor.StandardObjectTagProcessor
[THYMELEAF]             * [* {th:with}] [600]: com.intuit.karate.template.KarateWithTagProcessor
[THYMELEAF]             * [* {th:attr}] [700]: com.intuit.karate.template.KarateAttributeTagProcessor.KarateAttrTagProcessor
[THYMELEAF]             * [* {th:attrappend}] [900]: com.intuit.karate.template.KarateAttributeTagProcessor.KarateAttrappendTagProcessor
[THYMELEAF]             * [* {th:attrprepend}] [900]: com.intuit.karate.template.KarateAttributeTagProcessor.KarateAttrprependTagProcessor
[THYMELEAF]             * [* {th:inline}] [1000]: org.thymeleaf.standard.processor.StandardInlineXMLTagProcessor
[THYMELEAF]             * [* {xmlns:th}] [1000]: org.thymeleaf.standard.processor.StandardXmlNsTagProcessor
[THYMELEAF]             * [* {th:text}] [1300]: org.thymeleaf.standard.processor.StandardTextTagProcessor
[THYMELEAF]             * [* {th:utext}] [1400]: org.thymeleaf.standard.processor.StandardUtextTagProcessor
[THYMELEAF]             * [* {th:fragment}] [1500]: org.thymeleaf.standard.processor.StandardFragmentTagProcessor
[THYMELEAF]             * [* {th:assert}] [1550]: org.thymeleaf.standard.processor.StandardAssertTagProcessor
[THYMELEAF]             * [* {th:remove}] [1600]: org.thymeleaf.standard.processor.StandardRemoveTagProcessor
[THYMELEAF]             * [* {th:ref}] [10000]: org.thymeleaf.standard.processor.StandardRefAttributeTagProcessor
[THYMELEAF]             * [{th:block} *] [100000]: org.thymeleaf.standard.processor.StandardBlockTagProcessor
[THYMELEAF]             * [* th:*] [2147483647]: org.thymeleaf.standard.processor.StandardDefaultAttributesTagProcessor
[THYMELEAF]         * Text Processors by [precedence]:
[THYMELEAF]             * [1000]: org.thymeleaf.standard.processor.StandardInliningTextProcessor
[THYMELEAF]         * CDATA Section Processors by [precedence]:
[THYMELEAF]             * [1000]: org.thymeleaf.standard.processor.StandardInliningCDATASectionProcessor
[THYMELEAF]         * Comment Processors by [precedence]:
[THYMELEAF]             * [1000]: org.thymeleaf.standard.processor.StandardInliningCommentProcessor
[THYMELEAF]     * Processors for Template Mode: TEXT
[THYMELEAF]         * Element Tag Processors by [matching element and attribute name] [precedence]:
[THYMELEAF]             * [* {th:insert}] [100]: org.thymeleaf.standard.processor.StandardInsertTagProcessor
[THYMELEAF]             * [* {th:replace}] [100]: org.thymeleaf.standard.processor.StandardReplaceTagProcessor
[THYMELEAF]             * [* {th:each}] [200]: com.intuit.karate.template.KarateEachTagProcessor
[THYMELEAF]             * [* {th:switch}] [250]: org.thymeleaf.standard.processor.StandardSwitchTagProcessor
[THYMELEAF]             * [* {th:case}] [275]: org.thymeleaf.standard.processor.StandardCaseTagProcessor
[THYMELEAF]             * [* {th:if}] [300]: org.thymeleaf.standard.processor.StandardIfTagProcessor
[THYMELEAF]             * [* {th:unless}] [400]: org.thymeleaf.standard.processor.StandardUnlessTagProcessor
[THYMELEAF]             * [* {th:object}] [500]: org.thymeleaf.standard.processor.StandardObjectTagProcessor
[THYMELEAF]             * [* {th:with}] [600]: com.intuit.karate.template.KarateWithTagProcessor
[THYMELEAF]             * [* {th:inline}] [1000]: org.thymeleaf.standard.processor.StandardInlineTextualTagProcessor
[THYMELEAF]             * [* {th:text}] [1300]: org.thymeleaf.standard.processor.StandardTextTagProcessor
[THYMELEAF]             * [* {th:utext}] [1400]: org.thymeleaf.standard.processor.StandardUtextTagProcessor
[THYMELEAF]             * [* {th:assert}] [1550]: org.thymeleaf.standard.processor.StandardAssertTagProcessor
[THYMELEAF]             * [* {th:remove}] [1600]: org.thymeleaf.standard.processor.StandardRemoveTagProcessor
[THYMELEAF]             * [{th:block} *] [100000]: org.thymeleaf.standard.processor.StandardBlockTagProcessor
[THYMELEAF]             * [* 100000] [org.thymeleaf.standard.processor.StandardBlockTagProcessor]: {}
[THYMELEAF]         * Text Processors by [precedence]:
[THYMELEAF]             * [1000]: org.thymeleaf.standard.processor.StandardInliningTextProcessor
[THYMELEAF]     * Processors for Template Mode: JAVASCRIPT
[THYMELEAF]         * Element Tag Processors by [matching element and attribute name] [precedence]:
[THYMELEAF]             * [* {th:insert}] [100]: org.thymeleaf.standard.processor.StandardInsertTagProcessor
[THYMELEAF]             * [* {th:replace}] [100]: org.thymeleaf.standard.processor.StandardReplaceTagProcessor
[THYMELEAF]             * [* {th:each}] [200]: com.intuit.karate.template.KarateEachTagProcessor
[THYMELEAF]             * [* {th:switch}] [250]: org.thymeleaf.standard.processor.StandardSwitchTagProcessor
[THYMELEAF]             * [* {th:case}] [275]: org.thymeleaf.standard.processor.StandardCaseTagProcessor
[THYMELEAF]             * [* {th:if}] [300]: org.thymeleaf.standard.processor.StandardIfTagProcessor
[THYMELEAF]             * [* {th:unless}] [400]: org.thymeleaf.standard.processor.StandardUnlessTagProcessor
[THYMELEAF]             * [* {th:object}] [500]: org.thymeleaf.standard.processor.StandardObjectTagProcessor
[THYMELEAF]             * [* {th:with}] [600]: com.intuit.karate.template.KarateWithTagProcessor
[THYMELEAF]             * [* {th:inline}] [1000]: org.thymeleaf.standard.processor.StandardInlineTextualTagProcessor
[THYMELEAF]             * [* {th:text}] [1300]: org.thymeleaf.standard.processor.StandardTextTagProcessor
[THYMELEAF]             * [* {th:utext}] [1400]: org.thymeleaf.standard.processor.StandardUtextTagProcessor
[THYMELEAF]             * [* {th:assert}] [1550]: org.thymeleaf.standard.processor.StandardAssertTagProcessor
[THYMELEAF]             * [* {th:remove}] [1600]: org.thymeleaf.standard.processor.StandardRemoveTagProcessor
[THYMELEAF]             * [{th:block} *] [100000]: org.thymeleaf.standard.processor.StandardBlockTagProcessor
[THYMELEAF]             * [* 100000] [org.thymeleaf.standard.processor.StandardBlockTagProcessor]: {}
[THYMELEAF]         * Text Processors by [precedence]:
[THYMELEAF]             * [1000]: org.thymeleaf.standard.processor.StandardInliningTextProcessor
[THYMELEAF]     * Processors for Template Mode: CSS
[THYMELEAF]         * Element Tag Processors by [matching element and attribute name] [precedence]:
[THYMELEAF]             * [* {th:insert}] [100]: org.thymeleaf.standard.processor.StandardInsertTagProcessor
[THYMELEAF]             * [* {th:replace}] [100]: org.thymeleaf.standard.processor.StandardReplaceTagProcessor
[THYMELEAF]             * [* {th:each}] [200]: com.intuit.karate.template.KarateEachTagProcessor
[THYMELEAF]             * [* {th:switch}] [250]: org.thymeleaf.standard.processor.StandardSwitchTagProcessor
[THYMELEAF]             * [* {th:case}] [275]: org.thymeleaf.standard.processor.StandardCaseTagProcessor
[THYMELEAF]             * [* {th:if}] [300]: org.thymeleaf.standard.processor.StandardIfTagProcessor
[THYMELEAF]             * [* {th:unless}] [400]: org.thymeleaf.standard.processor.StandardUnlessTagProcessor
[THYMELEAF]             * [* {th:object}] [500]: org.thymeleaf.standard.processor.StandardObjectTagProcessor
[THYMELEAF]             * [* {th:with}] [600]: com.intuit.karate.template.KarateWithTagProcessor
[THYMELEAF]             * [* {th:inline}] [1000]: org.thymeleaf.standard.processor.StandardInlineTextualTagProcessor
[THYMELEAF]             * [* {th:text}] [1300]: org.thymeleaf.standard.processor.StandardTextTagProcessor
[THYMELEAF]             * [* {th:utext}] [1400]: org.thymeleaf.standard.processor.StandardUtextTagProcessor
[THYMELEAF]             * [* {th:assert}] [1550]: org.thymeleaf.standard.processor.StandardAssertTagProcessor
[THYMELEAF]             * [* {th:remove}] [1600]: org.thymeleaf.standard.processor.StandardRemoveTagProcessor
[THYMELEAF]             * [* 100000] [org.thymeleaf.standard.processor.StandardBlockTagProcessor]: {}
[THYMELEAF]             * [{th:block} *] [100000]: org.thymeleaf.standard.processor.StandardBlockTagProcessor
[THYMELEAF]         * Text Processors by [precedence]:
[THYMELEAF]             * [1000]: org.thymeleaf.standard.processor.StandardInliningTextProcessor
[THYMELEAF]     * Expression Objects:
[THYMELEAF]         * #ctx
[THYMELEAF]         * #root
[THYMELEAF]         * #vars
[THYMELEAF]         * #object
[THYMELEAF]         * #locale
[THYMELEAF]         * #conversions
[THYMELEAF]         * #uris
[THYMELEAF]         * #temporals
[THYMELEAF]         * #calendars
[THYMELEAF]         * #dates
[THYMELEAF]         * #bools
[THYMELEAF]         * #numbers
[THYMELEAF]         * #objects
[THYMELEAF]         * #strings
[THYMELEAF]         * #arrays
[THYMELEAF]         * #lists
[THYMELEAF]         * #sets
[THYMELEAF]         * #maps
[THYMELEAF]         * #aggregates
[THYMELEAF]         * #messages
[THYMELEAF]         * #ids
[THYMELEAF]         * #execInfo
[THYMELEAF]         * #request
[THYMELEAF]         * #response
[THYMELEAF]         * #session
[THYMELEAF]         * #servletContext
[THYMELEAF]     * Execution Attributes:
[THYMELEAF]         * "StandardExpressionParser": com.intuit.karate.template.KarateStandardDialect@5a06904
[THYMELEAF]         * "StandardJavaScriptSerializer": org.thymeleaf.standard.serializer.StandardJavaScriptSerializer@56b9d43f
[THYMELEAF]         * "StandardCSSSerializer": org.thymeleaf.standard.serializer.StandardCSSSerializer@2d913116
[THYMELEAF]         * "StandardVariableExpressionEvaluator": com.intuit.karate.template.KarateStandardDialect@5a06904
[THYMELEAF]         * "StandardConversionService": org.thymeleaf.standard.expression.StandardConversionService@1214d23c
[THYMELEAF] * Dialect [2 of 2]: karate (com.intuit.karate.template.KarateScriptDialect)
[THYMELEAF]     * Prefix: "ka"
[THYMELEAF]     * Processors for Template Mode: HTML
[THYMELEAF]         * Element Tag Processors by [matching element and attribute name] [precedence]:
[THYMELEAF]             * [* {src}] [1000]: com.intuit.karate.template.KaScriptAttrProcessor
[THYMELEAF]         * Element Model Processors by [matching element and attribute name] [precedence]:
[THYMELEAF]             * [{script} {ka:scope,data-ka-scope}] [1000]: com.intuit.karate.template.KaScriptElemProcessor
[THYMELEAF]             * [* {ka:set,data-ka-set}] [1000]: com.intuit.karate.template.KaSetElemProcessor
[THYMELEAF] TEMPLATE ENGINE CONFIGURED OK
16:26:15.417 [main] DEBUG org.thymeleaf.TemplateEngine -- [THYMELEAF] TEMPLATE ENGINE INITIALIZED
16:26:15.433 [main] DEBUG org.thymeleaf.TemplateEngine -- [THYMELEAF] INITIALIZING TEMPLATE ENGINE
16:26:15.444 [main] DEBUG org.thymeleaf.TemplateEngine.CONFIG -- Initializing Thymeleaf Template engine configuration...
[THYMELEAF] TEMPLATE ENGINE CONFIGURATION:
[THYMELEAF] * Thymeleaf version: 3.1.2.RELEASE (built 2023-07-30T19:25:50+0000)
[THYMELEAF] * Cache Manager implementation: org.thymeleaf.cache.StandardCacheManager
[THYMELEAF] * Template resolvers:
[THYMELEAF]     * [1] com.intuit.karate.template.ResourceHtmlTemplateResolver
[THYMELEAF] * Message resolvers:
[THYMELEAF]     * org.thymeleaf.messageresolver.StandardMessageResolver
[THYMELEAF] * Link builders:
[THYMELEAF]     * org.thymeleaf.linkbuilder.StandardLinkBuilder
[THYMELEAF] * Dialect [1 of 2]: Standard (com.intuit.karate.template.KarateStandardDialect)
[THYMELEAF]     * Prefix: "th"
[THYMELEAF]     * Processors for Template Mode: HTML
[THYMELEAF]         * Element Tag Processors by [matching element and attribute name] [precedence]:
[THYMELEAF]             * [* {th:include,data-th-include}] [100]: org.thymeleaf.standard.processor.StandardIncludeTagProcessor
[THYMELEAF]             * [* {th:insert,data-th-insert}] [100]: org.thymeleaf.standard.processor.StandardInsertTagProcessor
[THYMELEAF]             * [* {th:replace,data-th-replace}] [100]: org.thymeleaf.standard.processor.StandardReplaceTagProcessor
[THYMELEAF]             * [* {th:each,data-th-each}] [200]: com.intuit.karate.template.KarateEachTagProcessor
[THYMELEAF]             * [* {th:switch,data-th-switch}] [250]: org.thymeleaf.standard.processor.StandardSwitchTagProcessor
[THYMELEAF]             * [* {th:case,data-th-case}] [275]: org.thymeleaf.standard.processor.StandardCaseTagProcessor
[THYMELEAF]             * [* {th:if,data-th-if}] [300]: org.thymeleaf.standard.processor.StandardIfTagProcessor
[THYMELEAF]             * [* {th:unless,data-th-unless}] [400]: org.thymeleaf.standard.processor.StandardUnlessTagProcessor
[THYMELEAF]             * [* {th:object,data-th-object}] [500]: org.thymeleaf.standard.processor.StandardObjectTagProcessor
[THYMELEAF]             * [* {th:with,data-th-with}] [600]: com.intuit.karate.template.KarateWithTagProcessor
[THYMELEAF]             * [* {th:attr,data-th-attr}] [700]: com.intuit.karate.template.KarateAttributeTagProcessor.KarateAttrTagProcessor
[THYMELEAF]             * [* {th:attrappend,data-th-attrappend}] [900]: com.intuit.karate.template.KarateAttributeTagProcessor.KarateAttrappendTagProcessor
[THYMELEAF]             * [* {th:attrprepend,data-th-attrprepend}] [900]: com.intuit.karate.template.KarateAttributeTagProcessor.KarateAttrprependTagProcessor
[THYMELEAF]             * [* {th:alt-title,data-th-alt-title}] [990]: org.thymeleaf.standard.processor.StandardAltTitleTagProcessor
[THYMELEAF]             * [* {th:lang-xmllang,data-th-lang-xmllang}] [990]: org.thymeleaf.standard.processor.StandardLangXmlLangTagProcessor
[THYMELEAF]             * [* {th:action,data-th-action}] [1000]: org.thymeleaf.standard.processor.StandardActionTagProcessor
[THYMELEAF]             * [* {th:formnovalidate,data-th-formnovalidate}] [1000]: org.thymeleaf.standard.processor.StandardConditionalFixedValueTagProcessor
[THYMELEAF]             * [* {th:declare,data-th-declare}] [1000]: org.thymeleaf.standard.processor.StandardConditionalFixedValueTagProcessor
[THYMELEAF]             * [* {th:async,data-th-async}] [1000]: org.thymeleaf.standard.processor.StandardConditionalFixedValueTagProcessor
[THYMELEAF]             * [* {th:reversed,data-th-reversed}] [1000]: org.thymeleaf.standard.processor.StandardConditionalFixedValueTagProcessor
[THYMELEAF]             * [* {th:hidden,data-th-hidden}] [1000]: org.thymeleaf.standard.processor.StandardConditionalFixedValueTagProcessor
[THYMELEAF]             * [* {th:loop,data-th-loop}] [1000]: org.thymeleaf.standard.processor.StandardConditionalFixedValueTagProcessor
[THYMELEAF]             * [* {th:seamless,data-th-seamless}] [1000]: org.thymeleaf.standard.processor.StandardConditionalFixedValueTagProcessor
[THYMELEAF]             * [* {th:open,data-th-open}] [1000]: org.thymeleaf.standard.processor.StandardConditionalFixedValueTagProcessor
[THYMELEAF]             * [* {th:pubdate,data-th-pubdate}] [1000]: org.thymeleaf.standard.processor.StandardConditionalFixedValueTagProcessor
[THYMELEAF]             * [* {th:disabled,data-th-disabled}] [1000]: org.thymeleaf.standard.processor.StandardConditionalFixedValueTagProcessor
[THYMELEAF]             * [* {th:ismap,data-th-ismap}] [1000]: org.thymeleaf.standard.processor.StandardConditionalFixedValueTagProcessor
[THYMELEAF]             * [* {th:default,data-th-default}] [1000]: org.thymeleaf.standard.processor.StandardConditionalFixedValueTagProcessor
[THYMELEAF]             * [* {th:scoped,data-th-scoped}] [1000]: org.thymeleaf.standard.processor.StandardConditionalFixedValueTagProcessor
[THYMELEAF]             * [* {th:multiple,data-th-multiple}] [1000]: org.thymeleaf.standard.processor.StandardConditionalFixedValueTagProcessor
[THYMELEAF]             * [* {th:required,data-th-required}] [1000]: org.thymeleaf.standard.processor.StandardConditionalFixedValueTagProcessor
[THYMELEAF]             * [* {th:nowrap,data-th-nowrap}] [1000]: org.thymeleaf.standard.processor.StandardConditionalFixedValueTagProcessor
[THYMELEAF]             * [* {th:autoplay,data-th-autoplay}] [1000]: org.thymeleaf.standard.processor.StandardConditionalFixedValueTagProcessor
[THYMELEAF]             * [* {th:readonly,data-th-readonly}] [1000]: org.thymeleaf.standard.processor.StandardConditionalFixedValueTagProcessor
[THYMELEAF]             * [* {th:controls,data-th-controls}] [1000]: org.thymeleaf.standard.processor.StandardConditionalFixedValueTagProcessor
[THYMELEAF]             * [* {th:defer,data-th-defer}] [1000]: org.thymeleaf.standard.processor.StandardConditionalFixedValueTagProcessor
[THYMELEAF]             * [* {th:checked,data-th-checked}] [1000]: org.thymeleaf.standard.processor.StandardConditionalFixedValueTagProcessor
[THYMELEAF]             * [* {th:autofocus,data-th-autofocus}] [1000]: org.thymeleaf.standard.processor.StandardConditionalFixedValueTagProcessor
[THYMELEAF]             * [* {th:novalidate,data-th-novalidate}] [1000]: org.thymeleaf.standard.processor.StandardConditionalFixedValueTagProcessor
[THYMELEAF]             * [* {th:selected,data-th-selected}] [1000]: org.thymeleaf.standard.processor.StandardConditionalFixedValueTagProcessor
[THYMELEAF]             * [* {th:onblur,data-th-onblur}] [1000]: org.thymeleaf.standard.processor.StandardDOMEventAttributeTagProcessor
[THYMELEAF]             * [* {th:onscroll,data-th-onscroll}] [1000]: org.thymeleaf.standard.processor.StandardDOMEventAttributeTagProcessor
[THYMELEAF]             * [* {th:onerror,data-th-onerror}] [1000]: org.thymeleaf.standard.processor.StandardDOMEventAttributeTagProcessor
[THYMELEAF]             * [* {th:ondurationchange,data-th-ondurationchange}] [1000]: org.thymeleaf.standard.processor.StandardDOMEventAttributeTagProcessor
[THYMELEAF]             * [* {th:ondblclick,data-th-ondblclick}] [1000]: org.thymeleaf.standard.processor.StandardDOMEventAttributeTagProcessor
[THYMELEAF]             * [* {th:onshow,data-th-onshow}] [1000]: org.thymeleaf.standard.processor.StandardDOMEventAttributeTagProcessor
[THYMELEAF]             * [* {th:onreadystatechange,data-th-onreadystatechange}] [1000]: org.thymeleaf.standard.processor.StandardDOMEventAttributeTagProcessor
[THYMELEAF]             * [* {th:onmouseup,data-th-onmouseup}] [1000]: org.thymeleaf.standard.processor.StandardDOMEventAttributeTagProcessor
[THYMELEAF]             * [* {th:onfocus,data-th-onfocus}] [1000]: org.thymeleaf.standard.processor.StandardDOMEventAttributeTagProcessor
[THYMELEAF]             * [* {th:onmouseover,data-th-onmouseover}] [1000]: org.thymeleaf.standard.processor.StandardDOMEventAttributeTagProcessor
[THYMELEAF]             * [* {th:ondragleave,data-th-ondragleave}] [1000]: org.thymeleaf.standard.processor.StandardDOMEventAttributeTagProcessor
[THYMELEAF]             * [* {th:onvolumechange,data-th-onvolumechange}] [1000]: org.thymeleaf.standard.processor.StandardDOMEventAttributeTagProcessor
[THYMELEAF]             * [* {th:onclick,data-th-onclick}] [1000]: org.thymeleaf.standard.processor.StandardDOMEventAttributeTagProcessor
[THYMELEAF]             * [* {th:onmousewheel,data-th-onmousewheel}] [1000]: org.thymeleaf.standard.processor.StandardDOMEventAttributeTagProcessor
[THYMELEAF]             * [* {th:onstalled,data-th-onstalled}] [1000]: org.thymeleaf.standard.processor.StandardDOMEventAttributeTagProcessor
[THYMELEAF]             * [* {th:onundo,data-th-onundo}] [1000]: org.thymeleaf.standard.processor.StandardDOMEventAttributeTagProcessor
[THYMELEAF]             * [* {th:onemptied,data-th-onemptied}] [1000]: org.thymeleaf.standard.processor.StandardDOMEventAttributeTagProcessor
[THYMELEAF]             * [* {th:onoffline,data-th-onoffline}] [1000]: org.thymeleaf.standard.processor.StandardDOMEventAttributeTagProcessor
[THYMELEAF]             * [* {th:ondragend,data-th-ondragend}] [1000]: org.thymeleaf.standard.processor.StandardDOMEventAttributeTagProcessor
[THYMELEAF]             * [* {th:onwaiting,data-th-onwaiting}] [1000]: org.thymeleaf.standard.processor.StandardDOMEventAttributeTagProcessor
[THYMELEAF]             * [* {th:onbeforeunload,data-th-onbeforeunload}] [1000]: org.thymeleaf.standard.processor.StandardDOMEventAttributeTagProcessor
[THYMELEAF]             * [* {th:onafterprint,data-th-onafterprint}] [1000]: org.thymeleaf.standard.processor.StandardDOMEventAttributeTagProcessor
[THYMELEAF]             * [* {th:onsuspend,data-th-onsuspend}] [1000]: org.thymeleaf.standard.processor.StandardDOMEventAttributeTagProcessor
[THYMELEAF]             * [* {th:onpopstate,data-th-onpopstate}] [1000]: org.thymeleaf.standard.processor.StandardDOMEventAttributeTagProcessor
[THYMELEAF]             * [* {th:onload,data-th-onload}] [1000]: org.thymeleaf.standard.processor.StandardDOMEventAttributeTagProcessor
[THYMELEAF]             * [* {th:onunload,data-th-onunload}] [1000]: org.thymeleaf.standard.processor.StandardDOMEventAttributeTagProcessor
[THYMELEAF]             * [* {th:onreset,data-th-onreset}] [1000]: org.thymeleaf.standard.processor.StandardDOMEventAttributeTagProcessor
[THYMELEAF]             * [* {th:onended,data-th-onended}] [1000]: org.thymeleaf.standard.processor.StandardDOMEventAttributeTagProcessor
[THYMELEAF]             * [* {th:oninvalid,data-th-oninvalid}] [1000]: org.thymeleaf.standard.processor.StandardDOMEventAttributeTagProcessor
[THYMELEAF]             * [* {th:ondragstart,data-th-ondragstart}] [1000]: org.thymeleaf.standard.processor.StandardDOMEventAttributeTagProcessor
[THYMELEAF]             * [* {th:onmouseout,data-th-onmouseout}] [1000]: org.thymeleaf.standard.processor.StandardDOMEventAttributeTagProcessor
[THYMELEAF]             * [* {th:onredo,data-th-onredo}] [1000]: org.thymeleaf.standard.processor.StandardDOMEventAttributeTagProcessor
[THYMELEAF]             * [* {th:onkeypress,data-th-onkeypress}] [1000]: org.thymeleaf.standard.processor.StandardDOMEventAttributeTagProcessor
[THYMELEAF]             * [* {th:onabort,data-th-onabort}] [1000]: org.thymeleaf.standard.processor.StandardDOMEventAttributeTagProcessor
[THYMELEAF]             * [* {th:onplaying,data-th-onplaying}] [1000]: org.thymeleaf.standard.processor.StandardDOMEventAttributeTagProcessor
[THYMELEAF]             * [* {th:onmousemove,data-th-onmousemove}] [1000]: org.thymeleaf.standard.processor.StandardDOMEventAttributeTagProcessor
[THYMELEAF]             * [* {th:onratechange,data-th-onratechange}] [1000]: org.thymeleaf.standard.processor.StandardDOMEventAttributeTagProcessor
[THYMELEAF]             * [* {th:onloadedmetadata,data-th-onloadedmetadata}] [1000]: org.thymeleaf.standard.processor.StandardDOMEventAttributeTagProcessor
[THYMELEAF]             * [* {th:onbeforeprint,data-th-onbeforeprint}] [1000]: org.thymeleaf.standard.processor.StandardDOMEventAttributeTagProcessor
[THYMELEAF]             * [* {th:onhashchange,data-th-onhashchange}] [1000]: org.thymeleaf.standard.processor.StandardDOMEventAttributeTagProcessor
[THYMELEAF]             * [* {th:onprogress,data-th-onprogress}] [1000]: org.thymeleaf.standard.processor.StandardDOMEventAttributeTagProcessor
[THYMELEAF]             * [* {th:onsubmit,data-th-onsubmit}] [1000]: org.thymeleaf.standard.processor.StandardDOMEventAttributeTagProcessor
[THYMELEAF]             * [* {th:onchange,data-th-onchange}] [1000]: org.thymeleaf.standard.processor.StandardDOMEventAttributeTagProcessor
[THYMELEAF]             * [* {th:ontimeupdate,data-th-ontimeupdate}] [1000]: org.thymeleaf.standard.processor.StandardDOMEventAttributeTagProcessor
[THYMELEAF]             * [* {th:onkeyup,data-th-onkeyup}] [1000]: org.thymeleaf.standard.processor.StandardDOMEventAttributeTagProcessor
[THYMELEAF]             * [* {th:oncontextmenu,data-th-oncontextmenu}] [1000]: org.thymeleaf.standard.processor.StandardDOMEventAttributeTagProcessor
[THYMELEAF]             * [* {th:onforminput,data-th-onforminput}] [1000]: org.thymeleaf.standard.processor.StandardDOMEventAttributeTagProcessor
[THYMELEAF]             * [* {th:onselect,data-th-onselect}] [1000]: org.thymeleaf.standard.processor.StandardDOMEventAttributeTagProcessor
[THYMELEAF]             * [* {th:onpause,data-th-onpause}] [1000]: org.thymeleaf.standard.processor.StandardDOMEventAttributeTagProcessor
[THYMELEAF]             * [* {th:onloadeddata,data-th-onloadeddata}] [1000]: org.thymeleaf.standard.processor.StandardDOMEventAttributeTagProcessor
[THYMELEAF]             * [* {th:ondragenter,data-th-ondragenter}] [1000]: org.thymeleaf.standard.processor.StandardDOMEventAttributeTagProcessor
[THYMELEAF]             * [* {th:ondragover,data-th-ondragover}] [1000]: org.thymeleaf.standard.processor.StandardDOMEventAttributeTagProcessor
[THYMELEAF]             * [* {th:onseeked,data-th-onseeked}] [1000]: org.thymeleaf.standard.processor.StandardDOMEventAttributeTagProcessor
[THYMELEAF]             * [* {th:onformchange,data-th-onformchange}] [1000]: org.thymeleaf.standard.processor.StandardDOMEventAttributeTagProcessor
[THYMELEAF]             * [* {th:ononline,data-th-ononline}] [1000]: org.thymeleaf.standard.processor.StandardDOMEventAttributeTagProcessor
[THYMELEAF]             * [* {th:ondrop,data-th-ondrop}] [1000]: org.thymeleaf.standard.processor.StandardDOMEventAttributeTagProcessor
[THYMELEAF]             * [* {th:onloadstart,data-th-onloadstart}] [1000]: org.thymeleaf.standard.processor.StandardDOMEventAttributeTagProcessor
[THYMELEAF]             * [* {th:oninput,data-th-oninput}] [1000]: org.thymeleaf.standard.processor.StandardDOMEventAttributeTagProcessor
[THYMELEAF]             * [* {th:oncanplaythrough,data-th-oncanplaythrough}] [1000]: org.thymeleaf.standard.processor.StandardDOMEventAttributeTagProcessor
[THYMELEAF]             * [* {th:onplay,data-th-onplay}] [1000]: org.thymeleaf.standard.processor.StandardDOMEventAttributeTagProcessor
[THYMELEAF]             * [* {th:onstorage,data-th-onstorage}] [1000]: org.thymeleaf.standard.processor.StandardDOMEventAttributeTagProcessor
[THYMELEAF]             * [* {th:oncanplay,data-th-oncanplay}] [1000]: org.thymeleaf.standard.processor.StandardDOMEventAttributeTagProcessor
[THYMELEAF]             * [* {th:onresize,data-th-onresize}] [1000]: org.thymeleaf.standard.processor.StandardDOMEventAttributeTagProcessor
[THYMELEAF]             * [* {th:onmousedown,data-th-onmousedown}] [1000]: org.thymeleaf.standard.processor.StandardDOMEventAttributeTagProcessor
[THYMELEAF]             * [* {th:onmessage,data-th-onmessage}] [1000]: org.thymeleaf.standard.processor.StandardDOMEventAttributeTagProcessor
[THYMELEAF]             * [* {th:ondrag,data-th-ondrag}] [1000]: org.thymeleaf.standard.processor.StandardDOMEventAttributeTagProcessor
[THYMELEAF]             * [* {th:onkeydown,data-th-onkeydown}] [1000]: org.thymeleaf.standard.processor.StandardDOMEventAttributeTagProcessor
[THYMELEAF]             * [* {th:onseeking,data-th-onseeking}] [1000]: org.thymeleaf.standard.processor.StandardDOMEventAttributeTagProcessor
[THYMELEAF]             * [* {th:href,data-th-href}] [1000]: org.thymeleaf.standard.processor.StandardHrefTagProcessor
[THYMELEAF]             * [* {th:inline,data-th-inline}] [1000]: org.thymeleaf.standard.processor.StandardInlineHTMLTagProcessor
[THYMELEAF]             * [* {th:method,data-th-method}] [1000]: org.thymeleaf.standard.processor.StandardMethodTagProcessor
[THYMELEAF]             * [* {th:name,data-th-name}] [1000]: org.thymeleaf.standard.processor.StandardNonRemovableAttributeTagProcessor
[THYMELEAF]             * [* {th:type,data-th-type}] [1000]: org.thymeleaf.standard.processor.StandardNonRemovableAttributeTagProcessor
[THYMELEAF]             * [* {th:hreflang,data-th-hreflang}] [1000]: org.thymeleaf.standard.processor.StandardRemovableAttributeTagProcessor
[THYMELEAF]             * [* {th:codebase,data-th-codebase}] [1000]: org.thymeleaf.standard.processor.StandardRemovableAttributeTagProcessor
[THYMELEAF]             * [* {th:media,data-th-media}] [1000]: org.thymeleaf.standard.processor.StandardRemovableAttributeTagProcessor
[THYMELEAF]             * [* {th:srclang,data-th-srclang}] [1000]: org.thymeleaf.standard.processor.StandardRemovableAttributeTagProcessor
[THYMELEAF]             * [* {th:max,data-th-max}] [1000]: org.thymeleaf.standard.processor.StandardRemovableAttributeTagProcessor
[THYMELEAF]             * [* {th:standby,data-th-standby}] [1000]: org.thymeleaf.standard.processor.StandardRemovableAttributeTagProcessor
[THYMELEAF]             * [* {th:formenctype,data-th-formenctype}] [1000]: org.thymeleaf.standard.processor.StandardRemovableAttributeTagProcessor
[THYMELEAF]             * [* {th:contenteditable,data-th-contenteditable}] [1000]: org.thymeleaf.standard.processor.StandardRemovableAttributeTagProcessor
[THYMELEAF]             * [* {th:enctype,data-th-enctype}] [1000]: org.thymeleaf.standard.processor.StandardRemovableAttributeTagProcessor
[THYMELEAF]             * [* {th:accept,data-th-accept}] [1000]: org.thymeleaf.standard.processor.StandardRemovableAttributeTagProcessor
[THYMELEAF]             * [* {th:maxlength,data-th-maxlength}] [1000]: org.thymeleaf.standard.processor.StandardRemovableAttributeTagProcessor
[THYMELEAF]             * [* {th:marginheight,data-th-marginheight}] [1000]: org.thymeleaf.standard.processor.StandardRemovableAttributeTagProcessor
[THYMELEAF]             * [* {th:compact,data-th-compact}] [1000]: org.thymeleaf.standard.processor.StandardRemovableAttributeTagProcessor
[THYMELEAF]             * [* {th:dropzone,data-th-dropzone}] [1000]: org.thymeleaf.standard.processor.StandardRemovableAttributeTagProcessor
[THYMELEAF]             * [* {th:icon,data-th-icon}] [1000]: org.thymeleaf.standard.processor.StandardRemovableAttributeTagProcessor
[THYMELEAF]             * [* {th:formaction,data-th-formaction}] [1000]: org.thymeleaf.standard.processor.StandardRemovableAttributeTagProcessor
[THYMELEAF]             * [* {th:label,data-th-label}] [1000]: org.thymeleaf.standard.processor.StandardRemovableAttributeTagProcessor
[THYMELEAF]             * [* {th:formmethod,data-th-formmethod}] [1000]: org.thymeleaf.standard.processor.StandardRemovableAttributeTagProcessor
[THYMELEAF]             * [* {th:vspace,data-th-vspace}] [1000]: org.thymeleaf.standard.processor.StandardRemovableAttributeTagProcessor
[THYMELEAF]             * [* {th:autocomplete,data-th-autocomplete}] [1000]: org.thymeleaf.standard.processor.StandardRemovableAttributeTagProcessor
[THYMELEAF]             * [* {th:for,data-th-for}] [1000]: org.thymeleaf.standard.processor.StandardRemovableAttributeTagProcessor
[THYMELEAF]             * [* {th:archive,data-th-archive}] [1000]: org.thymeleaf.standard.processor.StandardRemovableAttributeTagProcessor
[THYMELEAF]             * [* {th:cols,data-th-cols}] [1000]: org.thymeleaf.standard.processor.StandardRemovableAttributeTagProcessor
[THYMELEAF]             * [* {th:keytype,data-th-keytype}] [1000]: org.thymeleaf.standard.processor.StandardRemovableAttributeTagProcessor
[THYMELEAF]             * [* {th:tabindex,data-th-tabindex}] [1000]: org.thymeleaf.standard.processor.StandardRemovableAttributeTagProcessor
[THYMELEAF]             * [* {th:sizes,data-th-sizes}] [1000]: org.thymeleaf.standard.processor.StandardRemovableAttributeTagProcessor
[THYMELEAF]             * [* {th:contextmenu,data-th-contextmenu}] [1000]: org.thymeleaf.standard.processor.StandardRemovableAttributeTagProcessor
[THYMELEAF]             * [* {th:usemap,data-th-usemap}] [1000]: org.thymeleaf.standard.processor.StandardRemovableAttributeTagProcessor
[THYMELEAF]             * [* {th:headers,data-th-headers}] [1000]: org.thymeleaf.standard.processor.StandardRemovableAttributeTagProcessor
[THYMELEAF]             * [* {th:list,data-th-list}] [1000]: org.thymeleaf.standard.processor.StandardRemovableAttributeTagProcessor
[THYMELEAF]             * [* {th:span,data-th-span}] [1000]: org.thymeleaf.standard.processor.StandardRemovableAttributeTagProcessor
[THYMELEAF]             * [* {th:min,data-th-min}] [1000]: org.thymeleaf.standard.processor.StandardRemovableAttributeTagProcessor
[THYMELEAF]             * [* {th:charset,data-th-charset}] [1000]: org.thymeleaf.standard.processor.StandardRemovableAttributeTagProcessor
[THYMELEAF]             * [* {th:scrolling,data-th-scrolling}] [1000]: org.thymeleaf.standard.processor.StandardRemovableAttributeTagProcessor
[THYMELEAF]             * [* {th:low,data-th-low}] [1000]: org.thymeleaf.standard.processor.StandardRemovableAttributeTagProcessor
[THYMELEAF]             * [* {th:align,data-th-align}] [1000]: org.thymeleaf.standard.processor.StandardRemovableAttributeTagProcessor
[THYMELEAF]             * [* {th:border,data-th-border}] [1000]: org.thymeleaf.standard.processor.StandardRemovableAttributeTagProcessor
[THYMELEAF]             * [* {th:cellpadding,data-th-cellpadding}] [1000]: org.thymeleaf.standard.processor.StandardRemovableAttributeTagProcessor
[THYMELEAF]             * [* {th:pattern,data-th-pattern}] [1000]: org.thymeleaf.standard.processor.StandardRemovableAttributeTagProcessor
[THYMELEAF]             * [* {th:http-equiv,data-th-http-equiv}] [1000]: org.thymeleaf.standard.processor.StandardRemovableAttributeTagProcessor
[THYMELEAF]             * [* {th:placeholder,data-th-placeholder}] [1000]: org.thymeleaf.standard.processor.StandardRemovableAttributeTagProcessor
[THYMELEAF]             * [* {th:radiogroup,data-th-radiogroup}] [1000]: org.thymeleaf.standard.processor.StandardRemovableAttributeTagProcessor
[THYMELEAF]             * [* {th:draggable,data-th-draggable}] [1000]: org.thymeleaf.standard.processor.StandardRemovableAttributeTagProcessor
[THYMELEAF]             * [* {th:accesskey,data-th-accesskey}] [1000]: org.thymeleaf.standard.processor.StandardRemovableAttributeTagProcessor
[THYMELEAF]             * [* {th:scope,data-th-scope}] [1000]: org.thymeleaf.standard.processor.StandardRemovableAttributeTagProcessor
[THYMELEAF]             * [* {th:abbr,data-th-abbr}] [1000]: org.thymeleaf.standard.processor.StandardRemovableAttributeTagProcessor
[THYMELEAF]             * [* {th:title,data-th-title}] [1000]: org.thymeleaf.standard.processor.StandardRemovableAttributeTagProcessor
[THYMELEAF]             * [* {th:size,data-th-size}] [1000]: org.thymeleaf.standard.processor.StandardRemovableAttributeTagProcessor
[THYMELEAF]             * [* {th:datetime,data-th-datetime}] [1000]: org.thymeleaf.standard.processor.StandardRemovableAttributeTagProcessor
[THYMELEAF]             * [* {th:scheme,data-th-scheme}] [1000]: org.thymeleaf.standard.processor.StandardRemovableAttributeTagProcessor
[THYMELEAF]             * [* {th:width,data-th-width}] [1000]: org.thymeleaf.standard.processor.StandardRemovableAttributeTagProcessor
[THYMELEAF]             * [* {th:step,data-th-step}] [1000]: org.thymeleaf.standard.processor.StandardRemovableAttributeTagProcessor
[THYMELEAF]             * [* {th:background,data-th-background}] [1000]: org.thymeleaf.standard.processor.StandardRemovableAttributeTagProcessor
[THYMELEAF]             * [* {th:form,data-th-form}] [1000]: org.thymeleaf.standard.processor.StandardRemovableAttributeTagProcessor
[THYMELEAF]             * [* {th:sandbox,data-th-sandbox}] [1000]: org.thymeleaf.standard.processor.StandardRemovableAttributeTagProcessor
[THYMELEAF]             * [* {th:frameborder,data-th-frameborder}] [1000]: org.thymeleaf.standard.processor.StandardRemovableAttributeTagProcessor
[THYMELEAF]             * [* {th:hspace,data-th-hspace}] [1000]: org.thymeleaf.standard.processor.StandardRemovableAttributeTagProcessor
[THYMELEAF]             * [* {th:frame,data-th-frame}] [1000]: org.thymeleaf.standard.processor.StandardRemovableAttributeTagProcessor
[THYMELEAF]             * [* {th:target,data-th-target}] [1000]: org.thymeleaf.standard.processor.StandardRemovableAttributeTagProcessor
[THYMELEAF]             * [* {th:audio,data-th-audio}] [1000]: org.thymeleaf.standard.processor.StandardRemovableAttributeTagProcessor
[THYMELEAF]             * [* {th:rev,data-th-rev}] [1000]: org.thymeleaf.standard.processor.StandardRemovableAttributeTagProcessor
[THYMELEAF]             * [* {th:marginwidth,data-th-marginwidth}] [1000]: org.thymeleaf.standard.processor.StandardRemovableAttributeTagProcessor
[THYMELEAF]             * [* {th:classid,data-th-classid}] [1000]: org.thymeleaf.standard.processor.StandardRemovableAttributeTagProcessor
[THYMELEAF]             * [* {th:alt,data-th-alt}] [1000]: org.thymeleaf.standard.processor.StandardRemovableAttributeTagProcessor
[THYMELEAF]             * [* {th:cellspacing,data-th-cellspacing}] [1000]: org.thymeleaf.standard.processor.StandardRemovableAttributeTagProcessor
[THYMELEAF]             * [* {th:spellcheck,data-th-spellcheck}] [1000]: org.thymeleaf.standard.processor.StandardRemovableAttributeTagProcessor
[THYMELEAF]             * [* {th:kind,data-th-kind}] [1000]: org.thymeleaf.standard.processor.StandardRemovableAttributeTagProcessor
[THYMELEAF]             * [* {th:rows,data-th-rows}] [1000]: org.thymeleaf.standard.processor.StandardRemovableAttributeTagProcessor
[THYMELEAF]             * [* {th:lang,data-th-lang}] [1000]: org.thymeleaf.standard.processor.StandardRemovableAttributeTagProcessor
[THYMELEAF]             * [* {th:start,data-th-start}] [1000]: org.thymeleaf.standard.processor.StandardRemovableAttributeTagProcessor
[THYMELEAF]             * [* {th:style,data-th-style}] [1000]: org.thymeleaf.standard.processor.StandardRemovableAttributeTagProcessor
[THYMELEAF]             * [* {th:preload,data-th-preload}] [1000]: org.thymeleaf.standard.processor.StandardRemovableAttributeTagProcessor
[THYMELEAF]             * [* {th:content,data-th-content}] [1000]: org.thymeleaf.standard.processor.StandardRemovableAttributeTagProcessor
[THYMELEAF]             * [* {th:high,data-th-high}] [1000]: org.thymeleaf.standard.processor.StandardRemovableAttributeTagProcessor
[THYMELEAF]             * [* {th:id,data-th-id}] [1000]: org.thymeleaf.standard.processor.StandardRemovableAttributeTagProcessor
[THYMELEAF]             * [* {th:summary,data-th-summary}] [1000]: org.thymeleaf.standard.processor.StandardRemovableAttributeTagProcessor
[THYMELEAF]             * [* {th:axis,data-th-axis}] [1000]: org.thymeleaf.standard.processor.StandardRemovableAttributeTagProcessor
[THYMELEAF]             * [* {th:manifest,data-th-manifest}] [1000]: org.thymeleaf.standard.processor.StandardRemovableAttributeTagProcessor
[THYMELEAF]             * [* {th:poster,data-th-poster}] [1000]: org.thymeleaf.standard.processor.StandardRemovableAttributeTagProcessor
[THYMELEAF]             * [* {th:wrap,data-th-wrap}] [1000]: org.thymeleaf.standard.processor.StandardRemovableAttributeTagProcessor
[THYMELEAF]             * [* {th:formtarget,data-th-formtarget}] [1000]: org.thymeleaf.standard.processor.StandardRemovableAttributeTagProcessor
[THYMELEAF]             * [* {th:challenge,data-th-challenge}] [1000]: org.thymeleaf.standard.processor.StandardRemovableAttributeTagProcessor
[THYMELEAF]             * [* {th:rel,data-th-rel}] [1000]: org.thymeleaf.standard.processor.StandardRemovableAttributeTagProcessor
[THYMELEAF]             * [* {th:bgcolor,data-th-bgcolor}] [1000]: org.thymeleaf.standard.processor.StandardRemovableAttributeTagProcessor
[THYMELEAF]             * [* {th:optimum,data-th-optimum}] [1000]: org.thymeleaf.standard.processor.StandardRemovableAttributeTagProcessor
[THYMELEAF]             * [* {th:cite,data-th-cite}] [1000]: org.thymeleaf.standard.processor.StandardRemovableAttributeTagProcessor
[THYMELEAF]             * [* {th:valuetype,data-th-valuetype}] [1000]: org.thymeleaf.standard.processor.StandardRemovableAttributeTagProcessor
[THYMELEAF]             * [* {th:data,data-th-data}] [1000]: org.thymeleaf.standard.processor.StandardRemovableAttributeTagProcessor
[THYMELEAF]             * [* {th:codetype,data-th-codetype}] [1000]: org.thymeleaf.standard.processor.StandardRemovableAttributeTagProcessor
[THYMELEAF]             * [* {th:dir,data-th-dir}] [1000]: org.thymeleaf.standard.processor.StandardRemovableAttributeTagProcessor
[THYMELEAF]             * [* {th:height,data-th-height}] [1000]: org.thymeleaf.standard.processor.StandardRemovableAttributeTagProcessor
[THYMELEAF]             * [* {th:longdesc,data-th-longdesc}] [1000]: org.thymeleaf.standard.processor.StandardRemovableAttributeTagProcessor
[THYMELEAF]             * [* {th:rowspan,data-th-rowspan}] [1000]: org.thymeleaf.standard.processor.StandardRemovableAttributeTagProcessor
[THYMELEAF]             * [* {th:accept-charset,data-th-accept-charset}] [1000]: org.thymeleaf.standard.processor.StandardRemovableAttributeTagProcessor
[THYMELEAF]             * [* {th:rules,data-th-rules}] [1000]: org.thymeleaf.standard.processor.StandardRemovableAttributeTagProcessor
[THYMELEAF]             * [* {th:class,data-th-class}] [1000]: org.thymeleaf.standard.processor.StandardRemovableAttributeTagProcessor
[THYMELEAF]             * [* {th:colspan,data-th-colspan}] [1000]: org.thymeleaf.standard.processor.StandardRemovableAttributeTagProcessor
[THYMELEAF]             * [* {th:src,data-th-src}] [1000]: org.thymeleaf.standard.processor.StandardSrcTagProcessor
[THYMELEAF]             * [* {th:value,data-th-value}] [1000]: org.thymeleaf.standard.processor.StandardValueTagProcessor
[THYMELEAF]             * [* {th:xmlbase,data-th-xmlbase}] [1000]: org.thymeleaf.standard.processor.StandardXmlBaseTagProcessor
[THYMELEAF]             * [* {th:xmllang,data-th-xmllang}] [1000]: org.thymeleaf.standard.processor.StandardXmlLangTagProcessor
[THYMELEAF]             * [* {xmlns:th}] [1000]: org.thymeleaf.standard.processor.StandardXmlNsTagProcessor
[THYMELEAF]             * [* {th:xmlspace,data-th-xmlspace}] [1000]: org.thymeleaf.standard.processor.StandardXmlSpaceTagProcessor
[THYMELEAF]             * [* {th:classappend,data-th-classappend}] [1100]: org.thymeleaf.standard.processor.StandardClassappendTagProcessor
[THYMELEAF]             * [* {th:styleappend,data-th-styleappend}] [1100]: org.thymeleaf.standard.processor.StandardStyleappendTagProcessor
[THYMELEAF]             * [* {th:text,data-th-text}] [1300]: org.thymeleaf.standard.processor.StandardTextTagProcessor
[THYMELEAF]             * [* {th:utext,data-th-utext}] [1400]: org.thymeleaf.standard.processor.StandardUtextTagProcessor
[THYMELEAF]             * [* {th:fragment,data-th-fragment}] [1500]: org.thymeleaf.standard.processor.StandardFragmentTagProcessor
[THYMELEAF]             * [* {th:assert,data-th-assert}] [1550]: org.thymeleaf.standard.processor.StandardAssertTagProcessor
[THYMELEAF]             * [* {th:remove,data-th-remove}] [1600]: org.thymeleaf.standard.processor.StandardRemoveTagProcessor
[THYMELEAF]             * [* {th:ref,data-th-ref}] [10000]: org.thymeleaf.standard.processor.StandardRefAttributeTagProcessor
[THYMELEAF]             * [{th:block,th-block} *] [100000]: org.thymeleaf.standard.processor.StandardBlockTagProcessor
[THYMELEAF]             * [* th:*] [2147483647]: org.thymeleaf.standard.processor.StandardDefaultAttributesTagProcessor
[THYMELEAF]         * Text Processors by [precedence]:
[THYMELEAF]             * [1000]: org.thymeleaf.standard.processor.StandardInliningTextProcessor
[THYMELEAF]         * DOCTYPE Processors by [precedence]:
[THYMELEAF]             * [1000]: org.thymeleaf.standard.processor.StandardTranslationDocTypeProcessor
[THYMELEAF]         * CDATA Section Processors by [precedence]:
[THYMELEAF]             * [1000]: org.thymeleaf.standard.processor.StandardInliningCDATASectionProcessor
[THYMELEAF]         * Comment Processors by [precedence]:
[THYMELEAF]             * [1000]: org.thymeleaf.standard.processor.StandardInliningCommentProcessor
[THYMELEAF]             * [1100]: org.thymeleaf.standard.processor.StandardConditionalCommentProcessor
[THYMELEAF]     * Processors for Template Mode: XML
[THYMELEAF]         * Element Tag Processors by [matching element and attribute name] [precedence]:
[THYMELEAF]             * [* {th:include}] [100]: org.thymeleaf.standard.processor.StandardIncludeTagProcessor
[THYMELEAF]             * [* {th:insert}] [100]: org.thymeleaf.standard.processor.StandardInsertTagProcessor
[THYMELEAF]             * [* {th:replace}] [100]: org.thymeleaf.standard.processor.StandardReplaceTagProcessor
[THYMELEAF]             * [* {th:each}] [200]: com.intuit.karate.template.KarateEachTagProcessor
[THYMELEAF]             * [* {th:switch}] [250]: org.thymeleaf.standard.processor.StandardSwitchTagProcessor
[THYMELEAF]             * [* {th:case}] [275]: org.thymeleaf.standard.processor.StandardCaseTagProcessor
[THYMELEAF]             * [* {th:if}] [300]: org.thymeleaf.standard.processor.StandardIfTagProcessor
[THYMELEAF]             * [* {th:unless}] [400]: org.thymeleaf.standard.processor.StandardUnlessTagProcessor
[THYMELEAF]             * [* {th:object}] [500]: org.thymeleaf.standard.processor.StandardObjectTagProcessor
[THYMELEAF]             * [* {th:with}] [600]: com.intuit.karate.template.KarateWithTagProcessor
[THYMELEAF]             * [* {th:attr}] [700]: com.intuit.karate.template.KarateAttributeTagProcessor.KarateAttrTagProcessor
[THYMELEAF]             * [* {th:attrappend}] [900]: com.intuit.karate.template.KarateAttributeTagProcessor.KarateAttrappendTagProcessor
[THYMELEAF]             * [* {th:attrprepend}] [900]: com.intuit.karate.template.KarateAttributeTagProcessor.KarateAttrprependTagProcessor
[THYMELEAF]             * [* {th:inline}] [1000]: org.thymeleaf.standard.processor.StandardInlineXMLTagProcessor
[THYMELEAF]             * [* {xmlns:th}] [1000]: org.thymeleaf.standard.processor.StandardXmlNsTagProcessor
[THYMELEAF]             * [* {th:text}] [1300]: org.thymeleaf.standard.processor.StandardTextTagProcessor
[THYMELEAF]             * [* {th:utext}] [1400]: org.thymeleaf.standard.processor.StandardUtextTagProcessor
[THYMELEAF]             * [* {th:fragment}] [1500]: org.thymeleaf.standard.processor.StandardFragmentTagProcessor
[THYMELEAF]             * [* {th:assert}] [1550]: org.thymeleaf.standard.processor.StandardAssertTagProcessor
[THYMELEAF]             * [* {th:remove}] [1600]: org.thymeleaf.standard.processor.StandardRemoveTagProcessor
[THYMELEAF]             * [* {th:ref}] [10000]: org.thymeleaf.standard.processor.StandardRefAttributeTagProcessor
[THYMELEAF]             * [{th:block} *] [100000]: org.thymeleaf.standard.processor.StandardBlockTagProcessor
[THYMELEAF]             * [* th:*] [2147483647]: org.thymeleaf.standard.processor.StandardDefaultAttributesTagProcessor
[THYMELEAF]         * Text Processors by [precedence]:
[THYMELEAF]             * [1000]: org.thymeleaf.standard.processor.StandardInliningTextProcessor
[THYMELEAF]         * CDATA Section Processors by [precedence]:
[THYMELEAF]             * [1000]: org.thymeleaf.standard.processor.StandardInliningCDATASectionProcessor
[THYMELEAF]         * Comment Processors by [precedence]:
[THYMELEAF]             * [1000]: org.thymeleaf.standard.processor.StandardInliningCommentProcessor
[THYMELEAF]     * Processors for Template Mode: TEXT
[THYMELEAF]         * Element Tag Processors by [matching element and attribute name] [precedence]:
[THYMELEAF]             * [* {th:insert}] [100]: org.thymeleaf.standard.processor.StandardInsertTagProcessor
[THYMELEAF]             * [* {th:replace}] [100]: org.thymeleaf.standard.processor.StandardReplaceTagProcessor
[THYMELEAF]             * [* {th:each}] [200]: com.intuit.karate.template.KarateEachTagProcessor
[THYMELEAF]             * [* {th:switch}] [250]: org.thymeleaf.standard.processor.StandardSwitchTagProcessor
[THYMELEAF]             * [* {th:case}] [275]: org.thymeleaf.standard.processor.StandardCaseTagProcessor
[THYMELEAF]             * [* {th:if}] [300]: org.thymeleaf.standard.processor.StandardIfTagProcessor
[THYMELEAF]             * [* {th:unless}] [400]: org.thymeleaf.standard.processor.StandardUnlessTagProcessor
[THYMELEAF]             * [* {th:object}] [500]: org.thymeleaf.standard.processor.StandardObjectTagProcessor
[THYMELEAF]             * [* {th:with}] [600]: com.intuit.karate.template.KarateWithTagProcessor
[THYMELEAF]             * [* {th:inline}] [1000]: org.thymeleaf.standard.processor.StandardInlineTextualTagProcessor
[THYMELEAF]             * [* {th:text}] [1300]: org.thymeleaf.standard.processor.StandardTextTagProcessor
[THYMELEAF]             * [* {th:utext}] [1400]: org.thymeleaf.standard.processor.StandardUtextTagProcessor
[THYMELEAF]             * [* {th:assert}] [1550]: org.thymeleaf.standard.processor.StandardAssertTagProcessor
[THYMELEAF]             * [* {th:remove}] [1600]: org.thymeleaf.standard.processor.StandardRemoveTagProcessor
[THYMELEAF]             * [{th:block} *] [100000]: org.thymeleaf.standard.processor.StandardBlockTagProcessor
[THYMELEAF]             * [* 100000] [org.thymeleaf.standard.processor.StandardBlockTagProcessor]: {}
[THYMELEAF]         * Text Processors by [precedence]:
[THYMELEAF]             * [1000]: org.thymeleaf.standard.processor.StandardInliningTextProcessor
[THYMELEAF]     * Processors for Template Mode: JAVASCRIPT
[THYMELEAF]         * Element Tag Processors by [matching element and attribute name] [precedence]:
[THYMELEAF]             * [* {th:insert}] [100]: org.thymeleaf.standard.processor.StandardInsertTagProcessor
[THYMELEAF]             * [* {th:replace}] [100]: org.thymeleaf.standard.processor.StandardReplaceTagProcessor
[THYMELEAF]             * [* {th:each}] [200]: com.intuit.karate.template.KarateEachTagProcessor
[THYMELEAF]             * [* {th:switch}] [250]: org.thymeleaf.standard.processor.StandardSwitchTagProcessor
[THYMELEAF]             * [* {th:case}] [275]: org.thymeleaf.standard.processor.StandardCaseTagProcessor
[THYMELEAF]             * [* {th:if}] [300]: org.thymeleaf.standard.processor.StandardIfTagProcessor
[THYMELEAF]             * [* {th:unless}] [400]: org.thymeleaf.standard.processor.StandardUnlessTagProcessor
[THYMELEAF]             * [* {th:object}] [500]: org.thymeleaf.standard.processor.StandardObjectTagProcessor
[THYMELEAF]             * [* {th:with}] [600]: com.intuit.karate.template.KarateWithTagProcessor
[THYMELEAF]             * [* {th:inline}] [1000]: org.thymeleaf.standard.processor.StandardInlineTextualTagProcessor
[THYMELEAF]             * [* {th:text}] [1300]: org.thymeleaf.standard.processor.StandardTextTagProcessor
[THYMELEAF]             * [* {th:utext}] [1400]: org.thymeleaf.standard.processor.StandardUtextTagProcessor
[THYMELEAF]             * [* {th:assert}] [1550]: org.thymeleaf.standard.processor.StandardAssertTagProcessor
[THYMELEAF]             * [* {th:remove}] [1600]: org.thymeleaf.standard.processor.StandardRemoveTagProcessor
[THYMELEAF]             * [* 100000] [org.thymeleaf.standard.processor.StandardBlockTagProcessor]: {}
[THYMELEAF]             * [{th:block} *] [100000]: org.thymeleaf.standard.processor.StandardBlockTagProcessor
[THYMELEAF]         * Text Processors by [precedence]:
[THYMELEAF]             * [1000]: org.thymeleaf.standard.processor.StandardInliningTextProcessor
[THYMELEAF]     * Processors for Template Mode: CSS
[THYMELEAF]         * Element Tag Processors by [matching element and attribute name] [precedence]:
[THYMELEAF]             * [* {th:insert}] [100]: org.thymeleaf.standard.processor.StandardInsertTagProcessor
[THYMELEAF]             * [* {th:replace}] [100]: org.thymeleaf.standard.processor.StandardReplaceTagProcessor
[THYMELEAF]             * [* {th:each}] [200]: com.intuit.karate.template.KarateEachTagProcessor
[THYMELEAF]             * [* {th:switch}] [250]: org.thymeleaf.standard.processor.StandardSwitchTagProcessor
[THYMELEAF]             * [* {th:case}] [275]: org.thymeleaf.standard.processor.StandardCaseTagProcessor
[THYMELEAF]             * [* {th:if}] [300]: org.thymeleaf.standard.processor.StandardIfTagProcessor
[THYMELEAF]             * [* {th:unless}] [400]: org.thymeleaf.standard.processor.StandardUnlessTagProcessor
[THYMELEAF]             * [* {th:object}] [500]: org.thymeleaf.standard.processor.StandardObjectTagProcessor
[THYMELEAF]             * [* {th:with}] [600]: com.intuit.karate.template.KarateWithTagProcessor
[THYMELEAF]             * [* {th:inline}] [1000]: org.thymeleaf.standard.processor.StandardInlineTextualTagProcessor
[THYMELEAF]             * [* {th:text}] [1300]: org.thymeleaf.standard.processor.StandardTextTagProcessor
[THYMELEAF]             * [* {th:utext}] [1400]: org.thymeleaf.standard.processor.StandardUtextTagProcessor
[THYMELEAF]             * [* {th:assert}] [1550]: org.thymeleaf.standard.processor.StandardAssertTagProcessor
[THYMELEAF]             * [* {th:remove}] [1600]: org.thymeleaf.standard.processor.StandardRemoveTagProcessor
[THYMELEAF]             * [* 100000] [org.thymeleaf.standard.processor.StandardBlockTagProcessor]: {}
[THYMELEAF]             * [{th:block} *] [100000]: org.thymeleaf.standard.processor.StandardBlockTagProcessor
[THYMELEAF]         * Text Processors by [precedence]:
[THYMELEAF]             * [1000]: org.thymeleaf.standard.processor.StandardInliningTextProcessor
[THYMELEAF]     * Expression Objects:
[THYMELEAF]         * #ctx
[THYMELEAF]         * #root
[THYMELEAF]         * #vars
[THYMELEAF]         * #object
[THYMELEAF]         * #locale
[THYMELEAF]         * #conversions
[THYMELEAF]         * #uris
[THYMELEAF]         * #temporals
[THYMELEAF]         * #calendars
[THYMELEAF]         * #dates
[THYMELEAF]         * #bools
[THYMELEAF]         * #numbers
[THYMELEAF]         * #objects
[THYMELEAF]         * #strings
[THYMELEAF]         * #arrays
[THYMELEAF]         * #lists
[THYMELEAF]         * #sets
[THYMELEAF]         * #maps
[THYMELEAF]         * #aggregates
[THYMELEAF]         * #messages
[THYMELEAF]         * #ids
[THYMELEAF]         * #execInfo
[THYMELEAF]         * #request
[THYMELEAF]         * #response
[THYMELEAF]         * #session
[THYMELEAF]         * #servletContext
[THYMELEAF]     * Execution Attributes:
[THYMELEAF]         * "StandardExpressionParser": com.intuit.karate.template.KarateStandardDialect@1a84a8b2
[THYMELEAF]         * "StandardJavaScriptSerializer": org.thymeleaf.standard.serializer.StandardJavaScriptSerializer@277bc3a5
[THYMELEAF]         * "StandardCSSSerializer": org.thymeleaf.standard.serializer.StandardCSSSerializer@214fba74
[THYMELEAF]         * "StandardVariableExpressionEvaluator": com.intuit.karate.template.KarateStandardDialect@1a84a8b2
[THYMELEAF]         * "StandardConversionService": org.thymeleaf.standard.expression.StandardConversionService@252c6cdb
[THYMELEAF] * Dialect [2 of 2]: karate (com.intuit.karate.template.KarateScriptDialect)
[THYMELEAF]     * Prefix: "ka"
[THYMELEAF]     * Processors for Template Mode: HTML
[THYMELEAF]         * Element Tag Processors by [matching element and attribute name] [precedence]:
[THYMELEAF]             * [* {src}] [1000]: com.intuit.karate.template.KaScriptAttrProcessor
[THYMELEAF]         * Element Model Processors by [matching element and attribute name] [precedence]:
[THYMELEAF]             * [{script} {ka:scope,data-ka-scope}] [1000]: com.intuit.karate.template.KaScriptElemProcessor
[THYMELEAF]             * [* {ka:set,data-ka-set}] [1000]: com.intuit.karate.template.KaSetElemProcessor
[THYMELEAF] TEMPLATE ENGINE CONFIGURED OK
16:26:15.444 [main] DEBUG org.thymeleaf.TemplateEngine -- [THYMELEAF] TEMPLATE ENGINE INITIALIZED
16:26:15.459 [main] DEBUG org.thymeleaf.TemplateEngine -- [THYMELEAF] INITIALIZING TEMPLATE ENGINE
16:26:15.459 [main] DEBUG org.thymeleaf.TemplateEngine.CONFIG -- Initializing Thymeleaf Template engine configuration...
[THYMELEAF] TEMPLATE ENGINE CONFIGURATION:
[THYMELEAF] * Thymeleaf version: 3.1.2.RELEASE (built 2023-07-30T19:25:50+0000)
[THYMELEAF] * Cache Manager implementation: org.thymeleaf.cache.StandardCacheManager
[THYMELEAF] * Template resolvers:
[THYMELEAF]     * [1] com.intuit.karate.template.ResourceHtmlTemplateResolver
[THYMELEAF] * Message resolvers:
[THYMELEAF]     * org.thymeleaf.messageresolver.StandardMessageResolver
[THYMELEAF] * Link builders:
[THYMELEAF]     * org.thymeleaf.linkbuilder.StandardLinkBuilder
[THYMELEAF] * Dialect [1 of 2]: Standard (com.intuit.karate.template.KarateStandardDialect)
[THYMELEAF]     * Prefix: "th"
[THYMELEAF]     * Processors for Template Mode: HTML
[THYMELEAF]         * Element Tag Processors by [matching element and attribute name] [precedence]:
[THYMELEAF]             * [* {th:include,data-th-include}] [100]: org.thymeleaf.standard.processor.StandardIncludeTagProcessor
[THYMELEAF]             * [* {th:insert,data-th-insert}] [100]: org.thymeleaf.standard.processor.StandardInsertTagProcessor
[THYMELEAF]             * [* {th:replace,data-th-replace}] [100]: org.thymeleaf.standard.processor.StandardReplaceTagProcessor
[THYMELEAF]             * [* {th:each,data-th-each}] [200]: com.intuit.karate.template.KarateEachTagProcessor
[THYMELEAF]             * [* {th:switch,data-th-switch}] [250]: org.thymeleaf.standard.processor.StandardSwitchTagProcessor
[THYMELEAF]             * [* {th:case,data-th-case}] [275]: org.thymeleaf.standard.processor.StandardCaseTagProcessor
[THYMELEAF]             * [* {th:if,data-th-if}] [300]: org.thymeleaf.standard.processor.StandardIfTagProcessor
[THYMELEAF]             * [* {th:unless,data-th-unless}] [400]: org.thymeleaf.standard.processor.StandardUnlessTagProcessor
[THYMELEAF]             * [* {th:object,data-th-object}] [500]: org.thymeleaf.standard.processor.StandardObjectTagProcessor
[THYMELEAF]             * [* {th:with,data-th-with}] [600]: com.intuit.karate.template.KarateWithTagProcessor
[THYMELEAF]             * [* {th:attr,data-th-attr}] [700]: com.intuit.karate.template.KarateAttributeTagProcessor.KarateAttrTagProcessor
[THYMELEAF]             * [* {th:attrappend,data-th-attrappend}] [900]: com.intuit.karate.template.KarateAttributeTagProcessor.KarateAttrappendTagProcessor
[THYMELEAF]             * [* {th:attrprepend,data-th-attrprepend}] [900]: com.intuit.karate.template.KarateAttributeTagProcessor.KarateAttrprependTagProcessor
[THYMELEAF]             * [* {th:alt-title,data-th-alt-title}] [990]: org.thymeleaf.standard.processor.StandardAltTitleTagProcessor
[THYMELEAF]             * [* {th:lang-xmllang,data-th-lang-xmllang}] [990]: org.thymeleaf.standard.processor.StandardLangXmlLangTagProcessor
[THYMELEAF]             * [* {th:action,data-th-action}] [1000]: org.thymeleaf.standard.processor.StandardActionTagProcessor
[THYMELEAF]             * [* {th:declare,data-th-declare}] [1000]: org.thymeleaf.standard.processor.StandardConditionalFixedValueTagProcessor
[THYMELEAF]             * [* {th:readonly,data-th-readonly}] [1000]: org.thymeleaf.standard.processor.StandardConditionalFixedValueTagProcessor
[THYMELEAF]             * [* {th:selected,data-th-selected}] [1000]: org.thymeleaf.standard.processor.StandardConditionalFixedValueTagProcessor
[THYMELEAF]             * [* {th:nowrap,data-th-nowrap}] [1000]: org.thymeleaf.standard.processor.StandardConditionalFixedValueTagProcessor
[THYMELEAF]             * [* {th:formnovalidate,data-th-formnovalidate}] [1000]: org.thymeleaf.standard.processor.StandardConditionalFixedValueTagProcessor
[THYMELEAF]             * [* {th:loop,data-th-loop}] [1000]: org.thymeleaf.standard.processor.StandardConditionalFixedValueTagProcessor
[THYMELEAF]             * [* {th:defer,data-th-defer}] [1000]: org.thymeleaf.standard.processor.StandardConditionalFixedValueTagProcessor
[THYMELEAF]             * [* {th:reversed,data-th-reversed}] [1000]: org.thymeleaf.standard.processor.StandardConditionalFixedValueTagProcessor
[THYMELEAF]             * [* {th:multiple,data-th-multiple}] [1000]: org.thymeleaf.standard.processor.StandardConditionalFixedValueTagProcessor
[THYMELEAF]             * [* {th:ismap,data-th-ismap}] [1000]: org.thymeleaf.standard.processor.StandardConditionalFixedValueTagProcessor
[THYMELEAF]             * [* {th:seamless,data-th-seamless}] [1000]: org.thymeleaf.standard.processor.StandardConditionalFixedValueTagProcessor
[THYMELEAF]             * [* {th:open,data-th-open}] [1000]: org.thymeleaf.standard.processor.StandardConditionalFixedValueTagProcessor
[THYMELEAF]             * [* {th:novalidate,data-th-novalidate}] [1000]: org.thymeleaf.standard.processor.StandardConditionalFixedValueTagProcessor
[THYMELEAF]             * [* {th:async,data-th-async}] [1000]: org.thymeleaf.standard.processor.StandardConditionalFixedValueTagProcessor
[THYMELEAF]             * [* {th:scoped,data-th-scoped}] [1000]: org.thymeleaf.standard.processor.StandardConditionalFixedValueTagProcessor
[THYMELEAF]             * [* {th:default,data-th-default}] [1000]: org.thymeleaf.standard.processor.StandardConditionalFixedValueTagProcessor
[THYMELEAF]             * [* {th:hidden,data-th-hidden}] [1000]: org.thymeleaf.standard.processor.StandardConditionalFixedValueTagProcessor
[THYMELEAF]             * [* {th:autoplay,data-th-autoplay}] [1000]: org.thymeleaf.standard.processor.StandardConditionalFixedValueTagProcessor
[THYMELEAF]             * [* {th:disabled,data-th-disabled}] [1000]: org.thymeleaf.standard.processor.StandardConditionalFixedValueTagProcessor
[THYMELEAF]             * [* {th:autofocus,data-th-autofocus}] [1000]: org.thymeleaf.standard.processor.StandardConditionalFixedValueTagProcessor
[THYMELEAF]             * [* {th:required,data-th-required}] [1000]: org.thymeleaf.standard.processor.StandardConditionalFixedValueTagProcessor
[THYMELEAF]             * [* {th:controls,data-th-controls}] [1000]: org.thymeleaf.standard.processor.StandardConditionalFixedValueTagProcessor
[THYMELEAF]             * [* {th:pubdate,data-th-pubdate}] [1000]: org.thymeleaf.standard.processor.StandardConditionalFixedValueTagProcessor
[THYMELEAF]             * [* {th:checked,data-th-checked}] [1000]: org.thymeleaf.standard.processor.StandardConditionalFixedValueTagProcessor
[THYMELEAF]             * [* {th:onmouseup,data-th-onmouseup}] [1000]: org.thymeleaf.standard.processor.StandardDOMEventAttributeTagProcessor
[THYMELEAF]             * [* {th:onmousedown,data-th-onmousedown}] [1000]: org.thymeleaf.standard.processor.StandardDOMEventAttributeTagProcessor
[THYMELEAF]             * [* {th:onpause,data-th-onpause}] [1000]: org.thymeleaf.standard.processor.StandardDOMEventAttributeTagProcessor
[THYMELEAF]             * [* {th:ondrop,data-th-ondrop}] [1000]: org.thymeleaf.standard.processor.StandardDOMEventAttributeTagProcessor
[THYMELEAF]             * [* {th:ondragend,data-th-ondragend}] [1000]: org.thymeleaf.standard.processor.StandardDOMEventAttributeTagProcessor
[THYMELEAF]             * [* {th:oncontextmenu,data-th-oncontextmenu}] [1000]: org.thymeleaf.standard.processor.StandardDOMEventAttributeTagProcessor
[THYMELEAF]             * [* {th:onended,data-th-onended}] [1000]: org.thymeleaf.standard.processor.StandardDOMEventAttributeTagProcessor
[THYMELEAF]             * [* {th:onbeforeprint,data-th-onbeforeprint}] [1000]: org.thymeleaf.standard.processor.StandardDOMEventAttributeTagProcessor
[THYMELEAF]             * [* {th:onratechange,data-th-onratechange}] [1000]: org.thymeleaf.standard.processor.StandardDOMEventAttributeTagProcessor
[THYMELEAF]             * [* {th:ondragenter,data-th-ondragenter}] [1000]: org.thymeleaf.standard.processor.StandardDOMEventAttributeTagProcessor
[THYMELEAF]             * [* {th:onkeyup,data-th-onkeyup}] [1000]: org.thymeleaf.standard.processor.StandardDOMEventAttributeTagProcessor
[THYMELEAF]             * [* {th:onselect,data-th-onselect}] [1000]: org.thymeleaf.standard.processor.StandardDOMEventAttributeTagProcessor
[THYMELEAF]             * [* {th:onundo,data-th-onundo}] [1000]: org.thymeleaf.standard.processor.StandardDOMEventAttributeTagProcessor
[THYMELEAF]             * [* {th:onloadstart,data-th-onloadstart}] [1000]: org.thymeleaf.standard.processor.StandardDOMEventAttributeTagProcessor
[THYMELEAF]             * [* {th:ondragleave,data-th-ondragleave}] [1000]: org.thymeleaf.standard.processor.StandardDOMEventAttributeTagProcessor
[THYMELEAF]             * [* {th:onplaying,data-th-onplaying}] [1000]: org.thymeleaf.standard.processor.StandardDOMEventAttributeTagProcessor
[THYMELEAF]             * [* {th:ondrag,data-th-ondrag}] [1000]: org.thymeleaf.standard.processor.StandardDOMEventAttributeTagProcessor
[THYMELEAF]             * [* {th:onemptied,data-th-onemptied}] [1000]: org.thymeleaf.standard.processor.StandardDOMEventAttributeTagProcessor
[THYMELEAF]             * [* {th:onreset,data-th-onreset}] [1000]: org.thymeleaf.standard.processor.StandardDOMEventAttributeTagProcessor
[THYMELEAF]             * [* {th:onclick,data-th-onclick}] [1000]: org.thymeleaf.standard.processor.StandardDOMEventAttributeTagProcessor
[THYMELEAF]             * [* {th:onstorage,data-th-onstorage}] [1000]: org.thymeleaf.standard.processor.StandardDOMEventAttributeTagProcessor
[THYMELEAF]             * [* {th:onplay,data-th-onplay}] [1000]: org.thymeleaf.standard.processor.StandardDOMEventAttributeTagProcessor
[THYMELEAF]             * [* {th:onreadystatechange,data-th-onreadystatechange}] [1000]: org.thymeleaf.standard.processor.StandardDOMEventAttributeTagProcessor
[THYMELEAF]             * [* {th:onshow,data-th-onshow}] [1000]: org.thymeleaf.standard.processor.StandardDOMEventAttributeTagProcessor
[THYMELEAF]             * [* {th:onvolumechange,data-th-onvolumechange}] [1000]: org.thymeleaf.standard.processor.StandardDOMEventAttributeTagProcessor
[THYMELEAF]             * [* {th:onmousewheel,data-th-onmousewheel}] [1000]: org.thymeleaf.standard.processor.StandardDOMEventAttributeTagProcessor
[THYMELEAF]             * [* {th:onunload,data-th-onunload}] [1000]: org.thymeleaf.standard.processor.StandardDOMEventAttributeTagProcessor
[THYMELEAF]             * [* {th:onwaiting,data-th-onwaiting}] [1000]: org.thymeleaf.standard.processor.StandardDOMEventAttributeTagProcessor
[THYMELEAF]             * [* {th:onmouseout,data-th-onmouseout}] [1000]: org.thymeleaf.standard.processor.StandardDOMEventAttributeTagProcessor
[THYMELEAF]             * [* {th:onabort,data-th-onabort}] [1000]: org.thymeleaf.standard.processor.StandardDOMEventAttributeTagProcessor
[THYMELEAF]             * [* {th:onhashchange,data-th-onhashchange}] [1000]: org.thymeleaf.standard.processor.StandardDOMEventAttributeTagProcessor
[THYMELEAF]             * [* {th:ondragover,data-th-ondragover}] [1000]: org.thymeleaf.standard.processor.StandardDOMEventAttributeTagProcessor
[THYMELEAF]             * [* {th:onformchange,data-th-onformchange}] [1000]: org.thymeleaf.standard.processor.StandardDOMEventAttributeTagProcessor
[THYMELEAF]             * [* {th:oncanplay,data-th-oncanplay}] [1000]: org.thymeleaf.standard.processor.StandardDOMEventAttributeTagProcessor
[THYMELEAF]             * [* {th:onpopstate,data-th-onpopstate}] [1000]: org.thymeleaf.standard.processor.StandardDOMEventAttributeTagProcessor
[THYMELEAF]             * [* {th:onloadedmetadata,data-th-onloadedmetadata}] [1000]: org.thymeleaf.standard.processor.StandardDOMEventAttributeTagProcessor
[THYMELEAF]             * [* {th:onstalled,data-th-onstalled}] [1000]: org.thymeleaf.standard.processor.StandardDOMEventAttributeTagProcessor
[THYMELEAF]             * [* {th:oninvalid,data-th-oninvalid}] [1000]: org.thymeleaf.standard.processor.StandardDOMEventAttributeTagProcessor
[THYMELEAF]             * [* {th:onseeked,data-th-onseeked}] [1000]: org.thymeleaf.standard.processor.StandardDOMEventAttributeTagProcessor
[THYMELEAF]             * [* {th:onmouseover,data-th-onmouseover}] [1000]: org.thymeleaf.standard.processor.StandardDOMEventAttributeTagProcessor
[THYMELEAF]             * [* {th:onprogress,data-th-onprogress}] [1000]: org.thymeleaf.standard.processor.StandardDOMEventAttributeTagProcessor
[THYMELEAF]             * [* {th:onoffline,data-th-onoffline}] [1000]: org.thymeleaf.standard.processor.StandardDOMEventAttributeTagProcessor
[THYMELEAF]             * [* {th:ondragstart,data-th-ondragstart}] [1000]: org.thymeleaf.standard.processor.StandardDOMEventAttributeTagProcessor
[THYMELEAF]             * [* {th:ononline,data-th-ononline}] [1000]: org.thymeleaf.standard.processor.StandardDOMEventAttributeTagProcessor
[THYMELEAF]             * [* {th:onsuspend,data-th-onsuspend}] [1000]: org.thymeleaf.standard.processor.StandardDOMEventAttributeTagProcessor
[THYMELEAF]             * [* {th:onblur,data-th-onblur}] [1000]: org.thymeleaf.standard.processor.StandardDOMEventAttributeTagProcessor
[THYMELEAF]             * [* {th:onforminput,data-th-onforminput}] [1000]: org.thymeleaf.standard.processor.StandardDOMEventAttributeTagProcessor
[THYMELEAF]             * [* {th:onscroll,data-th-onscroll}] [1000]: org.thymeleaf.standard.processor.StandardDOMEventAttributeTagProcessor
[THYMELEAF]             * [* {th:onchange,data-th-onchange}] [1000]: org.thymeleaf.standard.processor.StandardDOMEventAttributeTagProcessor
[THYMELEAF]             * [* {th:ondblclick,data-th-ondblclick}] [1000]: org.thymeleaf.standard.processor.StandardDOMEventAttributeTagProcessor
[THYMELEAF]             * [* {th:onload,data-th-onload}] [1000]: org.thymeleaf.standard.processor.StandardDOMEventAttributeTagProcessor
[THYMELEAF]             * [* {th:ondurationchange,data-th-ondurationchange}] [1000]: org.thymeleaf.standard.processor.StandardDOMEventAttributeTagProcessor
[THYMELEAF]             * [* {th:onredo,data-th-onredo}] [1000]: org.thymeleaf.standard.processor.StandardDOMEventAttributeTagProcessor
[THYMELEAF]             * [* {th:onbeforeunload,data-th-onbeforeunload}] [1000]: org.thymeleaf.standard.processor.StandardDOMEventAttributeTagProcessor
[THYMELEAF]             * [* {th:onfocus,data-th-onfocus}] [1000]: org.thymeleaf.standard.processor.StandardDOMEventAttributeTagProcessor
[THYMELEAF]             * [* {th:oncanplaythrough,data-th-oncanplaythrough}] [1000]: org.thymeleaf.standard.processor.StandardDOMEventAttributeTagProcessor
[THYMELEAF]             * [* {th:onkeypress,data-th-onkeypress}] [1000]: org.thymeleaf.standard.processor.StandardDOMEventAttributeTagProcessor
[THYMELEAF]             * [* {th:onresize,data-th-onresize}] [1000]: org.thymeleaf.standard.processor.StandardDOMEventAttributeTagProcessor
[THYMELEAF]             * [* {th:onmousemove,data-th-onmousemove}] [1000]: org.thymeleaf.standard.processor.StandardDOMEventAttributeTagProcessor
[THYMELEAF]             * [* {th:onsubmit,data-th-onsubmit}] [1000]: org.thymeleaf.standard.processor.StandardDOMEventAttributeTagProcessor
[THYMELEAF]             * [* {th:onseeking,data-th-onseeking}] [1000]: org.thymeleaf.standard.processor.StandardDOMEventAttributeTagProcessor
[THYMELEAF]             * [* {th:onafterprint,data-th-onafterprint}] [1000]: org.thymeleaf.standard.processor.StandardDOMEventAttributeTagProcessor
[THYMELEAF]             * [* {th:oninput,data-th-oninput}] [1000]: org.thymeleaf.standard.processor.StandardDOMEventAttributeTagProcessor
[THYMELEAF]             * [* {th:onerror,data-th-onerror}] [1000]: org.thymeleaf.standard.processor.StandardDOMEventAttributeTagProcessor
[THYMELEAF]             * [* {th:onloadeddata,data-th-onloadeddata}] [1000]: org.thymeleaf.standard.processor.StandardDOMEventAttributeTagProcessor
[THYMELEAF]             * [* {th:ontimeupdate,data-th-ontimeupdate}] [1000]: org.thymeleaf.standard.processor.StandardDOMEventAttributeTagProcessor
[THYMELEAF]             * [* {th:onmessage,data-th-onmessage}] [1000]: org.thymeleaf.standard.processor.StandardDOMEventAttributeTagProcessor
[THYMELEAF]             * [* {th:onkeydown,data-th-onkeydown}] [1000]: org.thymeleaf.standard.processor.StandardDOMEventAttributeTagProcessor
[THYMELEAF]             * [* {th:href,data-th-href}] [1000]: org.thymeleaf.standard.processor.StandardHrefTagProcessor
[THYMELEAF]             * [* {th:inline,data-th-inline}] [1000]: org.thymeleaf.standard.processor.StandardInlineHTMLTagProcessor
[THYMELEAF]             * [* {th:method,data-th-method}] [1000]: org.thymeleaf.standard.processor.StandardMethodTagProcessor
[THYMELEAF]             * [* {th:type,data-th-type}] [1000]: org.thymeleaf.standard.processor.StandardNonRemovableAttributeTagProcessor
[THYMELEAF]             * [* {th:name,data-th-name}] [1000]: org.thymeleaf.standard.processor.StandardNonRemovableAttributeTagProcessor
[THYMELEAF]             * [* {th:alt,data-th-alt}] [1000]: org.thymeleaf.standard.processor.StandardRemovableAttributeTagProcessor
[THYMELEAF]             * [* {th:placeholder,data-th-placeholder}] [1000]: org.thymeleaf.standard.processor.StandardRemovableAttributeTagProcessor
[THYMELEAF]             * [* {th:scheme,data-th-scheme}] [1000]: org.thymeleaf.standard.processor.StandardRemovableAttributeTagProcessor
[THYMELEAF]             * [* {th:classid,data-th-classid}] [1000]: org.thymeleaf.standard.processor.StandardRemovableAttributeTagProcessor
[THYMELEAF]             * [* {th:sizes,data-th-sizes}] [1000]: org.thymeleaf.standard.processor.StandardRemovableAttributeTagProcessor
[THYMELEAF]             * [* {th:rowspan,data-th-rowspan}] [1000]: org.thymeleaf.standard.processor.StandardRemovableAttributeTagProcessor
[THYMELEAF]             * [* {th:content,data-th-content}] [1000]: org.thymeleaf.standard.processor.StandardRemovableAttributeTagProcessor
[THYMELEAF]             * [* {th:scrolling,data-th-scrolling}] [1000]: org.thymeleaf.standard.processor.StandardRemovableAttributeTagProcessor
[THYMELEAF]             * [* {th:scope,data-th-scope}] [1000]: org.thymeleaf.standard.processor.StandardRemovableAttributeTagProcessor
[THYMELEAF]             * [* {th:maxlength,data-th-maxlength}] [1000]: org.thymeleaf.standard.processor.StandardRemovableAttributeTagProcessor
[THYMELEAF]             * [* {th:tabindex,data-th-tabindex}] [1000]: org.thymeleaf.standard.processor.StandardRemovableAttributeTagProcessor
[THYMELEAF]             * [* {th:accesskey,data-th-accesskey}] [1000]: org.thymeleaf.standard.processor.StandardRemovableAttributeTagProcessor
[THYMELEAF]             * [* {th:audio,data-th-audio}] [1000]: org.thymeleaf.standard.processor.StandardRemovableAttributeTagProcessor
[THYMELEAF]             * [* {th:draggable,data-th-draggable}] [1000]: org.thymeleaf.standard.processor.StandardRemovableAttributeTagProcessor
[THYMELEAF]             * [* {th:formtarget,data-th-formtarget}] [1000]: org.thymeleaf.standard.processor.StandardRemovableAttributeTagProcessor
[THYMELEAF]             * [* {th:manifest,data-th-manifest}] [1000]: org.thymeleaf.standard.processor.StandardRemovableAttributeTagProcessor
[THYMELEAF]             * [* {th:span,data-th-span}] [1000]: org.thymeleaf.standard.processor.StandardRemovableAttributeTagProcessor
[THYMELEAF]             * [* {th:contenteditable,data-th-contenteditable}] [1000]: org.thymeleaf.standard.processor.StandardRemovableAttributeTagProcessor
[THYMELEAF]             * [* {th:rows,data-th-rows}] [1000]: org.thymeleaf.standard.processor.StandardRemovableAttributeTagProcessor
[THYMELEAF]             * [* {th:rev,data-th-rev}] [1000]: org.thymeleaf.standard.processor.StandardRemovableAttributeTagProcessor
[THYMELEAF]             * [* {th:datetime,data-th-datetime}] [1000]: org.thymeleaf.standard.processor.StandardRemovableAttributeTagProcessor
[THYMELEAF]             * [* {th:autocomplete,data-th-autocomplete}] [1000]: org.thymeleaf.standard.processor.StandardRemovableAttributeTagProcessor
[THYMELEAF]             * [* {th:low,data-th-low}] [1000]: org.thymeleaf.standard.processor.StandardRemovableAttributeTagProcessor
[THYMELEAF]             * [* {th:start,data-th-start}] [1000]: org.thymeleaf.standard.processor.StandardRemovableAttributeTagProcessor
[THYMELEAF]             * [* {th:marginwidth,data-th-marginwidth}] [1000]: org.thymeleaf.standard.processor.StandardRemovableAttributeTagProcessor
[THYMELEAF]             * [* {th:width,data-th-width}] [1000]: org.thymeleaf.standard.processor.StandardRemovableAttributeTagProcessor
[THYMELEAF]             * [* {th:accept,data-th-accept}] [1000]: org.thymeleaf.standard.processor.StandardRemovableAttributeTagProcessor
[THYMELEAF]             * [* {th:pattern,data-th-pattern}] [1000]: org.thymeleaf.standard.processor.StandardRemovableAttributeTagProcessor
[THYMELEAF]             * [* {th:spellcheck,data-th-spellcheck}] [1000]: org.thymeleaf.standard.processor.StandardRemovableAttributeTagProcessor
[THYMELEAF]             * [* {th:dropzone,data-th-dropzone}] [1000]: org.thymeleaf.standard.processor.StandardRemovableAttributeTagProcessor
[THYMELEAF]             * [* {th:srclang,data-th-srclang}] [1000]: org.thymeleaf.standard.processor.StandardRemovableAttributeTagProcessor
[THYMELEAF]             * [* {th:http-equiv,data-th-http-equiv}] [1000]: org.thymeleaf.standard.processor.StandardRemovableAttributeTagProcessor
[THYMELEAF]             * [* {th:border,data-th-border}] [1000]: org.thymeleaf.standard.processor.StandardRemovableAttributeTagProcessor
[THYMELEAF]             * [* {th:compact,data-th-compact}] [1000]: org.thymeleaf.standard.processor.StandardRemovableAttributeTagProcessor
[THYMELEAF]             * [* {th:codetype,data-th-codetype}] [1000]: org.thymeleaf.standard.processor.StandardRemovableAttributeTagProcessor
[THYMELEAF]             * [* {th:archive,data-th-archive}] [1000]: org.thymeleaf.standard.processor.StandardRemovableAttributeTagProcessor
[THYMELEAF]             * [* {th:lang,data-th-lang}] [1000]: org.thymeleaf.standard.processor.StandardRemovableAttributeTagProcessor
[THYMELEAF]             * [* {th:charset,data-th-charset}] [1000]: org.thymeleaf.standard.processor.StandardRemovableAttributeTagProcessor
[THYMELEAF]             * [* {th:cellpadding,data-th-cellpadding}] [1000]: org.thymeleaf.standard.processor.StandardRemovableAttributeTagProcessor
[THYMELEAF]             * [* {th:preload,data-th-preload}] [1000]: org.thymeleaf.standard.processor.StandardRemovableAttributeTagProcessor
[THYMELEAF]             * [* {th:cellspacing,data-th-cellspacing}] [1000]: org.thymeleaf.standard.processor.StandardRemovableAttributeTagProcessor
[THYMELEAF]             * [* {th:marginheight,data-th-marginheight}] [1000]: org.thymeleaf.standard.processor.StandardRemovableAttributeTagProcessor
[THYMELEAF]             * [* {th:size,data-th-size}] [1000]: org.thymeleaf.standard.processor.StandardRemovableAttributeTagProcessor
[THYMELEAF]             * [* {th:sandbox,data-th-sandbox}] [1000]: org.thymeleaf.standard.processor.StandardRemovableAttributeTagProcessor
[THYMELEAF]             * [* {th:title,data-th-title}] [1000]: org.thymeleaf.standard.processor.StandardRemovableAttributeTagProcessor
[THYMELEAF]             * [* {th:keytype,data-th-keytype}] [1000]: org.thymeleaf.standard.processor.StandardRemovableAttributeTagProcessor
[THYMELEAF]             * [* {th:axis,data-th-axis}] [1000]: org.thymeleaf.standard.processor.StandardRemovableAttributeTagProcessor
[THYMELEAF]             * [* {th:enctype,data-th-enctype}] [1000]: org.thymeleaf.standard.processor.StandardRemovableAttributeTagProcessor
[THYMELEAF]             * [* {th:optimum,data-th-optimum}] [1000]: org.thymeleaf.standard.processor.StandardRemovableAttributeTagProcessor
[THYMELEAF]             * [* {th:background,data-th-background}] [1000]: org.thymeleaf.standard.processor.StandardRemovableAttributeTagProcessor
[THYMELEAF]             * [* {th:target,data-th-target}] [1000]: org.thymeleaf.standard.processor.StandardRemovableAttributeTagProcessor
[THYMELEAF]             * [* {th:radiogroup,data-th-radiogroup}] [1000]: org.thymeleaf.standard.processor.StandardRemovableAttributeTagProcessor
[THYMELEAF]             * [* {th:media,data-th-media}] [1000]: org.thymeleaf.standard.processor.StandardRemovableAttributeTagProcessor
[THYMELEAF]             * [* {th:step,data-th-step}] [1000]: org.thymeleaf.standard.processor.StandardRemovableAttributeTagProcessor
[THYMELEAF]             * [* {th:abbr,data-th-abbr}] [1000]: org.thymeleaf.standard.processor.StandardRemovableAttributeTagProcessor
[THYMELEAF]             * [* {th:bgcolor,data-th-bgcolor}] [1000]: org.thymeleaf.standard.processor.StandardRemovableAttributeTagProcessor
[THYMELEAF]             * [* {th:icon,data-th-icon}] [1000]: org.thymeleaf.standard.processor.StandardRemovableAttributeTagProcessor
[THYMELEAF]             * [* {th:formmethod,data-th-formmethod}] [1000]: org.thymeleaf.standard.processor.StandardRemovableAttributeTagProcessor
[THYMELEAF]             * [* {th:frameborder,data-th-frameborder}] [1000]: org.thymeleaf.standard.processor.StandardRemovableAttributeTagProcessor
[THYMELEAF]             * [* {th:label,data-th-label}] [1000]: org.thymeleaf.standard.processor.StandardRemovableAttributeTagProcessor
[THYMELEAF]             * [* {th:usemap,data-th-usemap}] [1000]: org.thymeleaf.standard.processor.StandardRemovableAttributeTagProcessor
[THYMELEAF]             * [* {th:codebase,data-th-codebase}] [1000]: org.thymeleaf.standard.processor.StandardRemovableAttributeTagProcessor
[THYMELEAF]             * [* {th:hreflang,data-th-hreflang}] [1000]: org.thymeleaf.standard.processor.StandardRemovableAttributeTagProcessor
[THYMELEAF]             * [* {th:poster,data-th-poster}] [1000]: org.thymeleaf.standard.processor.StandardRemovableAttributeTagProcessor
[THYMELEAF]             * [* {th:headers,data-th-headers}] [1000]: org.thymeleaf.standard.processor.StandardRemovableAttributeTagProcessor
[THYMELEAF]             * [* {th:min,data-th-min}] [1000]: org.thymeleaf.standard.processor.StandardRemovableAttributeTagProcessor
[THYMELEAF]             * [* {th:vspace,data-th-vspace}] [1000]: org.thymeleaf.standard.processor.StandardRemovableAttributeTagProcessor
[THYMELEAF]             * [* {th:style,data-th-style}] [1000]: org.thymeleaf.standard.processor.StandardRemovableAttributeTagProcessor
[THYMELEAF]             * [* {th:cols,data-th-cols}] [1000]: org.thymeleaf.standard.processor.StandardRemovableAttributeTagProcessor
[THYMELEAF]             * [* {th:standby,data-th-standby}] [1000]: org.thymeleaf.standard.processor.StandardRemovableAttributeTagProcessor
[THYMELEAF]             * [* {th:align,data-th-align}] [1000]: org.thymeleaf.standard.processor.StandardRemovableAttributeTagProcessor
[THYMELEAF]             * [* {th:rules,data-th-rules}] [1000]: org.thymeleaf.standard.processor.StandardRemovableAttributeTagProcessor
[THYMELEAF]             * [* {th:valuetype,data-th-valuetype}] [1000]: org.thymeleaf.standard.processor.StandardRemovableAttributeTagProcessor
[THYMELEAF]             * [* {th:accept-charset,data-th-accept-charset}] [1000]: org.thymeleaf.standard.processor.StandardRemovableAttributeTagProcessor
[THYMELEAF]             * [* {th:longdesc,data-th-longdesc}] [1000]: org.thymeleaf.standard.processor.StandardRemovableAttributeTagProcessor
[THYMELEAF]             * [* {th:challenge,data-th-challenge}] [1000]: org.thymeleaf.standard.processor.StandardRemovableAttributeTagProcessor
[THYMELEAF]             * [* {th:id,data-th-id}] [1000]: org.thymeleaf.standard.processor.StandardRemovableAttributeTagProcessor
[THYMELEAF]             * [* {th:max,data-th-max}] [1000]: org.thymeleaf.standard.processor.StandardRemovableAttributeTagProcessor
[THYMELEAF]             * [* {th:form,data-th-form}] [1000]: org.thymeleaf.standard.processor.StandardRemovableAttributeTagProcessor
[THYMELEAF]             * [* {th:data,data-th-data}] [1000]: org.thymeleaf.standard.processor.StandardRemovableAttributeTagProcessor
[THYMELEAF]             * [* {th:dir,data-th-dir}] [1000]: org.thymeleaf.standard.processor.StandardRemovableAttributeTagProcessor
[THYMELEAF]             * [* {th:height,data-th-height}] [1000]: org.thymeleaf.standard.processor.StandardRemovableAttributeTagProcessor
[THYMELEAF]             * [* {th:class,data-th-class}] [1000]: org.thymeleaf.standard.processor.StandardRemovableAttributeTagProcessor
[THYMELEAF]             * [* {th:hspace,data-th-hspace}] [1000]: org.thymeleaf.standard.processor.StandardRemovableAttributeTagProcessor
[THYMELEAF]             * [* {th:kind,data-th-kind}] [1000]: org.thymeleaf.standard.processor.StandardRemovableAttributeTagProcessor
[THYMELEAF]             * [* {th:for,data-th-for}] [1000]: org.thymeleaf.standard.processor.StandardRemovableAttributeTagProcessor
[THYMELEAF]             * [* {th:formenctype,data-th-formenctype}] [1000]: org.thymeleaf.standard.processor.StandardRemovableAttributeTagProcessor
[THYMELEAF]             * [* {th:cite,data-th-cite}] [1000]: org.thymeleaf.standard.processor.StandardRemovableAttributeTagProcessor
[THYMELEAF]             * [* {th:colspan,data-th-colspan}] [1000]: org.thymeleaf.standard.processor.StandardRemovableAttributeTagProcessor
[THYMELEAF]             * [* {th:wrap,data-th-wrap}] [1000]: org.thymeleaf.standard.processor.StandardRemovableAttributeTagProcessor
[THYMELEAF]             * [* {th:summary,data-th-summary}] [1000]: org.thymeleaf.standard.processor.StandardRemovableAttributeTagProcessor
[THYMELEAF]             * [* {th:rel,data-th-rel}] [1000]: org.thymeleaf.standard.processor.StandardRemovableAttributeTagProcessor
[THYMELEAF]             * [* {th:list,data-th-list}] [1000]: org.thymeleaf.standard.processor.StandardRemovableAttributeTagProcessor
[THYMELEAF]             * [* {th:frame,data-th-frame}] [1000]: org.thymeleaf.standard.processor.StandardRemovableAttributeTagProcessor
[THYMELEAF]             * [* {th:high,data-th-high}] [1000]: org.thymeleaf.standard.processor.StandardRemovableAttributeTagProcessor
[THYMELEAF]             * [* {th:contextmenu,data-th-contextmenu}] [1000]: org.thymeleaf.standard.processor.StandardRemovableAttributeTagProcessor
[THYMELEAF]             * [* {th:formaction,data-th-formaction}] [1000]: org.thymeleaf.standard.processor.StandardRemovableAttributeTagProcessor
[THYMELEAF]             * [* {th:src,data-th-src}] [1000]: org.thymeleaf.standard.processor.StandardSrcTagProcessor
[THYMELEAF]             * [* {th:value,data-th-value}] [1000]: org.thymeleaf.standard.processor.StandardValueTagProcessor
[THYMELEAF]             * [* {th:xmlbase,data-th-xmlbase}] [1000]: org.thymeleaf.standard.processor.StandardXmlBaseTagProcessor
[THYMELEAF]             * [* {th:xmllang,data-th-xmllang}] [1000]: org.thymeleaf.standard.processor.StandardXmlLangTagProcessor
[THYMELEAF]             * [* {xmlns:th}] [1000]: org.thymeleaf.standard.processor.StandardXmlNsTagProcessor
[THYMELEAF]             * [* {th:xmlspace,data-th-xmlspace}] [1000]: org.thymeleaf.standard.processor.StandardXmlSpaceTagProcessor
[THYMELEAF]             * [* {th:classappend,data-th-classappend}] [1100]: org.thymeleaf.standard.processor.StandardClassappendTagProcessor
[THYMELEAF]             * [* {th:styleappend,data-th-styleappend}] [1100]: org.thymeleaf.standard.processor.StandardStyleappendTagProcessor
[THYMELEAF]             * [* {th:text,data-th-text}] [1300]: org.thymeleaf.standard.processor.StandardTextTagProcessor
[THYMELEAF]             * [* {th:utext,data-th-utext}] [1400]: org.thymeleaf.standard.processor.StandardUtextTagProcessor
[THYMELEAF]             * [* {th:fragment,data-th-fragment}] [1500]: org.thymeleaf.standard.processor.StandardFragmentTagProcessor
[THYMELEAF]             * [* {th:assert,data-th-assert}] [1550]: org.thymeleaf.standard.processor.StandardAssertTagProcessor
[THYMELEAF]             * [* {th:remove,data-th-remove}] [1600]: org.thymeleaf.standard.processor.StandardRemoveTagProcessor
[THYMELEAF]             * [* {th:ref,data-th-ref}] [10000]: org.thymeleaf.standard.processor.StandardRefAttributeTagProcessor
[THYMELEAF]             * [{th:block,th-block} *] [100000]: org.thymeleaf.standard.processor.StandardBlockTagProcessor
[THYMELEAF]             * [* th:*] [2147483647]: org.thymeleaf.standard.processor.StandardDefaultAttributesTagProcessor
[THYMELEAF]         * Text Processors by [precedence]:
[THYMELEAF]             * [1000]: org.thymeleaf.standard.processor.StandardInliningTextProcessor
[THYMELEAF]         * DOCTYPE Processors by [precedence]:
[THYMELEAF]             * [1000]: org.thymeleaf.standard.processor.StandardTranslationDocTypeProcessor
[THYMELEAF]         * CDATA Section Processors by [precedence]:
[THYMELEAF]             * [1000]: org.thymeleaf.standard.processor.StandardInliningCDATASectionProcessor
[THYMELEAF]         * Comment Processors by [precedence]:
[THYMELEAF]             * [1000]: org.thymeleaf.standard.processor.StandardInliningCommentProcessor
[THYMELEAF]             * [1100]: org.thymeleaf.standard.processor.StandardConditionalCommentProcessor
[THYMELEAF]     * Processors for Template Mode: XML
[THYMELEAF]         * Element Tag Processors by [matching element and attribute name] [precedence]:
[THYMELEAF]             * [* {th:include}] [100]: org.thymeleaf.standard.processor.StandardIncludeTagProcessor
[THYMELEAF]             * [* {th:insert}] [100]: org.thymeleaf.standard.processor.StandardInsertTagProcessor
[THYMELEAF]             * [* {th:replace}] [100]: org.thymeleaf.standard.processor.StandardReplaceTagProcessor
[THYMELEAF]             * [* {th:each}] [200]: com.intuit.karate.template.KarateEachTagProcessor
[THYMELEAF]             * [* {th:switch}] [250]: org.thymeleaf.standard.processor.StandardSwitchTagProcessor
[THYMELEAF]             * [* {th:case}] [275]: org.thymeleaf.standard.processor.StandardCaseTagProcessor
[THYMELEAF]             * [* {th:if}] [300]: org.thymeleaf.standard.processor.StandardIfTagProcessor
[THYMELEAF]             * [* {th:unless}] [400]: org.thymeleaf.standard.processor.StandardUnlessTagProcessor
[THYMELEAF]             * [* {th:object}] [500]: org.thymeleaf.standard.processor.StandardObjectTagProcessor
[THYMELEAF]             * [* {th:with}] [600]: com.intuit.karate.template.KarateWithTagProcessor
[THYMELEAF]             * [* {th:attr}] [700]: com.intuit.karate.template.KarateAttributeTagProcessor.KarateAttrTagProcessor
[THYMELEAF]             * [* {th:attrappend}] [900]: com.intuit.karate.template.KarateAttributeTagProcessor.KarateAttrappendTagProcessor
[THYMELEAF]             * [* {th:attrprepend}] [900]: com.intuit.karate.template.KarateAttributeTagProcessor.KarateAttrprependTagProcessor
[THYMELEAF]             * [* {th:inline}] [1000]: org.thymeleaf.standard.processor.StandardInlineXMLTagProcessor
[THYMELEAF]             * [* {xmlns:th}] [1000]: org.thymeleaf.standard.processor.StandardXmlNsTagProcessor
[THYMELEAF]             * [* {th:text}] [1300]: org.thymeleaf.standard.processor.StandardTextTagProcessor
[THYMELEAF]             * [* {th:utext}] [1400]: org.thymeleaf.standard.processor.StandardUtextTagProcessor
[THYMELEAF]             * [* {th:fragment}] [1500]: org.thymeleaf.standard.processor.StandardFragmentTagProcessor
[THYMELEAF]             * [* {th:assert}] [1550]: org.thymeleaf.standard.processor.StandardAssertTagProcessor
[THYMELEAF]             * [* {th:remove}] [1600]: org.thymeleaf.standard.processor.StandardRemoveTagProcessor
[THYMELEAF]             * [* {th:ref}] [10000]: org.thymeleaf.standard.processor.StandardRefAttributeTagProcessor
[THYMELEAF]             * [{th:block} *] [100000]: org.thymeleaf.standard.processor.StandardBlockTagProcessor
[THYMELEAF]             * [* th:*] [2147483647]: org.thymeleaf.standard.processor.StandardDefaultAttributesTagProcessor
[THYMELEAF]         * Text Processors by [precedence]:
[THYMELEAF]             * [1000]: org.thymeleaf.standard.processor.StandardInliningTextProcessor
[THYMELEAF]         * CDATA Section Processors by [precedence]:
[THYMELEAF]             * [1000]: org.thymeleaf.standard.processor.StandardInliningCDATASectionProcessor
[THYMELEAF]         * Comment Processors by [precedence]:
[THYMELEAF]             * [1000]: org.thymeleaf.standard.processor.StandardInliningCommentProcessor
[THYMELEAF]     * Processors for Template Mode: TEXT
[THYMELEAF]         * Element Tag Processors by [matching element and attribute name] [precedence]:
[THYMELEAF]             * [* {th:insert}] [100]: org.thymeleaf.standard.processor.StandardInsertTagProcessor
[THYMELEAF]             * [* {th:replace}] [100]: org.thymeleaf.standard.processor.StandardReplaceTagProcessor
[THYMELEAF]             * [* {th:each}] [200]: com.intuit.karate.template.KarateEachTagProcessor
[THYMELEAF]             * [* {th:switch}] [250]: org.thymeleaf.standard.processor.StandardSwitchTagProcessor
[THYMELEAF]             * [* {th:case}] [275]: org.thymeleaf.standard.processor.StandardCaseTagProcessor
[THYMELEAF]             * [* {th:if}] [300]: org.thymeleaf.standard.processor.StandardIfTagProcessor
[THYMELEAF]             * [* {th:unless}] [400]: org.thymeleaf.standard.processor.StandardUnlessTagProcessor
[THYMELEAF]             * [* {th:object}] [500]: org.thymeleaf.standard.processor.StandardObjectTagProcessor
[THYMELEAF]             * [* {th:with}] [600]: com.intuit.karate.template.KarateWithTagProcessor
[THYMELEAF]             * [* {th:inline}] [1000]: org.thymeleaf.standard.processor.StandardInlineTextualTagProcessor
[THYMELEAF]             * [* {th:text}] [1300]: org.thymeleaf.standard.processor.StandardTextTagProcessor
[THYMELEAF]             * [* {th:utext}] [1400]: org.thymeleaf.standard.processor.StandardUtextTagProcessor
[THYMELEAF]             * [* {th:assert}] [1550]: org.thymeleaf.standard.processor.StandardAssertTagProcessor
[THYMELEAF]             * [* {th:remove}] [1600]: org.thymeleaf.standard.processor.StandardRemoveTagProcessor
[THYMELEAF]             * [* 100000] [org.thymeleaf.standard.processor.StandardBlockTagProcessor]: {}
[THYMELEAF]             * [{th:block} *] [100000]: org.thymeleaf.standard.processor.StandardBlockTagProcessor
[THYMELEAF]         * Text Processors by [precedence]:
[THYMELEAF]             * [1000]: org.thymeleaf.standard.processor.StandardInliningTextProcessor
[THYMELEAF]     * Processors for Template Mode: JAVASCRIPT
[THYMELEAF]         * Element Tag Processors by [matching element and attribute name] [precedence]:
[THYMELEAF]             * [* {th:insert}] [100]: org.thymeleaf.standard.processor.StandardInsertTagProcessor
[THYMELEAF]             * [* {th:replace}] [100]: org.thymeleaf.standard.processor.StandardReplaceTagProcessor
[THYMELEAF]             * [* {th:each}] [200]: com.intuit.karate.template.KarateEachTagProcessor
[THYMELEAF]             * [* {th:switch}] [250]: org.thymeleaf.standard.processor.StandardSwitchTagProcessor
[THYMELEAF]             * [* {th:case}] [275]: org.thymeleaf.standard.processor.StandardCaseTagProcessor
[THYMELEAF]             * [* {th:if}] [300]: org.thymeleaf.standard.processor.StandardIfTagProcessor
[THYMELEAF]             * [* {th:unless}] [400]: org.thymeleaf.standard.processor.StandardUnlessTagProcessor
[THYMELEAF]             * [* {th:object}] [500]: org.thymeleaf.standard.processor.StandardObjectTagProcessor
[THYMELEAF]             * [* {th:with}] [600]: com.intuit.karate.template.KarateWithTagProcessor
[THYMELEAF]             * [* {th:inline}] [1000]: org.thymeleaf.standard.processor.StandardInlineTextualTagProcessor
[THYMELEAF]             * [* {th:text}] [1300]: org.thymeleaf.standard.processor.StandardTextTagProcessor
[THYMELEAF]             * [* {th:utext}] [1400]: org.thymeleaf.standard.processor.StandardUtextTagProcessor
[THYMELEAF]             * [* {th:assert}] [1550]: org.thymeleaf.standard.processor.StandardAssertTagProcessor
[THYMELEAF]             * [* {th:remove}] [1600]: org.thymeleaf.standard.processor.StandardRemoveTagProcessor
[THYMELEAF]             * [{th:block} *] [100000]: org.thymeleaf.standard.processor.StandardBlockTagProcessor
[THYMELEAF]             * [* 100000] [org.thymeleaf.standard.processor.StandardBlockTagProcessor]: {}
[THYMELEAF]         * Text Processors by [precedence]:
[THYMELEAF]             * [1000]: org.thymeleaf.standard.processor.StandardInliningTextProcessor
[THYMELEAF]     * Processors for Template Mode: CSS
[THYMELEAF]         * Element Tag Processors by [matching element and attribute name] [precedence]:
[THYMELEAF]             * [* {th:insert}] [100]: org.thymeleaf.standard.processor.StandardInsertTagProcessor
[THYMELEAF]             * [* {th:replace}] [100]: org.thymeleaf.standard.processor.StandardReplaceTagProcessor
[THYMELEAF]             * [* {th:each}] [200]: com.intuit.karate.template.KarateEachTagProcessor
[THYMELEAF]             * [* {th:switch}] [250]: org.thymeleaf.standard.processor.StandardSwitchTagProcessor
[THYMELEAF]             * [* {th:case}] [275]: org.thymeleaf.standard.processor.StandardCaseTagProcessor
[THYMELEAF]             * [* {th:if}] [300]: org.thymeleaf.standard.processor.StandardIfTagProcessor
[THYMELEAF]             * [* {th:unless}] [400]: org.thymeleaf.standard.processor.StandardUnlessTagProcessor
[THYMELEAF]             * [* {th:object}] [500]: org.thymeleaf.standard.processor.StandardObjectTagProcessor
[THYMELEAF]             * [* {th:with}] [600]: com.intuit.karate.template.KarateWithTagProcessor
[THYMELEAF]             * [* {th:inline}] [1000]: org.thymeleaf.standard.processor.StandardInlineTextualTagProcessor
[THYMELEAF]             * [* {th:text}] [1300]: org.thymeleaf.standard.processor.StandardTextTagProcessor
[THYMELEAF]             * [* {th:utext}] [1400]: org.thymeleaf.standard.processor.StandardUtextTagProcessor
[THYMELEAF]             * [* {th:assert}] [1550]: org.thymeleaf.standard.processor.StandardAssertTagProcessor
[THYMELEAF]             * [* {th:remove}] [1600]: org.thymeleaf.standard.processor.StandardRemoveTagProcessor
[THYMELEAF]             * [* 100000] [org.thymeleaf.standard.processor.StandardBlockTagProcessor]: {}
[THYMELEAF]             * [{th:block} *] [100000]: org.thymeleaf.standard.processor.StandardBlockTagProcessor
[THYMELEAF]         * Text Processors by [precedence]:
[THYMELEAF]             * [1000]: org.thymeleaf.standard.processor.StandardInliningTextProcessor
[THYMELEAF]     * Expression Objects:
[THYMELEAF]         * #ctx
[THYMELEAF]         * #root
[THYMELEAF]         * #vars
[THYMELEAF]         * #object
[THYMELEAF]         * #locale
[THYMELEAF]         * #conversions
[THYMELEAF]         * #uris
[THYMELEAF]         * #temporals
[THYMELEAF]         * #calendars
[THYMELEAF]         * #dates
[THYMELEAF]         * #bools
[THYMELEAF]         * #numbers
[THYMELEAF]         * #objects
[THYMELEAF]         * #strings
[THYMELEAF]         * #arrays
[THYMELEAF]         * #lists
[THYMELEAF]         * #sets
[THYMELEAF]         * #maps
[THYMELEAF]         * #aggregates
[THYMELEAF]         * #messages
[THYMELEAF]         * #ids
[THYMELEAF]         * #execInfo
[THYMELEAF]         * #request
[THYMELEAF]         * #response
[THYMELEAF]         * #session
[THYMELEAF]         * #servletContext
[THYMELEAF]     * Execution Attributes:
[THYMELEAF]         * "StandardExpressionParser": com.intuit.karate.template.KarateStandardDialect@4c50cd7d
[THYMELEAF]         * "StandardJavaScriptSerializer": org.thymeleaf.standard.serializer.StandardJavaScriptSerializer@42b43a6
[THYMELEAF]         * "StandardCSSSerializer": org.thymeleaf.standard.serializer.StandardCSSSerializer@1d622556
[THYMELEAF]         * "StandardVariableExpressionEvaluator": com.intuit.karate.template.KarateStandardDialect@4c50cd7d
[THYMELEAF]         * "StandardConversionService": org.thymeleaf.standard.expression.StandardConversionService@4b9f7edc
[THYMELEAF] * Dialect [2 of 2]: karate (com.intuit.karate.template.KarateScriptDialect)
[THYMELEAF]     * Prefix: "ka"
[THYMELEAF]     * Processors for Template Mode: HTML
[THYMELEAF]         * Element Tag Processors by [matching element and attribute name] [precedence]:
[THYMELEAF]             * [* {src}] [1000]: com.intuit.karate.template.KaScriptAttrProcessor
[THYMELEAF]         * Element Model Processors by [matching element and attribute name] [precedence]:
[THYMELEAF]             * [{script} {ka:scope,data-ka-scope}] [1000]: com.intuit.karate.template.KaScriptElemProcessor
[THYMELEAF]             * [* {ka:set,data-ka-set}] [1000]: com.intuit.karate.template.KaSetElemProcessor
[THYMELEAF] TEMPLATE ENGINE CONFIGURED OK
16:26:15.459 [main] DEBUG org.thymeleaf.TemplateEngine -- [THYMELEAF] TEMPLATE ENGINE INITIALIZED

HTML report: (paste into browser to view) | Karate version: 1.4.1
file:///C:/Users/JAMALDONADO/Documents/TEST/petstore-karate/target/karate-reports/karate-summary.html
===================================================================

]]></system-out>
  </testcase>
</testsuite>